~=~=~=~=~=~=~=~=~=~< Advent of Code 2016: Day 3 >~=~=~=~=~=~=~=~=~=~
-------------------<  11-12-2023; 17-43-38-292  >-------------------

-------------------<          PART ONE          >-------------------
  883  357  185
883, 357, 185, 


  572  189  424
572, 189, 424, 


  842  206  272
842, 206, 272, 


   55  656   94
55, 656, 94, 


  612  375   90
612, 375, 90, 


  663  550  179
663, 550, 179, 


  183  487  470
183, 487, 470, 


  551  664  431
551, 664, 431, 


  714  728  853
714, 728, 853, 


  548  456  329
548, 456, 329, 


  531  783  592
531, 783, 592, 


   49  749  478
49, 749, 478, 


  529  866  959
529, 866, 959, 


   94  883   73
94, 883, 73, 


  438   33  953
438, 33, 953, 


  818  113  644
818, 113, 644, 


  839  111  817
839, 111, 817, 


   41   54  276
41, 54, 276, 


   82  464  354
82, 464, 354, 


  891  567  488
891, 567, 488, 


  909  559  165
909, 559, 165, 


  752   53   36
752, 53, 36, 


  797  146  382
797, 146, 382, 


  700   94  368
700, 94, 368, 


  121  944  167
121, 944, 167, 


  125  262  102
125, 262, 102, 


  152  720  123
152, 720, 123, 


  410  205  520
410, 205, 520, 


  810  760  469
810, 760, 469, 


  529  733  243
529, 733, 243, 


  474  236  596
474, 236, 596, 


  264  676  726
264, 676, 726, 


  508  786  466
508, 786, 466, 


  122  611  632
122, 611, 632, 


  462  310  219
462, 310, 219, 


  539  903  633
539, 903, 633, 


  328  320  339
328, 320, 339, 


  219  212  723
219, 212, 723, 


  207  202  572
207, 202, 572, 


  787  936  452
787, 936, 452, 


  736  219  387
736, 219, 387, 


  109  720  521
109, 720, 521, 


  450   28  253
450, 28, 253, 


  838  143   73
838, 143, 73, 


  903  146  249
903, 146, 249, 


  197  297  582
197, 297, 582, 


  531  353  362
531, 353, 362, 


  669  164  767
669, 164, 767, 


  112  830  680
112, 830, 680, 


  289  824  912
289, 824, 912, 


Possible triangles: 50
Total triangles: 1902

-------------------<          PART TWO          >-------------------

Total time: 38ms

~=~=~=~=~=~=~=~=~=~<         END OF LOG         >~=~=~=~=~=~=~=~=~=~
