~=~=~=~=~=~=~=~=~=~< Advent of Code 2023: Day 5 >~=~=~=~=~=~=~=~=~=~
-------------------<  12-05-2023; 17-57-26-456  >-------------------


-------------------<          PART TWO          >-------------------
Seed Map: [[79 - 92], [55 - 67]]

Map 0:
98 - 50 > 2
50 - 52 > 48

Map iteration 0: [81 - 93], [57 - 68], 

Map 1:
15 - 0 > 37
52 - 37 > 2
0 - 39 > 15

Map iteration 1: [81 - 93], [57 - 68], 

Map 2:
53 - 49 > 8
11 - 0 > 42
0 - 42 > 7
7 - 57 > 4

Map iteration 2: [81 - 93], [61 - 68], [53 - 56], 

Map 3:
18 - 88 > 7
25 - 18 > 70

Map iteration 3: [74 - 85], [54 - 60], [46 - 48], 

Map 4:
77 - 45 > 23
45 - 81 > 19
64 - 68 > 13

Map iteration 4: [74 - 77], [45 - 52], [77 - 85], [78 - 80], [90 - 95], [82 - 83], 

Map 5:
69 - 0 > 1
0 - 1 > 69

Map iteration 5: [74 - 77], [46 - 52], [77 - 85], [78 - 80], [90 - 95], [82 - 83], 

Map 6:
56 - 60 > 37
93 - 56 > 4

Map iteration 6: [78 - 80], [46 - 52], [81 - 88], [82 - 83], [93 - 95], [94 - 96], [90 - 93], [56 - 57], [86 - 86], 

Lowest index: 1
Lowest location: 46

Total time: 42ms

~=~=~=~=~=~=~=~=~=~<         END OF LOG         >~=~=~=~=~=~=~=~=~=~
