~=~=~=~=~=~=~=~=~=~< Advent of Code 2023: Day 5 >~=~=~=~=~=~=~=~=~=~
-------------------<  12-05-2023; 15-00-24-306  >-------------------


-------------------<          PART TWO          >-------------------
Seed Map: {0=[5844012 - 116743484], 2=[1132285750 - 1191155785], 4=[986162929 - 1095243568], 6=[3089574276 - 3189687899], 8=[2693179996 - 2968925325], 10=[2090752257 - 2292456425], 12=[502075018 - 898728364], 14=[1540050181 - 1817563972], 16=[1921754120 - 1948423110], 18=[3836386950 - 3903181958]}
Day5$SeedMap@5a2e4553
Day5$SeedMap@28c97a5
Day5$SeedMap@6659c656
Day5$SeedMap@6d5380c2
Day5$SeedMap@45ff54e6
Day5$SeedMap@2328c243
Day5$SeedMap@bebdb06
Map iteration 0: {0=[2735666402 - 2846565874], 2=[3426553621 - 3485423656], 4=[3280430800 - 3389511439], 6=[1661689752 - 1761803375], 8=[1265295472 - 1541040801], 10=[662867733 - 864571901], 12=[2163465243 - 2560118589], 14=[112165657 - 389679448], 16=[493869596 - 520538586], 18=[3980430486 - 4047225494]}
Map iteration 1: {0=[3285684146 - 3396583618], 2=[3361682440 - 3420552475], 4=[2849630923 - 2958711562], 6=[1661689752 - 1761803375], 8=[250837964 - 526583293], 10=[1224604255 - 1426308423], 12=[4118907516 - 4515560862], 14=[1126057394 - 1403571185], 16=[756680299 - 783349289], 18=[2079048695 - 2145843703]}
Map iteration 2: {0=[1494404667 - 1605304139], 2=[1570402961 - 1629272996], 4=[2430993569 - 2540074208], 6=[2991468338 - 3091581961], 8=[250837964 - 526583293], 10=[2826685969 - 3028390137], 12=[3199454925 - 3596108271], 14=[1126057394 - 1403571185], 16=[624429551 - 651098541], 18=[3698985743 - 3765780751]}
Map iteration 3: {0=[3316329223 - 3427228695], 2=[3392327517 - 3451197552], 4=[2333026939 - 2442107578], 6=[1364051693 - 1464165316], 8=[579716438 - 855461767], 10=[1199269324 - 1400973492], 12=[1706613991 - 2103267337], 14=[2655507409 - 2933021200], 16=[489039180 - 515708170], 18=[4192478912 - 4259273920]}
Map iteration 4: {0=[4047860789 - 4158760261], 2=[3879033928 - 3937903963], 4=[3334793292 - 3443873931], 6=[1790360362 - 1890473985], 8=[3596877682 - 3872623011], 10=[1625577993 - 1827282161], 12=[3206400971 - 3603054317], 14=[3079772691 - 3357286482], 16=[328103339 - 354772329], 18=[1503155952 - 1569950960]}
Map iteration 5: {0=[4047860789 - 4158760261], 2=[1153467296 - 1212337331], 4=[3935687364 - 4044768003], 6=[1313289031 - 1413402654], 8=[2670780592 - 2946525921], 10=[1747687106 - 1949391274], 12=[3807295043 - 4203948389], 14=[2505770059 - 2783283850], 16=[217191348 - 243860338], 18=[1625265065 - 1692060073]}
Map iteration 6: {0=[4217167942 - 4328067414], 2=[1230040740 - 1288910775], 4=[4104994517 - 4214075156], 6=[1839010340 - 1939123963], 8=[2840087745 - 3115833074], 10=[1916994259 - 2118698427], 12=[3976602196 - 4373255542], 14=[2675077212 - 2952591003], 16=[825516882 - 852185872], 18=[1527193957 - 1593988965]}
Seed 0: Location [4217167942 - 4328067414]
Seed 2: Location [1230040740 - 1288910775]
Seed 4: Location [4104994517 - 4214075156]
Seed 6: Location [1839010340 - 1939123963]
Seed 8: Location [2840087745 - 3115833074]
Seed 10: Location [1916994259 - 2118698427]
Seed 12: Location [3976602196 - 4373255542]
Seed 14: Location [2675077212 - 2952591003]
Seed 16: Location [825516882 - 852185872]
Seed 18: Location [1527193957 - 1593988965]
Lowest location: 825516882

Total time: 49ms

~=~=~=~=~=~=~=~=~=~<         END OF LOG         >~=~=~=~=~=~=~=~=~=~
