~=~=~=~=~=~=~=~=~=~< Advent of Code 2023: Day 5 >~=~=~=~=~=~=~=~=~=~
-------------------<  12-05-2023; 17-41-29-283  >-------------------


-------------------<          PART TWO          >-------------------
Seed Map: [[79 - 92], [55 - 67]]
Map 0:
98 - 50 > 2
50 - 52 > 48

[79 - 92]
[]
[[81 - 94]]

[55 - 67]
[]
[[57 - 69]]

Map iteration 0: [81 - 94], [57 - 69], 
Map 1:
15 - 0 > 37
52 - 37 > 2
0 - 39 > 15

[81 - 94]
[]
[[81 - 94]]

[57 - 69]
[]
[[57 - 69]]

Map iteration 1: [81 - 94], [57 - 69], 
Map 2:
53 - 49 > 8
11 - 0 > 42
0 - 42 > 7
7 - 57 > 4

[81 - 94]
[]
[[81 - 94]]

[57 - 69]
[[61 - 69]]
[[53 - 57]]

Map iteration 2: [81 - 94], [53 - 57], 
Map 3:
18 - 88 > 7
25 - 18 > 70

[81 - 94]
[]
[[74 - 87]]

[53 - 57]
[]
[[46 - 50]]

Map iteration 3: [74 - 87], [46 - 50], 
Map 4:
77 - 45 > 23
45 - 81 > 19
64 - 68 > 13

[74 - 87]
[[74 - 77], [77 - 87]]
[[45 - 55], [78 - 81]]

[46 - 50]
[]
[[82 - 86]]

Map iteration 4: [45 - 55], [78 - 81], [82 - 86], 
Map 5:
69 - 0 > 1
0 - 1 > 69

[45 - 55]
[]
[[46 - 56]]

[78 - 81]
[]
[[78 - 81]]

[82 - 86]
[]
[[82 - 86]]

Map iteration 5: [46 - 56], [78 - 81], [82 - 86], 
Map 6:
56 - 60 > 37
93 - 56 > 4

[46 - 56]
[[46 - 56]]
[[60 - 60]]

[78 - 81]
[]
[[82 - 85]]

[82 - 86]
[]
[[86 - 90]]

Map iteration 6: [60 - 60], [82 - 85], [86 - 90], 
Lowest index: 0
Lowest location: 60

Total time: 56ms

~=~=~=~=~=~=~=~=~=~<         END OF LOG         >~=~=~=~=~=~=~=~=~=~
