~=~=~=~=~=~=~=~=~=~< Advent of Code 2023: Day 5 >~=~=~=~=~=~=~=~=~=~
-------------------<  12-05-2023; 15-42-49-971  >-------------------


-------------------<          PART TWO          >-------------------
Seed Map: {0=[79 - 92], 2=[55 - 67]}
Day5$SeedMap@5a2e4553
Day5$SeedMap@28c97a5
Day5$SeedMap@6659c656
Day5$SeedMap@6d5380c2
Day5$SeedMap@45ff54e6
Day5$SeedMap@2328c243
Day5$SeedMap@bebdb06
Map iteration 0: {0=[79 - 92], 2=[55 - 67]}
Map iteration 1: {0=[79 - 92], 2=[55 - 67]}
Map iteration 2: {0=[79 - 92], 2=[55 - 67]}
Map iteration 3: {0=[79 - 92], 2=[55 - 67]}
Map iteration 4: {0=[79 - 92], 2=[55 - 67]}
Map iteration 5: {0=[79 - 92], 2=[55 - 67]}
Map iteration 6: {0=[79 - 92], 2=[55 - 67]}
Seed 0: Location [79 - 92]
Seed 2: Location [55 - 67]
Lowest location: 55

Total time: 46ms

~=~=~=~=~=~=~=~=~=~<         END OF LOG         >~=~=~=~=~=~=~=~=~=~
