~=~=~=~=~=~=~=~=~=~< Advent of Code 2023: Day 5 >~=~=~=~=~=~=~=~=~=~
-------------------<  12-05-2023; 12-41-47-129  >-------------------

-------------------<          PART ONE          >-------------------
Seed Map: {5844012=5844012, 110899473=110899473, 1132285750=1132285750, 58870036=58870036, 986162929=986162929, 109080640=109080640, 3089574276=3089574276, 100113624=100113624, 2693179996=2693179996, 275745330=275745330, 2090752257=2090752257, 201704169=201704169, 502075018=502075018, 396653347=396653347, 1540050181=1540050181, 277513792=277513792, 1921754120=1921754120, 26668991=26668991, 3836386950=3836386950, 66795009=66795009}
Day5$SeedMap@2cdf8d8a
Day5$SeedMap@30946e09
Day5$SeedMap@5cb0d902
Day5$SeedMap@46fbb2c1
Day5$SeedMap@1698c449
Day5$SeedMap@5ef04b5
Day5$SeedMap@5f4da5c3
Seed 5844012: Location 4217167942
Seed 110899473: Location 1619680200
Seed 1132285750: Location 1230040740
Seed 58870036: Location 1207068470
Seed 986162929: Location 4104994517
Seed 109080640: Location 1617861367
Seed 3089574276: Location 1839010340
Seed 100113624: Location 1608894351
Seed 2693179996: Location 2840087745
Seed 275745330: Location 2107950758
Seed 2090752257: Location 1916994259
Seed 201704169: Location 2043374024
Seed 502075018: Location 3976602196
Seed 396653347: Location 1317782839
Seed 1540050181: Location 2675077212
Seed 277513792: Location 2109719220
Seed 1921754120: Location 825516882
Seed 26668991: Location 1665141793
Seed 3836386950: Location 1527193957
Seed 66795009: Location 866769172

-------------------<          PART TWO          >-------------------

Total time: 17ms

~=~=~=~=~=~=~=~=~=~<         END OF LOG         >~=~=~=~=~=~=~=~=~=~
