~=~=~=~=~=~=~=~=~=~< Advent of Code 2023: Day 5 >~=~=~=~=~=~=~=~=~=~
-------------------<  12-05-2023; 17-59-05-740  >-------------------


-------------------<          PART TWO          >-------------------
Seed Map: [[79 - 93], [55 - 68]]

Map 0:
98 - 50 > 2
50 - 52 > 48

[79 - 93]
[55 - 68]
Map iteration 0: [81 - 94], [57 - 69], 

Map 1:
15 - 0 > 37
52 - 37 > 2
0 - 39 > 15

[81 - 94]
[57 - 69]
Map iteration 1: [81 - 94], [57 - 69], 

Map 2:
53 - 49 > 8
11 - 0 > 42
0 - 42 > 7
7 - 57 > 4

[81 - 94]
[57 - 69]
Map iteration 2: [81 - 94], [61 - 69], [53 - 56], 

Map 3:
18 - 88 > 7
25 - 18 > 70

[81 - 94]
[61 - 69]
[53 - 56]
Map iteration 3: [74 - 86], [54 - 61], [46 - 48], 

Map 4:
77 - 45 > 23
45 - 81 > 19
64 - 68 > 13

[74 - 86]
[54 - 61]
[46 - 48]
Map iteration 4: [74 - 77], [45 - 53], [77 - 86], [78 - 80], [90 - 96], [82 - 83], 

Map 5:
69 - 0 > 1
0 - 1 > 69

[74 - 77]
[45 - 53]
[77 - 86]
[78 - 80]
[90 - 96]
[82 - 83]
Map iteration 5: [74 - 77], [46 - 53], [77 - 86], [78 - 80], [90 - 96], [82 - 83], 

Map 6:
56 - 60 > 37
93 - 56 > 4

[74 - 77]
[46 - 53]
[77 - 86]
[78 - 80]
[90 - 96]
[82 - 83]
Map iteration 6: [78 - 80], [46 - 53], [81 - 89], [82 - 83], [93 - 96], [94 - 96], [90 - 93], [56 - 58], [86 - 86], 

Lowest index: 1
Lowest location: 46

Total time: 41ms

~=~=~=~=~=~=~=~=~=~<         END OF LOG         >~=~=~=~=~=~=~=~=~=~
