~=~=~=~=~=~=~=~=~=~< Advent of Code 2023: Day 5 >~=~=~=~=~=~=~=~=~=~
-------------------<  12-05-2023; 17-48-32-074  >-------------------


-------------------<          PART TWO          >-------------------
Seed Map: [[79 - 92], [55 - 67]]
Map 0:
98 - 50 > 2
50 - 52 > 48

[79 - 92]
[[81 - 93]]

[55 - 67]
[[57 - 68]]

Map iteration 0: [81 - 93], [57 - 68], 
Map 1:
15 - 0 > 37
52 - 37 > 2
0 - 39 > 15

[81 - 93]
[[81 - 93]]

[57 - 68]
[[57 - 68]]

Map iteration 1: [81 - 93], [57 - 68], 
Map 2:
53 - 49 > 8
11 - 0 > 42
0 - 42 > 7
7 - 57 > 4

[81 - 93]
[[81 - 93]]

[57 - 68]
[[57 - 64], [53 - 56]]

Map iteration 2: [81 - 93], [57 - 64], [53 - 56], 
Map 3:
18 - 88 > 7
25 - 18 > 70

[81 - 93]
[[74 - 85]]

[57 - 64]
[[50 - 56]]

[53 - 56]
[[46 - 48]]

Map iteration 3: [74 - 85], [50 - 56], [46 - 48], 
Map 4:
77 - 45 > 23
45 - 81 > 19
64 - 68 > 13

[74 - 85]
[[45 - 122], [45 - 52], [81 - 89], [78 - 80]]

[50 - 56]
[[86 - 91]]

[46 - 48]
[[82 - 83]]

Map iteration 4: [45 - 122], [45 - 52], [81 - 89], [78 - 80], [86 - 91], [82 - 83], 
Map 5:
69 - 0 > 1
0 - 1 > 69

[45 - 122]
[[0 - 69], [1 - 53], [0 - 0], [70 - 123], [46 - 69]]

[45 - 52]
[[46 - 52]]

[81 - 89]
[[81 - 89]]

[78 - 80]
[[78 - 80]]

[86 - 91]
[[86 - 91]]

[82 - 83]
[[82 - 83]]

Map iteration 5: [0 - 69], [1 - 53], [0 - 0], [70 - 123], [46 - 69], [46 - 52], [81 - 89], [78 - 80], [86 - 91], [82 - 83], 
Map 6:
56 - 60 > 37
93 - 56 > 4

[0 - 69]
[[60 - 116], [60 - 72]]

[1 - 53]
[[1 - 53]]

[0 - 0]
[[0 - 0]]

[70 - 123]
[[97 - 127], [74 - 96], [56 - 149], [60 - 86], [56 - 59]]

[46 - 69]
[[60 - 116], [60 - 72]]

[46 - 52]
[[46 - 52]]

[81 - 89]
[[85 - 92]]

[78 - 80]
[[82 - 83]]

[86 - 91]
[[90 - 94]]

[82 - 83]
[[86 - 86]]

Map iteration 6: [60 - 116], [60 - 72], [1 - 53], [0 - 0], [97 - 127], [74 - 96], [56 - 149], [60 - 86], [56 - 59], [60 - 116], [60 - 72], [46 - 52], [85 - 92], [82 - 83], [90 - 94], [86 - 86], 
Lowest index: 3
Lowest location: 0

Total time: 63ms

~=~=~=~=~=~=~=~=~=~<         END OF LOG         >~=~=~=~=~=~=~=~=~=~
