~=~=~=~=~=~=~=~=~=~< Advent of Code 2023: Day 5 >~=~=~=~=~=~=~=~=~=~
-------------------<  12-05-2023; 16-55-34-053  >-------------------


-------------------<          PART TWO          >-------------------
Seed Map: [[79 - 92], [55 - 67]]
Map 0:
98 - 50 > 2
50 - 52 > 48

Map iteration 0: [[81 - 94], [98 - 92], [57 - 69], [98 - 67]]
Map 1:
15 - 0 > 37
52 - 37 > 2
0 - 39 > 15

Map iteration 1: [[81 - 52], [81 - 54], [81 - 15], [98 - 52], [98 - 54], [98 - 15], [57 - 52], [57 - 54], [57 - 15], [98 - 52], [98 - 54], [98 - 15]]
Map 2:
53 - 49 > 8
11 - 0 > 42
0 - 42 > 7
7 - 57 > 4

Map iteration 2: [[81 - 52], [81 - 52], [81 - 7], [81 - 11], [81 - 54], [81 - 53], [81 - 7], [81 - 11], [81 - 15], [81 - 15], [81 - 7], [81 - 11], [98 - 52], [98 - 52], [98 - 7], [98 - 11], [98 - 54], [98 - 53], [98 - 7], [98 - 11], [98 - 15], [98 - 15], [98 - 7], [98 - 11], [57 - 52], [57 - 52], [57 - 7], [57 - 11], [57 - 54], [57 - 53], [57 - 7], [57 - 11], [57 - 15], [57 - 15], [57 - 7], [57 - 11], [98 - 52], [98 - 52], [98 - 7], [98 - 11], [98 - 54], [98 - 53], [98 - 7], [98 - 11], [98 - 15], [98 - 15], [98 - 7], [98 - 11]]
Map 3:
18 - 88 > 7
25 - 18 > 70

Map iteration 3: [[81 - 25], [81 - 52], [81 - 25], [81 - 52], [81 - 7], [81 - 7], [81 - 11], [81 - 11], [81 - 25], [81 - 54], [81 - 25], [81 - 53], [81 - 7], [81 - 7], [81 - 11], [81 - 11], [81 - 15], [81 - 15], [81 - 15], [81 - 15], [81 - 7], [81 - 7], [81 - 11], [81 - 11], [98 - 25], [98 - 52], [98 - 25], [98 - 52], [98 - 7], [98 - 7], [98 - 11], [98 - 11], [98 - 25], [98 - 54], [98 - 25], [98 - 53], [98 - 7], [98 - 7], [98 - 11], [98 - 11], [98 - 15], [98 - 15], [98 - 15], [98 - 15], [98 - 7], [98 - 7], [98 - 11], [98 - 11], [57 - 25], [57 - 52], [57 - 25], [57 - 52], [57 - 7], [57 - 7], [57 - 11], [57 - 11], [57 - 25], [57 - 54], [57 - 25], [57 - 53], [57 - 7], [57 - 7], [57 - 11], [57 - 11], [57 - 15], [57 - 15], [57 - 15], [57 - 15], [57 - 7], [57 - 7], [57 - 11], [57 - 11], [98 - 25], [98 - 52], [98 - 25], [98 - 52], [98 - 7], [98 - 7], [98 - 11], [98 - 11], [98 - 25], [98 - 54], [98 - 25], [98 - 53], [98 - 7], [98 - 7], [98 - 11], [98 - 11], [98 - 15], [98 - 15], [98 - 15], [98 - 15], [98 - 7], [98 - 7], [98 - 11], [98 - 11]]
Map 4:
77 - 45 > 23
45 - 81 > 19
64 - 68 > 13

Map iteration 4: [[81 - 25], [81 - 25], [81 - 25], [81 - 52], [81 - 52], [81 - 52], [81 - 25], [81 - 25], [81 - 25], [81 - 52], [81 - 52], [81 - 52], [81 - 7], [81 - 7], [81 - 7], [81 - 7], [81 - 7], [81 - 7], [81 - 11], [81 - 11], [81 - 11], [81 - 11], [81 - 11], [81 - 11], [81 - 25], [81 - 25], [81 - 25], [81 - 54], [81 - 54], [81 - 54], [81 - 25], [81 - 25], [81 - 25], [81 - 53], [81 - 53], [81 - 53], [81 - 7], [81 - 7], [81 - 7], [81 - 7], [81 - 7], [81 - 7], [81 - 11], [81 - 11], [81 - 11], [81 - 11], [81 - 11], [81 - 11], [81 - 15], [81 - 15], [81 - 15], [81 - 15], [81 - 15], [81 - 15], [81 - 15], [81 - 15], [81 - 15], [81 - 15], [81 - 15], [81 - 15], [81 - 7], [81 - 7], [81 - 7], [81 - 7], [81 - 7], [81 - 7], [81 - 11], [81 - 11], [81 - 11], [81 - 11], [81 - 11], [81 - 11], [98 - 25], [98 - 25], [98 - 25], [98 - 52], [98 - 52], [98 - 52], [98 - 25], [98 - 25], [98 - 25], [98 - 52], [98 - 52], [98 - 52], [98 - 7], [98 - 7], [98 - 7], [98 - 7], [98 - 7], [98 - 7], [98 - 11], [98 - 11], [98 - 11], [98 - 11], [98 - 11], [98 - 11], [98 - 25], [98 - 25], [98 - 25], [98 - 54], [98 - 54], [98 - 54], [98 - 25], [98 - 25], [98 - 25], [98 - 53], [98 - 53], [98 - 53], [98 - 7], [98 - 7], [98 - 7], [98 - 7], [98 - 7], [98 - 7], [98 - 11], [98 - 11], [98 - 11], [98 - 11], [98 - 11], [98 - 11], [98 - 15], [98 - 15], [98 - 15], [98 - 15], [98 - 15], [98 - 15], [98 - 15], [98 - 15], [98 - 15], [98 - 15], [98 - 15], [98 - 15], [98 - 7], [98 - 7], [98 - 7], [98 - 7], [98 - 7], [98 - 7], [98 - 11], [98 - 11], [98 - 11], [98 - 11], [98 - 11], [98 - 11], [77 - 25], [57 - 25], [64 - 25], [77 - 52], [57 - 52], [64 - 52], [77 - 25], [57 - 25], [64 - 25], [77 - 52], [57 - 52], [64 - 52], [77 - 7], [57 - 7], [64 - 7], [77 - 7], [57 - 7], [64 - 7], [77 - 11], [57 - 11], [64 - 11], [77 - 11], [57 - 11], [64 - 11], [77 - 25], [57 - 25], [64 - 25], [77 - 54], [57 - 54], [64 - 54], [77 - 25], [57 - 25], [64 - 25], [77 - 53], [57 - 53], [64 - 53], [77 - 7], [57 - 7], [64 - 7], [77 - 7], [57 - 7], [64 - 7], [77 - 11], [57 - 11], [64 - 11], [77 - 11], [57 - 11], [64 - 11], [77 - 15], [57 - 15], [64 - 15], [77 - 15], [57 - 15], [64 - 15], [77 - 15], [57 - 15], [64 - 15], [77 - 15], [57 - 15], [64 - 15], [77 - 7], [57 - 7], [64 - 7], [77 - 7], [57 - 7], [64 - 7], [77 - 11], [57 - 11], [64 - 11], [77 - 11], [57 - 11], [64 - 11], [98 - 25], [98 - 25], [98 - 25], [98 - 52], [98 - 52], [98 - 52], [98 - 25], [98 - 25], [98 - 25], [98 - 52], [98 - 52], [98 - 52], [98 - 7], [98 - 7], [98 - 7], [98 - 7], [98 - 7], [98 - 7], [98 - 11], [98 - 11], [98 - 11], [98 - 11], [98 - 11], [98 - 11], [98 - 25], [98 - 25], [98 - 25], [98 - 54], [98 - 54], [98 - 54], [98 - 25], [98 - 25], [98 - 25], [98 - 53], [98 - 53], [98 - 53], [98 - 7], [98 - 7], [98 - 7], [98 - 7], [98 - 7], [98 - 7], [98 - 11], [98 - 11], [98 - 11], [98 - 11], [98 - 11], [98 - 11], [98 - 15], [98 - 15], [98 - 15], [98 - 15], [98 - 15], [98 - 15], [98 - 15], [98 - 15], [98 - 15], [98 - 15], [98 - 15], [98 - 15], [98 - 7], [98 - 7], [98 - 7], [98 - 7], [98 - 7], [98 - 7], [98 - 11], [98 - 11], [98 - 11], [98 - 11], [98 - 11], [98 - 11]]
Map 5:
69 - 0 > 1
0 - 1 > 69

Map iteration 5: [[81 - 25], [81 - 25], [81 - 25], [81 - 25], [81 - 25], [81 - 25], [81 - 52], [81 - 52], [81 - 52], [81 - 52], [81 - 52], [81 - 52], [81 - 25], [81 - 25], [81 - 25], [81 - 25], [81 - 25], [81 - 25], [81 - 52], [81 - 52], [81 - 52], [81 - 52], [81 - 52], [81 - 52], [81 - 7], [81 - 7], [81 - 7], [81 - 7], [81 - 7], [81 - 7], [81 - 7], [81 - 7], [81 - 7], [81 - 7], [81 - 7], [81 - 7], [81 - 11], [81 - 11], [81 - 11], [81 - 11], [81 - 11], [81 - 11], [81 - 11], [81 - 11], [81 - 11], [81 - 11], [81 - 11], [81 - 11], [81 - 25], [81 - 25], [81 - 25], [81 - 25], [81 - 25], [81 - 25], [81 - 54], [81 - 54], [81 - 54], [81 - 54], [81 - 54], [81 - 54], [81 - 25], [81 - 25], [81 - 25], [81 - 25], [81 - 25], [81 - 25], [81 - 53], [81 - 53], [81 - 53], [81 - 53], [81 - 53], [81 - 53], [81 - 7], [81 - 7], [81 - 7], [81 - 7], [81 - 7], [81 - 7], [81 - 7], [81 - 7], [81 - 7], [81 - 7], [81 - 7], [81 - 7], [81 - 11], [81 - 11], [81 - 11], [81 - 11], [81 - 11], [81 - 11], [81 - 11], [81 - 11], [81 - 11], [81 - 11], [81 - 11], [81 - 11], [81 - 15], [81 - 15], [81 - 15], [81 - 15], [81 - 15], [81 - 15], [81 - 15], [81 - 15], [81 - 15], [81 - 15], [81 - 15], [81 - 15], [81 - 15], [81 - 15], [81 - 15], [81 - 15], [81 - 15], [81 - 15], [81 - 15], [81 - 15], [81 - 15], [81 - 15], [81 - 15], [81 - 15], [81 - 7], [81 - 7], [81 - 7], [81 - 7], [81 - 7], [81 - 7], [81 - 7], [81 - 7], [81 - 7], [81 - 7], [81 - 7], [81 - 7], [81 - 11], [81 - 11], [81 - 11], [81 - 11], [81 - 11], [81 - 11], [81 - 11], [81 - 11], [81 - 11], [81 - 11], [81 - 11], [81 - 11], [98 - 25], [98 - 25], [98 - 25], [98 - 25], [98 - 25], [98 - 25], [98 - 52], [98 - 52], [98 - 52], [98 - 52], [98 - 52], [98 - 52], [98 - 25], [98 - 25], [98 - 25], [98 - 25], [98 - 25], [98 - 25], [98 - 52], [98 - 52], [98 - 52], [98 - 52], [98 - 52], [98 - 52], [98 - 7], [98 - 7], [98 - 7], [98 - 7], [98 - 7], [98 - 7], [98 - 7], [98 - 7], [98 - 7], [98 - 7], [98 - 7], [98 - 7], [98 - 11], [98 - 11], [98 - 11], [98 - 11], [98 - 11], [98 - 11], [98 - 11], [98 - 11], [98 - 11], [98 - 11], [98 - 11], [98 - 11], [98 - 25], [98 - 25], [98 - 25], [98 - 25], [98 - 25], [98 - 25], [98 - 54], [98 - 54], [98 - 54], [98 - 54], [98 - 54], [98 - 54], [98 - 25], [98 - 25], [98 - 25], [98 - 25], [98 - 25], [98 - 25], [98 - 53], [98 - 53], [98 - 53], [98 - 53], [98 - 53], [98 - 53], [98 - 7], [98 - 7], [98 - 7], [98 - 7], [98 - 7], [98 - 7], [98 - 7], [98 - 7], [98 - 7], [98 - 7], [98 - 7], [98 - 7], [98 - 11], [98 - 11], [98 - 11], [98 - 11], [98 - 11], [98 - 11], [98 - 11], [98 - 11], [98 - 11], [98 - 11], [98 - 11], [98 - 11], [98 - 15], [98 - 15], [98 - 15], [98 - 15], [98 - 15], [98 - 15], [98 - 15], [98 - 15], [98 - 15], [98 - 15], [98 - 15], [98 - 15], [98 - 15], [98 - 15], [98 - 15], [98 - 15], [98 - 15], [98 - 15], [98 - 15], [98 - 15], [98 - 15], [98 - 15], [98 - 15], [98 - 15], [98 - 7], [98 - 7], [98 - 7], [98 - 7], [98 - 7], [98 - 7], [98 - 7], [98 - 7], [98 - 7], [98 - 7], [98 - 7], [98 - 7], [98 - 11], [98 - 11], [98 - 11], [98 - 11], [98 - 11], [98 - 11], [98 - 11], [98 - 11], [98 - 11], [98 - 11], [98 - 11], [98 - 11], [77 - 25], [77 - 25], [69 - 25], [57 - 25], [69 - 25], [64 - 25], [77 - 52], [77 - 52], [69 - 52], [57 - 52], [69 - 52], [64 - 52], [77 - 25], [77 - 25], [69 - 25], [57 - 25], [69 - 25], [64 - 25], [77 - 52], [77 - 52], [69 - 52], [57 - 52], [69 - 52], [64 - 52], [77 - 7], [77 - 7], [69 - 7], [57 - 7], [69 - 7], [64 - 7], [77 - 7], [77 - 7], [69 - 7], [57 - 7], [69 - 7], [64 - 7], [77 - 11], [77 - 11], [69 - 11], [57 - 11], [69 - 11], [64 - 11], [77 - 11], [77 - 11], [69 - 11], [57 - 11], [69 - 11], [64 - 11], [77 - 25], [77 - 25], [69 - 25], [57 - 25], [69 - 25], [64 - 25], [77 - 54], [77 - 54], [69 - 54], [57 - 54], [69 - 54], [64 - 54], [77 - 25], [77 - 25], [69 - 25], [57 - 25], [69 - 25], [64 - 25], [77 - 53], [77 - 53], [69 - 53], [57 - 53], [69 - 53], [64 - 53], [77 - 7], [77 - 7], [69 - 7], [57 - 7], [69 - 7], [64 - 7], [77 - 7], [77 - 7], [69 - 7], [57 - 7], [69 - 7], [64 - 7], [77 - 11], [77 - 11], [69 - 11], [57 - 11], [69 - 11], [64 - 11], [77 - 11], [77 - 11], [69 - 11], [57 - 11], [69 - 11], [64 - 11], [77 - 15], [77 - 15], [69 - 15], [57 - 15], [69 - 15], [64 - 15], [77 - 15], [77 - 15], [69 - 15], [57 - 15], [69 - 15], [64 - 15], [77 - 15], [77 - 15], [69 - 15], [57 - 15], [69 - 15], [64 - 15], [77 - 15], [77 - 15], [69 - 15], [57 - 15], [69 - 15], [64 - 15], [77 - 7], [77 - 7], [69 - 7], [57 - 7], [69 - 7], [64 - 7], [77 - 7], [77 - 7], [69 - 7], [57 - 7], [69 - 7], [64 - 7], [77 - 11], [77 - 11], [69 - 11], [57 - 11], [69 - 11], [64 - 11], [77 - 11], [77 - 11], [69 - 11], [57 - 11], [69 - 11], [64 - 11], [98 - 25], [98 - 25], [98 - 25], [98 - 25], [98 - 25], [98 - 25], [98 - 52], [98 - 52], [98 - 52], [98 - 52], [98 - 52], [98 - 52], [98 - 25], [98 - 25], [98 - 25], [98 - 25], [98 - 25], [98 - 25], [98 - 52], [98 - 52], [98 - 52], [98 - 52], [98 - 52], [98 - 52], [98 - 7], [98 - 7], [98 - 7], [98 - 7], [98 - 7], [98 - 7], [98 - 7], [98 - 7], [98 - 7], [98 - 7], [98 - 7], [98 - 7], [98 - 11], [98 - 11], [98 - 11], [98 - 11], [98 - 11], [98 - 11], [98 - 11], [98 - 11], [98 - 11], [98 - 11], [98 - 11], [98 - 11], [98 - 25], [98 - 25], [98 - 25], [98 - 25], [98 - 25], [98 - 25], [98 - 54], [98 - 54], [98 - 54], [98 - 54], [98 - 54], [98 - 54], [98 - 25], [98 - 25], [98 - 25], [98 - 25], [98 - 25], [98 - 25], [98 - 53], [98 - 53], [98 - 53], [98 - 53], [98 - 53], [98 - 53], [98 - 7], [98 - 7], [98 - 7], [98 - 7], [98 - 7], [98 - 7], [98 - 7], [98 - 7], [98 - 7], [98 - 7], [98 - 7], [98 - 7], [98 - 11], [98 - 11], [98 - 11], [98 - 11], [98 - 11], [98 - 11], [98 - 11], [98 - 11], [98 - 11], [98 - 11], [98 - 11], [98 - 11], [98 - 15], [98 - 15], [98 - 15], [98 - 15], [98 - 15], [98 - 15], [98 - 15], [98 - 15], [98 - 15], [98 - 15], [98 - 15], [98 - 15], [98 - 15], [98 - 15], [98 - 15], [98 - 15], [98 - 15], [98 - 15], [98 - 15], [98 - 15], [98 - 15], [98 - 15], [98 - 15], [98 - 15], [98 - 7], [98 - 7], [98 - 7], [98 - 7], [98 - 7], [98 - 7], [98 - 7], [98 - 7], [98 - 7], [98 - 7], [98 - 7], [98 - 7], [98 - 11], [98 - 11], [98 - 11], [98 - 11], [98 - 11], [98 - 11], [98 - 11], [98 - 11], [98 - 11], [98 - 11], [98 - 11], [98 - 11]]
Map 6:
56 - 60 > 37
93 - 56 > 4

Map iteration 6: [[81 - 25], [93 - 25], [81 - 25], [93 - 25], [81 - 25], [93 - 25], [81 - 25], [93 - 25], [81 - 25], [93 - 25], [81 - 25], [93 - 25], [81 - 52], [93 - 52], [81 - 52], [93 - 52], [81 - 52], [93 - 52], [81 - 52], [93 - 52], [81 - 52], [93 - 52], [81 - 52], [93 - 52], [81 - 25], [93 - 25], [81 - 25], [93 - 25], [81 - 25], [93 - 25], [81 - 25], [93 - 25], [81 - 25], [93 - 25], [81 - 25], [93 - 25], [81 - 52], [93 - 52], [81 - 52], [93 - 52], [81 - 52], [93 - 52], [81 - 52], [93 - 52], [81 - 52], [93 - 52], [81 - 52], [93 - 52], [81 - 7], [93 - 7], [81 - 7], [93 - 7], [81 - 7], [93 - 7], [81 - 7], [93 - 7], [81 - 7], [93 - 7], [81 - 7], [93 - 7], [81 - 7], [93 - 7], [81 - 7], [93 - 7], [81 - 7], [93 - 7], [81 - 7], [93 - 7], [81 - 7], [93 - 7], [81 - 7], [93 - 7], [81 - 11], [93 - 11], [81 - 11], [93 - 11], [81 - 11], [93 - 11], [81 - 11], [93 - 11], [81 - 11], [93 - 11], [81 - 11], [93 - 11], [81 - 11], [93 - 11], [81 - 11], [93 - 11], [81 - 11], [93 - 11], [81 - 11], [93 - 11], [81 - 11], [93 - 11], [81 - 11], [93 - 11], [81 - 25], [93 - 25], [81 - 25], [93 - 25], [81 - 25], [93 - 25], [81 - 25], [93 - 25], [81 - 25], [93 - 25], [81 - 25], [93 - 25], [81 - 54], [93 - 54], [81 - 54], [93 - 54], [81 - 54], [93 - 54], [81 - 54], [93 - 54], [81 - 54], [93 - 54], [81 - 54], [93 - 54], [81 - 25], [93 - 25], [81 - 25], [93 - 25], [81 - 25], [93 - 25], [81 - 25], [93 - 25], [81 - 25], [93 - 25], [81 - 25], [93 - 25], [81 - 53], [93 - 53], [81 - 53], [93 - 53], [81 - 53], [93 - 53], [81 - 53], [93 - 53], [81 - 53], [93 - 53], [81 - 53], [93 - 53], [81 - 7], [93 - 7], [81 - 7], [93 - 7], [81 - 7], [93 - 7], [81 - 7], [93 - 7], [81 - 7], [93 - 7], [81 - 7], [93 - 7], [81 - 7], [93 - 7], [81 - 7], [93 - 7], [81 - 7], [93 - 7], [81 - 7], [93 - 7], [81 - 7], [93 - 7], [81 - 7], [93 - 7], [81 - 11], [93 - 11], [81 - 11], [93 - 11], [81 - 11], [93 - 11], [81 - 11], [93 - 11], [81 - 11], [93 - 11], [81 - 11], [93 - 11], [81 - 11], [93 - 11], [81 - 11], [93 - 11], [81 - 11], [93 - 11], [81 - 11], [93 - 11], [81 - 11], [93 - 11], [81 - 11], [93 - 11], [81 - 15], [93 - 15], [81 - 15], [93 - 15], [81 - 15], [93 - 15], [81 - 15], [93 - 15], [81 - 15], [93 - 15], [81 - 15], [93 - 15], [81 - 15], [93 - 15], [81 - 15], [93 - 15], [81 - 15], [93 - 15], [81 - 15], [93 - 15], [81 - 15], [93 - 15], [81 - 15], [93 - 15], [81 - 15], [93 - 15], [81 - 15], [93 - 15], [81 - 15], [93 - 15], [81 - 15], [93 - 15], [81 - 15], [93 - 15], [81 - 15], [93 - 15], [81 - 15], [93 - 15], [81 - 15], [93 - 15], [81 - 15], [93 - 15], [81 - 15], [93 - 15], [81 - 15], [93 - 15], [81 - 15], [93 - 15], [81 - 7], [93 - 7], [81 - 7], [93 - 7], [81 - 7], [93 - 7], [81 - 7], [93 - 7], [81 - 7], [93 - 7], [81 - 7], [93 - 7], [81 - 7], [93 - 7], [81 - 7], [93 - 7], [81 - 7], [93 - 7], [81 - 7], [93 - 7], [81 - 7], [93 - 7], [81 - 7], [93 - 7], [81 - 11], [93 - 11], [81 - 11], [93 - 11], [81 - 11], [93 - 11], [81 - 11], [93 - 11], [81 - 11], [93 - 11], [81 - 11], [93 - 11], [81 - 11], [93 - 11], [81 - 11], [93 - 11], [81 - 11], [93 - 11], [81 - 11], [93 - 11], [81 - 11], [93 - 11], [81 - 11], [93 - 11], [98 - 25], [98 - 25], [98 - 25], [98 - 25], [98 - 25], [98 - 25], [98 - 25], [98 - 25], [98 - 25], [98 - 25], [98 - 25], [98 - 25], [98 - 52], [98 - 52], [98 - 52], [98 - 52], [98 - 52], [98 - 52], [98 - 52], [98 - 52], [98 - 52], [98 - 52], [98 - 52], [98 - 52], [98 - 25], [98 - 25], [98 - 25], [98 - 25], [98 - 25], [98 - 25], [98 - 25], [98 - 25], [98 - 25], [98 - 25], [98 - 25], [98 - 25], [98 - 52], [98 - 52], [98 - 52], [98 - 52], [98 - 52], [98 - 52], [98 - 52], [98 - 52], [98 - 52], [98 - 52], [98 - 52], [98 - 52], [98 - 7], [98 - 7], [98 - 7], [98 - 7], [98 - 7], [98 - 7], [98 - 7], [98 - 7], [98 - 7], [98 - 7], [98 - 7], [98 - 7], [98 - 7], [98 - 7], [98 - 7], [98 - 7], [98 - 7], [98 - 7], [98 - 7], [98 - 7], [98 - 7], [98 - 7], [98 - 7], [98 - 7], [98 - 11], [98 - 11], [98 - 11], [98 - 11], [98 - 11], [98 - 11], [98 - 11], [98 - 11], [98 - 11], [98 - 11], [98 - 11], [98 - 11], [98 - 11], [98 - 11], [98 - 11], [98 - 11], [98 - 11], [98 - 11], [98 - 11], [98 - 11], [98 - 11], [98 - 11], [98 - 11], [98 - 11], [98 - 25], [98 - 25], [98 - 25], [98 - 25], [98 - 25], [98 - 25], [98 - 25], [98 - 25], [98 - 25], [98 - 25], [98 - 25], [98 - 25], [98 - 54], [98 - 54], [98 - 54], [98 - 54], [98 - 54], [98 - 54], [98 - 54], [98 - 54], [98 - 54], [98 - 54], [98 - 54], [98 - 54], [98 - 25], [98 - 25], [98 - 25], [98 - 25], [98 - 25], [98 - 25], [98 - 25], [98 - 25], [98 - 25], [98 - 25], [98 - 25], [98 - 25], [98 - 53], [98 - 53], [98 - 53], [98 - 53], [98 - 53], [98 - 53], [98 - 53], [98 - 53], [98 - 53], [98 - 53], [98 - 53], [98 - 53], [98 - 7], [98 - 7], [98 - 7], [98 - 7], [98 - 7], [98 - 7], [98 - 7], [98 - 7], [98 - 7], [98 - 7], [98 - 7], [98 - 7], [98 - 7], [98 - 7], [98 - 7], [98 - 7], [98 - 7], [98 - 7], [98 - 7], [98 - 7], [98 - 7], [98 - 7], [98 - 7], [98 - 7], [98 - 11], [98 - 11], [98 - 11], [98 - 11], [98 - 11], [98 - 11], [98 - 11], [98 - 11], [98 - 11], [98 - 11], [98 - 11], [98 - 11], [98 - 11], [98 - 11], [98 - 11], [98 - 11], [98 - 11], [98 - 11], [98 - 11], [98 - 11], [98 - 11], [98 - 11], [98 - 11], [98 - 11], [98 - 15], [98 - 15], [98 - 15], [98 - 15], [98 - 15], [98 - 15], [98 - 15], [98 - 15], [98 - 15], [98 - 15], [98 - 15], [98 - 15], [98 - 15], [98 - 15], [98 - 15], [98 - 15], [98 - 15], [98 - 15], [98 - 15], [98 - 15], [98 - 15], [98 - 15], [98 - 15], [98 - 15], [98 - 15], [98 - 15], [98 - 15], [98 - 15], [98 - 15], [98 - 15], [98 - 15], [98 - 15], [98 - 15], [98 - 15], [98 - 15], [98 - 15], [98 - 15], [98 - 15], [98 - 15], [98 - 15], [98 - 15], [98 - 15], [98 - 15], [98 - 15], [98 - 15], [98 - 15], [98 - 15], [98 - 15], [98 - 7], [98 - 7], [98 - 7], [98 - 7], [98 - 7], [98 - 7], [98 - 7], [98 - 7], [98 - 7], [98 - 7], [98 - 7], [98 - 7], [98 - 7], [98 - 7], [98 - 7], [98 - 7], [98 - 7], [98 - 7], [98 - 7], [98 - 7], [98 - 7], [98 - 7], [98 - 7], [98 - 7], [98 - 11], [98 - 11], [98 - 11], [98 - 11], [98 - 11], [98 - 11], [98 - 11], [98 - 11], [98 - 11], [98 - 11], [98 - 11], [98 - 11], [98 - 11], [98 - 11], [98 - 11], [98 - 11], [98 - 11], [98 - 11], [98 - 11], [98 - 11], [98 - 11], [98 - 11], [98 - 11], [98 - 11], [77 - 25], [93 - 25], [77 - 25], [93 - 25], [69 - 25], [93 - 25], [57 - 25], [93 - 25], [69 - 25], [93 - 25], [64 - 25], [93 - 25], [77 - 52], [93 - 52], [77 - 52], [93 - 52], [69 - 52], [93 - 52], [57 - 52], [93 - 52], [69 - 52], [93 - 52], [64 - 52], [93 - 52], [77 - 25], [93 - 25], [77 - 25], [93 - 25], [69 - 25], [93 - 25], [57 - 25], [93 - 25], [69 - 25], [93 - 25], [64 - 25], [93 - 25], [77 - 52], [93 - 52], [77 - 52], [93 - 52], [69 - 52], [93 - 52], [57 - 52], [93 - 52], [69 - 52], [93 - 52], [64 - 52], [93 - 52], [77 - 7], [93 - 7], [77 - 7], [93 - 7], [69 - 7], [93 - 7], [57 - 7], [93 - 7], [69 - 7], [93 - 7], [64 - 7], [93 - 7], [77 - 7], [93 - 7], [77 - 7], [93 - 7], [69 - 7], [93 - 7], [57 - 7], [93 - 7], [69 - 7], [93 - 7], [64 - 7], [93 - 7], [77 - 11], [93 - 11], [77 - 11], [93 - 11], [69 - 11], [93 - 11], [57 - 11], [93 - 11], [69 - 11], [93 - 11], [64 - 11], [93 - 11], [77 - 11], [93 - 11], [77 - 11], [93 - 11], [69 - 11], [93 - 11], [57 - 11], [93 - 11], [69 - 11], [93 - 11], [64 - 11], [93 - 11], [77 - 25], [93 - 25], [77 - 25], [93 - 25], [69 - 25], [93 - 25], [57 - 25], [93 - 25], [69 - 25], [93 - 25], [64 - 25], [93 - 25], [77 - 54], [93 - 54], [77 - 54], [93 - 54], [69 - 54], [93 - 54], [57 - 54], [93 - 54], [69 - 54], [93 - 54], [64 - 54], [93 - 54], [77 - 25], [93 - 25], [77 - 25], [93 - 25], [69 - 25], [93 - 25], [57 - 25], [93 - 25], [69 - 25], [93 - 25], [64 - 25], [93 - 25], [77 - 53], [93 - 53], [77 - 53], [93 - 53], [69 - 53], [93 - 53], [57 - 53], [93 - 53], [69 - 53], [93 - 53], [64 - 53], [93 - 53], [77 - 7], [93 - 7], [77 - 7], [93 - 7], [69 - 7], [93 - 7], [57 - 7], [93 - 7], [69 - 7], [93 - 7], [64 - 7], [93 - 7], [77 - 7], [93 - 7], [77 - 7], [93 - 7], [69 - 7], [93 - 7], [57 - 7], [93 - 7], [69 - 7], [93 - 7], [64 - 7], [93 - 7], [77 - 11], [93 - 11], [77 - 11], [93 - 11], [69 - 11], [93 - 11], [57 - 11], [93 - 11], [69 - 11], [93 - 11], [64 - 11], [93 - 11], [77 - 11], [93 - 11], [77 - 11], [93 - 11], [69 - 11], [93 - 11], [57 - 11], [93 - 11], [69 - 11], [93 - 11], [64 - 11], [93 - 11], [77 - 15], [93 - 15], [77 - 15], [93 - 15], [69 - 15], [93 - 15], [57 - 15], [93 - 15], [69 - 15], [93 - 15], [64 - 15], [93 - 15], [77 - 15], [93 - 15], [77 - 15], [93 - 15], [69 - 15], [93 - 15], [57 - 15], [93 - 15], [69 - 15], [93 - 15], [64 - 15], [93 - 15], [77 - 15], [93 - 15], [77 - 15], [93 - 15], [69 - 15], [93 - 15], [57 - 15], [93 - 15], [69 - 15], [93 - 15], [64 - 15], [93 - 15], [77 - 15], [93 - 15], [77 - 15], [93 - 15], [69 - 15], [93 - 15], [57 - 15], [93 - 15], [69 - 15], [93 - 15], [64 - 15], [93 - 15], [77 - 7], [93 - 7], [77 - 7], [93 - 7], [69 - 7], [93 - 7], [57 - 7], [93 - 7], [69 - 7], [93 - 7], [64 - 7], [93 - 7], [77 - 7], [93 - 7], [77 - 7], [93 - 7], [69 - 7], [93 - 7], [57 - 7], [93 - 7], [69 - 7], [93 - 7], [64 - 7], [93 - 7], [77 - 11], [93 - 11], [77 - 11], [93 - 11], [69 - 11], [93 - 11], [57 - 11], [93 - 11], [69 - 11], [93 - 11], [64 - 11], [93 - 11], [77 - 11], [93 - 11], [77 - 11], [93 - 11], [69 - 11], [93 - 11], [57 - 11], [93 - 11], [69 - 11], [93 - 11], [64 - 11], [93 - 11], [98 - 25], [98 - 25], [98 - 25], [98 - 25], [98 - 25], [98 - 25], [98 - 25], [98 - 25], [98 - 25], [98 - 25], [98 - 25], [98 - 25], [98 - 52], [98 - 52], [98 - 52], [98 - 52], [98 - 52], [98 - 52], [98 - 52], [98 - 52], [98 - 52], [98 - 52], [98 - 52], [98 - 52], [98 - 25], [98 - 25], [98 - 25], [98 - 25], [98 - 25], [98 - 25], [98 - 25], [98 - 25], [98 - 25], [98 - 25], [98 - 25], [98 - 25], [98 - 52], [98 - 52], [98 - 52], [98 - 52], [98 - 52], [98 - 52], [98 - 52], [98 - 52], [98 - 52], [98 - 52], [98 - 52], [98 - 52], [98 - 7], [98 - 7], [98 - 7], [98 - 7], [98 - 7], [98 - 7], [98 - 7], [98 - 7], [98 - 7], [98 - 7], [98 - 7], [98 - 7], [98 - 7], [98 - 7], [98 - 7], [98 - 7], [98 - 7], [98 - 7], [98 - 7], [98 - 7], [98 - 7], [98 - 7], [98 - 7], [98 - 7], [98 - 11], [98 - 11], [98 - 11], [98 - 11], [98 - 11], [98 - 11], [98 - 11], [98 - 11], [98 - 11], [98 - 11], [98 - 11], [98 - 11], [98 - 11], [98 - 11], [98 - 11], [98 - 11], [98 - 11], [98 - 11], [98 - 11], [98 - 11], [98 - 11], [98 - 11], [98 - 11], [98 - 11], [98 - 25], [98 - 25], [98 - 25], [98 - 25], [98 - 25], [98 - 25], [98 - 25], [98 - 25], [98 - 25], [98 - 25], [98 - 25], [98 - 25], [98 - 54], [98 - 54], [98 - 54], [98 - 54], [98 - 54], [98 - 54], [98 - 54], [98 - 54], [98 - 54], [98 - 54], [98 - 54], [98 - 54], [98 - 25], [98 - 25], [98 - 25], [98 - 25], [98 - 25], [98 - 25], [98 - 25], [98 - 25], [98 - 25], [98 - 25], [98 - 25], [98 - 25], [98 - 53], [98 - 53], [98 - 53], [98 - 53], [98 - 53], [98 - 53], [98 - 53], [98 - 53], [98 - 53], [98 - 53], [98 - 53], [98 - 53], [98 - 7], [98 - 7], [98 - 7], [98 - 7], [98 - 7], [98 - 7], [98 - 7], [98 - 7], [98 - 7], [98 - 7], [98 - 7], [98 - 7], [98 - 7], [98 - 7], [98 - 7], [98 - 7], [98 - 7], [98 - 7], [98 - 7], [98 - 7], [98 - 7], [98 - 7], [98 - 7], [98 - 7], [98 - 11], [98 - 11], [98 - 11], [98 - 11], [98 - 11], [98 - 11], [98 - 11], [98 - 11], [98 - 11], [98 - 11], [98 - 11], [98 - 11], [98 - 11], [98 - 11], [98 - 11], [98 - 11], [98 - 11], [98 - 11], [98 - 11], [98 - 11], [98 - 11], [98 - 11], [98 - 11], [98 - 11], [98 - 15], [98 - 15], [98 - 15], [98 - 15], [98 - 15], [98 - 15], [98 - 15], [98 - 15], [98 - 15], [98 - 15], [98 - 15], [98 - 15], [98 - 15], [98 - 15], [98 - 15], [98 - 15], [98 - 15], [98 - 15], [98 - 15], [98 - 15], [98 - 15], [98 - 15], [98 - 15], [98 - 15], [98 - 15], [98 - 15], [98 - 15], [98 - 15], [98 - 15], [98 - 15], [98 - 15], [98 - 15], [98 - 15], [98 - 15], [98 - 15], [98 - 15], [98 - 15], [98 - 15], [98 - 15], [98 - 15], [98 - 15], [98 - 15], [98 - 15], [98 - 15], [98 - 15], [98 - 15], [98 - 15], [98 - 15], [98 - 7], [98 - 7], [98 - 7], [98 - 7], [98 - 7], [98 - 7], [98 - 7], [98 - 7], [98 - 7], [98 - 7], [98 - 7], [98 - 7], [98 - 7], [98 - 7], [98 - 7], [98 - 7], [98 - 7], [98 - 7], [98 - 7], [98 - 7], [98 - 7], [98 - 7], [98 - 7], [98 - 7], [98 - 11], [98 - 11], [98 - 11], [98 - 11], [98 - 11], [98 - 11], [98 - 11], [98 - 11], [98 - 11], [98 - 11], [98 - 11], [98 - 11], [98 - 11], [98 - 11], [98 - 11], [98 - 11], [98 - 11], [98 - 11], [98 - 11], [98 - 11], [98 - 11], [98 - 11], [98 - 11], [98 - 11]]
Seed Range #0: Location [81 - 25]
Seed Range #1: Location [93 - 25]
Seed Range #2: Location [81 - 25]
Seed Range #3: Location [93 - 25]
Seed Range #4: Location [81 - 25]
Seed Range #5: Location [93 - 25]
Seed Range #6: Location [81 - 25]
Seed Range #7: Location [93 - 25]
Seed Range #8: Location [81 - 25]
Seed Range #9: Location [93 - 25]
Seed Range #10: Location [81 - 25]
Seed Range #11: Location [93 - 25]
Seed Range #12: Location [81 - 52]
Seed Range #13: Location [93 - 52]
Seed Range #14: Location [81 - 52]
Seed Range #15: Location [93 - 52]
Seed Range #16: Location [81 - 52]
Seed Range #17: Location [93 - 52]
Seed Range #18: Location [81 - 52]
Seed Range #19: Location [93 - 52]
Seed Range #20: Location [81 - 52]
Seed Range #21: Location [93 - 52]
Seed Range #22: Location [81 - 52]
Seed Range #23: Location [93 - 52]
Seed Range #24: Location [81 - 25]
Seed Range #25: Location [93 - 25]
Seed Range #26: Location [81 - 25]
Seed Range #27: Location [93 - 25]
Seed Range #28: Location [81 - 25]
Seed Range #29: Location [93 - 25]
Seed Range #30: Location [81 - 25]
Seed Range #31: Location [93 - 25]
Seed Range #32: Location [81 - 25]
Seed Range #33: Location [93 - 25]
Seed Range #34: Location [81 - 25]
Seed Range #35: Location [93 - 25]
Seed Range #36: Location [81 - 52]
Seed Range #37: Location [93 - 52]
Seed Range #38: Location [81 - 52]
Seed Range #39: Location [93 - 52]
Seed Range #40: Location [81 - 52]
Seed Range #41: Location [93 - 52]
Seed Range #42: Location [81 - 52]
Seed Range #43: Location [93 - 52]
Seed Range #44: Location [81 - 52]
Seed Range #45: Location [93 - 52]
Seed Range #46: Location [81 - 52]
Seed Range #47: Location [93 - 52]
Seed Range #48: Location [81 - 7]
Seed Range #49: Location [93 - 7]
Seed Range #50: Location [81 - 7]
Seed Range #51: Location [93 - 7]
Seed Range #52: Location [81 - 7]
Seed Range #53: Location [93 - 7]
Seed Range #54: Location [81 - 7]
Seed Range #55: Location [93 - 7]
Seed Range #56: Location [81 - 7]
Seed Range #57: Location [93 - 7]
Seed Range #58: Location [81 - 7]
Seed Range #59: Location [93 - 7]
Seed Range #60: Location [81 - 7]
Seed Range #61: Location [93 - 7]
Seed Range #62: Location [81 - 7]
Seed Range #63: Location [93 - 7]
Seed Range #64: Location [81 - 7]
Seed Range #65: Location [93 - 7]
Seed Range #66: Location [81 - 7]
Seed Range #67: Location [93 - 7]
Seed Range #68: Location [81 - 7]
Seed Range #69: Location [93 - 7]
Seed Range #70: Location [81 - 7]
Seed Range #71: Location [93 - 7]
Seed Range #72: Location [81 - 11]
Seed Range #73: Location [93 - 11]
Seed Range #74: Location [81 - 11]
Seed Range #75: Location [93 - 11]
Seed Range #76: Location [81 - 11]
Seed Range #77: Location [93 - 11]
Seed Range #78: Location [81 - 11]
Seed Range #79: Location [93 - 11]
Seed Range #80: Location [81 - 11]
Seed Range #81: Location [93 - 11]
Seed Range #82: Location [81 - 11]
Seed Range #83: Location [93 - 11]
Seed Range #84: Location [81 - 11]
Seed Range #85: Location [93 - 11]
Seed Range #86: Location [81 - 11]
Seed Range #87: Location [93 - 11]
Seed Range #88: Location [81 - 11]
Seed Range #89: Location [93 - 11]
Seed Range #90: Location [81 - 11]
Seed Range #91: Location [93 - 11]
Seed Range #92: Location [81 - 11]
Seed Range #93: Location [93 - 11]
Seed Range #94: Location [81 - 11]
Seed Range #95: Location [93 - 11]
Seed Range #96: Location [81 - 25]
Seed Range #97: Location [93 - 25]
Seed Range #98: Location [81 - 25]
Seed Range #99: Location [93 - 25]
Seed Range #100: Location [81 - 25]
Seed Range #101: Location [93 - 25]
Seed Range #102: Location [81 - 25]
Seed Range #103: Location [93 - 25]
Seed Range #104: Location [81 - 25]
Seed Range #105: Location [93 - 25]
Seed Range #106: Location [81 - 25]
Seed Range #107: Location [93 - 25]
Seed Range #108: Location [81 - 54]
Seed Range #109: Location [93 - 54]
Seed Range #110: Location [81 - 54]
Seed Range #111: Location [93 - 54]
Seed Range #112: Location [81 - 54]
Seed Range #113: Location [93 - 54]
Seed Range #114: Location [81 - 54]
Seed Range #115: Location [93 - 54]
Seed Range #116: Location [81 - 54]
Seed Range #117: Location [93 - 54]
Seed Range #118: Location [81 - 54]
Seed Range #119: Location [93 - 54]
Seed Range #120: Location [81 - 25]
Seed Range #121: Location [93 - 25]
Seed Range #122: Location [81 - 25]
Seed Range #123: Location [93 - 25]
Seed Range #124: Location [81 - 25]
Seed Range #125: Location [93 - 25]
Seed Range #126: Location [81 - 25]
Seed Range #127: Location [93 - 25]
Seed Range #128: Location [81 - 25]
Seed Range #129: Location [93 - 25]
Seed Range #130: Location [81 - 25]
Seed Range #131: Location [93 - 25]
Seed Range #132: Location [81 - 53]
Seed Range #133: Location [93 - 53]
Seed Range #134: Location [81 - 53]
Seed Range #135: Location [93 - 53]
Seed Range #136: Location [81 - 53]
Seed Range #137: Location [93 - 53]
Seed Range #138: Location [81 - 53]
Seed Range #139: Location [93 - 53]
Seed Range #140: Location [81 - 53]
Seed Range #141: Location [93 - 53]
Seed Range #142: Location [81 - 53]
Seed Range #143: Location [93 - 53]
Seed Range #144: Location [81 - 7]
Seed Range #145: Location [93 - 7]
Seed Range #146: Location [81 - 7]
Seed Range #147: Location [93 - 7]
Seed Range #148: Location [81 - 7]
Seed Range #149: Location [93 - 7]
Seed Range #150: Location [81 - 7]
Seed Range #151: Location [93 - 7]
Seed Range #152: Location [81 - 7]
Seed Range #153: Location [93 - 7]
Seed Range #154: Location [81 - 7]
Seed Range #155: Location [93 - 7]
Seed Range #156: Location [81 - 7]
Seed Range #157: Location [93 - 7]
Seed Range #158: Location [81 - 7]
Seed Range #159: Location [93 - 7]
Seed Range #160: Location [81 - 7]
Seed Range #161: Location [93 - 7]
Seed Range #162: Location [81 - 7]
Seed Range #163: Location [93 - 7]
Seed Range #164: Location [81 - 7]
Seed Range #165: Location [93 - 7]
Seed Range #166: Location [81 - 7]
Seed Range #167: Location [93 - 7]
Seed Range #168: Location [81 - 11]
Seed Range #169: Location [93 - 11]
Seed Range #170: Location [81 - 11]
Seed Range #171: Location [93 - 11]
Seed Range #172: Location [81 - 11]
Seed Range #173: Location [93 - 11]
Seed Range #174: Location [81 - 11]
Seed Range #175: Location [93 - 11]
Seed Range #176: Location [81 - 11]
Seed Range #177: Location [93 - 11]
Seed Range #178: Location [81 - 11]
Seed Range #179: Location [93 - 11]
Seed Range #180: Location [81 - 11]
Seed Range #181: Location [93 - 11]
Seed Range #182: Location [81 - 11]
Seed Range #183: Location [93 - 11]
Seed Range #184: Location [81 - 11]
Seed Range #185: Location [93 - 11]
Seed Range #186: Location [81 - 11]
Seed Range #187: Location [93 - 11]
Seed Range #188: Location [81 - 11]
Seed Range #189: Location [93 - 11]
Seed Range #190: Location [81 - 11]
Seed Range #191: Location [93 - 11]
Seed Range #192: Location [81 - 15]
Seed Range #193: Location [93 - 15]
Seed Range #194: Location [81 - 15]
Seed Range #195: Location [93 - 15]
Seed Range #196: Location [81 - 15]
Seed Range #197: Location [93 - 15]
Seed Range #198: Location [81 - 15]
Seed Range #199: Location [93 - 15]
Seed Range #200: Location [81 - 15]
Seed Range #201: Location [93 - 15]
Seed Range #202: Location [81 - 15]
Seed Range #203: Location [93 - 15]
Seed Range #204: Location [81 - 15]
Seed Range #205: Location [93 - 15]
Seed Range #206: Location [81 - 15]
Seed Range #207: Location [93 - 15]
Seed Range #208: Location [81 - 15]
Seed Range #209: Location [93 - 15]
Seed Range #210: Location [81 - 15]
Seed Range #211: Location [93 - 15]
Seed Range #212: Location [81 - 15]
Seed Range #213: Location [93 - 15]
Seed Range #214: Location [81 - 15]
Seed Range #215: Location [93 - 15]
Seed Range #216: Location [81 - 15]
Seed Range #217: Location [93 - 15]
Seed Range #218: Location [81 - 15]
Seed Range #219: Location [93 - 15]
Seed Range #220: Location [81 - 15]
Seed Range #221: Location [93 - 15]
Seed Range #222: Location [81 - 15]
Seed Range #223: Location [93 - 15]
Seed Range #224: Location [81 - 15]
Seed Range #225: Location [93 - 15]
Seed Range #226: Location [81 - 15]
Seed Range #227: Location [93 - 15]
Seed Range #228: Location [81 - 15]
Seed Range #229: Location [93 - 15]
Seed Range #230: Location [81 - 15]
Seed Range #231: Location [93 - 15]
Seed Range #232: Location [81 - 15]
Seed Range #233: Location [93 - 15]
Seed Range #234: Location [81 - 15]
Seed Range #235: Location [93 - 15]
Seed Range #236: Location [81 - 15]
Seed Range #237: Location [93 - 15]
Seed Range #238: Location [81 - 15]
Seed Range #239: Location [93 - 15]
Seed Range #240: Location [81 - 7]
Seed Range #241: Location [93 - 7]
Seed Range #242: Location [81 - 7]
Seed Range #243: Location [93 - 7]
Seed Range #244: Location [81 - 7]
Seed Range #245: Location [93 - 7]
Seed Range #246: Location [81 - 7]
Seed Range #247: Location [93 - 7]
Seed Range #248: Location [81 - 7]
Seed Range #249: Location [93 - 7]
Seed Range #250: Location [81 - 7]
Seed Range #251: Location [93 - 7]
Seed Range #252: Location [81 - 7]
Seed Range #253: Location [93 - 7]
Seed Range #254: Location [81 - 7]
Seed Range #255: Location [93 - 7]
Seed Range #256: Location [81 - 7]
Seed Range #257: Location [93 - 7]
Seed Range #258: Location [81 - 7]
Seed Range #259: Location [93 - 7]
Seed Range #260: Location [81 - 7]
Seed Range #261: Location [93 - 7]
Seed Range #262: Location [81 - 7]
Seed Range #263: Location [93 - 7]
Seed Range #264: Location [81 - 11]
Seed Range #265: Location [93 - 11]
Seed Range #266: Location [81 - 11]
Seed Range #267: Location [93 - 11]
Seed Range #268: Location [81 - 11]
Seed Range #269: Location [93 - 11]
Seed Range #270: Location [81 - 11]
Seed Range #271: Location [93 - 11]
Seed Range #272: Location [81 - 11]
Seed Range #273: Location [93 - 11]
Seed Range #274: Location [81 - 11]
Seed Range #275: Location [93 - 11]
Seed Range #276: Location [81 - 11]
Seed Range #277: Location [93 - 11]
Seed Range #278: Location [81 - 11]
Seed Range #279: Location [93 - 11]
Seed Range #280: Location [81 - 11]
Seed Range #281: Location [93 - 11]
Seed Range #282: Location [81 - 11]
Seed Range #283: Location [93 - 11]
Seed Range #284: Location [81 - 11]
Seed Range #285: Location [93 - 11]
Seed Range #286: Location [81 - 11]
Seed Range #287: Location [93 - 11]
Seed Range #288: Location [98 - 25]
Seed Range #289: Location [98 - 25]
Seed Range #290: Location [98 - 25]
Seed Range #291: Location [98 - 25]
Seed Range #292: Location [98 - 25]
Seed Range #293: Location [98 - 25]
Seed Range #294: Location [98 - 25]
Seed Range #295: Location [98 - 25]
Seed Range #296: Location [98 - 25]
Seed Range #297: Location [98 - 25]
Seed Range #298: Location [98 - 25]
Seed Range #299: Location [98 - 25]
Seed Range #300: Location [98 - 52]
Seed Range #301: Location [98 - 52]
Seed Range #302: Location [98 - 52]
Seed Range #303: Location [98 - 52]
Seed Range #304: Location [98 - 52]
Seed Range #305: Location [98 - 52]
Seed Range #306: Location [98 - 52]
Seed Range #307: Location [98 - 52]
Seed Range #308: Location [98 - 52]
Seed Range #309: Location [98 - 52]
Seed Range #310: Location [98 - 52]
Seed Range #311: Location [98 - 52]
Seed Range #312: Location [98 - 25]
Seed Range #313: Location [98 - 25]
Seed Range #314: Location [98 - 25]
Seed Range #315: Location [98 - 25]
Seed Range #316: Location [98 - 25]
Seed Range #317: Location [98 - 25]
Seed Range #318: Location [98 - 25]
Seed Range #319: Location [98 - 25]
Seed Range #320: Location [98 - 25]
Seed Range #321: Location [98 - 25]
Seed Range #322: Location [98 - 25]
Seed Range #323: Location [98 - 25]
Seed Range #324: Location [98 - 52]
Seed Range #325: Location [98 - 52]
Seed Range #326: Location [98 - 52]
Seed Range #327: Location [98 - 52]
Seed Range #328: Location [98 - 52]
Seed Range #329: Location [98 - 52]
Seed Range #330: Location [98 - 52]
Seed Range #331: Location [98 - 52]
Seed Range #332: Location [98 - 52]
Seed Range #333: Location [98 - 52]
Seed Range #334: Location [98 - 52]
Seed Range #335: Location [98 - 52]
Seed Range #336: Location [98 - 7]
Seed Range #337: Location [98 - 7]
Seed Range #338: Location [98 - 7]
Seed Range #339: Location [98 - 7]
Seed Range #340: Location [98 - 7]
Seed Range #341: Location [98 - 7]
Seed Range #342: Location [98 - 7]
Seed Range #343: Location [98 - 7]
Seed Range #344: Location [98 - 7]
Seed Range #345: Location [98 - 7]
Seed Range #346: Location [98 - 7]
Seed Range #347: Location [98 - 7]
Seed Range #348: Location [98 - 7]
Seed Range #349: Location [98 - 7]
Seed Range #350: Location [98 - 7]
Seed Range #351: Location [98 - 7]
Seed Range #352: Location [98 - 7]
Seed Range #353: Location [98 - 7]
Seed Range #354: Location [98 - 7]
Seed Range #355: Location [98 - 7]
Seed Range #356: Location [98 - 7]
Seed Range #357: Location [98 - 7]
Seed Range #358: Location [98 - 7]
Seed Range #359: Location [98 - 7]
Seed Range #360: Location [98 - 11]
Seed Range #361: Location [98 - 11]
Seed Range #362: Location [98 - 11]
Seed Range #363: Location [98 - 11]
Seed Range #364: Location [98 - 11]
Seed Range #365: Location [98 - 11]
Seed Range #366: Location [98 - 11]
Seed Range #367: Location [98 - 11]
Seed Range #368: Location [98 - 11]
Seed Range #369: Location [98 - 11]
Seed Range #370: Location [98 - 11]
Seed Range #371: Location [98 - 11]
Seed Range #372: Location [98 - 11]
Seed Range #373: Location [98 - 11]
Seed Range #374: Location [98 - 11]
Seed Range #375: Location [98 - 11]
Seed Range #376: Location [98 - 11]
Seed Range #377: Location [98 - 11]
Seed Range #378: Location [98 - 11]
Seed Range #379: Location [98 - 11]
Seed Range #380: Location [98 - 11]
Seed Range #381: Location [98 - 11]
Seed Range #382: Location [98 - 11]
Seed Range #383: Location [98 - 11]
Seed Range #384: Location [98 - 25]
Seed Range #385: Location [98 - 25]
Seed Range #386: Location [98 - 25]
Seed Range #387: Location [98 - 25]
Seed Range #388: Location [98 - 25]
Seed Range #389: Location [98 - 25]
Seed Range #390: Location [98 - 25]
Seed Range #391: Location [98 - 25]
Seed Range #392: Location [98 - 25]
Seed Range #393: Location [98 - 25]
Seed Range #394: Location [98 - 25]
Seed Range #395: Location [98 - 25]
Seed Range #396: Location [98 - 54]
Seed Range #397: Location [98 - 54]
Seed Range #398: Location [98 - 54]
Seed Range #399: Location [98 - 54]
Seed Range #400: Location [98 - 54]
Seed Range #401: Location [98 - 54]
Seed Range #402: Location [98 - 54]
Seed Range #403: Location [98 - 54]
Seed Range #404: Location [98 - 54]
Seed Range #405: Location [98 - 54]
Seed Range #406: Location [98 - 54]
Seed Range #407: Location [98 - 54]
Seed Range #408: Location [98 - 25]
Seed Range #409: Location [98 - 25]
Seed Range #410: Location [98 - 25]
Seed Range #411: Location [98 - 25]
Seed Range #412: Location [98 - 25]
Seed Range #413: Location [98 - 25]
Seed Range #414: Location [98 - 25]
Seed Range #415: Location [98 - 25]
Seed Range #416: Location [98 - 25]
Seed Range #417: Location [98 - 25]
Seed Range #418: Location [98 - 25]
Seed Range #419: Location [98 - 25]
Seed Range #420: Location [98 - 53]
Seed Range #421: Location [98 - 53]
Seed Range #422: Location [98 - 53]
Seed Range #423: Location [98 - 53]
Seed Range #424: Location [98 - 53]
Seed Range #425: Location [98 - 53]
Seed Range #426: Location [98 - 53]
Seed Range #427: Location [98 - 53]
Seed Range #428: Location [98 - 53]
Seed Range #429: Location [98 - 53]
Seed Range #430: Location [98 - 53]
Seed Range #431: Location [98 - 53]
Seed Range #432: Location [98 - 7]
Seed Range #433: Location [98 - 7]
Seed Range #434: Location [98 - 7]
Seed Range #435: Location [98 - 7]
Seed Range #436: Location [98 - 7]
Seed Range #437: Location [98 - 7]
Seed Range #438: Location [98 - 7]
Seed Range #439: Location [98 - 7]
Seed Range #440: Location [98 - 7]
Seed Range #441: Location [98 - 7]
Seed Range #442: Location [98 - 7]
Seed Range #443: Location [98 - 7]
Seed Range #444: Location [98 - 7]
Seed Range #445: Location [98 - 7]
Seed Range #446: Location [98 - 7]
Seed Range #447: Location [98 - 7]
Seed Range #448: Location [98 - 7]
Seed Range #449: Location [98 - 7]
Seed Range #450: Location [98 - 7]
Seed Range #451: Location [98 - 7]
Seed Range #452: Location [98 - 7]
Seed Range #453: Location [98 - 7]
Seed Range #454: Location [98 - 7]
Seed Range #455: Location [98 - 7]
Seed Range #456: Location [98 - 11]
Seed Range #457: Location [98 - 11]
Seed Range #458: Location [98 - 11]
Seed Range #459: Location [98 - 11]
Seed Range #460: Location [98 - 11]
Seed Range #461: Location [98 - 11]
Seed Range #462: Location [98 - 11]
Seed Range #463: Location [98 - 11]
Seed Range #464: Location [98 - 11]
Seed Range #465: Location [98 - 11]
Seed Range #466: Location [98 - 11]
Seed Range #467: Location [98 - 11]
Seed Range #468: Location [98 - 11]
Seed Range #469: Location [98 - 11]
Seed Range #470: Location [98 - 11]
Seed Range #471: Location [98 - 11]
Seed Range #472: Location [98 - 11]
Seed Range #473: Location [98 - 11]
Seed Range #474: Location [98 - 11]
Seed Range #475: Location [98 - 11]
Seed Range #476: Location [98 - 11]
Seed Range #477: Location [98 - 11]
Seed Range #478: Location [98 - 11]
Seed Range #479: Location [98 - 11]
Seed Range #480: Location [98 - 15]
Seed Range #481: Location [98 - 15]
Seed Range #482: Location [98 - 15]
Seed Range #483: Location [98 - 15]
Seed Range #484: Location [98 - 15]
Seed Range #485: Location [98 - 15]
Seed Range #486: Location [98 - 15]
Seed Range #487: Location [98 - 15]
Seed Range #488: Location [98 - 15]
Seed Range #489: Location [98 - 15]
Seed Range #490: Location [98 - 15]
Seed Range #491: Location [98 - 15]
Seed Range #492: Location [98 - 15]
Seed Range #493: Location [98 - 15]
Seed Range #494: Location [98 - 15]
Seed Range #495: Location [98 - 15]
Seed Range #496: Location [98 - 15]
Seed Range #497: Location [98 - 15]
Seed Range #498: Location [98 - 15]
Seed Range #499: Location [98 - 15]
Seed Range #500: Location [98 - 15]
Seed Range #501: Location [98 - 15]
Seed Range #502: Location [98 - 15]
Seed Range #503: Location [98 - 15]
Seed Range #504: Location [98 - 15]
Seed Range #505: Location [98 - 15]
Seed Range #506: Location [98 - 15]
Seed Range #507: Location [98 - 15]
Seed Range #508: Location [98 - 15]
Seed Range #509: Location [98 - 15]
Seed Range #510: Location [98 - 15]
Seed Range #511: Location [98 - 15]
Seed Range #512: Location [98 - 15]
Seed Range #513: Location [98 - 15]
Seed Range #514: Location [98 - 15]
Seed Range #515: Location [98 - 15]
Seed Range #516: Location [98 - 15]
Seed Range #517: Location [98 - 15]
Seed Range #518: Location [98 - 15]
Seed Range #519: Location [98 - 15]
Seed Range #520: Location [98 - 15]
Seed Range #521: Location [98 - 15]
Seed Range #522: Location [98 - 15]
Seed Range #523: Location [98 - 15]
Seed Range #524: Location [98 - 15]
Seed Range #525: Location [98 - 15]
Seed Range #526: Location [98 - 15]
Seed Range #527: Location [98 - 15]
Seed Range #528: Location [98 - 7]
Seed Range #529: Location [98 - 7]
Seed Range #530: Location [98 - 7]
Seed Range #531: Location [98 - 7]
Seed Range #532: Location [98 - 7]
Seed Range #533: Location [98 - 7]
Seed Range #534: Location [98 - 7]
Seed Range #535: Location [98 - 7]
Seed Range #536: Location [98 - 7]
Seed Range #537: Location [98 - 7]
Seed Range #538: Location [98 - 7]
Seed Range #539: Location [98 - 7]
Seed Range #540: Location [98 - 7]
Seed Range #541: Location [98 - 7]
Seed Range #542: Location [98 - 7]
Seed Range #543: Location [98 - 7]
Seed Range #544: Location [98 - 7]
Seed Range #545: Location [98 - 7]
Seed Range #546: Location [98 - 7]
Seed Range #547: Location [98 - 7]
Seed Range #548: Location [98 - 7]
Seed Range #549: Location [98 - 7]
Seed Range #550: Location [98 - 7]
Seed Range #551: Location [98 - 7]
Seed Range #552: Location [98 - 11]
Seed Range #553: Location [98 - 11]
Seed Range #554: Location [98 - 11]
Seed Range #555: Location [98 - 11]
Seed Range #556: Location [98 - 11]
Seed Range #557: Location [98 - 11]
Seed Range #558: Location [98 - 11]
Seed Range #559: Location [98 - 11]
Seed Range #560: Location [98 - 11]
Seed Range #561: Location [98 - 11]
Seed Range #562: Location [98 - 11]
Seed Range #563: Location [98 - 11]
Seed Range #564: Location [98 - 11]
Seed Range #565: Location [98 - 11]
Seed Range #566: Location [98 - 11]
Seed Range #567: Location [98 - 11]
Seed Range #568: Location [98 - 11]
Seed Range #569: Location [98 - 11]
Seed Range #570: Location [98 - 11]
Seed Range #571: Location [98 - 11]
Seed Range #572: Location [98 - 11]
Seed Range #573: Location [98 - 11]
Seed Range #574: Location [98 - 11]
Seed Range #575: Location [98 - 11]
Seed Range #576: Location [77 - 25]
Seed Range #577: Location [93 - 25]
Seed Range #578: Location [77 - 25]
Seed Range #579: Location [93 - 25]
Seed Range #580: Location [69 - 25]
Seed Range #581: Location [93 - 25]
Seed Range #582: Location [57 - 25]
Seed Range #583: Location [93 - 25]
Seed Range #584: Location [69 - 25]
Seed Range #585: Location [93 - 25]
Seed Range #586: Location [64 - 25]
Seed Range #587: Location [93 - 25]
Seed Range #588: Location [77 - 52]
Seed Range #589: Location [93 - 52]
Seed Range #590: Location [77 - 52]
Seed Range #591: Location [93 - 52]
Seed Range #592: Location [69 - 52]
Seed Range #593: Location [93 - 52]
Seed Range #594: Location [57 - 52]
Seed Range #595: Location [93 - 52]
Seed Range #596: Location [69 - 52]
Seed Range #597: Location [93 - 52]
Seed Range #598: Location [64 - 52]
Seed Range #599: Location [93 - 52]
Seed Range #600: Location [77 - 25]
Seed Range #601: Location [93 - 25]
Seed Range #602: Location [77 - 25]
Seed Range #603: Location [93 - 25]
Seed Range #604: Location [69 - 25]
Seed Range #605: Location [93 - 25]
Seed Range #606: Location [57 - 25]
Seed Range #607: Location [93 - 25]
Seed Range #608: Location [69 - 25]
Seed Range #609: Location [93 - 25]
Seed Range #610: Location [64 - 25]
Seed Range #611: Location [93 - 25]
Seed Range #612: Location [77 - 52]
Seed Range #613: Location [93 - 52]
Seed Range #614: Location [77 - 52]
Seed Range #615: Location [93 - 52]
Seed Range #616: Location [69 - 52]
Seed Range #617: Location [93 - 52]
Seed Range #618: Location [57 - 52]
Seed Range #619: Location [93 - 52]
Seed Range #620: Location [69 - 52]
Seed Range #621: Location [93 - 52]
Seed Range #622: Location [64 - 52]
Seed Range #623: Location [93 - 52]
Seed Range #624: Location [77 - 7]
Seed Range #625: Location [93 - 7]
Seed Range #626: Location [77 - 7]
Seed Range #627: Location [93 - 7]
Seed Range #628: Location [69 - 7]
Seed Range #629: Location [93 - 7]
Seed Range #630: Location [57 - 7]
Seed Range #631: Location [93 - 7]
Seed Range #632: Location [69 - 7]
Seed Range #633: Location [93 - 7]
Seed Range #634: Location [64 - 7]
Seed Range #635: Location [93 - 7]
Seed Range #636: Location [77 - 7]
Seed Range #637: Location [93 - 7]
Seed Range #638: Location [77 - 7]
Seed Range #639: Location [93 - 7]
Seed Range #640: Location [69 - 7]
Seed Range #641: Location [93 - 7]
Seed Range #642: Location [57 - 7]
Seed Range #643: Location [93 - 7]
Seed Range #644: Location [69 - 7]
Seed Range #645: Location [93 - 7]
Seed Range #646: Location [64 - 7]
Seed Range #647: Location [93 - 7]
Seed Range #648: Location [77 - 11]
Seed Range #649: Location [93 - 11]
Seed Range #650: Location [77 - 11]
Seed Range #651: Location [93 - 11]
Seed Range #652: Location [69 - 11]
Seed Range #653: Location [93 - 11]
Seed Range #654: Location [57 - 11]
Seed Range #655: Location [93 - 11]
Seed Range #656: Location [69 - 11]
Seed Range #657: Location [93 - 11]
Seed Range #658: Location [64 - 11]
Seed Range #659: Location [93 - 11]
Seed Range #660: Location [77 - 11]
Seed Range #661: Location [93 - 11]
Seed Range #662: Location [77 - 11]
Seed Range #663: Location [93 - 11]
Seed Range #664: Location [69 - 11]
Seed Range #665: Location [93 - 11]
Seed Range #666: Location [57 - 11]
Seed Range #667: Location [93 - 11]
Seed Range #668: Location [69 - 11]
Seed Range #669: Location [93 - 11]
Seed Range #670: Location [64 - 11]
Seed Range #671: Location [93 - 11]
Seed Range #672: Location [77 - 25]
Seed Range #673: Location [93 - 25]
Seed Range #674: Location [77 - 25]
Seed Range #675: Location [93 - 25]
Seed Range #676: Location [69 - 25]
Seed Range #677: Location [93 - 25]
Seed Range #678: Location [57 - 25]
Seed Range #679: Location [93 - 25]
Seed Range #680: Location [69 - 25]
Seed Range #681: Location [93 - 25]
Seed Range #682: Location [64 - 25]
Seed Range #683: Location [93 - 25]
Seed Range #684: Location [77 - 54]
Seed Range #685: Location [93 - 54]
Seed Range #686: Location [77 - 54]
Seed Range #687: Location [93 - 54]
Seed Range #688: Location [69 - 54]
Seed Range #689: Location [93 - 54]
Seed Range #690: Location [57 - 54]
Seed Range #691: Location [93 - 54]
Seed Range #692: Location [69 - 54]
Seed Range #693: Location [93 - 54]
Seed Range #694: Location [64 - 54]
Seed Range #695: Location [93 - 54]
Seed Range #696: Location [77 - 25]
Seed Range #697: Location [93 - 25]
Seed Range #698: Location [77 - 25]
Seed Range #699: Location [93 - 25]
Seed Range #700: Location [69 - 25]
Seed Range #701: Location [93 - 25]
Seed Range #702: Location [57 - 25]
Seed Range #703: Location [93 - 25]
Seed Range #704: Location [69 - 25]
Seed Range #705: Location [93 - 25]
Seed Range #706: Location [64 - 25]
Seed Range #707: Location [93 - 25]
Seed Range #708: Location [77 - 53]
Seed Range #709: Location [93 - 53]
Seed Range #710: Location [77 - 53]
Seed Range #711: Location [93 - 53]
Seed Range #712: Location [69 - 53]
Seed Range #713: Location [93 - 53]
Seed Range #714: Location [57 - 53]
Seed Range #715: Location [93 - 53]
Seed Range #716: Location [69 - 53]
Seed Range #717: Location [93 - 53]
Seed Range #718: Location [64 - 53]
Seed Range #719: Location [93 - 53]
Seed Range #720: Location [77 - 7]
Seed Range #721: Location [93 - 7]
Seed Range #722: Location [77 - 7]
Seed Range #723: Location [93 - 7]
Seed Range #724: Location [69 - 7]
Seed Range #725: Location [93 - 7]
Seed Range #726: Location [57 - 7]
Seed Range #727: Location [93 - 7]
Seed Range #728: Location [69 - 7]
Seed Range #729: Location [93 - 7]
Seed Range #730: Location [64 - 7]
Seed Range #731: Location [93 - 7]
Seed Range #732: Location [77 - 7]
Seed Range #733: Location [93 - 7]
Seed Range #734: Location [77 - 7]
Seed Range #735: Location [93 - 7]
Seed Range #736: Location [69 - 7]
Seed Range #737: Location [93 - 7]
Seed Range #738: Location [57 - 7]
Seed Range #739: Location [93 - 7]
Seed Range #740: Location [69 - 7]
Seed Range #741: Location [93 - 7]
Seed Range #742: Location [64 - 7]
Seed Range #743: Location [93 - 7]
Seed Range #744: Location [77 - 11]
Seed Range #745: Location [93 - 11]
Seed Range #746: Location [77 - 11]
Seed Range #747: Location [93 - 11]
Seed Range #748: Location [69 - 11]
Seed Range #749: Location [93 - 11]
Seed Range #750: Location [57 - 11]
Seed Range #751: Location [93 - 11]
Seed Range #752: Location [69 - 11]
Seed Range #753: Location [93 - 11]
Seed Range #754: Location [64 - 11]
Seed Range #755: Location [93 - 11]
Seed Range #756: Location [77 - 11]
Seed Range #757: Location [93 - 11]
Seed Range #758: Location [77 - 11]
Seed Range #759: Location [93 - 11]
Seed Range #760: Location [69 - 11]
Seed Range #761: Location [93 - 11]
Seed Range #762: Location [57 - 11]
Seed Range #763: Location [93 - 11]
Seed Range #764: Location [69 - 11]
Seed Range #765: Location [93 - 11]
Seed Range #766: Location [64 - 11]
Seed Range #767: Location [93 - 11]
Seed Range #768: Location [77 - 15]
Seed Range #769: Location [93 - 15]
Seed Range #770: Location [77 - 15]
Seed Range #771: Location [93 - 15]
Seed Range #772: Location [69 - 15]
Seed Range #773: Location [93 - 15]
Seed Range #774: Location [57 - 15]
Seed Range #775: Location [93 - 15]
Seed Range #776: Location [69 - 15]
Seed Range #777: Location [93 - 15]
Seed Range #778: Location [64 - 15]
Seed Range #779: Location [93 - 15]
Seed Range #780: Location [77 - 15]
Seed Range #781: Location [93 - 15]
Seed Range #782: Location [77 - 15]
Seed Range #783: Location [93 - 15]
Seed Range #784: Location [69 - 15]
Seed Range #785: Location [93 - 15]
Seed Range #786: Location [57 - 15]
Seed Range #787: Location [93 - 15]
Seed Range #788: Location [69 - 15]
Seed Range #789: Location [93 - 15]
Seed Range #790: Location [64 - 15]
Seed Range #791: Location [93 - 15]
Seed Range #792: Location [77 - 15]
Seed Range #793: Location [93 - 15]
Seed Range #794: Location [77 - 15]
Seed Range #795: Location [93 - 15]
Seed Range #796: Location [69 - 15]
Seed Range #797: Location [93 - 15]
Seed Range #798: Location [57 - 15]
Seed Range #799: Location [93 - 15]
Seed Range #800: Location [69 - 15]
Seed Range #801: Location [93 - 15]
Seed Range #802: Location [64 - 15]
Seed Range #803: Location [93 - 15]
Seed Range #804: Location [77 - 15]
Seed Range #805: Location [93 - 15]
Seed Range #806: Location [77 - 15]
Seed Range #807: Location [93 - 15]
Seed Range #808: Location [69 - 15]
Seed Range #809: Location [93 - 15]
Seed Range #810: Location [57 - 15]
Seed Range #811: Location [93 - 15]
Seed Range #812: Location [69 - 15]
Seed Range #813: Location [93 - 15]
Seed Range #814: Location [64 - 15]
Seed Range #815: Location [93 - 15]
Seed Range #816: Location [77 - 7]
Seed Range #817: Location [93 - 7]
Seed Range #818: Location [77 - 7]
Seed Range #819: Location [93 - 7]
Seed Range #820: Location [69 - 7]
Seed Range #821: Location [93 - 7]
Seed Range #822: Location [57 - 7]
Seed Range #823: Location [93 - 7]
Seed Range #824: Location [69 - 7]
Seed Range #825: Location [93 - 7]
Seed Range #826: Location [64 - 7]
Seed Range #827: Location [93 - 7]
Seed Range #828: Location [77 - 7]
Seed Range #829: Location [93 - 7]
Seed Range #830: Location [77 - 7]
Seed Range #831: Location [93 - 7]
Seed Range #832: Location [69 - 7]
Seed Range #833: Location [93 - 7]
Seed Range #834: Location [57 - 7]
Seed Range #835: Location [93 - 7]
Seed Range #836: Location [69 - 7]
Seed Range #837: Location [93 - 7]
Seed Range #838: Location [64 - 7]
Seed Range #839: Location [93 - 7]
Seed Range #840: Location [77 - 11]
Seed Range #841: Location [93 - 11]
Seed Range #842: Location [77 - 11]
Seed Range #843: Location [93 - 11]
Seed Range #844: Location [69 - 11]
Seed Range #845: Location [93 - 11]
Seed Range #846: Location [57 - 11]
Seed Range #847: Location [93 - 11]
Seed Range #848: Location [69 - 11]
Seed Range #849: Location [93 - 11]
Seed Range #850: Location [64 - 11]
Seed Range #851: Location [93 - 11]
Seed Range #852: Location [77 - 11]
Seed Range #853: Location [93 - 11]
Seed Range #854: Location [77 - 11]
Seed Range #855: Location [93 - 11]
Seed Range #856: Location [69 - 11]
Seed Range #857: Location [93 - 11]
Seed Range #858: Location [57 - 11]
Seed Range #859: Location [93 - 11]
Seed Range #860: Location [69 - 11]
Seed Range #861: Location [93 - 11]
Seed Range #862: Location [64 - 11]
Seed Range #863: Location [93 - 11]
Seed Range #864: Location [98 - 25]
Seed Range #865: Location [98 - 25]
Seed Range #866: Location [98 - 25]
Seed Range #867: Location [98 - 25]
Seed Range #868: Location [98 - 25]
Seed Range #869: Location [98 - 25]
Seed Range #870: Location [98 - 25]
Seed Range #871: Location [98 - 25]
Seed Range #872: Location [98 - 25]
Seed Range #873: Location [98 - 25]
Seed Range #874: Location [98 - 25]
Seed Range #875: Location [98 - 25]
Seed Range #876: Location [98 - 52]
Seed Range #877: Location [98 - 52]
Seed Range #878: Location [98 - 52]
Seed Range #879: Location [98 - 52]
Seed Range #880: Location [98 - 52]
Seed Range #881: Location [98 - 52]
Seed Range #882: Location [98 - 52]
Seed Range #883: Location [98 - 52]
Seed Range #884: Location [98 - 52]
Seed Range #885: Location [98 - 52]
Seed Range #886: Location [98 - 52]
Seed Range #887: Location [98 - 52]
Seed Range #888: Location [98 - 25]
Seed Range #889: Location [98 - 25]
Seed Range #890: Location [98 - 25]
Seed Range #891: Location [98 - 25]
Seed Range #892: Location [98 - 25]
Seed Range #893: Location [98 - 25]
Seed Range #894: Location [98 - 25]
Seed Range #895: Location [98 - 25]
Seed Range #896: Location [98 - 25]
Seed Range #897: Location [98 - 25]
Seed Range #898: Location [98 - 25]
Seed Range #899: Location [98 - 25]
Seed Range #900: Location [98 - 52]
Seed Range #901: Location [98 - 52]
Seed Range #902: Location [98 - 52]
Seed Range #903: Location [98 - 52]
Seed Range #904: Location [98 - 52]
Seed Range #905: Location [98 - 52]
Seed Range #906: Location [98 - 52]
Seed Range #907: Location [98 - 52]
Seed Range #908: Location [98 - 52]
Seed Range #909: Location [98 - 52]
Seed Range #910: Location [98 - 52]
Seed Range #911: Location [98 - 52]
Seed Range #912: Location [98 - 7]
Seed Range #913: Location [98 - 7]
Seed Range #914: Location [98 - 7]
Seed Range #915: Location [98 - 7]
Seed Range #916: Location [98 - 7]
Seed Range #917: Location [98 - 7]
Seed Range #918: Location [98 - 7]
Seed Range #919: Location [98 - 7]
Seed Range #920: Location [98 - 7]
Seed Range #921: Location [98 - 7]
Seed Range #922: Location [98 - 7]
Seed Range #923: Location [98 - 7]
Seed Range #924: Location [98 - 7]
Seed Range #925: Location [98 - 7]
Seed Range #926: Location [98 - 7]
Seed Range #927: Location [98 - 7]
Seed Range #928: Location [98 - 7]
Seed Range #929: Location [98 - 7]
Seed Range #930: Location [98 - 7]
Seed Range #931: Location [98 - 7]
Seed Range #932: Location [98 - 7]
Seed Range #933: Location [98 - 7]
Seed Range #934: Location [98 - 7]
Seed Range #935: Location [98 - 7]
Seed Range #936: Location [98 - 11]
Seed Range #937: Location [98 - 11]
Seed Range #938: Location [98 - 11]
Seed Range #939: Location [98 - 11]
Seed Range #940: Location [98 - 11]
Seed Range #941: Location [98 - 11]
Seed Range #942: Location [98 - 11]
Seed Range #943: Location [98 - 11]
Seed Range #944: Location [98 - 11]
Seed Range #945: Location [98 - 11]
Seed Range #946: Location [98 - 11]
Seed Range #947: Location [98 - 11]
Seed Range #948: Location [98 - 11]
Seed Range #949: Location [98 - 11]
Seed Range #950: Location [98 - 11]
Seed Range #951: Location [98 - 11]
Seed Range #952: Location [98 - 11]
Seed Range #953: Location [98 - 11]
Seed Range #954: Location [98 - 11]
Seed Range #955: Location [98 - 11]
Seed Range #956: Location [98 - 11]
Seed Range #957: Location [98 - 11]
Seed Range #958: Location [98 - 11]
Seed Range #959: Location [98 - 11]
Seed Range #960: Location [98 - 25]
Seed Range #961: Location [98 - 25]
Seed Range #962: Location [98 - 25]
Seed Range #963: Location [98 - 25]
Seed Range #964: Location [98 - 25]
Seed Range #965: Location [98 - 25]
Seed Range #966: Location [98 - 25]
Seed Range #967: Location [98 - 25]
Seed Range #968: Location [98 - 25]
Seed Range #969: Location [98 - 25]
Seed Range #970: Location [98 - 25]
Seed Range #971: Location [98 - 25]
Seed Range #972: Location [98 - 54]
Seed Range #973: Location [98 - 54]
Seed Range #974: Location [98 - 54]
Seed Range #975: Location [98 - 54]
Seed Range #976: Location [98 - 54]
Seed Range #977: Location [98 - 54]
Seed Range #978: Location [98 - 54]
Seed Range #979: Location [98 - 54]
Seed Range #980: Location [98 - 54]
Seed Range #981: Location [98 - 54]
Seed Range #982: Location [98 - 54]
Seed Range #983: Location [98 - 54]
Seed Range #984: Location [98 - 25]
Seed Range #985: Location [98 - 25]
Seed Range #986: Location [98 - 25]
Seed Range #987: Location [98 - 25]
Seed Range #988: Location [98 - 25]
Seed Range #989: Location [98 - 25]
Seed Range #990: Location [98 - 25]
Seed Range #991: Location [98 - 25]
Seed Range #992: Location [98 - 25]
Seed Range #993: Location [98 - 25]
Seed Range #994: Location [98 - 25]
Seed Range #995: Location [98 - 25]
Seed Range #996: Location [98 - 53]
Seed Range #997: Location [98 - 53]
Seed Range #998: Location [98 - 53]
Seed Range #999: Location [98 - 53]
Seed Range #1000: Location [98 - 53]
Seed Range #1001: Location [98 - 53]
Seed Range #1002: Location [98 - 53]
Seed Range #1003: Location [98 - 53]
Seed Range #1004: Location [98 - 53]
Seed Range #1005: Location [98 - 53]
Seed Range #1006: Location [98 - 53]
Seed Range #1007: Location [98 - 53]
Seed Range #1008: Location [98 - 7]
Seed Range #1009: Location [98 - 7]
Seed Range #1010: Location [98 - 7]
Seed Range #1011: Location [98 - 7]
Seed Range #1012: Location [98 - 7]
Seed Range #1013: Location [98 - 7]
Seed Range #1014: Location [98 - 7]
Seed Range #1015: Location [98 - 7]
Seed Range #1016: Location [98 - 7]
Seed Range #1017: Location [98 - 7]
Seed Range #1018: Location [98 - 7]
Seed Range #1019: Location [98 - 7]
Seed Range #1020: Location [98 - 7]
Seed Range #1021: Location [98 - 7]
Seed Range #1022: Location [98 - 7]
Seed Range #1023: Location [98 - 7]
Seed Range #1024: Location [98 - 7]
Seed Range #1025: Location [98 - 7]
Seed Range #1026: Location [98 - 7]
Seed Range #1027: Location [98 - 7]
Seed Range #1028: Location [98 - 7]
Seed Range #1029: Location [98 - 7]
Seed Range #1030: Location [98 - 7]
Seed Range #1031: Location [98 - 7]
Seed Range #1032: Location [98 - 11]
Seed Range #1033: Location [98 - 11]
Seed Range #1034: Location [98 - 11]
Seed Range #1035: Location [98 - 11]
Seed Range #1036: Location [98 - 11]
Seed Range #1037: Location [98 - 11]
Seed Range #1038: Location [98 - 11]
Seed Range #1039: Location [98 - 11]
Seed Range #1040: Location [98 - 11]
Seed Range #1041: Location [98 - 11]
Seed Range #1042: Location [98 - 11]
Seed Range #1043: Location [98 - 11]
Seed Range #1044: Location [98 - 11]
Seed Range #1045: Location [98 - 11]
Seed Range #1046: Location [98 - 11]
Seed Range #1047: Location [98 - 11]
Seed Range #1048: Location [98 - 11]
Seed Range #1049: Location [98 - 11]
Seed Range #1050: Location [98 - 11]
Seed Range #1051: Location [98 - 11]
Seed Range #1052: Location [98 - 11]
Seed Range #1053: Location [98 - 11]
Seed Range #1054: Location [98 - 11]
Seed Range #1055: Location [98 - 11]
Seed Range #1056: Location [98 - 15]
Seed Range #1057: Location [98 - 15]
Seed Range #1058: Location [98 - 15]
Seed Range #1059: Location [98 - 15]
Seed Range #1060: Location [98 - 15]
Seed Range #1061: Location [98 - 15]
Seed Range #1062: Location [98 - 15]
Seed Range #1063: Location [98 - 15]
Seed Range #1064: Location [98 - 15]
Seed Range #1065: Location [98 - 15]
Seed Range #1066: Location [98 - 15]
Seed Range #1067: Location [98 - 15]
Seed Range #1068: Location [98 - 15]
Seed Range #1069: Location [98 - 15]
Seed Range #1070: Location [98 - 15]
Seed Range #1071: Location [98 - 15]
Seed Range #1072: Location [98 - 15]
Seed Range #1073: Location [98 - 15]
Seed Range #1074: Location [98 - 15]
Seed Range #1075: Location [98 - 15]
Seed Range #1076: Location [98 - 15]
Seed Range #1077: Location [98 - 15]
Seed Range #1078: Location [98 - 15]
Seed Range #1079: Location [98 - 15]
Seed Range #1080: Location [98 - 15]
Seed Range #1081: Location [98 - 15]
Seed Range #1082: Location [98 - 15]
Seed Range #1083: Location [98 - 15]
Seed Range #1084: Location [98 - 15]
Seed Range #1085: Location [98 - 15]
Seed Range #1086: Location [98 - 15]
Seed Range #1087: Location [98 - 15]
Seed Range #1088: Location [98 - 15]
Seed Range #1089: Location [98 - 15]
Seed Range #1090: Location [98 - 15]
Seed Range #1091: Location [98 - 15]
Seed Range #1092: Location [98 - 15]
Seed Range #1093: Location [98 - 15]
Seed Range #1094: Location [98 - 15]
Seed Range #1095: Location [98 - 15]
Seed Range #1096: Location [98 - 15]
Seed Range #1097: Location [98 - 15]
Seed Range #1098: Location [98 - 15]
Seed Range #1099: Location [98 - 15]
Seed Range #1100: Location [98 - 15]
Seed Range #1101: Location [98 - 15]
Seed Range #1102: Location [98 - 15]
Seed Range #1103: Location [98 - 15]
Seed Range #1104: Location [98 - 7]
Seed Range #1105: Location [98 - 7]
Seed Range #1106: Location [98 - 7]
Seed Range #1107: Location [98 - 7]
Seed Range #1108: Location [98 - 7]
Seed Range #1109: Location [98 - 7]
Seed Range #1110: Location [98 - 7]
Seed Range #1111: Location [98 - 7]
Seed Range #1112: Location [98 - 7]
Seed Range #1113: Location [98 - 7]
Seed Range #1114: Location [98 - 7]
Seed Range #1115: Location [98 - 7]
Seed Range #1116: Location [98 - 7]
Seed Range #1117: Location [98 - 7]
Seed Range #1118: Location [98 - 7]
Seed Range #1119: Location [98 - 7]
Seed Range #1120: Location [98 - 7]
Seed Range #1121: Location [98 - 7]
Seed Range #1122: Location [98 - 7]
Seed Range #1123: Location [98 - 7]
Seed Range #1124: Location [98 - 7]
Seed Range #1125: Location [98 - 7]
Seed Range #1126: Location [98 - 7]
Seed Range #1127: Location [98 - 7]
Seed Range #1128: Location [98 - 11]
Seed Range #1129: Location [98 - 11]
Seed Range #1130: Location [98 - 11]
Seed Range #1131: Location [98 - 11]
Seed Range #1132: Location [98 - 11]
Seed Range #1133: Location [98 - 11]
Seed Range #1134: Location [98 - 11]
Seed Range #1135: Location [98 - 11]
Seed Range #1136: Location [98 - 11]
Seed Range #1137: Location [98 - 11]
Seed Range #1138: Location [98 - 11]
Seed Range #1139: Location [98 - 11]
Seed Range #1140: Location [98 - 11]
Seed Range #1141: Location [98 - 11]
Seed Range #1142: Location [98 - 11]
Seed Range #1143: Location [98 - 11]
Seed Range #1144: Location [98 - 11]
Seed Range #1145: Location [98 - 11]
Seed Range #1146: Location [98 - 11]
Seed Range #1147: Location [98 - 11]
Seed Range #1148: Location [98 - 11]
Seed Range #1149: Location [98 - 11]
Seed Range #1150: Location [98 - 11]
Seed Range #1151: Location [98 - 11]
Lowest index: 582
Lowest location: 57

Total time: 1028ms

~=~=~=~=~=~=~=~=~=~<         END OF LOG         >~=~=~=~=~=~=~=~=~=~
