~=~=~=~=~=~=~=~=~=~< Advent of Code 2023: Day 5 >~=~=~=~=~=~=~=~=~=~
-------------------<  12-05-2023; 15-59-53-383  >-------------------


-------------------<          PART TWO          >-------------------
Seed Map: {0=[79 - 92], 2=[55 - 67]}
Day5$SeedMap@5a2e4553
Day5$SeedMap@28c97a5
Day5$SeedMap@6659c656
Day5$SeedMap@6d5380c2
Day5$SeedMap@45ff54e6
Day5$SeedMap@2328c243
Day5$SeedMap@bebdb06
Map iteration 0: {0=[79 - 92], 2=[55 - 67], 3=[81 - 94], 4=[79 - 98], 5=[57 - 69], 6=[55 - 98]}
Map iteration 1: {0=[79 - 92], 2=[55 - 67], 3=[81 - 94], 4=[79 - 98], 5=[57 - 69], 6=[55 - 98]}
Map iteration 2: {0=[79 - 92], 2=[55 - 67], 3=[81 - 94], 4=[79 - 98], 5=[57 - 69], 6=[55 - 98], 7=[51 - 57], 8=[11 - 67], 9=[53 - 57], 10=[11 - 69], 11=[51 - 57], 12=[11 - 98]}
Map iteration 3: {0=[79 - 92], 2=[55 - 67], 3=[81 - 94], 4=[79 - 98], 5=[57 - 69], 6=[55 - 98], 7=[51 - 57], 8=[11 - 67], 9=[53 - 57], 10=[11 - 69], 11=[51 - 57], 12=[11 - 98], 13=[72 - 85], 14=[48 - 60], 15=[74 - 87], 16=[72 - 88], 17=[95 - 98], 18=[50 - 62], 19=[48 - 88], 20=[95 - 98], 21=[44 - 50], 22=[88 - 95], 23=[18 - 60], 24=[11 - 18], 25=[46 - 50], 26=[88 - 95], 27=[18 - 62], 28=[11 - 18], 29=[44 - 50], 30=[88 - 95], 31=[18 - 88], 32=[11 - 18], 33=[95 - 98]}
Map iteration 4: {0=[79 - 92], 2=[55 - 67], 3=[81 - 94], 4=[79 - 98], 5=[57 - 69], 6=[55 - 98], 7=[51 - 57], 8=[11 - 67], 9=[53 - 57], 10=[11 - 69], 11=[51 - 57], 12=[11 - 98], 13=[72 - 85], 14=[48 - 60], 15=[74 - 87], 16=[72 - 88], 17=[95 - 98], 18=[50 - 62], 19=[48 - 88], 20=[95 - 98], 21=[44 - 50], 22=[88 - 95], 23=[18 - 60], 24=[11 - 18], 25=[46 - 50], 26=[88 - 95], 27=[18 - 62], 28=[11 - 18], 29=[44 - 50], 30=[88 - 95], 31=[18 - 88], 32=[11 - 18], 33=[95 - 98], 34=[47 - 60], 35=[77 - 92], 36=[91 - 100], 37=[68 - 71], 38=[55 - 77], 39=[49 - 62], 40=[77 - 94], 41=[47 - 66], 42=[77 - 98], 43=[93 - 100], 44=[68 - 73], 45=[57 - 77], 46=[45 - 66], 47=[91 - 100], 48=[68 - 81], 49=[55 - 77], 50=[77 - 98], 51=[87 - 93], 52=[51 - 77], 53=[81 - 100], 54=[68 - 71], 55=[11 - 77], 56=[89 - 93], 57=[53 - 77], 58=[81 - 100], 59=[68 - 73], 60=[11 - 77], 61=[87 - 93], 62=[51 - 77], 63=[45 - 66], 64=[81 - 100], 65=[68 - 81], 66=[11 - 77], 67=[77 - 98], 68=[45 - 53], 69=[76 - 81], 70=[72 - 77], 71=[77 - 85], 72=[84 - 96], 73=[48 - 77], 74=[45 - 55], 75=[78 - 81], 76=[74 - 77], 77=[77 - 87], 78=[45 - 56], 79=[76 - 81], 80=[72 - 77], 81=[77 - 88], 82=[63 - 66], 83=[77 - 98], 84=[86 - 98], 85=[50 - 77], 86=[45 - 56], 87=[84 - 100], 88=[68 - 81], 89=[48 - 77], 90=[77 - 88], 91=[63 - 66], 92=[77 - 98], 93=[81 - 86], 94=[44 - 77], 95=[56 - 63], 96=[77 - 95], 97=[81 - 96], 98=[18 - 77], 99=[82 - 86], 100=[46 - 77], 101=[56 - 63], 102=[77 - 95], 103=[81 - 98], 104=[18 - 77], 105=[81 - 86], 106=[44 - 77], 107=[56 - 63], 108=[77 - 95], 109=[45 - 56], 110=[81 - 100], 111=[68 - 81], 112=[18 - 77], 113=[77 - 88], 114=[63 - 66], 115=[77 - 98]}
Map iteration 5: {0=[79 - 92], 2=[55 - 67], 3=[81 - 94], 4=[79 - 98], 5=[57 - 69], 6=[55 - 98], 7=[51 - 57], 8=[11 - 67], 9=[53 - 57], 10=[11 - 69], 11=[51 - 57], 12=[11 - 98], 13=[72 - 85], 14=[48 - 60], 15=[74 - 87], 16=[72 - 88], 17=[95 - 98], 18=[50 - 62], 19=[48 - 88], 20=[95 - 98], 21=[44 - 50], 22=[88 - 95], 23=[18 - 60], 24=[11 - 18], 25=[46 - 50], 26=[88 - 95], 27=[18 - 62], 28=[11 - 18], 29=[44 - 50], 30=[88 - 95], 31=[18 - 88], 32=[11 - 18], 33=[95 - 98], 34=[47 - 60], 35=[77 - 92], 36=[91 - 100], 37=[68 - 71], 38=[55 - 77], 39=[49 - 62], 40=[77 - 94], 41=[47 - 66], 42=[77 - 98], 43=[93 - 100], 44=[68 - 73], 45=[57 - 77], 46=[45 - 66], 47=[91 - 100], 48=[68 - 81], 49=[55 - 77], 50=[77 - 98], 51=[87 - 93], 52=[51 - 77], 53=[81 - 100], 54=[68 - 71], 55=[11 - 77], 56=[89 - 93], 57=[53 - 77], 58=[81 - 100], 59=[68 - 73], 60=[11 - 77], 61=[87 - 93], 62=[51 - 77], 63=[45 - 66], 64=[81 - 100], 65=[68 - 81], 66=[11 - 77], 67=[77 - 98], 68=[45 - 53], 69=[76 - 81], 70=[72 - 77], 71=[77 - 85], 72=[84 - 96], 73=[48 - 77], 74=[45 - 55], 75=[78 - 81], 76=[74 - 77], 77=[77 - 87], 78=[45 - 56], 79=[76 - 81], 80=[72 - 77], 81=[77 - 88], 82=[63 - 66], 83=[77 - 98], 84=[86 - 98], 85=[50 - 77], 86=[45 - 56], 87=[84 - 100], 88=[68 - 81], 89=[48 - 77], 90=[77 - 88], 91=[63 - 66], 92=[77 - 98], 93=[81 - 86], 94=[44 - 77], 95=[56 - 63], 96=[77 - 95], 97=[81 - 96], 98=[18 - 77], 99=[82 - 86], 100=[46 - 77], 101=[56 - 63], 102=[77 - 95], 103=[81 - 98], 104=[18 - 77], 105=[81 - 86], 106=[44 - 77], 107=[56 - 63], 108=[77 - 95], 109=[45 - 56], 110=[81 - 100], 111=[68 - 81], 112=[18 - 77], 113=[77 - 88], 114=[63 - 66], 115=[77 - 98], 116=[56 - 68], 117=[55 - 69], 118=[0 - 0], 119=[58 - 70], 120=[57 - 69], 121=[0 - 1], 122=[56 - 70], 123=[55 - 69], 124=[69 - 98], 125=[52 - 58], 126=[51 - 69], 127=[12 - 68], 128=[11 - 69], 129=[54 - 58], 130=[53 - 69], 131=[0 - 0], 132=[12 - 70], 133=[11 - 69], 134=[52 - 58], 135=[51 - 69], 136=[0 - 1], 137=[12 - 70], 138=[11 - 69], 139=[69 - 98], 140=[49 - 61], 141=[48 - 69], 142=[51 - 63], 143=[50 - 69], 144=[0 - 1], 145=[49 - 70], 146=[48 - 69], 147=[69 - 88], 148=[45 - 51], 149=[44 - 69], 150=[19 - 61], 151=[18 - 69], 152=[12 - 19], 153=[11 - 69], 154=[47 - 51], 155=[46 - 69], 156=[19 - 63], 157=[18 - 69], 158=[12 - 19], 159=[11 - 69], 160=[45 - 51], 161=[44 - 69], 162=[0 - 1], 163=[19 - 70], 164=[18 - 69], 165=[69 - 88], 166=[12 - 19], 167=[11 - 69], 168=[48 - 61], 169=[47 - 69], 170=[0 - 1], 171=[69 - 70], 172=[68 - 69], 173=[69 - 71], 174=[0 - 1], 175=[56 - 70], 176=[55 - 69], 177=[69 - 77], 178=[50 - 63], 179=[49 - 69], 180=[48 - 67], 181=[47 - 69], 182=[0 - 1], 183=[69 - 70], 184=[68 - 69], 185=[69 - 73], 186=[0 - 1], 187=[58 - 70], 188=[57 - 69], 189=[69 - 77], 190=[46 - 67], 191=[45 - 69], 192=[0 - 1], 193=[69 - 70], 194=[68 - 69], 195=[69 - 81], 196=[0 - 1], 197=[56 - 70], 198=[55 - 69], 199=[69 - 77], 200=[0 - 1], 201=[52 - 70], 202=[51 - 69], 203=[69 - 77], 204=[0 - 1], 205=[69 - 70], 206=[68 - 69], 207=[69 - 71], 208=[0 - 1], 209=[12 - 70], 210=[11 - 69], 211=[69 - 77], 212=[0 - 1], 213=[54 - 70], 214=[53 - 69], 215=[69 - 77], 216=[0 - 1], 217=[69 - 70], 218=[68 - 69], 219=[69 - 73], 220=[0 - 1], 221=[12 - 70], 222=[11 - 69], 223=[69 - 77], 224=[0 - 1], 225=[52 - 70], 226=[51 - 69], 227=[69 - 77], 228=[46 - 67], 229=[45 - 69], 230=[0 - 1], 231=[69 - 70], 232=[68 - 69], 233=[69 - 81], 234=[0 - 1], 235=[12 - 70], 236=[11 - 69], 237=[69 - 77], 238=[46 - 54], 239=[45 - 69], 240=[0 - 1], 241=[49 - 70], 242=[48 - 69], 243=[69 - 77], 244=[46 - 56], 245=[45 - 69], 246=[46 - 57], 247=[45 - 69], 248=[64 - 67], 249=[63 - 69], 250=[0 - 1], 251=[51 - 70], 252=[50 - 69], 253=[69 - 77], 254=[46 - 57], 255=[45 - 69], 256=[0 - 1], 257=[69 - 70], 258=[68 - 69], 259=[69 - 81], 260=[0 - 1], 261=[49 - 70], 262=[48 - 69], 263=[69 - 77], 264=[64 - 67], 265=[63 - 69], 266=[0 - 1], 267=[45 - 70], 268=[44 - 69], 269=[69 - 77], 270=[57 - 64], 271=[56 - 69], 272=[0 - 1], 273=[19 - 70], 274=[18 - 69], 275=[69 - 77], 276=[0 - 1], 277=[47 - 70], 278=[46 - 69], 279=[69 - 77], 280=[57 - 64], 281=[56 - 69], 282=[0 - 1], 283=[19 - 70], 284=[18 - 69], 285=[69 - 77], 286=[0 - 1], 287=[45 - 70], 288=[44 - 69], 289=[69 - 77], 290=[57 - 64], 291=[56 - 69], 292=[46 - 57], 293=[45 - 69], 294=[0 - 1], 295=[69 - 70], 296=[68 - 69], 297=[69 - 81], 298=[0 - 1], 299=[19 - 70], 300=[18 - 69], 301=[69 - 77], 302=[64 - 67], 303=[63 - 69]}
Map iteration 6: {0=[79 - 92], 2=[55 - 67], 3=[81 - 94], 4=[79 - 98], 5=[57 - 69], 6=[55 - 98], 7=[51 - 57], 8=[11 - 67], 9=[53 - 57], 10=[11 - 69], 11=[51 - 57], 12=[11 - 98], 13=[72 - 85], 14=[48 - 60], 15=[74 - 87], 16=[72 - 88], 17=[95 - 98], 18=[50 - 62], 19=[48 - 88], 20=[95 - 98], 21=[44 - 50], 22=[88 - 95], 23=[18 - 60], 24=[11 - 18], 25=[46 - 50], 26=[88 - 95], 27=[18 - 62], 28=[11 - 18], 29=[44 - 50], 30=[88 - 95], 31=[18 - 88], 32=[11 - 18], 33=[95 - 98], 34=[47 - 60], 35=[77 - 92], 36=[91 - 100], 37=[68 - 71], 38=[55 - 77], 39=[49 - 62], 40=[77 - 94], 41=[47 - 66], 42=[77 - 98], 43=[93 - 100], 44=[68 - 73], 45=[57 - 77], 46=[45 - 66], 47=[91 - 100], 48=[68 - 81], 49=[55 - 77], 50=[77 - 98], 51=[87 - 93], 52=[51 - 77], 53=[81 - 100], 54=[68 - 71], 55=[11 - 77], 56=[89 - 93], 57=[53 - 77], 58=[81 - 100], 59=[68 - 73], 60=[11 - 77], 61=[87 - 93], 62=[51 - 77], 63=[45 - 66], 64=[81 - 100], 65=[68 - 81], 66=[11 - 77], 67=[77 - 98], 68=[45 - 53], 69=[76 - 81], 70=[72 - 77], 71=[77 - 85], 72=[84 - 96], 73=[48 - 77], 74=[45 - 55], 75=[78 - 81], 76=[74 - 77], 77=[77 - 87], 78=[45 - 56], 79=[76 - 81], 80=[72 - 77], 81=[77 - 88], 82=[63 - 66], 83=[77 - 98], 84=[86 - 98], 85=[50 - 77], 86=[45 - 56], 87=[84 - 100], 88=[68 - 81], 89=[48 - 77], 90=[77 - 88], 91=[63 - 66], 92=[77 - 98], 93=[81 - 86], 94=[44 - 77], 95=[56 - 63], 96=[77 - 95], 97=[81 - 96], 98=[18 - 77], 99=[82 - 86], 100=[46 - 77], 101=[56 - 63], 102=[77 - 95], 103=[81 - 98], 104=[18 - 77], 105=[81 - 86], 106=[44 - 77], 107=[56 - 63], 108=[77 - 95], 109=[45 - 56], 110=[81 - 100], 111=[68 - 81], 112=[18 - 77], 113=[77 - 88], 114=[63 - 66], 115=[77 - 98], 116=[56 - 68], 117=[55 - 69], 118=[0 - 0], 119=[58 - 70], 120=[57 - 69], 121=[0 - 1], 122=[56 - 70], 123=[55 - 69], 124=[69 - 98], 125=[52 - 58], 126=[51 - 69], 127=[12 - 68], 128=[11 - 69], 129=[54 - 58], 130=[53 - 69], 131=[0 - 0], 132=[12 - 70], 133=[11 - 69], 134=[52 - 58], 135=[51 - 69], 136=[0 - 1], 137=[12 - 70], 138=[11 - 69], 139=[69 - 98], 140=[49 - 61], 141=[48 - 69], 142=[51 - 63], 143=[50 - 69], 144=[0 - 1], 145=[49 - 70], 146=[48 - 69], 147=[69 - 88], 148=[45 - 51], 149=[44 - 69], 150=[19 - 61], 151=[18 - 69], 152=[12 - 19], 153=[11 - 69], 154=[47 - 51], 155=[46 - 69], 156=[19 - 63], 157=[18 - 69], 158=[12 - 19], 159=[11 - 69], 160=[45 - 51], 161=[44 - 69], 162=[0 - 1], 163=[19 - 70], 164=[18 - 69], 165=[69 - 88], 166=[12 - 19], 167=[11 - 69], 168=[48 - 61], 169=[47 - 69], 170=[0 - 1], 171=[69 - 70], 172=[68 - 69], 173=[69 - 71], 174=[0 - 1], 175=[56 - 70], 176=[55 - 69], 177=[69 - 77], 178=[50 - 63], 179=[49 - 69], 180=[48 - 67], 181=[47 - 69], 182=[0 - 1], 183=[69 - 70], 184=[68 - 69], 185=[69 - 73], 186=[0 - 1], 187=[58 - 70], 188=[57 - 69], 189=[69 - 77], 190=[46 - 67], 191=[45 - 69], 192=[0 - 1], 193=[69 - 70], 194=[68 - 69], 195=[69 - 81], 196=[0 - 1], 197=[56 - 70], 198=[55 - 69], 199=[69 - 77], 200=[0 - 1], 201=[52 - 70], 202=[51 - 69], 203=[69 - 77], 204=[0 - 1], 205=[69 - 70], 206=[68 - 69], 207=[69 - 71], 208=[0 - 1], 209=[12 - 70], 210=[11 - 69], 211=[69 - 77], 212=[0 - 1], 213=[54 - 70], 214=[53 - 69], 215=[69 - 77], 216=[0 - 1], 217=[69 - 70], 218=[68 - 69], 219=[69 - 73], 220=[0 - 1], 221=[12 - 70], 222=[11 - 69], 223=[69 - 77], 224=[0 - 1], 225=[52 - 70], 226=[51 - 69], 227=[69 - 77], 228=[46 - 67], 229=[45 - 69], 230=[0 - 1], 231=[69 - 70], 232=[68 - 69], 233=[69 - 81], 234=[0 - 1], 235=[12 - 70], 236=[11 - 69], 237=[69 - 77], 238=[46 - 54], 239=[45 - 69], 240=[0 - 1], 241=[49 - 70], 242=[48 - 69], 243=[69 - 77], 244=[46 - 56], 245=[45 - 69], 246=[46 - 57], 247=[45 - 69], 248=[64 - 67], 249=[63 - 69], 250=[0 - 1], 251=[51 - 70], 252=[50 - 69], 253=[69 - 77], 254=[46 - 57], 255=[45 - 69], 256=[0 - 1], 257=[69 - 70], 258=[68 - 69], 259=[69 - 81], 260=[0 - 1], 261=[49 - 70], 262=[48 - 69], 263=[69 - 77], 264=[64 - 67], 265=[63 - 69], 266=[0 - 1], 267=[45 - 70], 268=[44 - 69], 269=[69 - 77], 270=[57 - 64], 271=[56 - 69], 272=[0 - 1], 273=[19 - 70], 274=[18 - 69], 275=[69 - 77], 276=[0 - 1], 277=[47 - 70], 278=[46 - 69], 279=[69 - 77], 280=[57 - 64], 281=[56 - 69], 282=[0 - 1], 283=[19 - 70], 284=[18 - 69], 285=[69 - 77], 286=[0 - 1], 287=[45 - 70], 288=[44 - 69], 289=[69 - 77], 290=[57 - 64], 291=[56 - 69], 292=[46 - 57], 293=[45 - 69], 294=[0 - 1], 295=[69 - 70], 296=[68 - 69], 297=[69 - 81], 298=[0 - 1], 299=[19 - 70], 300=[18 - 69], 301=[69 - 77], 302=[64 - 67], 303=[63 - 69], 304=[83 - 96], 305=[60 - 71], 306=[55 - 56], 307=[85 - 97], 308=[56 - 57], 309=[83 - 97], 310=[56 - 60], 311=[97 - 98], 312=[61 - 73], 313=[60 - 97], 314=[56 - 60], 315=[55 - 56], 316=[97 - 98], 317=[60 - 61], 318=[51 - 56], 319=[60 - 71], 320=[11 - 56], 321=[60 - 61], 322=[53 - 56], 323=[60 - 73], 324=[11 - 56], 325=[60 - 61], 326=[51 - 56], 327=[60 - 97], 328=[56 - 60], 329=[11 - 56], 330=[97 - 98], 331=[76 - 89], 332=[60 - 64], 333=[48 - 56], 334=[78 - 91], 335=[76 - 92], 336=[58 - 60], 337=[97 - 98], 338=[60 - 66], 339=[50 - 56], 340=[60 - 92], 341=[48 - 56], 342=[58 - 60], 343=[97 - 98], 344=[92 - 97], 345=[56 - 58], 346=[60 - 64], 347=[18 - 56], 348=[92 - 97], 349=[56 - 58], 350=[60 - 66], 351=[18 - 56], 352=[92 - 97], 353=[56 - 58], 354=[60 - 92], 355=[18 - 56], 356=[58 - 60], 357=[97 - 98], 358=[60 - 64], 359=[47 - 56], 360=[81 - 96], 361=[95 - 97], 362=[56 - 60], 363=[97 - 100], 364=[72 - 75], 365=[60 - 81], 366=[55 - 56], 367=[60 - 66], 368=[49 - 56], 369=[81 - 97], 370=[56 - 57], 371=[60 - 70], 372=[47 - 56], 373=[81 - 97], 374=[56 - 60], 375=[97 - 98], 376=[97 - 97], 377=[56 - 60], 378=[97 - 100], 379=[72 - 77], 380=[61 - 81], 381=[60 - 70], 382=[45 - 56], 383=[95 - 97], 384=[56 - 60], 385=[97 - 100], 386=[72 - 85], 387=[60 - 81], 388=[55 - 56], 389=[81 - 97], 390=[56 - 60], 391=[97 - 98], 392=[91 - 97], 393=[56 - 56], 394=[60 - 81], 395=[51 - 56], 396=[85 - 97], 397=[56 - 60], 398=[97 - 100], 399=[72 - 75], 400=[60 - 81], 401=[11 - 56], 402=[93 - 97], 403=[56 - 56], 404=[60 - 81], 405=[53 - 56], 406=[85 - 97], 407=[56 - 60], 408=[97 - 100], 409=[72 - 77], 410=[60 - 81], 411=[11 - 56], 412=[91 - 97], 413=[56 - 56], 414=[60 - 81], 415=[51 - 56], 416=[60 - 70], 417=[45 - 56], 418=[85 - 97], 419=[56 - 60], 420=[97 - 100], 421=[72 - 85], 422=[60 - 81], 423=[11 - 56], 424=[81 - 97], 425=[56 - 60], 426=[97 - 98], 427=[80 - 85], 428=[76 - 81], 429=[81 - 89], 430=[88 - 97], 431=[56 - 59], 432=[60 - 81], 433=[48 - 56], 434=[82 - 85], 435=[78 - 81], 436=[81 - 91], 437=[60 - 60], 438=[45 - 56], 439=[80 - 85], 440=[76 - 81], 441=[81 - 92], 442=[67 - 70], 443=[81 - 97], 444=[56 - 60], 445=[97 - 98], 446=[90 - 97], 447=[56 - 60], 448=[97 - 98], 449=[60 - 81], 450=[50 - 56], 451=[60 - 60], 452=[45 - 56], 453=[88 - 97], 454=[56 - 60], 455=[97 - 100], 456=[72 - 85], 457=[60 - 81], 458=[48 - 56], 459=[81 - 92], 460=[67 - 70], 461=[81 - 97], 462=[56 - 60], 463=[97 - 98], 464=[85 - 90], 465=[60 - 81], 466=[44 - 56], 467=[60 - 67], 468=[81 - 97], 469=[56 - 58], 470=[85 - 97], 471=[56 - 59], 472=[60 - 81], 473=[18 - 56], 474=[86 - 90], 475=[60 - 81], 476=[46 - 56], 477=[60 - 67], 478=[81 - 97], 479=[56 - 58], 480=[85 - 97], 481=[56 - 60], 482=[97 - 98], 483=[60 - 81], 484=[18 - 56], 485=[85 - 90], 486=[60 - 81], 487=[44 - 56], 488=[60 - 67], 489=[81 - 97], 490=[56 - 58], 491=[60 - 60], 492=[45 - 56], 493=[85 - 97], 494=[56 - 60], 495=[97 - 100], 496=[72 - 85], 497=[60 - 81], 498=[18 - 56], 499=[81 - 92], 500=[67 - 70], 501=[81 - 97], 502=[56 - 60], 503=[97 - 98], 504=[60 - 72], 505=[60 - 73], 506=[55 - 56], 507=[62 - 74], 508=[61 - 73], 509=[60 - 74], 510=[60 - 73], 511=[55 - 56], 512=[73 - 97], 513=[56 - 60], 514=[97 - 98], 515=[60 - 62], 516=[52 - 56], 517=[60 - 73], 518=[51 - 56], 519=[60 - 72], 520=[12 - 56], 521=[60 - 73], 522=[11 - 56], 523=[60 - 62], 524=[54 - 56], 525=[60 - 73], 526=[53 - 56], 527=[60 - 74], 528=[12 - 56], 529=[60 - 73], 530=[11 - 56], 531=[60 - 62], 532=[52 - 56], 533=[60 - 73], 534=[51 - 56], 535=[60 - 74], 536=[12 - 56], 537=[60 - 73], 538=[11 - 56], 539=[73 - 97], 540=[56 - 60], 541=[97 - 98], 542=[60 - 65], 543=[49 - 56], 544=[60 - 73], 545=[48 - 56], 546=[60 - 67], 547=[51 - 56], 548=[60 - 73], 549=[50 - 56], 550=[60 - 74], 551=[49 - 56], 552=[60 - 73], 553=[48 - 56], 554=[73 - 92], 555=[60 - 73], 556=[44 - 56], 557=[60 - 65], 558=[19 - 56], 559=[60 - 73], 560=[18 - 56], 561=[60 - 73], 562=[11 - 56], 563=[60 - 73], 564=[46 - 56], 565=[60 - 67], 566=[19 - 56], 567=[60 - 73], 568=[18 - 56], 569=[60 - 73], 570=[11 - 56], 571=[60 - 73], 572=[44 - 56], 573=[60 - 74], 574=[19 - 56], 575=[60 - 73], 576=[18 - 56], 577=[73 - 92], 578=[60 - 73], 579=[11 - 56], 580=[60 - 65], 581=[48 - 56], 582=[60 - 73], 583=[47 - 56], 584=[73 - 74], 585=[72 - 73], 586=[73 - 75], 587=[60 - 74], 588=[60 - 73], 589=[55 - 56], 590=[73 - 81], 591=[60 - 67], 592=[50 - 56], 593=[60 - 73], 594=[49 - 56], 595=[60 - 71], 596=[48 - 56], 597=[60 - 73], 598=[47 - 56], 599=[73 - 74], 600=[72 - 73], 601=[73 - 77], 602=[62 - 74], 603=[61 - 73], 604=[73 - 81], 605=[60 - 71], 606=[46 - 56], 607=[60 - 73], 608=[45 - 56], 609=[73 - 74], 610=[72 - 73], 611=[73 - 85], 612=[60 - 74], 613=[60 - 73], 614=[55 - 56], 615=[73 - 81], 616=[60 - 74], 617=[52 - 56], 618=[60 - 73], 619=[51 - 56], 620=[73 - 81], 621=[73 - 74], 622=[72 - 73], 623=[73 - 75], 624=[60 - 74], 625=[12 - 56], 626=[60 - 73], 627=[11 - 56], 628=[73 - 81], 629=[60 - 74], 630=[54 - 56], 631=[60 - 73], 632=[53 - 56], 633=[73 - 81], 634=[73 - 74], 635=[72 - 73], 636=[73 - 77], 637=[60 - 74], 638=[12 - 56], 639=[60 - 73], 640=[11 - 56], 641=[73 - 81], 642=[60 - 74], 643=[52 - 56], 644=[60 - 73], 645=[51 - 56], 646=[73 - 81], 647=[60 - 71], 648=[46 - 56], 649=[60 - 73], 650=[45 - 56], 651=[73 - 74], 652=[72 - 73], 653=[73 - 85], 654=[60 - 74], 655=[12 - 56], 656=[60 - 73], 657=[11 - 56], 658=[73 - 81], 659=[60 - 73], 660=[45 - 56], 661=[60 - 74], 662=[49 - 56], 663=[60 - 73], 664=[48 - 56], 665=[73 - 81], 666=[60 - 60], 667=[46 - 56], 668=[60 - 73], 669=[45 - 56], 670=[60 - 61], 671=[46 - 56], 672=[60 - 73], 673=[45 - 56], 674=[68 - 71], 675=[67 - 73], 676=[60 - 74], 677=[51 - 56], 678=[60 - 73], 679=[50 - 56], 680=[73 - 81], 681=[60 - 61], 682=[46 - 56], 683=[60 - 73], 684=[45 - 56], 685=[73 - 74], 686=[72 - 73], 687=[73 - 85], 688=[60 - 74], 689=[49 - 56], 690=[60 - 73], 691=[48 - 56], 692=[73 - 81], 693=[68 - 71], 694=[67 - 73], 695=[60 - 74], 696=[45 - 56], 697=[60 - 73], 698=[44 - 56], 699=[73 - 81], 700=[61 - 68], 701=[60 - 73], 702=[60 - 74], 703=[19 - 56], 704=[60 - 73], 705=[18 - 56], 706=[73 - 81], 707=[60 - 74], 708=[47 - 56], 709=[60 - 73], 710=[46 - 56], 711=[73 - 81], 712=[61 - 68], 713=[60 - 73], 714=[60 - 74], 715=[19 - 56], 716=[60 - 73], 717=[18 - 56], 718=[73 - 81], 719=[60 - 74], 720=[45 - 56], 721=[60 - 73], 722=[44 - 56], 723=[73 - 81], 724=[61 - 68], 725=[60 - 73], 726=[60 - 61], 727=[46 - 56], 728=[60 - 73], 729=[45 - 56], 730=[73 - 74], 731=[72 - 73], 732=[73 - 85], 733=[60 - 74], 734=[19 - 56], 735=[60 - 73], 736=[18 - 56], 737=[73 - 81], 738=[68 - 71], 739=[67 - 73]}
Seed Range #0: Location [79 - 92]
Seed Range #2: Location [55 - 67]
Seed Range #3: Location [81 - 94]
Seed Range #4: Location [79 - 98]
Seed Range #5: Location [57 - 69]
Seed Range #6: Location [55 - 98]
Seed Range #7: Location [51 - 57]
Seed Range #8: Location [11 - 67]
Seed Range #9: Location [53 - 57]
Seed Range #10: Location [11 - 69]
Seed Range #11: Location [51 - 57]
Seed Range #12: Location [11 - 98]
Seed Range #13: Location [72 - 85]
Seed Range #14: Location [48 - 60]
Seed Range #15: Location [74 - 87]
Seed Range #16: Location [72 - 88]
Seed Range #17: Location [95 - 98]
Seed Range #18: Location [50 - 62]
Seed Range #19: Location [48 - 88]
Seed Range #20: Location [95 - 98]
Seed Range #21: Location [44 - 50]
Seed Range #22: Location [88 - 95]
Seed Range #23: Location [18 - 60]
Seed Range #24: Location [11 - 18]
Seed Range #25: Location [46 - 50]
Seed Range #26: Location [88 - 95]
Seed Range #27: Location [18 - 62]
Seed Range #28: Location [11 - 18]
Seed Range #29: Location [44 - 50]
Seed Range #30: Location [88 - 95]
Seed Range #31: Location [18 - 88]
Seed Range #32: Location [11 - 18]
Seed Range #33: Location [95 - 98]
Seed Range #34: Location [47 - 60]
Seed Range #35: Location [77 - 92]
Seed Range #36: Location [91 - 100]
Seed Range #37: Location [68 - 71]
Seed Range #38: Location [55 - 77]
Seed Range #39: Location [49 - 62]
Seed Range #40: Location [77 - 94]
Seed Range #41: Location [47 - 66]
Seed Range #42: Location [77 - 98]
Seed Range #43: Location [93 - 100]
Seed Range #44: Location [68 - 73]
Seed Range #45: Location [57 - 77]
Seed Range #46: Location [45 - 66]
Seed Range #47: Location [91 - 100]
Seed Range #48: Location [68 - 81]
Seed Range #49: Location [55 - 77]
Seed Range #50: Location [77 - 98]
Seed Range #51: Location [87 - 93]
Seed Range #52: Location [51 - 77]
Seed Range #53: Location [81 - 100]
Seed Range #54: Location [68 - 71]
Seed Range #55: Location [11 - 77]
Seed Range #56: Location [89 - 93]
Seed Range #57: Location [53 - 77]
Seed Range #58: Location [81 - 100]
Seed Range #59: Location [68 - 73]
Seed Range #60: Location [11 - 77]
Seed Range #61: Location [87 - 93]
Seed Range #62: Location [51 - 77]
Seed Range #63: Location [45 - 66]
Seed Range #64: Location [81 - 100]
Seed Range #65: Location [68 - 81]
Seed Range #66: Location [11 - 77]
Seed Range #67: Location [77 - 98]
Seed Range #68: Location [45 - 53]
Seed Range #69: Location [76 - 81]
Seed Range #70: Location [72 - 77]
Seed Range #71: Location [77 - 85]
Seed Range #72: Location [84 - 96]
Seed Range #73: Location [48 - 77]
Seed Range #74: Location [45 - 55]
Seed Range #75: Location [78 - 81]
Seed Range #76: Location [74 - 77]
Seed Range #77: Location [77 - 87]
Seed Range #78: Location [45 - 56]
Seed Range #79: Location [76 - 81]
Seed Range #80: Location [72 - 77]
Seed Range #81: Location [77 - 88]
Seed Range #82: Location [63 - 66]
Seed Range #83: Location [77 - 98]
Seed Range #84: Location [86 - 98]
Seed Range #85: Location [50 - 77]
Seed Range #86: Location [45 - 56]
Seed Range #87: Location [84 - 100]
Seed Range #88: Location [68 - 81]
Seed Range #89: Location [48 - 77]
Seed Range #90: Location [77 - 88]
Seed Range #91: Location [63 - 66]
Seed Range #92: Location [77 - 98]
Seed Range #93: Location [81 - 86]
Seed Range #94: Location [44 - 77]
Seed Range #95: Location [56 - 63]
Seed Range #96: Location [77 - 95]
Seed Range #97: Location [81 - 96]
Seed Range #98: Location [18 - 77]
Seed Range #99: Location [82 - 86]
Seed Range #100: Location [46 - 77]
Seed Range #101: Location [56 - 63]
Seed Range #102: Location [77 - 95]
Seed Range #103: Location [81 - 98]
Seed Range #104: Location [18 - 77]
Seed Range #105: Location [81 - 86]
Seed Range #106: Location [44 - 77]
Seed Range #107: Location [56 - 63]
Seed Range #108: Location [77 - 95]
Seed Range #109: Location [45 - 56]
Seed Range #110: Location [81 - 100]
Seed Range #111: Location [68 - 81]
Seed Range #112: Location [18 - 77]
Seed Range #113: Location [77 - 88]
Seed Range #114: Location [63 - 66]
Seed Range #115: Location [77 - 98]
Seed Range #116: Location [56 - 68]
Seed Range #117: Location [55 - 69]
Seed Range #118: Location [0 - 0]
Seed Range #119: Location [58 - 70]
Seed Range #120: Location [57 - 69]
Seed Range #121: Location [0 - 1]
Seed Range #122: Location [56 - 70]
Seed Range #123: Location [55 - 69]
Seed Range #124: Location [69 - 98]
Seed Range #125: Location [52 - 58]
Seed Range #126: Location [51 - 69]
Seed Range #127: Location [12 - 68]
Seed Range #128: Location [11 - 69]
Seed Range #129: Location [54 - 58]
Seed Range #130: Location [53 - 69]
Seed Range #131: Location [0 - 0]
Seed Range #132: Location [12 - 70]
Seed Range #133: Location [11 - 69]
Seed Range #134: Location [52 - 58]
Seed Range #135: Location [51 - 69]
Seed Range #136: Location [0 - 1]
Seed Range #137: Location [12 - 70]
Seed Range #138: Location [11 - 69]
Seed Range #139: Location [69 - 98]
Seed Range #140: Location [49 - 61]
Seed Range #141: Location [48 - 69]
Seed Range #142: Location [51 - 63]
Seed Range #143: Location [50 - 69]
Seed Range #144: Location [0 - 1]
Seed Range #145: Location [49 - 70]
Seed Range #146: Location [48 - 69]
Seed Range #147: Location [69 - 88]
Seed Range #148: Location [45 - 51]
Seed Range #149: Location [44 - 69]
Seed Range #150: Location [19 - 61]
Seed Range #151: Location [18 - 69]
Seed Range #152: Location [12 - 19]
Seed Range #153: Location [11 - 69]
Seed Range #154: Location [47 - 51]
Seed Range #155: Location [46 - 69]
Seed Range #156: Location [19 - 63]
Seed Range #157: Location [18 - 69]
Seed Range #158: Location [12 - 19]
Seed Range #159: Location [11 - 69]
Seed Range #160: Location [45 - 51]
Seed Range #161: Location [44 - 69]
Seed Range #162: Location [0 - 1]
Seed Range #163: Location [19 - 70]
Seed Range #164: Location [18 - 69]
Seed Range #165: Location [69 - 88]
Seed Range #166: Location [12 - 19]
Seed Range #167: Location [11 - 69]
Seed Range #168: Location [48 - 61]
Seed Range #169: Location [47 - 69]
Seed Range #170: Location [0 - 1]
Seed Range #171: Location [69 - 70]
Seed Range #172: Location [68 - 69]
Seed Range #173: Location [69 - 71]
Seed Range #174: Location [0 - 1]
Seed Range #175: Location [56 - 70]
Seed Range #176: Location [55 - 69]
Seed Range #177: Location [69 - 77]
Seed Range #178: Location [50 - 63]
Seed Range #179: Location [49 - 69]
Seed Range #180: Location [48 - 67]
Seed Range #181: Location [47 - 69]
Seed Range #182: Location [0 - 1]
Seed Range #183: Location [69 - 70]
Seed Range #184: Location [68 - 69]
Seed Range #185: Location [69 - 73]
Seed Range #186: Location [0 - 1]
Seed Range #187: Location [58 - 70]
Seed Range #188: Location [57 - 69]
Seed Range #189: Location [69 - 77]
Seed Range #190: Location [46 - 67]
Seed Range #191: Location [45 - 69]
Seed Range #192: Location [0 - 1]
Seed Range #193: Location [69 - 70]
Seed Range #194: Location [68 - 69]
Seed Range #195: Location [69 - 81]
Seed Range #196: Location [0 - 1]
Seed Range #197: Location [56 - 70]
Seed Range #198: Location [55 - 69]
Seed Range #199: Location [69 - 77]
Seed Range #200: Location [0 - 1]
Seed Range #201: Location [52 - 70]
Seed Range #202: Location [51 - 69]
Seed Range #203: Location [69 - 77]
Seed Range #204: Location [0 - 1]
Seed Range #205: Location [69 - 70]
Seed Range #206: Location [68 - 69]
Seed Range #207: Location [69 - 71]
Seed Range #208: Location [0 - 1]
Seed Range #209: Location [12 - 70]
Seed Range #210: Location [11 - 69]
Seed Range #211: Location [69 - 77]
Seed Range #212: Location [0 - 1]
Seed Range #213: Location [54 - 70]
Seed Range #214: Location [53 - 69]
Seed Range #215: Location [69 - 77]
Seed Range #216: Location [0 - 1]
Seed Range #217: Location [69 - 70]
Seed Range #218: Location [68 - 69]
Seed Range #219: Location [69 - 73]
Seed Range #220: Location [0 - 1]
Seed Range #221: Location [12 - 70]
Seed Range #222: Location [11 - 69]
Seed Range #223: Location [69 - 77]
Seed Range #224: Location [0 - 1]
Seed Range #225: Location [52 - 70]
Seed Range #226: Location [51 - 69]
Seed Range #227: Location [69 - 77]
Seed Range #228: Location [46 - 67]
Seed Range #229: Location [45 - 69]
Seed Range #230: Location [0 - 1]
Seed Range #231: Location [69 - 70]
Seed Range #232: Location [68 - 69]
Seed Range #233: Location [69 - 81]
Seed Range #234: Location [0 - 1]
Seed Range #235: Location [12 - 70]
Seed Range #236: Location [11 - 69]
Seed Range #237: Location [69 - 77]
Seed Range #238: Location [46 - 54]
Seed Range #239: Location [45 - 69]
Seed Range #240: Location [0 - 1]
Seed Range #241: Location [49 - 70]
Seed Range #242: Location [48 - 69]
Seed Range #243: Location [69 - 77]
Seed Range #244: Location [46 - 56]
Seed Range #245: Location [45 - 69]
Seed Range #246: Location [46 - 57]
Seed Range #247: Location [45 - 69]
Seed Range #248: Location [64 - 67]
Seed Range #249: Location [63 - 69]
Seed Range #250: Location [0 - 1]
Seed Range #251: Location [51 - 70]
Seed Range #252: Location [50 - 69]
Seed Range #253: Location [69 - 77]
Seed Range #254: Location [46 - 57]
Seed Range #255: Location [45 - 69]
Seed Range #256: Location [0 - 1]
Seed Range #257: Location [69 - 70]
Seed Range #258: Location [68 - 69]
Seed Range #259: Location [69 - 81]
Seed Range #260: Location [0 - 1]
Seed Range #261: Location [49 - 70]
Seed Range #262: Location [48 - 69]
Seed Range #263: Location [69 - 77]
Seed Range #264: Location [64 - 67]
Seed Range #265: Location [63 - 69]
Seed Range #266: Location [0 - 1]
Seed Range #267: Location [45 - 70]
Seed Range #268: Location [44 - 69]
Seed Range #269: Location [69 - 77]
Seed Range #270: Location [57 - 64]
Seed Range #271: Location [56 - 69]
Seed Range #272: Location [0 - 1]
Seed Range #273: Location [19 - 70]
Seed Range #274: Location [18 - 69]
Seed Range #275: Location [69 - 77]
Seed Range #276: Location [0 - 1]
Seed Range #277: Location [47 - 70]
Seed Range #278: Location [46 - 69]
Seed Range #279: Location [69 - 77]
Seed Range #280: Location [57 - 64]
Seed Range #281: Location [56 - 69]
Seed Range #282: Location [0 - 1]
Seed Range #283: Location [19 - 70]
Seed Range #284: Location [18 - 69]
Seed Range #285: Location [69 - 77]
Seed Range #286: Location [0 - 1]
Seed Range #287: Location [45 - 70]
Seed Range #288: Location [44 - 69]
Seed Range #289: Location [69 - 77]
Seed Range #290: Location [57 - 64]
Seed Range #291: Location [56 - 69]
Seed Range #292: Location [46 - 57]
Seed Range #293: Location [45 - 69]
Seed Range #294: Location [0 - 1]
Seed Range #295: Location [69 - 70]
Seed Range #296: Location [68 - 69]
Seed Range #297: Location [69 - 81]
Seed Range #298: Location [0 - 1]
Seed Range #299: Location [19 - 70]
Seed Range #300: Location [18 - 69]
Seed Range #301: Location [69 - 77]
Seed Range #302: Location [64 - 67]
Seed Range #303: Location [63 - 69]
Seed Range #304: Location [83 - 96]
Seed Range #305: Location [60 - 71]
Seed Range #306: Location [55 - 56]
Seed Range #307: Location [85 - 97]
Seed Range #308: Location [56 - 57]
Seed Range #309: Location [83 - 97]
Seed Range #310: Location [56 - 60]
Seed Range #311: Location [97 - 98]
Seed Range #312: Location [61 - 73]
Seed Range #313: Location [60 - 97]
Seed Range #314: Location [56 - 60]
Seed Range #315: Location [55 - 56]
Seed Range #316: Location [97 - 98]
Seed Range #317: Location [60 - 61]
Seed Range #318: Location [51 - 56]
Seed Range #319: Location [60 - 71]
Seed Range #320: Location [11 - 56]
Seed Range #321: Location [60 - 61]
Seed Range #322: Location [53 - 56]
Seed Range #323: Location [60 - 73]
Seed Range #324: Location [11 - 56]
Seed Range #325: Location [60 - 61]
Seed Range #326: Location [51 - 56]
Seed Range #327: Location [60 - 97]
Seed Range #328: Location [56 - 60]
Seed Range #329: Location [11 - 56]
Seed Range #330: Location [97 - 98]
Seed Range #331: Location [76 - 89]
Seed Range #332: Location [60 - 64]
Seed Range #333: Location [48 - 56]
Seed Range #334: Location [78 - 91]
Seed Range #335: Location [76 - 92]
Seed Range #336: Location [58 - 60]
Seed Range #337: Location [97 - 98]
Seed Range #338: Location [60 - 66]
Seed Range #339: Location [50 - 56]
Seed Range #340: Location [60 - 92]
Seed Range #341: Location [48 - 56]
Seed Range #342: Location [58 - 60]
Seed Range #343: Location [97 - 98]
Seed Range #344: Location [92 - 97]
Seed Range #345: Location [56 - 58]
Seed Range #346: Location [60 - 64]
Seed Range #347: Location [18 - 56]
Seed Range #348: Location [92 - 97]
Seed Range #349: Location [56 - 58]
Seed Range #350: Location [60 - 66]
Seed Range #351: Location [18 - 56]
Seed Range #352: Location [92 - 97]
Seed Range #353: Location [56 - 58]
Seed Range #354: Location [60 - 92]
Seed Range #355: Location [18 - 56]
Seed Range #356: Location [58 - 60]
Seed Range #357: Location [97 - 98]
Seed Range #358: Location [60 - 64]
Seed Range #359: Location [47 - 56]
Seed Range #360: Location [81 - 96]
Seed Range #361: Location [95 - 97]
Seed Range #362: Location [56 - 60]
Seed Range #363: Location [97 - 100]
Seed Range #364: Location [72 - 75]
Seed Range #365: Location [60 - 81]
Seed Range #366: Location [55 - 56]
Seed Range #367: Location [60 - 66]
Seed Range #368: Location [49 - 56]
Seed Range #369: Location [81 - 97]
Seed Range #370: Location [56 - 57]
Seed Range #371: Location [60 - 70]
Seed Range #372: Location [47 - 56]
Seed Range #373: Location [81 - 97]
Seed Range #374: Location [56 - 60]
Seed Range #375: Location [97 - 98]
Seed Range #376: Location [97 - 97]
Seed Range #377: Location [56 - 60]
Seed Range #378: Location [97 - 100]
Seed Range #379: Location [72 - 77]
Seed Range #380: Location [61 - 81]
Seed Range #381: Location [60 - 70]
Seed Range #382: Location [45 - 56]
Seed Range #383: Location [95 - 97]
Seed Range #384: Location [56 - 60]
Seed Range #385: Location [97 - 100]
Seed Range #386: Location [72 - 85]
Seed Range #387: Location [60 - 81]
Seed Range #388: Location [55 - 56]
Seed Range #389: Location [81 - 97]
Seed Range #390: Location [56 - 60]
Seed Range #391: Location [97 - 98]
Seed Range #392: Location [91 - 97]
Seed Range #393: Location [56 - 56]
Seed Range #394: Location [60 - 81]
Seed Range #395: Location [51 - 56]
Seed Range #396: Location [85 - 97]
Seed Range #397: Location [56 - 60]
Seed Range #398: Location [97 - 100]
Seed Range #399: Location [72 - 75]
Seed Range #400: Location [60 - 81]
Seed Range #401: Location [11 - 56]
Seed Range #402: Location [93 - 97]
Seed Range #403: Location [56 - 56]
Seed Range #404: Location [60 - 81]
Seed Range #405: Location [53 - 56]
Seed Range #406: Location [85 - 97]
Seed Range #407: Location [56 - 60]
Seed Range #408: Location [97 - 100]
Seed Range #409: Location [72 - 77]
Seed Range #410: Location [60 - 81]
Seed Range #411: Location [11 - 56]
Seed Range #412: Location [91 - 97]
Seed Range #413: Location [56 - 56]
Seed Range #414: Location [60 - 81]
Seed Range #415: Location [51 - 56]
Seed Range #416: Location [60 - 70]
Seed Range #417: Location [45 - 56]
Seed Range #418: Location [85 - 97]
Seed Range #419: Location [56 - 60]
Seed Range #420: Location [97 - 100]
Seed Range #421: Location [72 - 85]
Seed Range #422: Location [60 - 81]
Seed Range #423: Location [11 - 56]
Seed Range #424: Location [81 - 97]
Seed Range #425: Location [56 - 60]
Seed Range #426: Location [97 - 98]
Seed Range #427: Location [80 - 85]
Seed Range #428: Location [76 - 81]
Seed Range #429: Location [81 - 89]
Seed Range #430: Location [88 - 97]
Seed Range #431: Location [56 - 59]
Seed Range #432: Location [60 - 81]
Seed Range #433: Location [48 - 56]
Seed Range #434: Location [82 - 85]
Seed Range #435: Location [78 - 81]
Seed Range #436: Location [81 - 91]
Seed Range #437: Location [60 - 60]
Seed Range #438: Location [45 - 56]
Seed Range #439: Location [80 - 85]
Seed Range #440: Location [76 - 81]
Seed Range #441: Location [81 - 92]
Seed Range #442: Location [67 - 70]
Seed Range #443: Location [81 - 97]
Seed Range #444: Location [56 - 60]
Seed Range #445: Location [97 - 98]
Seed Range #446: Location [90 - 97]
Seed Range #447: Location [56 - 60]
Seed Range #448: Location [97 - 98]
Seed Range #449: Location [60 - 81]
Seed Range #450: Location [50 - 56]
Seed Range #451: Location [60 - 60]
Seed Range #452: Location [45 - 56]
Seed Range #453: Location [88 - 97]
Seed Range #454: Location [56 - 60]
Seed Range #455: Location [97 - 100]
Seed Range #456: Location [72 - 85]
Seed Range #457: Location [60 - 81]
Seed Range #458: Location [48 - 56]
Seed Range #459: Location [81 - 92]
Seed Range #460: Location [67 - 70]
Seed Range #461: Location [81 - 97]
Seed Range #462: Location [56 - 60]
Seed Range #463: Location [97 - 98]
Seed Range #464: Location [85 - 90]
Seed Range #465: Location [60 - 81]
Seed Range #466: Location [44 - 56]
Seed Range #467: Location [60 - 67]
Seed Range #468: Location [81 - 97]
Seed Range #469: Location [56 - 58]
Seed Range #470: Location [85 - 97]
Seed Range #471: Location [56 - 59]
Seed Range #472: Location [60 - 81]
Seed Range #473: Location [18 - 56]
Seed Range #474: Location [86 - 90]
Seed Range #475: Location [60 - 81]
Seed Range #476: Location [46 - 56]
Seed Range #477: Location [60 - 67]
Seed Range #478: Location [81 - 97]
Seed Range #479: Location [56 - 58]
Seed Range #480: Location [85 - 97]
Seed Range #481: Location [56 - 60]
Seed Range #482: Location [97 - 98]
Seed Range #483: Location [60 - 81]
Seed Range #484: Location [18 - 56]
Seed Range #485: Location [85 - 90]
Seed Range #486: Location [60 - 81]
Seed Range #487: Location [44 - 56]
Seed Range #488: Location [60 - 67]
Seed Range #489: Location [81 - 97]
Seed Range #490: Location [56 - 58]
Seed Range #491: Location [60 - 60]
Seed Range #492: Location [45 - 56]
Seed Range #493: Location [85 - 97]
Seed Range #494: Location [56 - 60]
Seed Range #495: Location [97 - 100]
Seed Range #496: Location [72 - 85]
Seed Range #497: Location [60 - 81]
Seed Range #498: Location [18 - 56]
Seed Range #499: Location [81 - 92]
Seed Range #500: Location [67 - 70]
Seed Range #501: Location [81 - 97]
Seed Range #502: Location [56 - 60]
Seed Range #503: Location [97 - 98]
Seed Range #504: Location [60 - 72]
Seed Range #505: Location [60 - 73]
Seed Range #506: Location [55 - 56]
Seed Range #507: Location [62 - 74]
Seed Range #508: Location [61 - 73]
Seed Range #509: Location [60 - 74]
Seed Range #510: Location [60 - 73]
Seed Range #511: Location [55 - 56]
Seed Range #512: Location [73 - 97]
Seed Range #513: Location [56 - 60]
Seed Range #514: Location [97 - 98]
Seed Range #515: Location [60 - 62]
Seed Range #516: Location [52 - 56]
Seed Range #517: Location [60 - 73]
Seed Range #518: Location [51 - 56]
Seed Range #519: Location [60 - 72]
Seed Range #520: Location [12 - 56]
Seed Range #521: Location [60 - 73]
Seed Range #522: Location [11 - 56]
Seed Range #523: Location [60 - 62]
Seed Range #524: Location [54 - 56]
Seed Range #525: Location [60 - 73]
Seed Range #526: Location [53 - 56]
Seed Range #527: Location [60 - 74]
Seed Range #528: Location [12 - 56]
Seed Range #529: Location [60 - 73]
Seed Range #530: Location [11 - 56]
Seed Range #531: Location [60 - 62]
Seed Range #532: Location [52 - 56]
Seed Range #533: Location [60 - 73]
Seed Range #534: Location [51 - 56]
Seed Range #535: Location [60 - 74]
Seed Range #536: Location [12 - 56]
Seed Range #537: Location [60 - 73]
Seed Range #538: Location [11 - 56]
Seed Range #539: Location [73 - 97]
Seed Range #540: Location [56 - 60]
Seed Range #541: Location [97 - 98]
Seed Range #542: Location [60 - 65]
Seed Range #543: Location [49 - 56]
Seed Range #544: Location [60 - 73]
Seed Range #545: Location [48 - 56]
Seed Range #546: Location [60 - 67]
Seed Range #547: Location [51 - 56]
Seed Range #548: Location [60 - 73]
Seed Range #549: Location [50 - 56]
Seed Range #550: Location [60 - 74]
Seed Range #551: Location [49 - 56]
Seed Range #552: Location [60 - 73]
Seed Range #553: Location [48 - 56]
Seed Range #554: Location [73 - 92]
Seed Range #555: Location [60 - 73]
Seed Range #556: Location [44 - 56]
Seed Range #557: Location [60 - 65]
Seed Range #558: Location [19 - 56]
Seed Range #559: Location [60 - 73]
Seed Range #560: Location [18 - 56]
Seed Range #561: Location [60 - 73]
Seed Range #562: Location [11 - 56]
Seed Range #563: Location [60 - 73]
Seed Range #564: Location [46 - 56]
Seed Range #565: Location [60 - 67]
Seed Range #566: Location [19 - 56]
Seed Range #567: Location [60 - 73]
Seed Range #568: Location [18 - 56]
Seed Range #569: Location [60 - 73]
Seed Range #570: Location [11 - 56]
Seed Range #571: Location [60 - 73]
Seed Range #572: Location [44 - 56]
Seed Range #573: Location [60 - 74]
Seed Range #574: Location [19 - 56]
Seed Range #575: Location [60 - 73]
Seed Range #576: Location [18 - 56]
Seed Range #577: Location [73 - 92]
Seed Range #578: Location [60 - 73]
Seed Range #579: Location [11 - 56]
Seed Range #580: Location [60 - 65]
Seed Range #581: Location [48 - 56]
Seed Range #582: Location [60 - 73]
Seed Range #583: Location [47 - 56]
Seed Range #584: Location [73 - 74]
Seed Range #585: Location [72 - 73]
Seed Range #586: Location [73 - 75]
Seed Range #587: Location [60 - 74]
Seed Range #588: Location [60 - 73]
Seed Range #589: Location [55 - 56]
Seed Range #590: Location [73 - 81]
Seed Range #591: Location [60 - 67]
Seed Range #592: Location [50 - 56]
Seed Range #593: Location [60 - 73]
Seed Range #594: Location [49 - 56]
Seed Range #595: Location [60 - 71]
Seed Range #596: Location [48 - 56]
Seed Range #597: Location [60 - 73]
Seed Range #598: Location [47 - 56]
Seed Range #599: Location [73 - 74]
Seed Range #600: Location [72 - 73]
Seed Range #601: Location [73 - 77]
Seed Range #602: Location [62 - 74]
Seed Range #603: Location [61 - 73]
Seed Range #604: Location [73 - 81]
Seed Range #605: Location [60 - 71]
Seed Range #606: Location [46 - 56]
Seed Range #607: Location [60 - 73]
Seed Range #608: Location [45 - 56]
Seed Range #609: Location [73 - 74]
Seed Range #610: Location [72 - 73]
Seed Range #611: Location [73 - 85]
Seed Range #612: Location [60 - 74]
Seed Range #613: Location [60 - 73]
Seed Range #614: Location [55 - 56]
Seed Range #615: Location [73 - 81]
Seed Range #616: Location [60 - 74]
Seed Range #617: Location [52 - 56]
Seed Range #618: Location [60 - 73]
Seed Range #619: Location [51 - 56]
Seed Range #620: Location [73 - 81]
Seed Range #621: Location [73 - 74]
Seed Range #622: Location [72 - 73]
Seed Range #623: Location [73 - 75]
Seed Range #624: Location [60 - 74]
Seed Range #625: Location [12 - 56]
Seed Range #626: Location [60 - 73]
Seed Range #627: Location [11 - 56]
Seed Range #628: Location [73 - 81]
Seed Range #629: Location [60 - 74]
Seed Range #630: Location [54 - 56]
Seed Range #631: Location [60 - 73]
Seed Range #632: Location [53 - 56]
Seed Range #633: Location [73 - 81]
Seed Range #634: Location [73 - 74]
Seed Range #635: Location [72 - 73]
Seed Range #636: Location [73 - 77]
Seed Range #637: Location [60 - 74]
Seed Range #638: Location [12 - 56]
Seed Range #639: Location [60 - 73]
Seed Range #640: Location [11 - 56]
Seed Range #641: Location [73 - 81]
Seed Range #642: Location [60 - 74]
Seed Range #643: Location [52 - 56]
Seed Range #644: Location [60 - 73]
Seed Range #645: Location [51 - 56]
Seed Range #646: Location [73 - 81]
Seed Range #647: Location [60 - 71]
Seed Range #648: Location [46 - 56]
Seed Range #649: Location [60 - 73]
Seed Range #650: Location [45 - 56]
Seed Range #651: Location [73 - 74]
Seed Range #652: Location [72 - 73]
Seed Range #653: Location [73 - 85]
Seed Range #654: Location [60 - 74]
Seed Range #655: Location [12 - 56]
Seed Range #656: Location [60 - 73]
Seed Range #657: Location [11 - 56]
Seed Range #658: Location [73 - 81]
Seed Range #659: Location [60 - 73]
Seed Range #660: Location [45 - 56]
Seed Range #661: Location [60 - 74]
Seed Range #662: Location [49 - 56]
Seed Range #663: Location [60 - 73]
Seed Range #664: Location [48 - 56]
Seed Range #665: Location [73 - 81]
Seed Range #666: Location [60 - 60]
Seed Range #667: Location [46 - 56]
Seed Range #668: Location [60 - 73]
Seed Range #669: Location [45 - 56]
Seed Range #670: Location [60 - 61]
Seed Range #671: Location [46 - 56]
Seed Range #672: Location [60 - 73]
Seed Range #673: Location [45 - 56]
Seed Range #674: Location [68 - 71]
Seed Range #675: Location [67 - 73]
Seed Range #676: Location [60 - 74]
Seed Range #677: Location [51 - 56]
Seed Range #678: Location [60 - 73]
Seed Range #679: Location [50 - 56]
Seed Range #680: Location [73 - 81]
Seed Range #681: Location [60 - 61]
Seed Range #682: Location [46 - 56]
Seed Range #683: Location [60 - 73]
Seed Range #684: Location [45 - 56]
Seed Range #685: Location [73 - 74]
Seed Range #686: Location [72 - 73]
Seed Range #687: Location [73 - 85]
Seed Range #688: Location [60 - 74]
Seed Range #689: Location [49 - 56]
Seed Range #690: Location [60 - 73]
Seed Range #691: Location [48 - 56]
Seed Range #692: Location [73 - 81]
Seed Range #693: Location [68 - 71]
Seed Range #694: Location [67 - 73]
Seed Range #695: Location [60 - 74]
Seed Range #696: Location [45 - 56]
Seed Range #697: Location [60 - 73]
Seed Range #698: Location [44 - 56]
Seed Range #699: Location [73 - 81]
Seed Range #700: Location [61 - 68]
Seed Range #701: Location [60 - 73]
Seed Range #702: Location [60 - 74]
Seed Range #703: Location [19 - 56]
Seed Range #704: Location [60 - 73]
Seed Range #705: Location [18 - 56]
Seed Range #706: Location [73 - 81]
Seed Range #707: Location [60 - 74]
Seed Range #708: Location [47 - 56]
Seed Range #709: Location [60 - 73]
Seed Range #710: Location [46 - 56]
Seed Range #711: Location [73 - 81]
Seed Range #712: Location [61 - 68]
Seed Range #713: Location [60 - 73]
Seed Range #714: Location [60 - 74]
Seed Range #715: Location [19 - 56]
Seed Range #716: Location [60 - 73]
Seed Range #717: Location [18 - 56]
Seed Range #718: Location [73 - 81]
Seed Range #719: Location [60 - 74]
Seed Range #720: Location [45 - 56]
Seed Range #721: Location [60 - 73]
Seed Range #722: Location [44 - 56]
Seed Range #723: Location [73 - 81]
Seed Range #724: Location [61 - 68]
Seed Range #725: Location [60 - 73]
Seed Range #726: Location [60 - 61]
Seed Range #727: Location [46 - 56]
Seed Range #728: Location [60 - 73]
Seed Range #729: Location [45 - 56]
Seed Range #730: Location [73 - 74]
Seed Range #731: Location [72 - 73]
Seed Range #732: Location [73 - 85]
Seed Range #733: Location [60 - 74]
Seed Range #734: Location [19 - 56]
Seed Range #735: Location [60 - 73]
Seed Range #736: Location [18 - 56]
Seed Range #737: Location [73 - 81]
Seed Range #738: Location [68 - 71]
Seed Range #739: Location [67 - 73]
Lowest index: 118
Lowest location: 0

Total time: 467ms

~=~=~=~=~=~=~=~=~=~<         END OF LOG         >~=~=~=~=~=~=~=~=~=~
