~=~=~=~=~=~=~=~=~=~< Advent of Code 2023: Day 5 >~=~=~=~=~=~=~=~=~=~
-------------------<  12-05-2023; 16-49-59-667  >-------------------


-------------------<          PART TWO          >-------------------
Seed Map: {0=[79 - 92], 2=[55 - 67]}
Map 0:
98 - 50 > 2
50 - 52 > 48

Map iteration 0: {}
Map 1:
15 - 0 > 37
52 - 37 > 2
0 - 39 > 15

Map iteration 1: {}
Map 2:
53 - 49 > 8
11 - 0 > 42
0 - 42 > 7
7 - 57 > 4

Map iteration 2: {}
Map 3:
18 - 88 > 7
25 - 18 > 70

Map iteration 3: {}
Map 4:
77 - 45 > 23
45 - 81 > 19
64 - 68 > 13

Map iteration 4: {}
Map 5:
69 - 0 > 1
0 - 1 > 69

Map iteration 5: {}
Map 6:
56 - 60 > 37
93 - 56 > 4

Map iteration 6: {}
Lowest index: 0
Lowest location: 9223372036854775807

Total time: 80ms

~=~=~=~=~=~=~=~=~=~<         END OF LOG         >~=~=~=~=~=~=~=~=~=~
