~=~=~=~=~=~=~=~=~=~< Advent of Code 2023: Day 5 >~=~=~=~=~=~=~=~=~=~
-------------------<  12-05-2023; 15-45-57-673  >-------------------


-------------------<          PART TWO          >-------------------
Seed Map: {0=[79 - 92], 2=[55 - 67]}
Day5$SeedMap@5a2e4553
Day5$SeedMap@28c97a5
Day5$SeedMap@6659c656
Day5$SeedMap@6d5380c2
Day5$SeedMap@45ff54e6
Day5$SeedMap@2328c243
Day5$SeedMap@bebdb06
: [81 - 94]
: [57 - 69]
Map iteration 0: {0=[79 - 92], 2=[55 - 67], 3=[81 - 94], 4=[57 - 69]}
Map iteration 1: {0=[79 - 92], 2=[55 - 67], 3=[81 - 94], 4=[57 - 69]}
: [51 - 57]
: [53 - 57]
Map iteration 2: {0=[79 - 92], 2=[55 - 67], 3=[81 - 94], 4=[57 - 69], 5=[51 - 57], 6=[53 - 57]}
: [72 - 85]
: [48 - 60]
: [74 - 87]
: [50 - 62]
: [44 - 50]
: [46 - 50]
Map iteration 3: {0=[79 - 92], 2=[55 - 67], 3=[81 - 94], 4=[57 - 69], 5=[51 - 57], 6=[53 - 57], 7=[72 - 85], 8=[48 - 60], 9=[74 - 87], 10=[50 - 62], 11=[44 - 50], 12=[46 - 50]}
: [47 - 60]
: [91 - 100]
: [68 - 71]
: [49 - 62]
: [93 - 100]
: [68 - 73]
: [87 - 93]
: [89 - 93]
: [45 - 53]
: [76 - 81]
: [84 - 96]
: [45 - 55]
: [78 - 81]
: [86 - 98]
: [81 - 86]
: [82 - 86]
Map iteration 4: {0=[79 - 92], 2=[55 - 67], 3=[81 - 94], 4=[57 - 69], 5=[51 - 57], 6=[53 - 57], 7=[72 - 85], 8=[48 - 60], 9=[74 - 87], 10=[50 - 62], 11=[44 - 50], 12=[46 - 50], 13=[47 - 60], 14=[91 - 100], 15=[68 - 71], 16=[49 - 62], 17=[93 - 100], 18=[68 - 73], 19=[87 - 93], 20=[89 - 93], 21=[45 - 53], 22=[76 - 81], 23=[84 - 96], 24=[45 - 55], 25=[78 - 81], 26=[86 - 98], 27=[81 - 86], 28=[82 - 86]}
: [56 - 68]
: [0 - 0]
: [58 - 70]
: [52 - 58]
: [54 - 58]
: [49 - 61]
: [51 - 63]
: [45 - 51]
: [47 - 51]
: [48 - 61]
: [0 - 1]
: [69 - 70]
: [50 - 63]
: [0 - 1]
: [69 - 70]
: [46 - 54]
: [46 - 56]
Map iteration 5: {0=[79 - 92], 2=[55 - 67], 3=[81 - 94], 4=[57 - 69], 5=[51 - 57], 6=[53 - 57], 7=[72 - 85], 8=[48 - 60], 9=[74 - 87], 10=[50 - 62], 11=[44 - 50], 12=[46 - 50], 13=[47 - 60], 14=[91 - 100], 15=[68 - 71], 16=[49 - 62], 17=[93 - 100], 18=[68 - 73], 19=[87 - 93], 20=[89 - 93], 21=[45 - 53], 22=[76 - 81], 23=[84 - 96], 24=[45 - 55], 25=[78 - 81], 26=[86 - 98], 27=[81 - 86], 28=[82 - 86], 29=[56 - 68], 30=[0 - 0], 31=[58 - 70], 32=[52 - 58], 33=[54 - 58], 34=[49 - 61], 35=[51 - 63], 36=[45 - 51], 37=[47 - 51], 38=[48 - 61], 39=[0 - 1], 40=[69 - 70], 41=[50 - 63], 42=[0 - 1], 43=[69 - 70], 44=[46 - 54], 45=[46 - 56]}
: [83 - 96]
: [60 - 71]
: [85 - 97]
: [56 - 57]
: [61 - 73]
: [60 - 61]
: [60 - 61]
: [76 - 89]
: [60 - 64]
: [78 - 91]
: [60 - 66]
: [60 - 64]
: [95 - 97]
: [56 - 60]
: [72 - 75]
: [60 - 66]
: [97 - 97]
: [56 - 60]
: [72 - 77]
: [91 - 97]
: [56 - 56]
: [93 - 97]
: [56 - 56]
: [80 - 85]
: [88 - 97]
: [56 - 59]
: [82 - 85]
: [90 - 97]
: [56 - 60]
: [85 - 90]
: [86 - 90]
: [60 - 72]
: [62 - 74]
: [60 - 62]
: [60 - 62]
: [60 - 65]
: [60 - 67]
: [60 - 65]
: [73 - 74]
: [60 - 67]
: [73 - 74]
: [60 - 60]
Map iteration 6: {0=[79 - 92], 2=[55 - 67], 3=[81 - 94], 4=[57 - 69], 5=[51 - 57], 6=[53 - 57], 7=[72 - 85], 8=[48 - 60], 9=[74 - 87], 10=[50 - 62], 11=[44 - 50], 12=[46 - 50], 13=[47 - 60], 14=[91 - 100], 15=[68 - 71], 16=[49 - 62], 17=[93 - 100], 18=[68 - 73], 19=[87 - 93], 20=[89 - 93], 21=[45 - 53], 22=[76 - 81], 23=[84 - 96], 24=[45 - 55], 25=[78 - 81], 26=[86 - 98], 27=[81 - 86], 28=[82 - 86], 29=[56 - 68], 30=[0 - 0], 31=[58 - 70], 32=[52 - 58], 33=[54 - 58], 34=[49 - 61], 35=[51 - 63], 36=[45 - 51], 37=[47 - 51], 38=[48 - 61], 39=[0 - 1], 40=[69 - 70], 41=[50 - 63], 42=[0 - 1], 43=[69 - 70], 44=[46 - 54], 45=[46 - 56], 46=[83 - 96], 47=[60 - 71], 48=[85 - 97], 49=[56 - 57], 50=[61 - 73], 51=[60 - 61], 52=[60 - 61], 53=[76 - 89], 54=[60 - 64], 55=[78 - 91], 56=[60 - 66], 57=[60 - 64], 58=[95 - 97], 59=[56 - 60], 60=[72 - 75], 61=[60 - 66], 62=[97 - 97], 63=[56 - 60], 64=[72 - 77], 65=[91 - 97], 66=[56 - 56], 67=[93 - 97], 68=[56 - 56], 69=[80 - 85], 70=[88 - 97], 71=[56 - 59], 72=[82 - 85], 73=[90 - 97], 74=[56 - 60], 75=[85 - 90], 76=[86 - 90], 77=[60 - 72], 78=[62 - 74], 79=[60 - 62], 80=[60 - 62], 81=[60 - 65], 82=[60 - 67], 83=[60 - 65], 84=[73 - 74], 85=[60 - 67], 86=[73 - 74], 87=[60 - 60]}
Seed 0: Location [79 - 92]
Seed 2: Location [55 - 67]
Seed 3: Location [81 - 94]
Seed 4: Location [57 - 69]
Seed 5: Location [51 - 57]
Seed 6: Location [53 - 57]
Seed 7: Location [72 - 85]
Seed 8: Location [48 - 60]
Seed 9: Location [74 - 87]
Seed 10: Location [50 - 62]
Seed 11: Location [44 - 50]
Seed 12: Location [46 - 50]
Seed 13: Location [47 - 60]
Seed 14: Location [91 - 100]
Seed 15: Location [68 - 71]
Seed 16: Location [49 - 62]
Seed 17: Location [93 - 100]
Seed 18: Location [68 - 73]
Seed 19: Location [87 - 93]
Seed 20: Location [89 - 93]
Seed 21: Location [45 - 53]
Seed 22: Location [76 - 81]
Seed 23: Location [84 - 96]
Seed 24: Location [45 - 55]
Seed 25: Location [78 - 81]
Seed 26: Location [86 - 98]
Seed 27: Location [81 - 86]
Seed 28: Location [82 - 86]
Seed 29: Location [56 - 68]
Seed 30: Location [0 - 0]
Seed 31: Location [58 - 70]
Seed 32: Location [52 - 58]
Seed 33: Location [54 - 58]
Seed 34: Location [49 - 61]
Seed 35: Location [51 - 63]
Seed 36: Location [45 - 51]
Seed 37: Location [47 - 51]
Seed 38: Location [48 - 61]
Seed 39: Location [0 - 1]
Seed 40: Location [69 - 70]
Seed 41: Location [50 - 63]
Seed 42: Location [0 - 1]
Seed 43: Location [69 - 70]
Seed 44: Location [46 - 54]
Seed 45: Location [46 - 56]
Seed 46: Location [83 - 96]
Seed 47: Location [60 - 71]
Seed 48: Location [85 - 97]
Seed 49: Location [56 - 57]
Seed 50: Location [61 - 73]
Seed 51: Location [60 - 61]
Seed 52: Location [60 - 61]
Seed 53: Location [76 - 89]
Seed 54: Location [60 - 64]
Seed 55: Location [78 - 91]
Seed 56: Location [60 - 66]
Seed 57: Location [60 - 64]
Seed 58: Location [95 - 97]
Seed 59: Location [56 - 60]
Seed 60: Location [72 - 75]
Seed 61: Location [60 - 66]
Seed 62: Location [97 - 97]
Seed 63: Location [56 - 60]
Seed 64: Location [72 - 77]
Seed 65: Location [91 - 97]
Seed 66: Location [56 - 56]
Seed 67: Location [93 - 97]
Seed 68: Location [56 - 56]
Seed 69: Location [80 - 85]
Seed 70: Location [88 - 97]
Seed 71: Location [56 - 59]
Seed 72: Location [82 - 85]
Seed 73: Location [90 - 97]
Seed 74: Location [56 - 60]
Seed 75: Location [85 - 90]
Seed 76: Location [86 - 90]
Seed 77: Location [60 - 72]
Seed 78: Location [62 - 74]
Seed 79: Location [60 - 62]
Seed 80: Location [60 - 62]
Seed 81: Location [60 - 65]
Seed 82: Location [60 - 67]
Seed 83: Location [60 - 65]
Seed 84: Location [73 - 74]
Seed 85: Location [60 - 67]
Seed 86: Location [73 - 74]
Seed 87: Location [60 - 60]
Lowest location: 0

Total time: 145ms

~=~=~=~=~=~=~=~=~=~<         END OF LOG         >~=~=~=~=~=~=~=~=~=~
