~=~=~=~=~=~=~=~=~=~< Advent of Code 2023: Day 5 >~=~=~=~=~=~=~=~=~=~
-------------------<  12-05-2023; 17-11-21-604  >-------------------


-------------------<          PART TWO          >-------------------
Seed Map: [[79 - 92], [55 - 67]]
Map 0:
98 - 50 > 2
50 - 52 > 48

Map iteration 0: [81 - 94], [57 - 69], 
Map 1:
15 - 0 > 37
52 - 37 > 2
0 - 39 > 15

Map iteration 1: [81 - 94], [81 - 94], [81 - 94], [57 - 69], [57 - 69], [57 - 69], 
Map 2:
53 - 49 > 8
11 - 0 > 42
0 - 42 > 7
7 - 57 > 4

Map iteration 2: [81 - 94], [81 - 94], [81 - 94], [81 - 94], [81 - 94], [81 - 94], [81 - 94], [81 - 94], [81 - 94], [81 - 94], [81 - 94], [81 - 94], [53 - 57], [61 - 69], [57 - 69], [57 - 69], [57 - 69], [53 - 57], [61 - 69], [57 - 69], [57 - 69], [57 - 69], [53 - 57], [61 - 69], [57 - 69], [57 - 69], [57 - 69], 
Map 3:
18 - 88 > 7
25 - 18 > 70

Map iteration 3: [81 - 94], [74 - 87], [81 - 94], [74 - 87], [81 - 94], [74 - 87], [81 - 94], [74 - 87], [81 - 94], [74 - 87], [81 - 94], [74 - 87], [81 - 94], [74 - 87], [81 - 94], [74 - 87], [81 - 94], [74 - 87], [81 - 94], [74 - 87], [81 - 94], [74 - 87], [81 - 94], [74 - 87], [53 - 57], [46 - 50], [61 - 69], [54 - 62], [57 - 69], [50 - 62], [57 - 69], [50 - 62], [57 - 69], [50 - 62], [53 - 57], [46 - 50], [61 - 69], [54 - 62], [57 - 69], [50 - 62], [57 - 69], [50 - 62], [57 - 69], [50 - 62], [53 - 57], [46 - 50], [61 - 69], [54 - 62], [57 - 69], [50 - 62], [57 - 69], [50 - 62], [57 - 69], [50 - 62], 
Map 4:
77 - 45 > 23
45 - 81 > 19
64 - 68 > 13

Map iteration 4: [49 - 62], [45 - 55], [74 - 87], [78 - 81], [77 - 87], [49 - 62], [45 - 55], [74 - 87], [78 - 81], [77 - 87], [49 - 62], [45 - 55], [74 - 87], [78 - 81], [77 - 87], [49 - 62], [45 - 55], [74 - 87], [78 - 81], [77 - 87], [49 - 62], [45 - 55], [74 - 87], [78 - 81], [77 - 87], [49 - 62], [45 - 55], [74 - 87], [78 - 81], [77 - 87], [49 - 62], [45 - 55], [74 - 87], [78 - 81], [77 - 87], [49 - 62], [45 - 55], [74 - 87], [78 - 81], [77 - 87], [49 - 62], [45 - 55], [74 - 87], [78 - 81], [77 - 87], [49 - 62], [45 - 55], [74 - 87], [78 - 81], [77 - 87], [49 - 62], [45 - 55], [74 - 87], [78 - 81], [77 - 87], [49 - 62], [45 - 55], [74 - 87], [78 - 81], [77 - 87], [89 - 93], [82 - 86], [97 - 100], [64 - 69], [68 - 73], [90 - 98], [93 - 100], [64 - 69], [68 - 73], [86 - 98], [93 - 100], [64 - 69], [68 - 73], [86 - 98], [93 - 100], [64 - 69], [68 - 73], [86 - 98], [89 - 93], [82 - 86], [97 - 100], [64 - 69], [68 - 73], [90 - 98], [93 - 100], [64 - 69], [68 - 73], [86 - 98], [93 - 100], [64 - 69], [68 - 73], [86 - 98], [93 - 100], [64 - 69], [68 - 73], [86 - 98], [89 - 93], [82 - 86], [97 - 100], [64 - 69], [68 - 73], [90 - 98], [93 - 100], [64 - 69], [68 - 73], [86 - 98], [93 - 100], [64 - 69], [68 - 73], [86 - 98], [93 - 100], [64 - 69], [68 - 73], [86 - 98], 
Map 5:
69 - 0 > 1
0 - 1 > 69

Map iteration 5: [50 - 63], [46 - 56], [74 - 87], [74 - 87], [78 - 81], [78 - 81], [77 - 87], [77 - 87], [50 - 63], [46 - 56], [74 - 87], [74 - 87], [78 - 81], [78 - 81], [77 - 87], [77 - 87], [50 - 63], [46 - 56], [74 - 87], [74 - 87], [78 - 81], [78 - 81], [77 - 87], [77 - 87], [50 - 63], [46 - 56], [74 - 87], [74 - 87], [78 - 81], [78 - 81], [77 - 87], [77 - 87], [50 - 63], [46 - 56], [74 - 87], [74 - 87], [78 - 81], [78 - 81], [77 - 87], [77 - 87], [50 - 63], [46 - 56], [74 - 87], [74 - 87], [78 - 81], [78 - 81], [77 - 87], [77 - 87], [50 - 63], [46 - 56], [74 - 87], [74 - 87], [78 - 81], [78 - 81], [77 - 87], [77 - 87], [50 - 63], [46 - 56], [74 - 87], [74 - 87], [78 - 81], [78 - 81], [77 - 87], [77 - 87], [50 - 63], [46 - 56], [74 - 87], [74 - 87], [78 - 81], [78 - 81], [77 - 87], [77 - 87], [50 - 63], [46 - 56], [74 - 87], [74 - 87], [78 - 81], [78 - 81], [77 - 87], [77 - 87], [50 - 63], [46 - 56], [74 - 87], [74 - 87], [78 - 81], [78 - 81], [77 - 87], [77 - 87], [50 - 63], [46 - 56], [74 - 87], [74 - 87], [78 - 81], [78 - 81], [77 - 87], [77 - 87], [89 - 93], [89 - 93], [82 - 86], [82 - 86], [97 - 100], [97 - 100], [0 - 0], [65 - 70], [0 - 1], [70 - 73], [69 - 70], [69 - 73], [90 - 98], [90 - 98], [93 - 100], [93 - 100], [0 - 0], [65 - 70], [0 - 1], [70 - 73], [69 - 70], [69 - 73], [86 - 98], [86 - 98], [93 - 100], [93 - 100], [0 - 0], [65 - 70], [0 - 1], [70 - 73], [69 - 70], [69 - 73], [86 - 98], [86 - 98], [93 - 100], [93 - 100], [0 - 0], [65 - 70], [0 - 1], [70 - 73], [69 - 70], [69 - 73], [86 - 98], [86 - 98], [89 - 93], [89 - 93], [82 - 86], [82 - 86], [97 - 100], [97 - 100], [0 - 0], [65 - 70], [0 - 1], [70 - 73], [69 - 70], [69 - 73], [90 - 98], [90 - 98], [93 - 100], [93 - 100], [0 - 0], [65 - 70], [0 - 1], [70 - 73], [69 - 70], [69 - 73], [86 - 98], [86 - 98], [93 - 100], [93 - 100], [0 - 0], [65 - 70], [0 - 1], [70 - 73], [69 - 70], [69 - 73], [86 - 98], [86 - 98], [93 - 100], [93 - 100], [0 - 0], [65 - 70], [0 - 1], [70 - 73], [69 - 70], [69 - 73], [86 - 98], [86 - 98], [89 - 93], [89 - 93], [82 - 86], [82 - 86], [97 - 100], [97 - 100], [0 - 0], [65 - 70], [0 - 1], [70 - 73], [69 - 70], [69 - 73], [90 - 98], [90 - 98], [93 - 100], [93 - 100], [0 - 0], [65 - 70], [0 - 1], [70 - 73], [69 - 70], [69 - 73], [86 - 98], [86 - 98], [93 - 100], [93 - 100], [0 - 0], [65 - 70], [0 - 1], [70 - 73], [69 - 70], [69 - 73], [86 - 98], [86 - 98], [93 - 100], [93 - 100], [0 - 0], [65 - 70], [0 - 1], [70 - 73], [69 - 70], [69 - 73], [86 - 98], [86 - 98], 
Map 6:
56 - 60 > 37
93 - 56 > 4

Map iteration 6: [60 - 67], [60 - 60], [78 - 91], [78 - 91], [82 - 85], [82 - 85], [81 - 91], [81 - 91], [60 - 67], [60 - 60], [78 - 91], [78 - 91], [82 - 85], [82 - 85], [81 - 91], [81 - 91], [60 - 67], [60 - 60], [78 - 91], [78 - 91], [82 - 85], [82 - 85], [81 - 91], [81 - 91], [60 - 67], [60 - 60], [78 - 91], [78 - 91], [82 - 85], [82 - 85], [81 - 91], [81 - 91], [60 - 67], [60 - 60], [78 - 91], [78 - 91], [82 - 85], [82 - 85], [81 - 91], [81 - 91], [60 - 67], [60 - 60], [78 - 91], [78 - 91], [82 - 85], [82 - 85], [81 - 91], [81 - 91], [60 - 67], [60 - 60], [78 - 91], [78 - 91], [82 - 85], [82 - 85], [81 - 91], [81 - 91], [60 - 67], [60 - 60], [78 - 91], [78 - 91], [82 - 85], [82 - 85], [81 - 91], [81 - 91], [60 - 67], [60 - 60], [78 - 91], [78 - 91], [82 - 85], [82 - 85], [81 - 91], [81 - 91], [60 - 67], [60 - 60], [78 - 91], [78 - 91], [82 - 85], [82 - 85], [81 - 91], [81 - 91], [60 - 67], [60 - 60], [78 - 91], [78 - 91], [82 - 85], [82 - 85], [81 - 91], [81 - 91], [60 - 67], [60 - 60], [78 - 91], [78 - 91], [82 - 85], [82 - 85], [81 - 91], [81 - 91], [93 - 97], [56 - 56], [93 - 97], [56 - 56], [86 - 90], [86 - 90], [97 - 100], [60 - 60], [97 - 100], [97 - 100], [60 - 60], [97 - 100], [69 - 74], [74 - 77], [73 - 74], [73 - 77], [94 - 97], [93 - 98], [56 - 60], [97 - 98], [94 - 97], [93 - 98], [56 - 60], [97 - 98], [97 - 97], [93 - 100], [56 - 60], [97 - 100], [97 - 97], [93 - 100], [56 - 60], [97 - 100], [69 - 74], [74 - 77], [73 - 74], [73 - 77], [90 - 97], [93 - 98], [56 - 60], [97 - 98], [90 - 97], [93 - 98], [56 - 60], [97 - 98], [97 - 97], [93 - 100], [56 - 60], [97 - 100], [97 - 97], [93 - 100], [56 - 60], [97 - 100], [69 - 74], [74 - 77], [73 - 74], [73 - 77], [90 - 97], [93 - 98], [56 - 60], [97 - 98], [90 - 97], [93 - 98], [56 - 60], [97 - 98], [97 - 97], [93 - 100], [56 - 60], [97 - 100], [97 - 97], [93 - 100], [56 - 60], [97 - 100], [69 - 74], [74 - 77], [73 - 74], [73 - 77], [90 - 97], [93 - 98], [56 - 60], [97 - 98], [90 - 97], [93 - 98], [56 - 60], [97 - 98], [93 - 97], [56 - 56], [93 - 97], [56 - 56], [86 - 90], [86 - 90], [97 - 100], [60 - 60], [97 - 100], [97 - 100], [60 - 60], [97 - 100], [69 - 74], [74 - 77], [73 - 74], [73 - 77], [94 - 97], [93 - 98], [56 - 60], [97 - 98], [94 - 97], [93 - 98], [56 - 60], [97 - 98], [97 - 97], [93 - 100], [56 - 60], [97 - 100], [97 - 97], [93 - 100], [56 - 60], [97 - 100], [69 - 74], [74 - 77], [73 - 74], [73 - 77], [90 - 97], [93 - 98], [56 - 60], [97 - 98], [90 - 97], [93 - 98], [56 - 60], [97 - 98], [97 - 97], [93 - 100], [56 - 60], [97 - 100], [97 - 97], [93 - 100], [56 - 60], [97 - 100], [69 - 74], [74 - 77], [73 - 74], [73 - 77], [90 - 97], [93 - 98], [56 - 60], [97 - 98], [90 - 97], [93 - 98], [56 - 60], [97 - 98], [97 - 97], [93 - 100], [56 - 60], [97 - 100], [97 - 97], [93 - 100], [56 - 60], [97 - 100], [69 - 74], [74 - 77], [73 - 74], [73 - 77], [90 - 97], [93 - 98], [56 - 60], [97 - 98], [90 - 97], [93 - 98], [56 - 60], [97 - 98], [93 - 97], [56 - 56], [93 - 97], [56 - 56], [86 - 90], [86 - 90], [97 - 100], [60 - 60], [97 - 100], [97 - 100], [60 - 60], [97 - 100], [69 - 74], [74 - 77], [73 - 74], [73 - 77], [94 - 97], [93 - 98], [56 - 60], [97 - 98], [94 - 97], [93 - 98], [56 - 60], [97 - 98], [97 - 97], [93 - 100], [56 - 60], [97 - 100], [97 - 97], [93 - 100], [56 - 60], [97 - 100], [69 - 74], [74 - 77], [73 - 74], [73 - 77], [90 - 97], [93 - 98], [56 - 60], [97 - 98], [90 - 97], [93 - 98], [56 - 60], [97 - 98], [97 - 97], [93 - 100], [56 - 60], [97 - 100], [97 - 97], [93 - 100], [56 - 60], [97 - 100], [69 - 74], [74 - 77], [73 - 74], [73 - 77], [90 - 97], [93 - 98], [56 - 60], [97 - 98], [90 - 97], [93 - 98], [56 - 60], [97 - 98], [97 - 97], [93 - 100], [56 - 60], [97 - 100], [97 - 97], [93 - 100], [56 - 60], [97 - 100], [69 - 74], [74 - 77], [73 - 74], [73 - 77], [90 - 97], [93 - 98], [56 - 60], [97 - 98], [90 - 97], [93 - 98], [56 - 60], [97 - 98], 
Lowest index: 97
Lowest location: 56

Total time: 65ms

~=~=~=~=~=~=~=~=~=~<         END OF LOG         >~=~=~=~=~=~=~=~=~=~
