~=~=~=~=~=~=~=~=~=~< Advent of Code 2023: Day 5 >~=~=~=~=~=~=~=~=~=~
-------------------<  12-05-2023; 15-48-11-983  >-------------------


-------------------<          PART TWO          >-------------------
Seed Map: {0=[79 - 92], 2=[55 - 67]}
Day5$SeedMap@5a2e4553
Day5$SeedMap@28c97a5
Day5$SeedMap@6659c656
Day5$SeedMap@6d5380c2
Day5$SeedMap@45ff54e6
Day5$SeedMap@2328c243
Day5$SeedMap@bebdb06
: [81 - 94]
: [57 - 69]
Map iteration 0: {0=[79 - 92], 2=[55 - 67], 3=[81 - 94], 4=[57 - 69]}
Map iteration 1: {0=[79 - 92], 2=[55 - 67], 3=[81 - 94], 4=[57 - 69]}
: [51 - 57]
: [53 - 57]
Map iteration 2: {0=[79 - 92], 2=[55 - 67], 3=[81 - 94], 4=[57 - 69], 5=[51 - 57], 6=[53 - 57]}
: [72 - 85]
: [48 - 60]
: [74 - 87]
: [50 - 62]
: [44 - 50]
: [46 - 50]
Map iteration 3: {0=[79 - 92], 2=[55 - 67], 3=[81 - 94], 4=[57 - 69], 5=[51 - 57], 6=[53 - 57], 7=[72 - 85], 8=[48 - 60], 9=[74 - 87], 10=[50 - 62], 11=[44 - 50], 12=[46 - 50]}
: [47 - 60]
: [91 - 100]
: [68 - 71]
: [49 - 62]
: [93 - 100]
: [68 - 73]
: [87 - 93]
: [89 - 93]
: [45 - 53]
: [76 - 81]
: [84 - 96]
: [45 - 55]
: [78 - 81]
: [86 - 98]
: [81 - 86]
: [82 - 86]
Map iteration 4: {0=[79 - 92], 2=[55 - 67], 3=[81 - 94], 4=[57 - 69], 5=[51 - 57], 6=[53 - 57], 7=[72 - 85], 8=[48 - 60], 9=[74 - 87], 10=[50 - 62], 11=[44 - 50], 12=[46 - 50], 13=[47 - 60], 14=[91 - 100], 15=[68 - 71], 16=[49 - 62], 17=[93 - 100], 18=[68 - 73], 19=[87 - 93], 20=[89 - 93], 21=[45 - 53], 22=[76 - 81], 23=[84 - 96], 24=[45 - 55], 25=[78 - 81], 26=[86 - 98], 27=[81 - 86], 28=[82 - 86]}
: [56 - 68]
: [58 - 70]
: [52 - 58]
: [54 - 58]
: [49 - 61]
: [51 - 63]
: [45 - 51]
: [47 - 51]
: [48 - 61]
: [0 - 1]
: [69 - 70]
: [50 - 63]
: [0 - 1]
: [69 - 70]
: [46 - 54]
: [46 - 56]
Map iteration 5: {0=[79 - 92], 2=[55 - 67], 3=[81 - 94], 4=[57 - 69], 5=[51 - 57], 6=[53 - 57], 7=[72 - 85], 8=[48 - 60], 9=[74 - 87], 10=[50 - 62], 11=[44 - 50], 12=[46 - 50], 13=[47 - 60], 14=[91 - 100], 15=[68 - 71], 16=[49 - 62], 17=[93 - 100], 18=[68 - 73], 19=[87 - 93], 20=[89 - 93], 21=[45 - 53], 22=[76 - 81], 23=[84 - 96], 24=[45 - 55], 25=[78 - 81], 26=[86 - 98], 27=[81 - 86], 28=[82 - 86], 29=[56 - 68], 30=[58 - 70], 31=[52 - 58], 32=[54 - 58], 33=[49 - 61], 34=[51 - 63], 35=[45 - 51], 36=[47 - 51], 37=[48 - 61], 38=[0 - 1], 39=[69 - 70], 40=[50 - 63], 41=[0 - 1], 42=[69 - 70], 43=[46 - 54], 44=[46 - 56]}
: [83 - 96]
: [60 - 71]
: [85 - 97]
: [56 - 57]
: [61 - 73]
: [60 - 61]
: [60 - 61]
: [76 - 89]
: [60 - 64]
: [78 - 91]
: [60 - 66]
: [60 - 64]
: [95 - 97]
: [56 - 60]
: [72 - 75]
: [60 - 66]
: [56 - 60]
: [72 - 77]
: [91 - 97]
: [93 - 97]
: [80 - 85]
: [88 - 97]
: [56 - 59]
: [82 - 85]
: [90 - 97]
: [56 - 60]
: [85 - 90]
: [86 - 90]
: [60 - 72]
: [62 - 74]
: [60 - 62]
: [60 - 62]
: [60 - 65]
: [60 - 67]
: [60 - 65]
: [73 - 74]
: [60 - 67]
: [73 - 74]
Map iteration 6: {0=[79 - 92], 2=[55 - 67], 3=[81 - 94], 4=[57 - 69], 5=[51 - 57], 6=[53 - 57], 7=[72 - 85], 8=[48 - 60], 9=[74 - 87], 10=[50 - 62], 11=[44 - 50], 12=[46 - 50], 13=[47 - 60], 14=[91 - 100], 15=[68 - 71], 16=[49 - 62], 17=[93 - 100], 18=[68 - 73], 19=[87 - 93], 20=[89 - 93], 21=[45 - 53], 22=[76 - 81], 23=[84 - 96], 24=[45 - 55], 25=[78 - 81], 26=[86 - 98], 27=[81 - 86], 28=[82 - 86], 29=[56 - 68], 30=[58 - 70], 31=[52 - 58], 32=[54 - 58], 33=[49 - 61], 34=[51 - 63], 35=[45 - 51], 36=[47 - 51], 37=[48 - 61], 38=[0 - 1], 39=[69 - 70], 40=[50 - 63], 41=[0 - 1], 42=[69 - 70], 43=[46 - 54], 44=[46 - 56], 45=[83 - 96], 46=[60 - 71], 47=[85 - 97], 48=[56 - 57], 49=[61 - 73], 50=[60 - 61], 51=[60 - 61], 52=[76 - 89], 53=[60 - 64], 54=[78 - 91], 55=[60 - 66], 56=[60 - 64], 57=[95 - 97], 58=[56 - 60], 59=[72 - 75], 60=[60 - 66], 61=[56 - 60], 62=[72 - 77], 63=[91 - 97], 64=[93 - 97], 65=[80 - 85], 66=[88 - 97], 67=[56 - 59], 68=[82 - 85], 69=[90 - 97], 70=[56 - 60], 71=[85 - 90], 72=[86 - 90], 73=[60 - 72], 74=[62 - 74], 75=[60 - 62], 76=[60 - 62], 77=[60 - 65], 78=[60 - 67], 79=[60 - 65], 80=[73 - 74], 81=[60 - 67], 82=[73 - 74]}
Seed Range #0: Location [79 - 92]
Seed Range #2: Location [55 - 67]
Seed Range #3: Location [81 - 94]
Seed Range #4: Location [57 - 69]
Seed Range #5: Location [51 - 57]
Seed Range #6: Location [53 - 57]
Seed Range #7: Location [72 - 85]
Seed Range #8: Location [48 - 60]
Seed Range #9: Location [74 - 87]
Seed Range #10: Location [50 - 62]
Seed Range #11: Location [44 - 50]
Seed Range #12: Location [46 - 50]
Seed Range #13: Location [47 - 60]
Seed Range #14: Location [91 - 100]
Seed Range #15: Location [68 - 71]
Seed Range #16: Location [49 - 62]
Seed Range #17: Location [93 - 100]
Seed Range #18: Location [68 - 73]
Seed Range #19: Location [87 - 93]
Seed Range #20: Location [89 - 93]
Seed Range #21: Location [45 - 53]
Seed Range #22: Location [76 - 81]
Seed Range #23: Location [84 - 96]
Seed Range #24: Location [45 - 55]
Seed Range #25: Location [78 - 81]
Seed Range #26: Location [86 - 98]
Seed Range #27: Location [81 - 86]
Seed Range #28: Location [82 - 86]
Seed Range #29: Location [56 - 68]
Seed Range #30: Location [58 - 70]
Seed Range #31: Location [52 - 58]
Seed Range #32: Location [54 - 58]
Seed Range #33: Location [49 - 61]
Seed Range #34: Location [51 - 63]
Seed Range #35: Location [45 - 51]
Seed Range #36: Location [47 - 51]
Seed Range #37: Location [48 - 61]
Seed Range #38: Location [0 - 1]
Seed Range #39: Location [69 - 70]
Seed Range #40: Location [50 - 63]
Seed Range #41: Location [0 - 1]
Seed Range #42: Location [69 - 70]
Seed Range #43: Location [46 - 54]
Seed Range #44: Location [46 - 56]
Seed Range #45: Location [83 - 96]
Seed Range #46: Location [60 - 71]
Seed Range #47: Location [85 - 97]
Seed Range #48: Location [56 - 57]
Seed Range #49: Location [61 - 73]
Seed Range #50: Location [60 - 61]
Seed Range #51: Location [60 - 61]
Seed Range #52: Location [76 - 89]
Seed Range #53: Location [60 - 64]
Seed Range #54: Location [78 - 91]
Seed Range #55: Location [60 - 66]
Seed Range #56: Location [60 - 64]
Seed Range #57: Location [95 - 97]
Seed Range #58: Location [56 - 60]
Seed Range #59: Location [72 - 75]
Seed Range #60: Location [60 - 66]
Seed Range #61: Location [56 - 60]
Seed Range #62: Location [72 - 77]
Seed Range #63: Location [91 - 97]
Seed Range #64: Location [93 - 97]
Seed Range #65: Location [80 - 85]
Seed Range #66: Location [88 - 97]
Seed Range #67: Location [56 - 59]
Seed Range #68: Location [82 - 85]
Seed Range #69: Location [90 - 97]
Seed Range #70: Location [56 - 60]
Seed Range #71: Location [85 - 90]
Seed Range #72: Location [86 - 90]
Seed Range #73: Location [60 - 72]
Seed Range #74: Location [62 - 74]
Seed Range #75: Location [60 - 62]
Seed Range #76: Location [60 - 62]
Seed Range #77: Location [60 - 65]
Seed Range #78: Location [60 - 67]
Seed Range #79: Location [60 - 65]
Seed Range #80: Location [73 - 74]
Seed Range #81: Location [60 - 67]
Seed Range #82: Location [73 - 74]
Lowest index: 38
Lowest location: 0

Total time: 130ms

~=~=~=~=~=~=~=~=~=~<         END OF LOG         >~=~=~=~=~=~=~=~=~=~
