~=~=~=~=~=~=~=~=~=~< Advent of Code 2023: Day 5 >~=~=~=~=~=~=~=~=~=~
-------------------<  12-05-2023; 18-18-21-433  >-------------------


-------------------<          PART TWO          >-------------------
Seed Map: [[79, 93], [55, 68]]

Map 0:
98 - 50 > 2
50 - 52 > 48

Map iteration 0: [81, 94], [57, 69], 

Map 1:
15 - 0 > 37
52 - 37 > 2
0 - 39 > 15

Map iteration 1: [81, 94], [57, 69], 

Map 2:
53 - 49 > 8
11 - 0 > 42
0 - 42 > 7
7 - 57 > 4

Map iteration 2: [81, 94], [53, 56], 

Map 3:
18 - 88 > 7
25 - 18 > 70

Map iteration 3: [74, 86], [46, 48], 

Map 4:
77 - 45 > 23
45 - 81 > 19
64 - 68 > 13

Map iteration 4: [74, 77], [45, 53], [78, 80], [82, 83], 

Map 5:
69 - 0 > 1
0 - 1 > 69

Map iteration 5: [74, 77], [46, 53], [78, 80], [82, 83], 

Map 6:
56 - 60 > 37
93 - 56 > 4

