~=~=~=~=~=~=~=~=~=~< Advent of Code 2023: Day 5 >~=~=~=~=~=~=~=~=~=~
-------------------<  12-05-2023; 17-49-14-296  >-------------------


-------------------<          PART TWO          >-------------------
Seed Map: [[79 - 92], [55 - 67]]
Map 0:
98 - 50 > 2
50 - 52 > 48

[79 - 92]
[[81 - 94]]

[55 - 67]
[[57 - 69]]

Map iteration 0: [81 - 94], [57 - 69], 
Map 1:
15 - 0 > 37
52 - 37 > 2
0 - 39 > 15

[81 - 94]
[[81 - 94]]

[57 - 69]
[[57 - 69]]

Map iteration 1: [81 - 94], [57 - 69], 
Map 2:
53 - 49 > 8
11 - 0 > 42
0 - 42 > 7
7 - 57 > 4

[81 - 94]
[[81 - 94]]

[57 - 69]
[[57 - 65], [53 - 57]]

Map iteration 2: [81 - 94], [57 - 65], [53 - 57], 
Map 3:
18 - 88 > 7
25 - 18 > 70

[81 - 94]
[[74 - 87]]

[57 - 65]
[[50 - 58]]

[53 - 57]
[[46 - 50]]

Map iteration 3: [74 - 87], [50 - 58], [46 - 50], 
Map 4:
77 - 45 > 23
45 - 81 > 19
64 - 68 > 13

[74 - 87]
[[45 - 122], [45 - 55], [81 - 91], [78 - 81]]

[50 - 58]
[[86 - 94]]

[46 - 50]
[[82 - 86]]

Map iteration 4: [45 - 122], [45 - 55], [81 - 91], [78 - 81], [86 - 94], [82 - 86], 
Map 5:
69 - 0 > 1
0 - 1 > 69

[45 - 122]
[[0 - 69], [1 - 53], [0 - 1], [70 - 123], [46 - 70]]

[45 - 55]
[[46 - 56]]

[81 - 91]
[[81 - 91]]

[78 - 81]
[[78 - 81]]

[86 - 94]
[[86 - 94]]

[82 - 86]
[[82 - 86]]

Map iteration 5: [0 - 69], [1 - 53], [0 - 1], [70 - 123], [46 - 70], [46 - 56], [81 - 91], [78 - 81], [86 - 94], [82 - 86], 
Map 6:
56 - 60 > 37
93 - 56 > 4

[0 - 69]
[[60 - 116], [60 - 73]]

[1 - 53]
[[1 - 53]]

[0 - 1]
[[0 - 1]]

[70 - 123]
[[97 - 127], [74 - 97], [56 - 149], [60 - 86], [56 - 60]]

[46 - 70]
[[60 - 116], [60 - 74]]

[46 - 56]
[[60 - 116], [60 - 60]]

[81 - 91]
[[85 - 95]]

[78 - 81]
[[82 - 85]]

[86 - 94]
[[97 - 98], [90 - 97], [56 - 149], [56 - 57]]

[82 - 86]
[[86 - 90]]

Map iteration 6: [60 - 116], [60 - 73], [1 - 53], [0 - 1], [97 - 127], [74 - 97], [56 - 149], [60 - 86], [56 - 60], [60 - 116], [60 - 74], [60 - 116], [60 - 60], [85 - 95], [82 - 85], [97 - 98], [90 - 97], [56 - 149], [56 - 57], [86 - 90], 
Lowest index: 3
Lowest location: 0

Total time: 66ms

~=~=~=~=~=~=~=~=~=~<         END OF LOG         >~=~=~=~=~=~=~=~=~=~
