~=~=~=~=~=~=~=~=~=~< Advent of Code 2023: Day 5 >~=~=~=~=~=~=~=~=~=~
-------------------<  12-05-2023; 18-14-50-727  >-------------------


-------------------<          PART TWO          >-------------------
Seed Map: [[79, 93], [55, 68]]

Map 0:
98 - 50 > 2
50 - 52 > 48

Map iteration 0: [81, 95], [57, 70], 

Map 1:
15 - 0 > 37
52 - 37 > 2
0 - 39 > 15

Map iteration 1: [81, 95], [57, 70], 

Map 2:
53 - 49 > 8
11 - 0 > 42
0 - 42 > 7
7 - 57 > 4

Map iteration 2: [81, 95], [62, 71], [53, 57], 

Map 3:
18 - 88 > 7
25 - 18 > 70

Map iteration 3: [74, 88], [55, 64], [46, 50], 

Map 4:
77 - 45 > 23
45 - 81 > 19
64 - 68 > 13

