~=~=~=~=~=~=~=~=~=~< Advent of Code 2023: Day 5 >~=~=~=~=~=~=~=~=~=~
-------------------<  12-05-2023; 14-57-15-770  >-------------------


-------------------<          PART TWO          >-------------------
Seed Map: {0=[5844012 - 116743485], 1=[110899473 - 1243185223], 2=[1132285750 - 1191155786], 3=[58870036 - 1045032965], 4=[986162929 - 1095243569], 5=[109080640 - 3198654916], 6=[3089574276 - 3189687900], 7=[100113624 - 2793293620], 8=[2693179996 - 2968925326]}
Day5$SeedMap@5a2e4553
Day5$SeedMap@28c97a5
Day5$SeedMap@6659c656
Day5$SeedMap@6d5380c2
Day5$SeedMap@45ff54e6
Day5$SeedMap@2328c243
Day5$SeedMap@bebdb06
Map iteration 0: {0=[2735666402 - 2846565875], 1=[2840721863 - 3973007613], 2=[3426553621 - 3485423657], 3=[2788692426 - 3774855355], 4=[3280430800 - 3389511440], 5=[2838903030 - 5928477306], 6=[1661689752 - 1761803376], 7=[2829936014 - 5523116010], 8=[1265295472 - 1541040802]}
Map iteration 1: {0=[3285684146 - 3396583619], 1=[1897227649 - 3029513399], 2=[3361682440 - 3420552476], 3=[3338710170 - 4324873099], 4=[2849630923 - 2958711563], 5=[1895408816 - 4984983092], 6=[1661689752 - 1761803376], 7=[1886441800 - 4579621796], 8=[250837964 - 526583294]}
Map iteration 2: {0=[1494404667 - 1605304140], 1=[3517164697 - 4649450447], 2=[1570402961 - 1629272997], 3=[1547430691 - 2533593620], 4=[2430993569 - 2540074209], 5=[3515345864 - 6604920140], 6=[2991468338 - 3091581962], 7=[3506378848 - 6199558844], 8=[250837964 - 526583294]}
Map iteration 3: {0=[3316329223 - 3427228696], 1=[2090766680 - 3223052430], 2=[3392327517 - 3451197553], 3=[3369355247 - 4355518176], 4=[2333026939 - 2442107579], 5=[2088947847 - 5178522123], 6=[1364051693 - 1464165317], 7=[2079980831 - 4773160827], 8=[579716438 - 855461768]}
Map iteration 4: {0=[4047860789 - 4158760262], 1=[4254909717 - 5387195467], 2=[3879033928 - 3937903964], 3=[3856061658 - 4842224587], 4=[3334793292 - 3443873932], 5=[4253090884 - 7342665160], 6=[1790360362 - 1890473986], 7=[4244123868 - 6937303864], 8=[3596877682 - 3872623012]}
Map iteration 5: {0=[4047860789 - 4158760262], 1=[4135623259 - 5267909009], 2=[1153467296 - 1212337332], 3=[1130495026 - 2116657955], 4=[3935687364 - 4044768004], 5=[4133804426 - 7223378702], 6=[1313289031 - 1413402655], 7=[4124837410 - 6818017406], 8=[2670780592 - 2946525922]}
Map iteration 6: {0=[4217167942 - 4328067415], 1=[1619680200 - 2751965950], 2=[1230040740 - 1288910776], 3=[1207068470 - 2193231399], 4=[4104994517 - 4214075157], 5=[1617861367 - 4707435643], 6=[1839010340 - 1939123964], 7=[1608894351 - 4302074347], 8=[2840087745 - 3115833075]}
Seed 0: Location [4217167942 - 4328067415]
Seed 1: Location [1619680200 - 2751965950]
Seed 2: Location [1230040740 - 1288910776]
Seed 3: Location [1207068470 - 2193231399]
Seed 4: Location [4104994517 - 4214075157]
Seed 5: Location [1617861367 - 4707435643]
Seed 6: Location [1839010340 - 1939123964]
Seed 7: Location [1608894351 - 4302074347]
Seed 8: Location [2840087745 - 3115833075]
Lowest location: 1207068470

Total time: 48ms

~=~=~=~=~=~=~=~=~=~<         END OF LOG         >~=~=~=~=~=~=~=~=~=~
