~=~=~=~=~=~=~=~=~=~< Advent of Code 2023: Day 5 >~=~=~=~=~=~=~=~=~=~
-------------------<  12-05-2023; 17-15-03-281  >-------------------


-------------------<          PART TWO          >-------------------
Seed Map: [[79 - 93], [55 - 68]]
Map 0:
98 - 50 > 2
50 - 52 > 48

Map iteration 0: [79 - 93], [81 - 95], [55 - 68], [57 - 70], 
Map 1:
15 - 0 > 37
52 - 37 > 2
0 - 39 > 15

Map iteration 1: [79 - 93], [81 - 95], [55 - 68], [57 - 70], 
Map 2:
53 - 49 > 8
11 - 0 > 42
0 - 42 > 7
7 - 57 > 4

Map iteration 2: [79 - 93], [81 - 95], [51 - 57], [55 - 68], [53 - 57], [57 - 70], 
Map 3:
18 - 88 > 7
25 - 18 > 70

Map iteration 3: [79 - 93], [72 - 86], [81 - 95], [74 - 88], [51 - 57], [44 - 50], [55 - 68], [48 - 61], [53 - 57], [46 - 50], [57 - 70], [50 - 63], 
Map 4:
77 - 45 > 23
45 - 81 > 19
64 - 68 > 13

Map iteration 4: [47 - 61], [79 - 93], [45 - 54], [72 - 86], [76 - 81], [49 - 63], [81 - 95], [45 - 56], [74 - 88], [78 - 81], [51 - 57], [87 - 93], [44 - 50], [81 - 86], [55 - 68], [91 - 100], [68 - 72], [48 - 61], [84 - 97], [53 - 57], [89 - 93], [46 - 50], [82 - 86], [57 - 70], [93 - 100], [68 - 74], [50 - 63], [86 - 99], 
Map 5:
69 - 0 > 1
0 - 1 > 69

Map iteration 5: [47 - 61], [48 - 62], [79 - 93], [45 - 54], [46 - 55], [72 - 86], [76 - 81], [49 - 63], [50 - 64], [81 - 95], [45 - 56], [46 - 57], [74 - 88], [78 - 81], [51 - 57], [52 - 58], [87 - 93], [44 - 50], [45 - 51], [81 - 86], [55 - 68], [56 - 69], [91 - 100], [68 - 72], [69 - 70], [48 - 61], [49 - 62], [84 - 97], [53 - 57], [54 - 58], [89 - 93], [46 - 50], [47 - 51], [82 - 86], [57 - 70], [58 - 70], [93 - 100], [68 - 74], [69 - 70], [50 - 63], [51 - 64], [86 - 99], 
Map 6:
56 - 60 > 37
93 - 56 > 4

Map iteration 6: [60 - 65], [47 - 61], [60 - 66], [48 - 62], [83 - 97], [56 - 56], [45 - 54], [46 - 55], [76 - 90], [72 - 86], [80 - 85], [76 - 81], [60 - 67], [49 - 63], [60 - 68], [50 - 64], [85 - 97], [56 - 58], [60 - 60], [45 - 56], [60 - 61], [46 - 57], [78 - 92], [74 - 88], [82 - 85], [78 - 81], [60 - 61], [51 - 57], [60 - 62], [52 - 58], [91 - 97], [56 - 56], [44 - 50], [45 - 51], [85 - 90], [81 - 86], [60 - 72], [55 - 68], [60 - 73], [56 - 69], [95 - 97], [91 - 100], [72 - 76], [68 - 72], [73 - 74], [69 - 70], [60 - 65], [48 - 61], [60 - 66], [49 - 62], [88 - 97], [84 - 97], [60 - 61], [53 - 57], [60 - 62], [54 - 58], [93 - 97], [56 - 56], [46 - 50], [47 - 51], [86 - 90], [82 - 86], [61 - 74], [57 - 70], [62 - 74], [58 - 70], [93 - 100], [56 - 60], [72 - 78], [68 - 74], [73 - 74], [69 - 70], [60 - 67], [50 - 63], [60 - 68], [51 - 64], [90 - 97], [86 - 99], 
Lowest index: 32
Lowest location: 44

Total time: 50ms

~=~=~=~=~=~=~=~=~=~<         END OF LOG         >~=~=~=~=~=~=~=~=~=~
