~=~=~=~=~=~=~=~=~=~< Advent of Code 2023: Day 5 >~=~=~=~=~=~=~=~=~=~
-------------------<  12-05-2023; 14-59-41-056  >-------------------


-------------------<          PART TWO          >-------------------
Seed Map: {0=[5844012 - 116743485], 2=[1132285750 - 1191155786], 4=[986162929 - 1095243569], 6=[3089574276 - 3189687900], 8=[2693179996 - 2968925326], 10=[2090752257 - 2292456426], 12=[502075018 - 898728365], 14=[1540050181 - 1817563973], 16=[1921754120 - 1948423111], 18=[3836386950 - 3903181959]}
Day5$SeedMap@5a2e4553
Day5$SeedMap@28c97a5
Day5$SeedMap@6659c656
Day5$SeedMap@6d5380c2
Day5$SeedMap@45ff54e6
Day5$SeedMap@2328c243
Day5$SeedMap@bebdb06
Map iteration 0: {0=[2735666402 - 2846565875], 2=[3426553621 - 3485423657], 4=[3280430800 - 3389511440], 6=[1661689752 - 1761803376], 8=[1265295472 - 1541040802], 10=[662867733 - 864571902], 12=[2163465243 - 2560118590], 14=[112165657 - 389679449], 16=[493869596 - 520538587], 18=[3980430486 - 4047225495]}
Map iteration 1: {0=[3285684146 - 3396583619], 2=[3361682440 - 3420552476], 4=[2849630923 - 2958711563], 6=[1661689752 - 1761803376], 8=[250837964 - 526583294], 10=[1224604255 - 1426308424], 12=[4118907516 - 4515560863], 14=[1126057394 - 1403571186], 16=[756680299 - 783349290], 18=[2079048695 - 2145843704]}
Map iteration 2: {0=[1494404667 - 1605304140], 2=[1570402961 - 1629272997], 4=[2430993569 - 2540074209], 6=[2991468338 - 3091581962], 8=[250837964 - 526583294], 10=[2826685969 - 3028390138], 12=[3199454925 - 3596108272], 14=[1126057394 - 1403571186], 16=[624429551 - 651098542], 18=[3698985743 - 3765780752]}
Map iteration 3: {0=[3316329223 - 3427228696], 2=[3392327517 - 3451197553], 4=[2333026939 - 2442107579], 6=[1364051693 - 1464165317], 8=[579716438 - 855461768], 10=[1199269324 - 1400973493], 12=[1706613991 - 2103267338], 14=[2655507409 - 2933021201], 16=[489039180 - 515708171], 18=[4192478912 - 4259273921]}
Map iteration 4: {0=[4047860789 - 4158760262], 2=[3879033928 - 3937903964], 4=[3334793292 - 3443873932], 6=[1790360362 - 1890473986], 8=[3596877682 - 3872623012], 10=[1625577993 - 1827282162], 12=[3206400971 - 3603054318], 14=[3079772691 - 3357286483], 16=[328103339 - 354772330], 18=[1503155952 - 1569950961]}
Map iteration 5: {0=[4047860789 - 4158760262], 2=[1153467296 - 1212337332], 4=[3935687364 - 4044768004], 6=[1313289031 - 1413402655], 8=[2670780592 - 2946525922], 10=[1747687106 - 1949391275], 12=[3807295043 - 4203948390], 14=[2505770059 - 2783283851], 16=[217191348 - 243860339], 18=[1625265065 - 1692060074]}
Map iteration 6: {0=[4217167942 - 4328067415], 2=[1230040740 - 1288910776], 4=[4104994517 - 4214075157], 6=[1839010340 - 1939123964], 8=[2840087745 - 3115833075], 10=[1916994259 - 2118698428], 12=[3976602196 - 4373255543], 14=[2675077212 - 2952591004], 16=[825516882 - 852185873], 18=[1527193957 - 1593988966]}
Seed 0: Location [4217167942 - 4328067415]
Seed 2: Location [1230040740 - 1288910776]
Seed 4: Location [4104994517 - 4214075157]
Seed 6: Location [1839010340 - 1939123964]
Seed 8: Location [2840087745 - 3115833075]
Seed 10: Location [1916994259 - 2118698428]
Seed 12: Location [3976602196 - 4373255543]
Seed 14: Location [2675077212 - 2952591004]
Seed 16: Location [825516882 - 852185873]
Seed 18: Location [1527193957 - 1593988966]
Lowest location: 825516882

Total time: 49ms

~=~=~=~=~=~=~=~=~=~<         END OF LOG         >~=~=~=~=~=~=~=~=~=~
