~=~=~=~=~=~=~=~=~=~< Advent of Code 2023: Day 5 >~=~=~=~=~=~=~=~=~=~
-------------------<  12-05-2023; 18-29-37-418  >-------------------


-------------------<          PART TWO          >-------------------
other sol: 136096660
Seed Map: [[5844012, 116743484], [1132285750, 1191155785], [986162929, 1095243568], [3089574276, 3189687899], [2693179996, 2968925325], [2090752257, 2292456425], [502075018, 898728364], [1540050181, 1817563972], [1921754120, 1948423110], [3836386950, 3903181958]]

Map 0:
1239929038 - 3547471595 > 174680800
758183681 - 3052451552 > 481745357
1427884524 - 0 > 1775655006
549819300 - 2844087171 > 208364381
4004864866 - 3767989253 > 5194940
1414609838 - 3534196909 > 13274686
114264781 - 1775655006 > 435554519
4010059806 - 4148908402 > 146058894
0 - 2729822390 > 114264781
4156118700 - 3773184193 > 138848596
3203539530 - 2211209525 > 518612865
3767989253 - 3912032789 > 236875613

Map iteration 0: [5844012, 114264781], [1775655006, 1778133709], [114264781, 116743484], [2735666402, 2844087171], [3426553621, 3485423656], [3280430800, 3389511439], [1661689752, 1761803375], [1265295472, 1541040801], [662867733, 864571901], [502075018, 758183681], [3052451552, 3192996235], [502075018, 549819300], [758183681, 898728364], [2844087171, 3052451552], [549819300, 898728364], [2163465243, 2211209525], [112165657, 389679448], [493869596, 520538586], [3980430486, 4047225494], 

Map 1:
1056091028 - 912405184 > 152837752
1208928780 - 194471272 > 200072008
240819204 - 136115250 > 58356022
3536983174 - 3502815281 > 299994001
2458149869 - 2321814552 > 18748048
2623931701 - 3173949445 > 9591555
888648379 - 394543280 > 167442649
3891640206 - 1990258415 > 212931291
54862533 - 1068754270 > 153774684
660792432 - 1222528954 > 186471834
3405750148 - 3340878967 > 131233026
3836977175 - 3472111993 > 30703288
299175226 - 561985929 > 225501956
4104571497 - 2942828492 > 88527954
850775600 - 874532405 > 37872779
3867680463 - 3031356446 > 23959743
208637217 - 842350418 > 32181987
524677182 - 0 > 136115250
847264266 - 1065242936 > 3511334
2339525023 - 2203189706 > 118624846
2563409394 - 1929736108 > 60522307
1847367009 - 3802809282 > 492158014
2790861223 - 1847367009 > 82369099
2873230322 - 2442430445 > 500398047
2633523256 - 3183541000 > 157337967
3373628369 - 3141827666 > 32121779
0 - 787487885 > 54862533
2476897917 - 3055316189 > 86511477
4193099451 - 2340562600 > 101867845

Map iteration 1: [5844012, 54862533], [1068754270, 1128156518], [54862533, 114264781], [793331897, 842350418], [1775655006, 1778133709], [1128156518, 1130635221], [2735666402, 2790861223], [1847367009, 1900592957], [2790861223, 2844087171], [3285684146, 3340878967], [3361682440, 3420552475], [3373628369, 3389511439], [2849630923, 2942828492], [3280430800, 3373628369], [3141827666, 3157710736], [1661689752, 1761803375], [1409000788, 1541040801], [250837964, 394543280], [847264266, 864571901], [1224604255, 1409000788], [662867733, 850775600], [874532405, 888328706], [662867733, 847264266], [850775600, 864571901], [1065242936, 1068754270], [502075018, 660792432], [1222528954, 1319920203], [524677182, 758183681], [764885721, 787487885], [502075018, 524677182], [660792432, 758183681], [0, 136115250], [2621651675, 2762196358], [524677182, 549819300], [0, 25142118], [758183681, 888648379], [394543280, 404623265], [847264266, 898728364], [1319920203, 1409000788], [758183681, 850775600], [888648379, 898728364], [874532405, 912405184], [758183681, 847264266], [850775600, 898728364], [2873230322, 3052451552], [1900592957, 1929736108], [2844087171, 2873230322], [2442430445, 2621651675], [549819300, 888648379], [549819300, 660792432], [1222528954, 1409000788], [549819300, 850775600], [660792432, 898728364], [25142118, 136115250], [549819300, 847264266], [4118907516, 4166651798], [112165657, 240819204], [299175226, 389679448], [136115250, 194471272], [208637217, 389679448], [1126057394, 1222528954], [112165657, 299175226], [561985929, 652490151], [112165657, 208637217], [240819204, 389679448], [842350418, 874532405], [756680299, 783349289], [2079048695, 2145843703], 

Map 2:
439687669 - 798315344 > 1930292
2966258900 - 1174979421 > 475289790
778614573 - 439687669 > 55925503
3453541232 - 3743699694 > 155280637
1659556189 - 2989334775 > 96021468
3441548690 - 1650269211 > 11992542
3608821869 - 3898980331 > 395986965
2123762646 - 1705125292 > 842496254
1755577657 - 3375514705 > 368184989
441617961 - 646363825 > 94777173
1616692650 - 1662261753 > 42863539
627863920 - 495613172 > 150750653
1174979421 - 2777061135 > 212273640
834540076 - 741140998 > 57174346
536395134 - 800245636 > 91468786
1387253061 - 2547621546 > 229439589
4004808834 - 3085356243 > 290158462

Map iteration 2: [5844012, 54862533], [1068754270, 1128156518], [54862533, 114264781], [834540076, 842350418], [454404993, 495613172], [793331897, 834540076], [741140998, 748951340], [3395592054, 3398070757], [1128156518, 1130635221], [2317029048, 2372223869], [3467304057, 3520530005], [2372223869, 2425449817], [1494404667, 1549599488], [1570402961, 1629272996], [1582348890, 1598231960], [2430993569, 2524191138], [1489151321, 1582348890], [1350548187, 1366431257], [1755577657, 1761803375], [2991468338, 3085356243], [1661689752, 1755577657], [3375514705, 3381740423], [2569369273, 2701409286], [250837964, 394543280], [753865188, 771172823], [1387253061, 1409000788], [2826685969, 2989334775], [1224604255, 1387253061], [2547621546, 2569369273], [662867733, 778614573], [834540076, 850775600], [439687669, 495613172], [778614573, 850775600], [530616985, 646363825], [662867733, 834540076], [741140998, 757376522], [781133327, 794929628], [834540076, 847264266], [778614573, 847264266], [741140998, 753865188], [757376522, 771172823], [1065242936, 1068754270], [536395134, 660792432], [706820882, 741140998], [502075018, 627863920], [495613172, 528541684], [502075018, 536395134], [627863920, 660792432], [800245636, 891714422], [2824610668, 2922001917], [536395134, 758183681], [729423046, 741140998], [524677182, 627863920], [495613172, 625932933], [524677182, 536395134], [627863920, 758183681], [764885721, 778614573], [439687669, 448560981], [778614573, 787487885], [632634973, 646363825], [706820882, 729423046], [528541684, 625932933], [0, 136115250], [2203014321, 2343559004], [536395134, 549819300], [800245636, 813669802], [0, 25142118], [758183681, 778614573], [834540076, 888648379], [778614573, 888648379], [625932933, 646363825], [758183681, 834540076], [741140998, 795249301], [394543280, 404623265], [891714422, 898728364], [753865188, 798315344], [2922001917, 2989334775], [1319920203, 1387253061], [795249301, 798315344], [891714422, 912405184], [781133327, 798315344], [757376522, 798315344], [2873230322, 2966258900], [1174979421, 1261172073], [2966258900, 3052451552], [2454592968, 2547621546], [3520530005, 3549673156], [2425449817, 2454592968], [2023793091, 2203014321], [549819300, 778614573], [549819300, 627863920], [495613172, 646363825], [549819300, 834540076], [627863920, 888648379], [813669802, 891714422], [2824610668, 2989334775], [1222528954, 1387253061], [627863920, 850775600], [660792432, 778614573], [834540076, 898728364], [778614573, 898728364], [528541684, 646363825], [660792432, 834540076], [741140998, 798315344], [25142118, 136115250], [627863920, 847264266], [3199454925, 3247199207], [112165657, 240819204], [299175226, 389679448], [136115250, 194471272], [208637217, 389679448], [1126057394, 1174979421], [2777061135, 2824610668], [112165657, 299175226], [561985929, 627863920], [495613172, 520239403], [627863920, 652490151], [825836431, 891714422], [112165657, 208637217], [240819204, 389679448], [748951340, 781133327], [756680299, 778614573], [439687669, 444422385], [778614573, 783349289], [624429551, 646363825], [2079048695, 2123762646], [1705125292, 1727206349], [2123762646, 2145843703], [3698985743, 3743699694], 

Map 3:
212840988 - 541719462 > 165903288
1615831015 - 3437755571 > 672632835
2678450187 - 1051033542 > 510773217
378744276 - 243353905 > 104057369
3801474127 - 1561806759 > 134575711
677109833 - 707622750 > 258560892
1051033542 - 2580483557 > 195631857
935670725 - 0 > 30512917
482801645 - 347411274 > 194308188
0 - 30512917 > 127836567
2288463850 - 2190497220 > 389986337
1246665399 - 3068589955 > 369165616
3936049838 - 1754579039 > 66442917
3616895237 - 4110388406 > 184578890
127836567 - 158349484 > 85004421
4002492755 - 2776115414 > 292474541
3247419973 - 1821021956 > 369475264
3189223404 - 1696382470 > 58196569

Map iteration 3: [36356929, 85375450], [2598204285, 2657606533], [85375450, 144777698], [865052993, 872863335], [482801645, 495613172], [319014622, 347411274], [454404993, 482801645], [347411274, 360222801], [823844814, 865052993], [771653915, 779464257], [1969194037, 1971672740], [2657606533, 2660085236], [2219062418, 2274257239], [2040906040, 2094131988], [2274257239, 2327483187], [3316329223, 3371524044], [1570402961, 1615831015], [3437755571, 3451197552], [1615831015, 1629272996], [3392327517, 3437755571], [3404273446, 3420156516], [2333026939, 2426224508], [3311075877, 3404273446], [3172472743, 3188355813], [3577502213, 3583727931], [1364051693, 1457939598], [3483614308, 3577502213], [1949116688, 1955342406], [2569369273, 2678450187], [1051033542, 1073992641], [2678450187, 2701409286], [2471402643, 2580483557], [378744276, 394543280], [579716438, 707622750], [250837964, 378744276], [243353905, 259152909], [784378105, 801685740], [3209177617, 3230925344], [1199269324, 1361918130], [1246665399, 1387253061], [2754054270, 2776115414], [1224604255, 1246665399], [3068589955, 3209177617], [2449654916, 2471402643], [662867733, 677109833], [707622750, 809127490], [677109833, 778614573], [527477362, 541719462], [865052993, 881288517], [304297298, 347411274], [439687669, 482801645], [809127490, 881288517], [395226614, 510973454], [707622750, 865052993], [677109833, 834540076], [771653915, 787889439], [811646244, 825442545], [865052993, 877777183], [809127490, 877777183], [771653915, 784378105], [787889439, 801685740], [2594692951, 2598204285], [401004763, 525402061], [737333799, 771653915], [366684647, 492473549], [360222801, 393151313], [366684647, 401004763], [492473549, 525402061], [830758553, 922227339], [1197194023, 1294585272], [536395134, 677109833], [707622750, 788696598], [677109833, 758183681], [401004763, 541719462], [759935963, 771653915], [389286811, 492473549], [360222801, 490542562], [389286811, 401004763], [627863920, 677109833], [492473549, 541719462], [795398638, 809127490], [304297298, 313170610], [809127490, 818000802], [497244602, 510973454], [737333799, 759935963], [393151313, 490542562], [127836567, 136115250], [30512917, 158349484], [0, 127836567], [158349484, 166628167], [2288463850, 2343559004], [4024938877, 4110388406], [2203014321, 2288463850], [2190497220, 2245592374], [401004763, 414428929], [830758553, 844182719], [30512917, 55655035], [788696598, 809127490], [865052993, 919161296], [809127490, 919161296], [490542562, 510973454], [788696598, 865052993], [771653915, 825762218], [259152909, 269232894], [922227339, 929241281], [784378105, 828828261], [1294585272, 1361918130], [3141844759, 3209177617], [825762218, 828828261], [922227339, 942918101], [811646244, 828828261], [787889439, 828828261], [1245813677, 1338842255], [1246665399, 1261172073], [2704429436, 2776115414], [1174979421, 1246665399], [3068589955, 3083096629], [1338842255, 1425034907], [2356626338, 2449654916], [2094131988, 2123275139], [2327483187, 2356626338], [3845717647, 4024938877], [549819300, 677109833], [414428929, 541719462], [414428929, 492473549], [360222801, 510973454], [707622750, 919161296], [677109833, 888648379], [844182719, 922227339], [1197194023, 1361918130], [2751978969, 2776115414], [1222528954, 1246665399], [707622750, 881288517], [677109833, 850775600], [660792432, 677109833], [525402061, 541719462], [865052993, 929241281], [809127490, 929241281], [393151313, 510973454], [771653915, 828828261], [55655035, 158349484], [25142118, 127836567], [707622750, 877777183], [677109833, 847264266], [1706613991, 1754358273], [112165657, 212840988], [541719462, 569697678], [127836567, 240819204], [142678574, 158349484], [112165657, 127836567], [212840988, 240819204], [158349484, 243353905], [378744276, 389679448], [628053700, 707622750], [299175226, 378744276], [243353905, 254289077], [166628167, 224984189], [208637217, 212840988], [541719462, 707622750], [208637217, 378744276], [212840988, 389679448], [239150134, 243353905], [2655507409, 2704429436], [1149644490, 1197194023], [541719462, 628053700], [127836567, 299175226], [212840988, 299175226], [426595558, 492473549], [360222801, 384849032], [492473549, 517099780], [856349348, 922227339], [127836567, 208637217], [158349484, 239150134], [569697678, 707622750], [240819204, 378744276], [779464257, 811646244], [787193216, 809127490], [304297298, 309032014], [809127490, 813862206], [489039180, 510973454], [3900973251, 3945687202], [3527049848, 3549130905], [3945687202, 3967768259], [4192478912, 4237192863], 

Map 4:
2812162941 - 338228166 > 77503977
693964345 - 3123877206 > 40932068
614787731 - 3939438903 > 633466
2299402886 - 3301169239 > 215156012
499164007 - 3516325251 > 115623724
3365439095 - 3852145506 > 87293397
3565078024 - 875755064 > 729889272
734896413 - 2849390436 > 11914872
215265512 - 2861305308 > 77518872
2056242491 - 4220385528 > 68417151
3167682469 - 2221674563 > 34693717
292784384 - 2765973467 > 83416969
1699097031 - 3198884011 > 22283517
2889666918 - 3164809274 > 34074737
746811285 - 809366712 > 52314986
1633036395 - 4096970661 > 58945085
2699611924 - 3221167528 > 80001711
3452732492 - 697021180 > 112345532
799126271 - 2059345064 > 162329499
629494563 - 4155915746 > 64469782
1721380548 - 2431111524 > 334861943
2779613635 - 684283267 > 12737913
2923741655 - 440342453 > 243940814
961455770 - 3634265609 > 217879897
3202376186 - 4288802679 > 6164617
1691981480 - 415732143 > 4798917
1179335667 - 1605644336 > 453700728
2792351548 - 420531060 > 19811393
1696780397 - 3631948975 > 2316634
2514558898 - 2938824180 > 185053026
376201353 - 215265512 > 122962654
2124659642 - 2256368280 > 174743244
3208540803 - 3940072369 > 156898292
615421197 - 861681698 > 14073366

Map iteration 4: [36356929, 85375450], [3022469567, 3081871815], [85375450, 144777698], [2125271786, 2133082128], [321865804, 334677331], [2792203705, 2820600357], [293469152, 321865804], [2820600357, 2833411884], [2084063607, 2125271786], [834209342, 842019684], [2678925013, 2681403716], [3081871815, 3084350518], [2350771056, 2405965877], [2040906040, 2056242491], [4220385528, 4258275025], [2056242491, 2094131988], [2750637016, 2765973467], [2274257239, 2299402886], [3301169239, 3329249540], [2299402886, 2327483187], [2405965877, 2431111524], [3316329223, 3365439095], [3852145506, 3858230455], [3365439095, 3371524044], [4047860789, 4096970661], [1996711630, 2042139684], [3924461982, 3937903963], [2042139684, 2055581665], [3879033928, 3924461982], [3890979857, 3906862927], [3334793292, 3427990861], [3311075877, 3365439095], [3852145506, 3890979857], [3365439095, 3404273446], [4042607443, 4096970661], [2226464837, 2242347907], [888179253, 894404971], [1790360362, 1884248267], [3483614308, 3565078024], [875755064, 888179253], [3565078024, 3577502213], [727902996, 809366712], [2658847664, 2665073382], [2993634555, 3102715469], [3723843381, 3746802480], [2678450187, 2699611924], [3221167528, 3222964890], [2699611924, 2701409286], [3102715469, 3123877206], [2514558898, 2580483557], [3473168996, 3516325251], [2471402643, 2514558898], [2938824180, 3004748839], [217808435, 233607439], [579716438, 693964345], [3123877206, 3137535611], [579716438, 614787731], [615421197, 707622750], [3939438903, 3940072369], [614787731, 707622750], [3596877682, 3631948975], [579716438, 629494563], [693964345, 707622750], [4155915746, 4220385528], [579716438, 615421197], [629494563, 707622750], [861681698, 875755064], [292784384, 378744276], [2896877760, 2938824180], [250837964, 292784384], [376201353, 378744276], [2765973467, 2849390436], [250837964, 376201353], [215265512, 217808435], [2889393701, 2905192705], [799126271, 801685740], [846933532, 861681698], [784378105, 799126271], [2059345064, 2061904533], [3940709183, 3962456910], [1625577993, 1788226799], [1672974068, 1813561730], [3275609874, 3297671018], [1650912924, 1672974068], [3068589955, 3167682469], [3202376186, 3209177617], [2221674563, 2256368280], [3167682469, 3209177617], [585190753, 684283267], [3068589955, 3202376186], [3208540803, 3209177617], [4288802679, 4294967296], [3068589955, 3208540803], [3940072369, 3940709183], [3451421269, 3473168996], [4189288916, 4203531016], [734896413, 809127490], [3137535611, 3164809274], [707622750, 734896413], [746811285, 809127490], [2849390436, 2861305308], [707622750, 746811285], [799126271, 809127490], [809366712, 861681698], [707622750, 799126271], [2059345064, 2069346283], [677109833, 693964345], [734896413, 778614573], [3123877206, 3164809274], [677109833, 734896413], [746811285, 778614573], [677109833, 746811285], [809366712, 841170000], [693964345, 778614573], [4203531016, 4220385528], [3544638606, 3558880706], [2125271786, 2141507310], [2777486381, 2820600357], [278751828, 321865804], [2069346283, 2141507310], [395226614, 499164007], [3516325251, 3528134698], [499164007, 510973454], [234290773, 338228166], [734896413, 865052993], [746811285, 865052993], [799126271, 865052993], [2059345064, 2125271786], [734896413, 834540076], [746811285, 834540076], [799126271, 834540076], [677109833, 799126271], [2059345064, 2094758869], [693964345, 834540076], [834209342, 850444866], [2071865037, 2085661338], [2125271786, 2137995976], [2069346283, 2137995976], [834209342, 846933532], [850444866, 861681698], [787889439, 799126271], [3018958233, 3022469567], [401004763, 499164007], [3516325251, 3542563305], [499164007, 525402061], [240068922, 338228166], [746811285, 771653915], [2851827822, 2861305308], [737333799, 746811285], [809366712, 834209342], [376201353, 492473549], [2839873730, 2849390436], [366684647, 376201353], [215265512, 331537708], [376201353, 393151313], [2833411884, 2849390436], [360222801, 376201353], [215265512, 232215472], [376201353, 401004763], [215265512, 240068922], [492473549, 499164007], [331537708, 338228166], [2090977346, 2182446132], [1623502692, 1720893941], [536395134, 614787731], [615421197, 677109833], [614787731, 677109833], [3553556378, 3631948975], [536395134, 629494563], [4155915746, 4203531016], [536395134, 615421197], [629494563, 677109833], [734896413, 788696598], [746811285, 788696598], [809366712, 851252025], [734896413, 758183681], [746811285, 758183681], [809366712, 820739108], [693964345, 758183681], [3516325251, 3558880706], [499164007, 541719462], [822491390, 834209342], [228350970, 331537708], [376201353, 490542562], [215265512, 329606721], [228350970, 240068922], [627863920, 629494563], [874124421, 875755064], [857954065, 861681698], [795398638, 799126271], [2777486381, 2786359693], [2069346283, 2078219595], [497244602, 499164007], [336308761, 338228166], [746811285, 759935963], [809366712, 822491390], [232215472, 329606721], [127836567, 136115250], [30512917, 158349484], [0, 127836567], [158349484, 166628167], [2288463850, 2299402886], [3301169239, 3345325357], [2299402886, 2343559004], [2420172488, 2431111524], [1335615917, 1421065446], [2334722959, 2420172488], [2322205858, 2377301012], [240068922, 253493088], [2090977346, 2104401512], [30512917, 55655035], [851252025, 861681698], [788696598, 799126271], [2125271786, 2179380089], [2069346283, 2179380089], [490542562, 499164007], [329606721, 338228166], [799126271, 825762218], [834209342, 861681698], [771653915, 799126271], [2059345064, 2085981011], [2905192705, 2915272690], [2182446132, 2189460074], [799126271, 828828261], [2059345064, 2089047054], [1720893941, 1788226799], [3141844759, 3167682469], [658445557, 684283267], [3141844759, 3202376186], [3141844759, 3208540803], [2085981011, 2089047054], [2182446132, 2203136894], [2071865037, 2089047054], [1672122346, 1765150924], [1672974068, 1687480742], [3225985040, 3297671018], [1179335667, 1246665399], [3847789260, 3852145506], [1174979421, 1179335667], [1605644336, 1672974068], [585190753, 599697427], [1765150924, 1851343576], [3358392691, 3451421269], [4258275025, 4287418176], [3329249540, 3358392691], [1156394687, 1335615917], [549819300, 614787731], [3566980544, 3631948975], [549819300, 629494563], [549819300, 615421197], [414428929, 499164007], [253493088, 338228166], [253493088, 331537708], [360222801, 499164007], [376201353, 510973454], [215265512, 338228166], [734896413, 919161296], [746811285, 919161296], [799126271, 919161296], [2059345064, 2179380089], [734896413, 888648379], [746811285, 888648379], [799126271, 888648379], [2059345064, 2148867172], [693964345, 888648379], [2104401512, 2182446132], [1623502692, 1788226799], [3273534573, 3297671018], [1648837623, 1672974068], [734896413, 881288517], [746811285, 881288517], [799126271, 881288517], [2059345064, 2141507310], [734896413, 850775600], [746811285, 850775600], [799126271, 850775600], [2059345064, 2110994393], [693964345, 850775600], [4187213615, 4203531016], [3542563305, 3558880706], [2125271786, 2189460074], [2069346283, 2189460074], [393151313, 499164007], [232215472, 338228166], [55655035, 158349484], [25142118, 127836567], [734896413, 877777183], [746811285, 877777183], [799126271, 877777183], [2059345064, 2137995976], [734896413, 847264266], [746811285, 847264266], [799126271, 847264266], [2059345064, 2107483059], [693964345, 847264266], [1721380548, 1754358273], [3206400971, 3221167528], [1706613991, 1721380548], [2431111524, 2464089249], [112165657, 212840988], [3558880706, 3586858922], [127836567, 215265512], [2861305308, 2886859000], [142678574, 158349484], [112165657, 127836567], [212840988, 215265512], [158349484, 215265512], [2861305308, 2889393701], [217808435, 228743607], [628053700, 693964345], [628053700, 629494563], [874314201, 875755064], [2772364309, 2849390436], [299175226, 376201353], [2889393701, 2900328873], [166628167, 215265512], [2861305308, 2871023985], [208637217, 212840988], [541719462, 693964345], [541719462, 614787731], [3558880706, 3631948975], [541719462, 629494563], [541719462, 615421197], [208637217, 215265512], [2861305308, 2938824180], [208637217, 292784384], [208637217, 376201353], [292784384, 389679448], [212840988, 292784384], [376201353, 389679448], [212840988, 376201353], [215265512, 228743607], [2885189930, 2889393701], [2655507409, 2699611924], [3221167528, 3225985040], [2699611924, 2704429436], [3079772691, 3123877206], [1179335667, 1197194023], [3822454329, 3852145506], [1149644490, 1179335667], [1605644336, 1623502692], [615421197, 628053700], [614787731, 628053700], [861681698, 874314201], [292784384, 299175226], [127836567, 292784384], [2765973467, 2772364309], [265659717, 331537708], [376201353, 384849032], [215265512, 223913191], [3516325251, 3534261024], [499164007, 517099780], [2116568141, 2182446132], [127836567, 208637217], [2861305308, 2885189930], [569697678, 693964345], [569697678, 614787731], [3586858922, 3631948975], [569697678, 629494563], [569697678, 615421197], [2886859000, 2938824180], [240819204, 292784384], [240819204, 376201353], [799126271, 811646244], [842019684, 861681698], [779464257, 799126271], [2059345064, 2071865037], [849748643, 861681698], [787193216, 799126271], [2777486381, 2782221097], [2069346283, 2074080999], [489039180, 499164007], [328103339, 338228166], [1211650291, 1256364242], [771338536, 793419593], [1256364242, 1278445299], [1503155952, 1547869903], 

Map 5:
2731200418 - 841576398 > 60836938
395011682 - 1860695540 > 292982985
3432774193 - 1518037021 > 53954373
2461900019 - 1786573987 > 55353430
1995108352 - 2940303448 > 6974538
1664464874 - 3014069287 > 53916789
2190061656 - 753139746 > 88436652
2925825589 - 2351822957 > 209990361
3498626816 - 3079884326 > 37609115
4186346579 - 4067060121 > 108620717
4102322798 - 4175680838 > 3778367
2415899186 - 1571991394 > 46000833
1157034722 - 2841627583 > 22534242
2517253449 - 1841927417 > 18768123
47765849 - 2153678525 > 108568164
1179568964 - 3251281674 > 226737882
3486728566 - 3067986076 > 11898250
1785172964 - 1308101633 > 209935388
1406306846 - 2262246689 > 89576268
2278498308 - 902413336 > 137400878
3765380846 - 1039814214 > 268287419
156334013 - 45422022 > 238677669
2612163195 - 3617672799 > 119037223
1718381663 - 2947277986 > 66791301
1495883114 - 1617992227 > 168581760
687994667 - 284099691 > 469040055
4106101165 - 4214721882 > 80245414
45422022 - 2839283756 > 2343827
2792037356 - 3117493441 > 133788233
2536021572 - 2864161825 > 76141623
4067060121 - 4179459205 > 35262677
3135815950 - 3736710022 > 296958243
2002082890 - 3478019556 > 139653243
3536235931 - 2610138841 > 229144915
2141736133 - 2561813318 > 48325523

Map iteration 5: [36356929, 47765849], [2153678525, 2191288126], [36356929, 45422022], [47765849, 85375450], [2839283756, 2841627583], [2448466935, 2507869183], [2191288126, 2250690374], [3601208452, 3609018794], [210953813, 223765340], [3117659790, 3146056442], [182557161, 210953813], [3146056442, 3158867969], [3560000273, 3601208452], [430314366, 438124708], [3684434617, 3686913320], [2507869183, 2510347886], [974686084, 1029880905], [3516842706, 3532179157], [4101099070, 4138988567], [3532179157, 3570068654], [861012996, 876349447], [2278498308, 2299402886], [837335329, 841576398], [2274257239, 2278498308], [902413336, 923317914], [3902063311, 3930143612], [923317914, 951398215], [2405965877, 2415899186], [1571991394, 1587203732], [2415899186, 2431111524], [1029880905, 1039814214], [3917223295, 3966333167], [1126578874, 1132663823], [3966333167, 3972418116], [4047860789, 4067060121], [4179459205, 4209369745], [2002082890, 2042139684], [2941906726, 2947277986], [1996711630, 2002082890], [3478019556, 3518076350], [1198895350, 1212337331], [3518076350, 3531518331], [1153467296, 1198895350], [1165413225, 1181296295], [3935687364, 4028884933], [3911969949, 3966333167], [1126578874, 1165413225], [3966333167, 4005167518], [4042607443, 4067060121], [789542927, 805425997], [484284277, 490509995], [1313289031, 1407176936], [3486728566, 3565078024], [1568877136, 1571991394], [3483614308, 3498626816], [3536235931, 3565078024], [3079884326, 3117493441], [3483614308, 3486728566], [3498626816, 3565078024], [3067986076, 3079884326], [3483614308, 3536235931], [2610138841, 2638980934], [471860088, 484284277], [2638980934, 2651405123], [324008020, 405471736], [3664357268, 3670582986], [2419631923, 2528712837], [2797746291, 2820705390], [3683959791, 3705121528], [3822061600, 3823858962], [3705121528, 3706918890], [2528712837, 2549874574], [2517253449, 2580483557], [1839232866, 1841927417], [2514558898, 2517253449], [2536021572, 2580483557], [1841927417, 1860695540], [2514558898, 2536021572], [2864161825, 2908623810], [3486728566, 3516325251], [1558431824, 1571991394], [3473168996, 3498626816], [3079884326, 3097582761], [3473168996, 3486728566], [3498626816, 3516325251], [1796076611, 1839232866], [2364821548, 2430746207], [106896444, 122695448], [687994667, 693964345], [2045400296, 2153678525], [579716438, 687994667], [284099691, 290069369], [3135815950, 3137535611], [2549874574, 2561813318], [3123877206, 3135815950], [3736710022, 3738429683], [2045400296, 2080471589], [687994667, 707622750], [2081105055, 2153678525], [615421197, 687994667], [284099691, 303727774], [1213872271, 1214505737], [2080471589, 2153678525], [614787731, 687994667], [2670780592, 2705851885], [2045400296, 2095178421], [290069369, 303727774], [4155915746, 4186346579], [4067060121, 4101099070], [4186346579, 4220385528], [4264536463, 4294967296], [2045400296, 2081105055], [2095178421, 2153678525], [629494563, 687994667], [457786722, 471860088], [181872393, 267832285], [2896877760, 2925825589], [2351822957, 2364821548], [2925825589, 2938824180], [3222333845, 3251281674], [139925973, 181872393], [265289362, 267832285], [2792037356, 2849390436], [876349447, 902413336], [2765973467, 2792037356], [3117493441, 3174846521], [139925973, 265289362], [104353521, 106896444], [3214849786, 3230648790], [395231295, 397790764], [443038556, 457786722], [380483129, 395231295], [3535281730, 3537841199], [1215142551, 1236890278], [1625577993, 1664464874], [1718381663, 1788226799], [3014069287, 3067986076], [1625577993, 1785172964], [1308101633, 1311155468], [1625577993, 1718381663], [1785172964, 1788226799], [2947277986, 3014069287], [1664464874, 1788226799], [1747687106, 1786573987], [1718381663, 1813561730], [3022578481, 3067986076], [1672974068, 1785172964], [1308101633, 1336490399], [1672974068, 1718381663], [1785172964, 1813561730], [3876503946, 3898565090], [1650912924, 1664464874], [3014069287, 3022578481], [1664464874, 1672974068], [1773022037, 1786573987], [3135815950, 3167682469], [2494587323, 2561813318], [3068589955, 3135815950], [3736710022, 3768576541], [3803270258, 3810071689], [784752653, 819446370], [3768576541, 3810071689], [2050874611, 2149967125], [3135815950, 3202376186], [3736710022, 3803270258], [3809434875, 3810071689], [4169516221, 4175680838], [3135815950, 3208540803], [3736710022, 3809434875], [1214505737, 1215142551], [1536684097, 1558431824], [4070002458, 4084244558], [331001437, 405232514], [3738429683, 3765703346], [303727774, 331001437], [342916309, 405232514], [3174846521, 3186761393], [303727774, 342916309], [395231295, 405232514], [405471736, 457786722], [303727774, 395231295], [3535281730, 3545282949], [2142793691, 2153678525], [677109833, 687994667], [331001437, 374719597], [3135815950, 3164809274], [3736710022, 3765703346], [687994667, 734896413], [284099691, 331001437], [342916309, 374719597], [687994667, 746811285], [284099691, 342916309], [405471736, 437275024], [290069369, 374719597], [4084244558, 4101099070], [2618541516, 2632783616], [3601208452, 3617443976], [2792037356, 2820600357], [887862361, 902413336], [2777486381, 2792037356], [3117493441, 3146056442], [167839837, 210953813], [3545282949, 3617443976], [1860910472, 1964847865], [3097582761, 3109392208], [1964847865, 1976657312], [123378782, 227316175], [331001437, 461158017], [342916309, 461158017], [395231295, 461158017], [3535281730, 3601208452], [331001437, 430645100], [342916309, 430645100], [395231295, 430645100], [687994667, 799126271], [284099691, 395231295], [3535281730, 3570695535], [290069369, 430645100], [430314366, 446549890], [3547801703, 3561598004], [3601208452, 3613932642], [3545282949, 3613932642], [430314366, 443038556], [446549890, 457786722], [383994463, 395231295], [2444955601, 2448466935], [1866688621, 1964847865], [3536235931, 3542563305], [3097582761, 3117493441], [3516325251, 3536235931], [2610138841, 2616466215], [1964847865, 1991085919], [129156931, 227316175], [342916309, 367758939], [3177283907, 3186761393], [333438823, 342916309], [405471736, 430314366], [376201353, 395011682], [1860695540, 1958157407], [395011682, 492473549], [265289362, 284099691], [3165329815, 3174846521], [255772656, 265289362], [104353521, 220625717], [265289362, 282239322], [3158867969, 3174846521], [249310810, 265289362], [104353521, 121303481], [1860695540, 1866688621], [395011682, 401004763], [104353521, 129156931], [1958157407, 1964847865], [220625717, 227316175], [2141736133, 2182446132], [3566914012, 3617672799], [2090977346, 2141736133], [2561813318, 2602523317], [1623502692, 1664464874], [1718381663, 1720893941], [1623502692, 1718381663], [2947277986, 2949790264], [1664464874, 1720893941], [1745611805, 1786573987], [2002078992, 2080471589], [2081105055, 2142793691], [2080471589, 2142793691], [2627459288, 2705851885], [2002078992, 2095178421], [4067060121, 4084244558], [4186346579, 4203531016], [2002078992, 2081105055], [2095178421, 2142793691], [331001437, 384801622], [342916309, 384801622], [405471736, 447357049], [331001437, 354288705], [342916309, 354288705], [405471736, 416844132], [290069369, 354288705], [3536235931, 3558880706], [2610138841, 2632783616], [1964847865, 2007403320], [418596414, 430314366], [117438979, 220625717], [1860695540, 1956226420], [395011682, 490542562], [104353521, 218694730], [117438979, 129156931], [2093547778, 2095178421], [470229445, 471860088], [454059089, 457786722], [391503662, 395231295], [887862361, 896735673], [3545282949, 3554156261], [1962928460, 1964847865], [225396770, 227316175], [342916309, 356040987], [405471736, 418596414], [121303481, 218694730], [2233749243, 2242027926], [30512917, 47765849], [156334013, 158349484], [2153678525, 2262246689], [30512917, 156334013], [45422022, 47437493], [30512917, 45422022], [47765849, 158349484], [0, 47765849], [2153678525, 2233749243], [0, 45422022], [47765849, 127836567], [47437493, 55716176], [912378878, 923317914], [3902063311, 3946219429], [923317914, 967474032], [1576264696, 1587203732], [1406306846, 1421065446], [3407328627, 3478019556], [1335615917, 1406306846], [2262246689, 2277005289], [2334722959, 2415899186], [1571991394, 1576264696], [2415899186, 2420172488], [958637987, 1039814214], [946120886, 1001216040], [129156931, 142581097], [3566914012, 3580338178], [2153678525, 2161567711], [47765849, 55655035], [447357049, 457786722], [384801622, 395231295], [2141736133, 2179380089], [3601208452, 3617672799], [2125271786, 2141736133], [2561813318, 2599457274], [3545282949, 3617672799], [2069346283, 2141736133], [1956226420, 1964847865], [218694730, 227316175], [395231295, 421867242], [430314366, 457786722], [367758939, 395231295], [3535281730, 3561917677], [3230648790, 3240728775], [2602523317, 2609537259], [395231295, 424933285], [3535281730, 3564983720], [1720893941, 1785172964], [2949790264, 3014069287], [3742738831, 3768576541], [2124129415, 2149967125], [3742738831, 3803270258], [3742738831, 3809434875], [3561917677, 3564983720], [2182446132, 2190061656], [753139746, 766214984], [2190061656, 2203136894], [2602523317, 2610138841], [3547801703, 3564983720], [1718381663, 1765150924], [3021726759, 3067986076], [1672122346, 1718381663], [2947277986, 2994047247], [3022578481, 3037085155], [3826879112, 3898565090], [1179568964, 1246665399], [2863928528, 2864161825], [1179335667, 1179568964], [3251281674, 3318378109], [1122222628, 1126578874], [2859572282, 2863928528], [1605644336, 1664464874], [1727753449, 1786573987], [2050874611, 2065381285], [1765150924, 1785172964], [1308101633, 1374272245], [1785172964, 1851343576], [2994047247, 3014069287], [3358392691, 3432774193], [1518037021, 1536684097], [3432774193, 3451421269], [3959286763, 4033668265], [4138988567, 4168131718], [3930143612, 3959286763], [1156394687, 1157034722], [1179568964, 1335615917], [2841627583, 2864161825], [1156394687, 1179568964], [3251281674, 3407328627], [1157034722, 1335615917], [752499711, 753139746], [2015503158, 2080471589], [2640883454, 2705851885], [2015503158, 2095178421], [2015503158, 2081105055], [1880112787, 1964847865], [142581097, 227316175], [142581097, 220625717], [360222801, 395011682], [1860695540, 1964847865], [395011682, 499164007], [249310810, 284099691], [1860695540, 1976657312], [395011682, 510973454], [104353521, 227316175], [331001437, 515266320], [342916309, 515266320], [395231295, 515266320], [3535281730, 3617672799], [2059345064, 2141736133], [331001437, 484753403], [342916309, 484753403], [395231295, 484753403], [2141736133, 2148867172], [2561813318, 2568944357], [290069369, 484753403], [3580338178, 3617672799], [2104401512, 2141736133], [1623502692, 1785172964], [3874428645, 3898565090], [1648837623, 1664464874], [1770946736, 1786573987], [331001437, 477393541], [342916309, 477393541], [395231295, 477393541], [3535281730, 3617443976], [331001437, 446880624], [342916309, 446880624], [395231295, 446880624], [3535281730, 3586931059], [290069369, 446880624], [4067927157, 4084244558], [2616466215, 2632783616], [2141736133, 2189460074], [2561813318, 2609537259], [393151313, 395011682], [282239322, 284099691], [121303481, 227316175], [2161567711, 2262246689], [55655035, 156334013], [25142118, 47765849], [25142118, 45422022], [331001437, 473882207], [342916309, 473882207], [395231295, 473882207], [3535281730, 3613932642], [331001437, 443369290], [342916309, 443369290], [395231295, 443369290], [3535281730, 3583419725], [290069369, 443369290], [2950276871, 2983254596], [3807295043, 3822061600], [1718381663, 1721380548], [3056218404, 3067986076], [1706613991, 1718381663], [2947277986, 2950276871], [2431111524, 2461900019], [1786573987, 1788763217], [2461900019, 2464089249], [1587203732, 1617992227], [156334013, 212840988], [2218078333, 2262246689], [112165657, 156334013], [45422022, 101928997], [2632783616, 2660761832], [156334013, 215265512], [2233749243, 2262246689], [127836567, 156334013], [45422022, 104353521], [3186761393, 3212315085], [2248591250, 2262246689], [142678574, 156334013], [2218078333, 2233749243], [101928997, 104353521], [47437493, 104353521], [3186761393, 3214849786], [106896444, 117831616], [2093737558, 2153678525], [628053700, 687994667], [2093737558, 2095178421], [470419225, 471860088], [882740289, 902413336], [2772364309, 2792037356], [188263235, 265289362], [3214849786, 3225784958], [55716176, 104353521], [3186761393, 3196480070], [97725226, 101928997], [2007403320, 2153678525], [541719462, 687994667], [2007403320, 2080471589], [2632783616, 2705851885], [2007403320, 2095178421], [2007403320, 2081105055], [97725226, 104353521], [2861305308, 2925825589], [3186761393, 3251281674], [97725226, 181872393], [97725226, 265289362], [181872393, 278767457], [101928997, 181872393], [265289362, 278767457], [101928997, 265289362], [104353521, 117831616], [3210646015, 3214849786], [3661017013, 3705121528], [3822061600, 3826879112], [3705121528, 3709939040], [2505770059, 2549874574], [1179568964, 1197194023], [3251281674, 3268906733], [1096887697, 1126578874], [1149644490, 1157034722], [2841627583, 2863928528], [1157034722, 1179335667], [745749514, 753139746], [1727753449, 1745611805], [2081105055, 2093737558], [2080471589, 2093737558], [457786722, 470419225], [181872393, 188263235], [156334013, 292784384], [45422022, 181872393], [876349447, 882740289], [154747726, 220625717], [265289362, 273937041], [104353521, 113001200], [3097582761, 3115518534], [1964847865, 1982783638], [3592504807, 3617672799], [2116568141, 2141736133], [156334013, 208637217], [45422022, 97725226], [3186761393, 3210646015], [2035381536, 2153678525], [569697678, 687994667], [2035381536, 2080471589], [2660761832, 2705851885], [2035381536, 2095178421], [2035381536, 2081105055], [2886859000, 2925825589], [3212315085, 3251281674], [129907213, 181872393], [129907213, 265289362], [395231295, 407751268], [438124708, 457786722], [375569281, 395231295], [3535281730, 3547801703], [445853667, 457786722], [383298240, 395231295], [887862361, 892597077], [3545282949, 3550017665], [1954723038, 1964847865], [217191348, 227316175], [3283363001, 3328076952], [367443560, 389524617], [3328076952, 3350158009], [1625265065, 1669979016], 

Map 6:
0 - 608325534 > 231346900
453776854 - 222429954 > 385895580
3540956206 - 3710263359 > 563631409
1116937854 - 1193511298 > 38719102
1176729484 - 1702450793 > 153572024
1109156887 - 1694669826 > 7780967
231346900 - 0 > 222429954
1686715664 - 1856022817 > 1854240542
4104587615 - 1588644556 > 106025270
4210612885 - 1109156887 > 84354411
1155656956 - 4273894768 > 21072528
1330301508 - 1232230400 > 356414156

Map iteration 6: [644682463, 656091383], [2322985678, 2360595279], [644682463, 653747556], [656091383, 693700984], [3008590909, 3010934736], [2617774088, 2677176336], [2360595279, 2419997527], [3770515605, 3778325947], [819279347, 832090874], [3286966943, 3315363595], [790882695, 819279347], [3315363595, 3328175122], [3729307426, 3770515605], [198967466, 206777808], [3853741770, 3856220473], [2677176336, 2679655039], [974686084, 1029880905], [3686149859, 3701486310], [4104587615, 4138988567], [4270406223, 4273894768], [4101099070, 4104587615], [1588644556, 1623045508], [3532179157, 3540956206], [3710263359, 3739375807], [3540956206, 3570068654], [3701486310, 3710263359], [861012996, 876349447], [2447805461, 2468710039], [839672434, 841576398], [605988429, 608325534], [2443564392, 2447805461], [902413336, 923317914], [4071370464, 4099450765], [923317914, 951398215], [2575273030, 2585206339], [1473920286, 1489132624], [2585206339, 2600418677], [1029880905, 1039814214], [4086530448, 4135640320], [1203152318, 1209237267], [4135640320, 4141725269], [4217167942, 4236367274], [1663516146, 1693426686], [2171390043, 2211446837], [3111213879, 3116585139], [2166018783, 2171390043], [3647326709, 3687383503], [1724616659, 1738058640], [3687383503, 3700825484], [1155656956, 1198895350], [1230040740, 1232230400], [1153467296, 1176729484], [1702450793, 1724616659], [1153467296, 1155656956], [1176729484, 1198895350], [4273894768, 4294967296], [1165413225, 1176729484], [1702450793, 1707017604], [1176729484, 1181296295], [4283651037, 4294967296], [4104994517, 4198192086], [4081277102, 4135640320], [1155656956, 1165413225], [1203152318, 1232230400], [1126578874, 1155656956], [4273894768, 4283651037], [4135640320, 4174474671], [4211914596, 4236367274], [558196027, 574079097], [252937377, 259163095], [1330301508, 1407176936], [1839010340, 1856022817], [1313289031, 1330301508], [1232230400, 1309105828], [3486728566, 3540956206], [3710263359, 3734385177], [3540956206, 3565078024], [3656035719, 3710263359], [1470806028, 1473920286], [3652921461, 3667933969], [3536235931, 3540956206], [3705543084, 3710263359], [3249191479, 3286800594], [3652921461, 3656035719], [3498626816, 3540956206], [3667933969, 3710263359], [3237293229, 3249191479], [3652921461, 3705543084], [2779445994, 2808288087], [240513188, 252937377], [2808288087, 2820712276], [92661120, 174124836], [3833664421, 3839890139], [2588939076, 2698019990], [2967053444, 2990012543], [3853266944, 3874428681], [3991368753, 3993166115], [3874428681, 3876226043], [2698019990, 2719181727], [2686560602, 2749790710], [2008540019, 2011234570], [2683866051, 2686560602], [2705328725, 2749790710], [2011234570, 2030002693], [2683866051, 2705328725], [3033468978, 3077930963], [3656035719, 3685632404], [1460360716, 1473920286], [3642476149, 3667933969], [3249191479, 3266889914], [3642476149, 3656035719], [3667933969, 3685632404], [1965383764, 2008540019], [2534128701, 2600053360], [715221978, 731020982], [456647767, 462617445], [2214707449, 2322985678], [348369538, 456647767], [52752791, 58722469], [3305123103, 3306842764], [2719181727, 2731120471], [3293184359, 3305123103], [3906017175, 3907736836], [2214707449, 2249778742], [456647767, 476275850], [2250412208, 2322985678], [384074297, 456647767], [52752791, 72380874], [1739593580, 1740227046], [2249778742, 2322985678], [383440831, 456647767], [2840087745, 2875159038], [2214707449, 2264485574], [58722469, 72380874], [1639972687, 1670403520], [4236367274, 4270406223], [4210612885, 4220385528], [1670403520, 1694669826], [4186346579, 4210612885], [1109156887, 1118929530], [1163080465, 1193511298], [2214707449, 2250412208], [2264485574, 2322985678], [398147663, 456647767], [226439822, 240513188], [231346900, 267832285], [790197927, 839672434], [181872393, 231346900], [0, 36485385], [3066184913, 3095132742], [2521130110, 2534128701], [3095132742, 3108131333], [3391640998, 3420588827], [748251507, 790197927], [33942462, 36485385], [2961344509, 3018697589], [876349447, 902413336], [2935280620, 2961344509], [3286800594, 3344153674], [231346900, 265289362], [748251507, 839672434], [139925973, 231346900], [0, 33942462], [712679055, 715221978], [3384156939, 3399955943], [163884395, 166443864], [443038556, 453776854], [222429954, 226439822], [453776854, 457786722], [211691656, 222429954], [149136229, 163884395], [3704588883, 3707148352], [1740863860, 1762611587], [1527506885, 1566393766], [1887688816, 1957533952], [3183376440, 3237293229], [1625577993, 1686715664], [1856022817, 1954480117], [1686715664, 1785172964], [1527506885, 1588644556], [1833822942, 1836876777], [1856022817, 1887688816], [1686715664, 1718381663], [1954480117, 1957533952], [3116585139, 3183376440], [1664464874, 1686715664], [1856022817, 1957533952], [1686715664, 1788226799], [1566393766, 1588644556], [1916994259, 1955881140], [1887688816, 1982868883], [3191885634, 3237293229], [1672974068, 1686715664], [1574902960, 1588644556], [1330301508, 1336490399], [1833822942, 1856022817], [1308101633, 1330301508], [1232230400, 1238419291], [1954480117, 1982868883], [4045811099, 4067872243], [1552841816, 1566393766], [3183376440, 3191885634], [1566393766, 1574902960], [1942329190, 1955881140], [3305123103, 3336989622], [2663894476, 2731120471], [3237897108, 3305123103], [3906017175, 3937883694], [3972577411, 3979378842], [553405753, 588099470], [3937883694, 3979378842], [2220181764, 2319274278], [3305123103, 3371683339], [3906017175, 3972577411], [3978742028, 3979378842], [1653573162, 1659737779], [3305123103, 3377847956], [3906017175, 3978742028], [1740227046, 1740863860], [1438612989, 1460360716], [4239309611, 4253551711], [99654537, 173885614], [3907736836, 3935010499], [72380874, 99654537], [111569409, 173885614], [3344153674, 3356068546], [72380874, 111569409], [163884395, 173885614], [405471736, 453776854], [174124836, 222429954], [72380874, 163884395], [3535281730, 3540956206], [3710263359, 3714590102], [3540956206, 3545282949], [3704588883, 3710263359], [2312100844, 2322985678], [445762933, 456647767], [99654537, 143372697], [3305123103, 3334116427], [3906017175, 3935010499], [456647767, 503549513], [52752791, 99654537], [111569409, 143372697], [456647767, 515464385], [52752791, 111569409], [174124836, 205928124], [58722469, 143372697], [4253551711, 4270406223], [2787848669, 2802090769], [3770515605, 3786751129], [2961344509, 2989907510], [887862361, 902413336], [2946793534, 2961344509], [3286800594, 3315363595], [776165371, 819279347], [3714590102, 3786751129], [2030217625, 2134155018], [3266889914, 3278699361], [2134155018, 2145964465], [731704316, 835641709], [331001437, 453776854], [222429954, 229811117], [453776854, 461158017], [99654537, 222429954], [342916309, 453776854], [111569409, 222429954], [395231295, 453776854], [163884395, 222429954], [3710263359, 3770515605], [3540956206, 3601208452], [99654537, 199298200], [111569409, 199298200], [163884395, 199298200], [456647767, 567779371], [52752791, 163884395], [3710263359, 3740002688], [3540956206, 3570695535], [58722469, 199298200], [198967466, 215202990], [3717108856, 3730905157], [3770515605, 3783239795], [3714590102, 3783239795], [198967466, 211691656], [446549890, 453776854], [215202990, 222429954], [152647563, 163884395], [2614262754, 2617774088], [2035995774, 2134155018], [3710263359, 3711870458], [3540956206, 3542563305], [3266889914, 3286800594], [3685632404, 3705543084], [2779445994, 2785773368], [2134155018, 2160393072], [737482465, 835641709], [111569409, 136412039], [3346591060, 3356068546], [102091923, 111569409], [174124836, 198967466], [144854453, 163664782], [2030002693, 2127464560], [395011682, 453776854], [222429954, 261126649], [453776854, 492473549], [163664782, 222429954], [33942462, 52752791], [3334636968, 3344153674], [24425756, 33942462], [712679055, 828951251], [33942462, 50892422], [3328175122, 3344153674], [17963910, 33942462], [712679055, 729629015], [2030002693, 2035995774], [163664782, 169657863], [712679055, 737482465], [2127464560, 2134155018], [828951251, 835641709], [2311043286, 2351753285], [3736221165, 3786979952], [2260284499, 2311043286], [2731120471, 2771830470], [1525431584, 1566393766], [1887688816, 1890201094], [1623502692, 1686715664], [1525431584, 1588644556], [3116585139, 3119097417], [1856022817, 1890201094], [1686715664, 1720893941], [1914918958, 1955881140], [2171386145, 2249778742], [2250412208, 2312100844], [2249778742, 2312100844], [2796766441, 2875159038], [2171386145, 2264485574], [4236367274, 4253551711], [1670403520, 1687587957], [2171386145, 2250412208], [2264485574, 2312100844], [99654537, 153454722], [111569409, 153454722], [174124836, 216010149], [99654537, 122941805], [111569409, 122941805], [174124836, 185497232], [58722469, 122941805], [3710263359, 3728187859], [3540956206, 3558880706], [2779445994, 2802090769], [2134155018, 2176710473], [187249514, 198967466], [725764513, 828951251], [2030002693, 2125533573], [222429954, 259195662], [453776854, 490542562], [712679055, 827020264], [725764513, 737482465], [2262854931, 2264485574], [238882545, 240513188], [222712189, 226439822], [160156762, 163884395], [887862361, 896735673], [3714590102, 3723463414], [2132235613, 2134155018], [833722304, 835641709], [111569409, 124694087], [174124836, 187249514], [729629015, 827020264], [2403056396, 2411335079], [638838451, 656091383], [764659547, 766675018], [2322985678, 2431553842], [638838451, 764659547], [653747556, 655763027], [638838451, 653747556], [656091383, 766675018], [608325534, 656091383], [2322985678, 2403056396], [608325534, 653747556], [656091383, 736162101], [655763027, 664041710], [912378878, 923317914], [4071370464, 4115526582], [923317914, 967474032], [1478193588, 1489132624], [1308235738, 1322994338], [3576635780, 3647326709], [1237544809, 1308235738], [2431553842, 2446312442], [2504030112, 2585206339], [1473920286, 1478193588], [2585206339, 2589479641], [958637987, 1039814214], [946120886, 1001216040], [737482465, 750906631], [3736221165, 3749645331], [2322985678, 2330874864], [656091383, 663980569], [447357049, 453776854], [216010149, 222429954], [153454722, 163884395], [2311043286, 2348687242], [3770515605, 3786979952], [2294578939, 2311043286], [2731120471, 2768764427], [3714590102, 3786979952], [2238653436, 2311043286], [2125533573, 2134155018], [827020264, 835641709], [163884395, 190520342], [430314366, 453776854], [198967466, 222429954], [136412039, 163884395], [3710263359, 3731224830], [3540956206, 3561917677], [3399955943, 3410035928], [2771830470, 2778844412], [163884395, 193586385], [3710263359, 3734290873], [3540956206, 3564983720], [1890201094, 1954480117], [3119097417, 3183376440], [3912045984, 3937883694], [2293436568, 2319274278], [3912045984, 3972577411], [3912045984, 3978742028], [3731224830, 3734290873], [2351753285, 2359368809], [521792846, 534868084], [2359368809, 2372444047], [2771830470, 2779445994], [3717108856, 3734290873], [1887688816, 1934458077], [3191033912, 3237293229], [1672122346, 1686715664], [1574051238, 1588644556], [3116585139, 3163354400], [3191885634, 3206392308], [3996186265, 4067872243], [1705290273, 1772386708], [3033235681, 3033468978], [1705056976, 1705290273], [3420588827, 3487685262], [1198796072, 1203152318], [3028879435, 3033235681], [1507573228, 1566393766], [1897060602, 1955881140], [2220181764, 2234688438], [1934458077, 1954480117], [1330301508, 1374272245], [1232230400, 1276201137], [1954480117, 2020650729], [3163354400, 3183376440], [3527699844, 3602081346], [1419965913, 1438612989], [3602081346, 3620728422], [4128593916, 4202975418], [1623045508, 1652188659], [4099450765, 4128593916], [4274632499, 4275272534], [1330301508, 1335615917], [1705290273, 1856022817], [1179568964, 1330301508], [1232230400, 1237544809], [3010934736, 3033468978], [1156394687, 1176729484], [1702450793, 1705290273], [1176729484, 1179568964], [4274632499, 4294967296], [3420588827, 3576635780], [1157034722, 1176729484], [1702450793, 1856022817], [1176729484, 1335615917], [4275272534, 4294967296], [1157034722, 1330301508], [521152811, 521792846], [2184810311, 2249778742], [2810190607, 2875159038], [2184810311, 2264485574], [2184810311, 2250412208], [2049419940, 2134155018], [750906631, 835641709], [750906631, 828951251], [128875901, 163664782], [2030002693, 2134155018], [222429954, 267817107], [453776854, 499164007], [17963910, 52752791], [2030002693, 2145964465], [222429954, 279626554], [453776854, 510973454], [712679055, 835641709], [222429954, 283919420], [453776854, 515266320], [3710263359, 3786979952], [3540956206, 3617672799], [2228652217, 2311043286], [222429954, 253406503], [453776854, 484753403], [2311043286, 2318174325], [2731120471, 2738251510], [290069369, 453776854], [58722469, 222429954], [3749645331, 3786979952], [2273708665, 2311043286], [4043735798, 4067872243], [1550766515, 1566393766], [1940253889, 1955881140], [222429954, 246046641], [453776854, 477393541], [3710263359, 3786751129], [3540956206, 3617443976], [99654537, 215533724], [111569409, 215533724], [163884395, 215533724], [3710263359, 3756238212], [3540956206, 3586931059], [58722469, 215533724], [4237234310, 4253551711], [2785773368, 2802090769], [2311043286, 2358767227], [2731120471, 2778844412], [161804413, 163664782], [50892422, 52752791], [729629015, 835641709], [2330874864, 2431553842], [663980569, 764659547], [633467652, 656091383], [633467652, 653747556], [222429954, 242535307], [453776854, 473882207], [3710263359, 3783239795], [3540956206, 3613932642], [99654537, 212022390], [111569409, 212022390], [163884395, 212022390], [3710263359, 3752726878], [3540956206, 3583419725], [58722469, 212022390], [3119584024, 3152561749], [3976602196, 3991368753], [1887688816, 1890687701], [3225525557, 3237293229], [1875921144, 1887688816], [3116585139, 3119584024], [2600418677, 2631207172], [1955881140, 1958070370], [2631207172, 2633396402], [1489132624, 1519921119], [764659547, 821166522], [2387385486, 2431553842], [720491191, 764659547], [653747556, 710254531], [2802090769, 2830068985], [764659547, 823591046], [2403056396, 2431553842], [736162101, 764659547], [653747556, 712679055], [3356068546, 3381622238], [2417898403, 2431553842], [751004108, 764659547], [2387385486, 2403056396], [710254531, 712679055], [655763027, 712679055], [3356068546, 3384156939], [715221978, 726157150], [2263044711, 2322985678], [396706800, 456647767], [2263044711, 2264485574], [239072325, 240513188], [882740289, 902413336], [2941671462, 2961344509], [796588769, 839672434], [188263235, 231346900], [3384156939, 3395092111], [664041710, 712679055], [3356068546, 3365787223], [706050760, 710254531], [2176710473, 2322985678], [310372562, 456647767], [2176710473, 2249778742], [2802090769, 2875159038], [2176710473, 2264485574], [2176710473, 2250412208], [706050760, 712679055], [3030612461, 3095132742], [3356068546, 3420588827], [706050760, 790197927], [706050760, 839672434], [97725226, 231346900], [231346900, 278767457], [0, 47420557], [710254531, 790197927], [33942462, 47420557], [710254531, 839672434], [101928997, 231346900], [712679055, 726157150], [3379953168, 3384156939], [3830324166, 3874428681], [3991368753, 3996186265], [3874428681, 3879246193], [2675077212, 2719181727], [1705290273, 1722915332], [3420588827, 3438213886], [1096887697, 1116937854], [1193511298, 1203152318], [1096887697, 1109156887], [1116937854, 1126578874], [1694669826, 1702450793], [1155656956, 1157034722], [1226217934, 1232230400], [1149644490, 1155656956], [4273894768, 4275272534], [3010934736, 3033235681], [1702450793, 1705056976], [1176729484, 1179335667], [514402614, 521792846], [1897060602, 1914918958], [2250412208, 2263044711], [2249778742, 2263044711], [226439822, 239072325], [790197927, 796588769], [231346900, 292784384], [764659547, 839672434], [156334013, 231346900], [0, 61437484], [653747556, 790197927], [876349447, 882740289], [763073260, 828951251], [33942462, 42590141], [712679055, 721326734], [3266889914, 3284825687], [2134155018, 2152090791], [3761811960, 3786979952], [2285875294, 2311043286], [764659547, 816962751], [653747556, 706050760], [3356068546, 3379953168], [2204688689, 2322985678], [338350778, 456647767], [2204688689, 2249778742], [2830068985, 2875159038], [2204688689, 2264485574], [2204688689, 2250412208], [3056166153, 3095132742], [3381622238, 3420588827], [738232747, 790197927], [738232747, 839672434], [129907213, 231346900], [163884395, 176404368], [438124708, 453776854], [206777808, 222429954], [144222381, 163884395], [3710263359, 3717108856], [3540956206, 3547801703], [445853667, 453776854], [214506767, 222429954], [151951340, 163884395], [887862361, 892597077], [3714590102, 3719324818], [2124030191, 2134155018], [825516882, 835641709], [3452670154, 3497384105], [136096660, 158177717], [3497384105, 3519465162], [1527193957, 1571907908], 

Lowest index: 311
Lowest location: 17963910

Total time: 26158ms

~=~=~=~=~=~=~=~=~=~<         END OF LOG         >~=~=~=~=~=~=~=~=~=~
