~=~=~=~=~=~=~=~=~=~< Advent of Code 2023: Day 5 >~=~=~=~=~=~=~=~=~=~
-------------------<  12-05-2023; 17-14-44-422  >-------------------


-------------------<          PART TWO          >-------------------
Seed Map: [[79 - 93], [68 - 136]]
Map 0:
98 - 50 > 2
50 - 52 > 48

Map iteration 0: [79 - 93], [81 - 95], [68 - 136], [70 - 100], 
Map 1:
15 - 0 > 37
52 - 37 > 2
0 - 39 > 15

Map iteration 1: [79 - 93], [81 - 95], [68 - 136], [70 - 100], 
Map 2:
53 - 49 > 8
11 - 0 > 42
0 - 42 > 7
7 - 57 > 4

Map iteration 2: [79 - 93], [81 - 95], [68 - 136], [70 - 100], 
Map 3:
18 - 88 > 7
25 - 18 > 70

Map iteration 3: [79 - 93], [72 - 86], [81 - 95], [74 - 88], [68 - 136], [61 - 88], [70 - 100], [63 - 88], 
Map 4:
77 - 45 > 23
45 - 81 > 19
64 - 68 > 13

Map iteration 4: [47 - 61], [79 - 93], [45 - 54], [72 - 86], [76 - 81], [49 - 63], [81 - 95], [45 - 56], [74 - 88], [78 - 81], [68 - 136], [72 - 81], [45 - 56], [97 - 100], [61 - 88], [70 - 100], [74 - 81], [45 - 56], [99 - 100], [63 - 88], 
Map 5:
69 - 0 > 1
0 - 1 > 69

Map iteration 5: [47 - 61], [48 - 62], [79 - 93], [45 - 54], [46 - 55], [72 - 86], [76 - 81], [49 - 63], [50 - 64], [81 - 95], [45 - 56], [46 - 57], [74 - 88], [78 - 81], [68 - 136], [69 - 70], [72 - 81], [45 - 56], [46 - 57], [97 - 100], [61 - 88], [62 - 70], [70 - 100], [74 - 81], [45 - 56], [46 - 57], [99 - 100], [63 - 88], [64 - 70], 
Map 6:
56 - 60 > 37
93 - 56 > 4

Map iteration 6: [60 - 65], [47 - 61], [60 - 66], [48 - 62], [83 - 97], [56 - 56], [45 - 54], [46 - 55], [76 - 90], [72 - 86], [80 - 85], [76 - 81], [60 - 67], [49 - 63], [60 - 68], [50 - 64], [85 - 97], [56 - 58], [60 - 60], [45 - 56], [60 - 61], [46 - 57], [78 - 92], [74 - 88], [82 - 85], [78 - 81], [72 - 97], [68 - 136], [73 - 74], [69 - 70], [76 - 85], [72 - 81], [60 - 60], [45 - 56], [60 - 61], [46 - 57], [97 - 100], [65 - 92], [61 - 88], [66 - 74], [62 - 70], [74 - 97], [70 - 100], [78 - 85], [74 - 81], [60 - 60], [45 - 56], [60 - 61], [46 - 57], [99 - 100], [67 - 92], [63 - 88], [68 - 74], [64 - 70], 
Lowest index: 6
Lowest location: 45

Total time: 36ms

~=~=~=~=~=~=~=~=~=~<         END OF LOG         >~=~=~=~=~=~=~=~=~=~
