~=~=~=~=~=~=~=~=~=~< Advent of Code 2023: Day 5 >~=~=~=~=~=~=~=~=~=~
-------------------<  12-05-2023; 17-05-12-910  >-------------------


-------------------<          PART TWO          >-------------------
Seed Map: [[79 - 92], [55 - 67]]
Map 0:
98 - 50 > 2
50 - 52 > 48

Map iteration 0: [79 - 92], [55 - 67], [79 - 92], [81 - 94], [55 - 67], [57 - 69], 
Map 1:
15 - 0 > 37
52 - 37 > 2
0 - 39 > 15

Map iteration 1: [79 - 92], [55 - 67], [79 - 92], [81 - 94], [55 - 67], [57 - 69], 
Map 2:
53 - 49 > 8
11 - 0 > 42
0 - 42 > 7
7 - 57 > 4

Map iteration 2: [79 - 92], [55 - 67], [79 - 92], [81 - 94], [55 - 67], [57 - 69], [51 - 57], [51 - 57], [53 - 57], 
Map 3:
18 - 88 > 7
25 - 18 > 70

Map iteration 3: [79 - 92], [55 - 67], [79 - 92], [81 - 94], [55 - 67], [57 - 69], [51 - 57], [51 - 57], [53 - 57], [72 - 85], [48 - 60], [72 - 85], [74 - 87], [48 - 60], [50 - 62], [44 - 50], [44 - 50], [46 - 50], 
Map 4:
77 - 45 > 23
45 - 81 > 19
64 - 68 > 13

Map iteration 4: [79 - 92], [55 - 67], [79 - 92], [81 - 94], [55 - 67], [57 - 69], [51 - 57], [51 - 57], [53 - 57], [72 - 85], [48 - 60], [72 - 85], [74 - 87], [48 - 60], [50 - 62], [44 - 50], [44 - 50], [46 - 50], [47 - 60], [55 - 67], [91 - 100], [68 - 71], [47 - 60], [49 - 62], [55 - 67], [91 - 100], [68 - 71], [57 - 69], [93 - 100], [68 - 73], [51 - 57], [87 - 93], [51 - 57], [51 - 57], [87 - 93], [51 - 57], [53 - 57], [89 - 93], [53 - 57], [45 - 53], [76 - 81], [48 - 60], [84 - 96], [48 - 60], [45 - 53], [76 - 81], [45 - 55], [78 - 81], [48 - 60], [84 - 96], [48 - 60], [50 - 62], [86 - 98], [50 - 62], [44 - 50], [81 - 86], [44 - 50], [44 - 50], [81 - 86], [44 - 50], [46 - 50], [82 - 86], [46 - 50], 
Map 5:
69 - 0 > 1
0 - 1 > 69

Map iteration 5: [79 - 92], [55 - 67], [79 - 92], [81 - 94], [55 - 67], [57 - 69], [51 - 57], [51 - 57], [53 - 57], [72 - 85], [48 - 60], [72 - 85], [74 - 87], [48 - 60], [50 - 62], [44 - 50], [44 - 50], [46 - 50], [47 - 60], [55 - 67], [91 - 100], [68 - 71], [47 - 60], [49 - 62], [55 - 67], [91 - 100], [68 - 71], [57 - 69], [93 - 100], [68 - 73], [51 - 57], [87 - 93], [51 - 57], [51 - 57], [87 - 93], [51 - 57], [53 - 57], [89 - 93], [53 - 57], [45 - 53], [76 - 81], [48 - 60], [84 - 96], [48 - 60], [45 - 53], [76 - 81], [45 - 55], [78 - 81], [48 - 60], [84 - 96], [48 - 60], [50 - 62], [86 - 98], [50 - 62], [44 - 50], [81 - 86], [44 - 50], [44 - 50], [81 - 86], [44 - 50], [46 - 50], [82 - 86], [46 - 50], [55 - 67], [56 - 68], [55 - 67], [56 - 68], [0 - 0], [58 - 70], [51 - 57], [52 - 58], [51 - 57], [52 - 58], [53 - 57], [54 - 58], [48 - 60], [49 - 61], [48 - 60], [49 - 61], [50 - 62], [51 - 63], [44 - 50], [45 - 51], [44 - 50], [45 - 51], [46 - 50], [47 - 51], [47 - 60], [48 - 61], [55 - 67], [56 - 68], [0 - 1], [69 - 70], [47 - 60], [48 - 61], [49 - 62], [50 - 63], [55 - 67], [56 - 68], [0 - 1], [69 - 70], [0 - 0], [58 - 70], [0 - 1], [69 - 70], [51 - 57], [52 - 58], [51 - 57], [52 - 58], [51 - 57], [52 - 58], [51 - 57], [52 - 58], [53 - 57], [54 - 58], [53 - 57], [54 - 58], [45 - 53], [46 - 54], [48 - 60], [49 - 61], [48 - 60], [49 - 61], [45 - 53], [46 - 54], [45 - 55], [46 - 56], [48 - 60], [49 - 61], [48 - 60], [49 - 61], [50 - 62], [51 - 63], [50 - 62], [51 - 63], [44 - 50], [45 - 51], [44 - 50], [45 - 51], [44 - 50], [45 - 51], [44 - 50], [45 - 51], [46 - 50], [47 - 51], [46 - 50], [47 - 51], 
Map 6:
56 - 60 > 37
93 - 56 > 4

Map iteration 6: [79 - 92], [55 - 67], [79 - 92], [81 - 94], [55 - 67], [57 - 69], [51 - 57], [51 - 57], [53 - 57], [72 - 85], [48 - 60], [72 - 85], [74 - 87], [48 - 60], [50 - 62], [44 - 50], [44 - 50], [46 - 50], [47 - 60], [55 - 67], [91 - 100], [68 - 71], [47 - 60], [49 - 62], [55 - 67], [91 - 100], [68 - 71], [57 - 69], [93 - 100], [68 - 73], [51 - 57], [87 - 93], [51 - 57], [51 - 57], [87 - 93], [51 - 57], [53 - 57], [89 - 93], [53 - 57], [45 - 53], [76 - 81], [48 - 60], [84 - 96], [48 - 60], [45 - 53], [76 - 81], [45 - 55], [78 - 81], [48 - 60], [84 - 96], [48 - 60], [50 - 62], [86 - 98], [50 - 62], [44 - 50], [81 - 86], [44 - 50], [44 - 50], [81 - 86], [44 - 50], [46 - 50], [82 - 86], [46 - 50], [55 - 67], [56 - 68], [55 - 67], [56 - 68], [0 - 0], [58 - 70], [51 - 57], [52 - 58], [51 - 57], [52 - 58], [53 - 57], [54 - 58], [48 - 60], [49 - 61], [48 - 60], [49 - 61], [50 - 62], [51 - 63], [44 - 50], [45 - 51], [44 - 50], [45 - 51], [46 - 50], [47 - 51], [47 - 60], [48 - 61], [55 - 67], [56 - 68], [0 - 1], [69 - 70], [47 - 60], [48 - 61], [49 - 62], [50 - 63], [55 - 67], [56 - 68], [0 - 1], [69 - 70], [0 - 0], [58 - 70], [0 - 1], [69 - 70], [51 - 57], [52 - 58], [51 - 57], [52 - 58], [51 - 57], [52 - 58], [51 - 57], [52 - 58], [53 - 57], [54 - 58], [53 - 57], [54 - 58], [45 - 53], [46 - 54], [48 - 60], [49 - 61], [48 - 60], [49 - 61], [45 - 53], [46 - 54], [45 - 55], [46 - 56], [48 - 60], [49 - 61], [48 - 60], [49 - 61], [50 - 62], [51 - 63], [50 - 62], [51 - 63], [44 - 50], [45 - 51], [44 - 50], [45 - 51], [44 - 50], [45 - 51], [44 - 50], [45 - 51], [46 - 50], [47 - 51], [46 - 50], [47 - 51], [83 - 96], [79 - 92], [60 - 71], [55 - 67], [83 - 96], [79 - 92], [85 - 97], [56 - 57], [60 - 71], [55 - 67], [61 - 73], [57 - 69], [60 - 61], [51 - 57], [60 - 61], [51 - 57], [60 - 61], [53 - 57], [76 - 89], [72 - 85], [60 - 64], [48 - 60], [76 - 89], [72 - 85], [78 - 91], [74 - 87], [60 - 64], [48 - 60], [60 - 66], [50 - 62], [44 - 50], [44 - 50], [44 - 50], [44 - 50], [46 - 50], [46 - 50], [60 - 64], [47 - 60], [60 - 71], [55 - 67], [95 - 97], [56 - 60], [72 - 75], [68 - 71], [60 - 64], [47 - 60], [60 - 66], [49 - 62], [60 - 71], [55 - 67], [95 - 97], [56 - 60], [72 - 75], [68 - 71], [61 - 73], [57 - 69], [97 - 97], [56 - 60], [72 - 77], [68 - 73], [60 - 61], [51 - 57], [91 - 97], [56 - 56], [60 - 61], [51 - 57], [60 - 61], [51 - 57], [91 - 97], [56 - 56], [60 - 61], [51 - 57], [60 - 61], [53 - 57], [93 - 97], [56 - 56], [60 - 61], [53 - 57], [45 - 53], [45 - 53], [80 - 85], [76 - 81], [60 - 64], [48 - 60], [88 - 97], [56 - 59], [60 - 64], [48 - 60], [45 - 53], [45 - 53], [80 - 85], [76 - 81], [45 - 55], [45 - 55], [82 - 85], [78 - 81], [60 - 64], [48 - 60], [88 - 97], [56 - 59], [60 - 64], [48 - 60], [60 - 66], [50 - 62], [90 - 97], [56 - 60], [60 - 66], [50 - 62], [44 - 50], [44 - 50], [85 - 90], [81 - 86], [44 - 50], [44 - 50], [44 - 50], [44 - 50], [85 - 90], [81 - 86], [44 - 50], [44 - 50], [46 - 50], [46 - 50], [86 - 90], [82 - 86], [46 - 50], [46 - 50], [60 - 71], [55 - 67], [60 - 72], [56 - 68], [60 - 71], [55 - 67], [60 - 72], [56 - 68], [62 - 74], [58 - 70], [60 - 61], [51 - 57], [60 - 62], [52 - 58], [60 - 61], [51 - 57], [60 - 62], [52 - 58], [60 - 61], [53 - 57], [60 - 62], [54 - 58], [60 - 64], [48 - 60], [60 - 65], [49 - 61], [60 - 64], [48 - 60], [60 - 65], [49 - 61], [60 - 66], [50 - 62], [60 - 67], [51 - 63], [44 - 50], [44 - 50], [45 - 51], [45 - 51], [44 - 50], [44 - 50], [45 - 51], [45 - 51], [46 - 50], [46 - 50], [47 - 51], [47 - 51], [60 - 64], [47 - 60], [60 - 65], [48 - 61], [60 - 71], [55 - 67], [60 - 72], [56 - 68], [0 - 1], [0 - 1], [73 - 74], [69 - 70], [60 - 64], [47 - 60], [60 - 65], [48 - 61], [60 - 66], [49 - 62], [60 - 67], [50 - 63], [60 - 71], [55 - 67], [60 - 72], [56 - 68], [0 - 1], [0 - 1], [73 - 74], [69 - 70], [62 - 74], [58 - 70], [0 - 1], [0 - 1], [73 - 74], [69 - 70], [60 - 61], [51 - 57], [60 - 62], [52 - 58], [60 - 61], [51 - 57], [60 - 62], [52 - 58], [60 - 61], [51 - 57], [60 - 62], [52 - 58], [60 - 61], [51 - 57], [60 - 62], [52 - 58], [60 - 61], [53 - 57], [60 - 62], [54 - 58], [60 - 61], [53 - 57], [60 - 62], [54 - 58], [45 - 53], [45 - 53], [46 - 54], [46 - 54], [60 - 64], [48 - 60], [60 - 65], [49 - 61], [60 - 64], [48 - 60], [60 - 65], [49 - 61], [45 - 53], [45 - 53], [46 - 54], [46 - 54], [45 - 55], [45 - 55], [60 - 60], [46 - 56], [60 - 64], [48 - 60], [60 - 65], [49 - 61], [60 - 64], [48 - 60], [60 - 65], [49 - 61], [60 - 66], [50 - 62], [60 - 67], [51 - 63], [60 - 66], [50 - 62], [60 - 67], [51 - 63], [44 - 50], [44 - 50], [45 - 51], [45 - 51], [44 - 50], [44 - 50], [45 - 51], [45 - 51], [44 - 50], [44 - 50], [45 - 51], [45 - 51], [44 - 50], [44 - 50], [45 - 51], [45 - 51], [46 - 50], [46 - 50], [47 - 51], [47 - 51], [46 - 50], [46 - 50], [47 - 51], [47 - 51], 
Lowest index: 67
Lowest location: 0

Total time: 59ms

~=~=~=~=~=~=~=~=~=~<         END OF LOG         >~=~=~=~=~=~=~=~=~=~
