~=~=~=~=~=~=~=~=~=~< Advent of Code 2023: Day 5 >~=~=~=~=~=~=~=~=~=~
-------------------<  12-05-2023; 17-04-41-781  >-------------------


-------------------<          PART TWO          >-------------------
Seed Map: [[79 - 92], [55 - 67]]
Map 0:
98 - 50 > 2
50 - 52 > 48

Map iteration 0: [79 - 92], [55 - 67], [81 - 94], [57 - 69], 
Map 1:
15 - 0 > 37
52 - 37 > 2
0 - 39 > 15

Map iteration 1: [79 - 92], [55 - 67], [81 - 94], [57 - 69], 
Map 2:
53 - 49 > 8
11 - 0 > 42
0 - 42 > 7
7 - 57 > 4

Map iteration 2: [79 - 92], [55 - 67], [81 - 94], [57 - 69], [51 - 57], [53 - 57], 
Map 3:
18 - 88 > 7
25 - 18 > 70

Map iteration 3: [79 - 92], [55 - 67], [81 - 94], [57 - 69], [51 - 57], [53 - 57], [72 - 85], [48 - 60], [74 - 87], [50 - 62], [44 - 50], [46 - 50], 
Map 4:
77 - 45 > 23
45 - 81 > 19
64 - 68 > 13

Map iteration 4: [79 - 92], [55 - 67], [81 - 94], [57 - 69], [51 - 57], [53 - 57], [72 - 85], [48 - 60], [74 - 87], [50 - 62], [44 - 50], [46 - 50], [47 - 60], [91 - 100], [68 - 71], [49 - 62], [93 - 100], [68 - 73], [87 - 93], [89 - 93], [45 - 53], [76 - 81], [84 - 96], [45 - 55], [78 - 81], [86 - 98], [81 - 86], [82 - 86], 
Map 5:
69 - 0 > 1
0 - 1 > 69

Map iteration 5: [79 - 92], [55 - 67], [81 - 94], [57 - 69], [51 - 57], [53 - 57], [72 - 85], [48 - 60], [74 - 87], [50 - 62], [44 - 50], [46 - 50], [47 - 60], [91 - 100], [68 - 71], [49 - 62], [93 - 100], [68 - 73], [87 - 93], [89 - 93], [45 - 53], [76 - 81], [84 - 96], [45 - 55], [78 - 81], [86 - 98], [81 - 86], [82 - 86], [56 - 68], [0 - 0], [58 - 70], [52 - 58], [54 - 58], [49 - 61], [51 - 63], [45 - 51], [47 - 51], [48 - 61], [0 - 1], [69 - 70], [50 - 63], [0 - 1], [69 - 70], [46 - 54], [46 - 56], 
Map 6:
56 - 60 > 37
93 - 56 > 4

Map iteration 6: [79 - 92], [55 - 67], [81 - 94], [57 - 69], [51 - 57], [53 - 57], [72 - 85], [48 - 60], [74 - 87], [50 - 62], [44 - 50], [46 - 50], [47 - 60], [91 - 100], [68 - 71], [49 - 62], [93 - 100], [68 - 73], [87 - 93], [89 - 93], [45 - 53], [76 - 81], [84 - 96], [45 - 55], [78 - 81], [86 - 98], [81 - 86], [82 - 86], [56 - 68], [0 - 0], [58 - 70], [52 - 58], [54 - 58], [49 - 61], [51 - 63], [45 - 51], [47 - 51], [48 - 61], [0 - 1], [69 - 70], [50 - 63], [0 - 1], [69 - 70], [46 - 54], [46 - 56], [83 - 96], [60 - 71], [85 - 97], [56 - 57], [61 - 73], [60 - 61], [60 - 61], [76 - 89], [60 - 64], [78 - 91], [60 - 66], [60 - 64], [95 - 97], [56 - 60], [72 - 75], [60 - 66], [97 - 97], [56 - 60], [72 - 77], [91 - 97], [56 - 56], [93 - 97], [56 - 56], [80 - 85], [88 - 97], [56 - 59], [82 - 85], [90 - 97], [56 - 60], [85 - 90], [86 - 90], [60 - 72], [62 - 74], [60 - 62], [60 - 62], [60 - 65], [60 - 67], [60 - 65], [73 - 74], [60 - 67], [73 - 74], [60 - 60], 
Lowest index: 29
Lowest location: 0

Total time: 37ms

~=~=~=~=~=~=~=~=~=~<         END OF LOG         >~=~=~=~=~=~=~=~=~=~
