~=~=~=~=~=~=~=~=~=~< Advent of Code 2023: Day 5 >~=~=~=~=~=~=~=~=~=~
-------------------<  12-05-2023; 17-15-23-542  >-------------------


-------------------<          PART TWO          >-------------------
Seed Map: [[79 - 92], [55 - 67]]
Map 0:
98 - 50 > 2
50 - 52 > 48

Map iteration 0: [79 - 92], [81 - 94], [55 - 67], [57 - 69], 
Map 1:
15 - 0 > 37
52 - 37 > 2
0 - 39 > 15

Map iteration 1: [79 - 92], [81 - 94], [55 - 67], [57 - 69], 
Map 2:
53 - 49 > 8
11 - 0 > 42
0 - 42 > 7
7 - 57 > 4

Map iteration 2: [79 - 92], [81 - 94], [51 - 57], [55 - 67], [53 - 57], [57 - 69], 
Map 3:
18 - 88 > 7
25 - 18 > 70

Map iteration 3: [79 - 92], [72 - 85], [81 - 94], [74 - 87], [51 - 57], [44 - 50], [55 - 67], [48 - 60], [53 - 57], [46 - 50], [57 - 69], [50 - 62], 
Map 4:
77 - 45 > 23
45 - 81 > 19
64 - 68 > 13

Map iteration 4: [47 - 60], [79 - 92], [45 - 53], [72 - 85], [76 - 81], [49 - 62], [81 - 94], [45 - 55], [74 - 87], [78 - 81], [51 - 57], [87 - 93], [44 - 50], [81 - 86], [55 - 67], [91 - 100], [68 - 71], [48 - 60], [84 - 96], [53 - 57], [89 - 93], [46 - 50], [82 - 86], [57 - 69], [93 - 100], [68 - 73], [50 - 62], [86 - 98], 
Map 5:
69 - 0 > 1
0 - 1 > 69

Map iteration 5: [47 - 60], [48 - 61], [79 - 92], [45 - 53], [46 - 54], [72 - 85], [76 - 81], [49 - 62], [50 - 63], [81 - 94], [45 - 55], [46 - 56], [74 - 87], [78 - 81], [51 - 57], [52 - 58], [87 - 93], [44 - 50], [45 - 51], [81 - 86], [55 - 67], [56 - 68], [91 - 100], [68 - 71], [69 - 70], [48 - 60], [49 - 61], [84 - 96], [53 - 57], [54 - 58], [89 - 93], [46 - 50], [47 - 51], [82 - 86], [0 - 0], [58 - 70], [93 - 100], [68 - 73], [69 - 70], [50 - 62], [51 - 63], [86 - 98], 
Map 6:
56 - 60 > 37
93 - 56 > 4

Map iteration 6: [60 - 64], [47 - 60], [60 - 65], [48 - 61], [83 - 96], [79 - 92], [45 - 53], [46 - 54], [76 - 89], [72 - 85], [80 - 85], [76 - 81], [60 - 66], [49 - 62], [60 - 67], [50 - 63], [85 - 97], [56 - 57], [45 - 55], [60 - 60], [46 - 56], [78 - 91], [74 - 87], [82 - 85], [78 - 81], [60 - 61], [51 - 57], [60 - 62], [52 - 58], [91 - 97], [56 - 56], [44 - 50], [45 - 51], [85 - 90], [81 - 86], [60 - 71], [55 - 67], [60 - 72], [56 - 68], [95 - 97], [91 - 100], [72 - 75], [68 - 71], [73 - 74], [69 - 70], [60 - 64], [48 - 60], [60 - 65], [49 - 61], [88 - 97], [56 - 59], [60 - 61], [53 - 57], [60 - 62], [54 - 58], [93 - 97], [56 - 56], [46 - 50], [47 - 51], [86 - 90], [82 - 86], [0 - 0], [62 - 74], [58 - 70], [93 - 100], [56 - 60], [72 - 77], [68 - 73], [73 - 74], [69 - 70], [60 - 66], [50 - 62], [60 - 67], [51 - 63], [90 - 97], [86 - 98], 
Lowest index: 61
Lowest location: 0

Total time: 49ms

~=~=~=~=~=~=~=~=~=~<         END OF LOG         >~=~=~=~=~=~=~=~=~=~
