~=~=~=~=~=~=~=~=~=~< Advent of Code 2023: Day 5 >~=~=~=~=~=~=~=~=~=~
-------------------<  12-05-2023; 18-01-51-515  >-------------------


-------------------<          PART TWO          >-------------------
Seed Map: [[79 - 93], [55 - 68]]

Map 0:
98 - 50 > 2
50 - 52 > 48

[79 - 93]
[55 - 68]
Map iteration 0: [81 - 94], [57 - 69], 

Map 1:
15 - 0 > 37
52 - 37 > 2
0 - 39 > 15

[81 - 94]
[57 - 69]
Map iteration 1: [81 - 93], [57 - 68], 

Map 2:
53 - 49 > 8
11 - 0 > 42
0 - 42 > 7
7 - 57 > 4

[81 - 93]
[57 - 68]
Map iteration 2: [81 - 92], [61 - 67], [53 - 56], 

Map 3:
18 - 88 > 7
25 - 18 > 70

[81 - 92]
[61 - 67]
[53 - 56]
Map iteration 3: [74 - 84], [54 - 59], [46 - 48], 

Map 4:
77 - 45 > 23
45 - 81 > 19
64 - 68 > 13

[74 - 84]
[54 - 59]
[46 - 48]
Map iteration 4: [74 - 76], [45 - 51], [77 - 83], [78 - 80], [90 - 94], [82 - 83], 

Map 5:
69 - 0 > 1
0 - 1 > 69

[74 - 76]
[45 - 51]
[77 - 83]
[78 - 80]
[90 - 94]
[82 - 83]
Map iteration 5: [74 - 75], [46 - 51], [77 - 82], [78 - 79], [90 - 93], [82 - 82], 

Map 6:
56 - 60 > 37
93 - 56 > 4

[74 - 75]
[46 - 51]
[77 - 82]
[78 - 79]
[90 - 93]
[82 - 82]
Map iteration 6: [78 - 78], [46 - 50], [81 - 85], [82 - 82], [94 - 96], [90 - 92], [56 - 55], [86 - 85], 

Lowest index: 1
Lowest location: 46

Total time: 42ms

~=~=~=~=~=~=~=~=~=~<         END OF LOG         >~=~=~=~=~=~=~=~=~=~
