~=~=~=~=~=~=~=~=~=~< Advent of Code 2023: Day 8 >~=~=~=~=~=~=~=~=~=~
-------------------<  12-08-2023; 12-20-19-971  >-------------------


-------------------<          PART TWO          >-------------------
Starting Nodes: 6
Steps: 10000000
Steps: 20000000
Steps: 30000000
Steps: 40000000
Steps: 50000000
Steps: 60000000
Steps: 70000000
Steps: 80000000
Steps: 90000000
Steps: 100000000
Steps: 110000000
Steps: 120000000
Steps: 130000000
Steps: 140000000
Steps: 150000000
Steps: 160000000
Steps: 170000000
Steps: 180000000
Steps: 190000000
Steps: 200000000
Steps: 210000000
Steps: 220000000
Steps: 230000000
Steps: 240000000
Steps: 250000000
Steps: 260000000
Steps: 270000000
Steps: 280000000
Steps: 290000000
Steps: 300000000
Steps: 310000000
Steps: 320000000
Steps: 330000000
Steps: 340000000
Steps: 350000000
Steps: 360000000
Steps: 370000000
Steps: 380000000
Steps: 390000000
Steps: 400000000
Steps: 410000000
Steps: 420000000
Steps: 430000000
Steps: 440000000
Steps: 450000000
Steps: 460000000
Steps: 470000000
Steps: 480000000
Steps: 490000000
Steps: 500000000
Steps: 510000000
Steps: 520000000
Steps: 530000000
Steps: 540000000
Steps: 550000000
Steps: 560000000
Steps: 570000000
Steps: 580000000
Steps: 590000000
Steps: 600000000
Steps: 610000000
Steps: 620000000
Steps: 630000000
Steps: 640000000
Steps: 650000000
Steps: 660000000
Steps: 670000000
Steps: 680000000
Steps: 690000000
Steps: 700000000
Steps: 710000000
Steps: 720000000
Steps: 730000000
Steps: 740000000
Steps: 750000000
Steps: 760000000
Steps: 770000000
Steps: 780000000
Steps: 790000000
Steps: 800000000
Steps: 810000000
Steps: 820000000
Steps: 830000000
Steps: 840000000
Steps: 850000000
Steps: 860000000
Steps: 870000000
Steps: 880000000
Steps: 890000000
Steps: 900000000
Steps: 910000000
Steps: 920000000
Steps: 930000000
Steps: 940000000
Steps: 950000000
Steps: 960000000
Steps: 970000000
Steps: 980000000
Steps: 990000000
Steps: 1000000000
Steps: 1010000000
Steps: 1020000000
Steps: 1030000000
Steps: 1040000000
Steps: 1050000000
Steps: 1060000000
Steps: 1070000000
Steps: 1080000000
Steps: 1090000000
Steps: 1100000000
Steps: 1110000000
Steps: 1120000000
Steps: 1130000000
Steps: 1140000000
Steps: 1150000000
Steps: 1160000000
Steps: 1170000000
Steps: 1180000000
Steps: 1190000000
Steps: 1200000000
Steps: 1210000000
Steps: 1220000000
Steps: 1230000000
Steps: 1240000000
Steps: 1250000000
Steps: 1260000000
Steps: 1270000000
Steps: 1280000000
Steps: 1290000000
Steps: 1300000000
Steps: 1310000000
Steps: 1320000000
Steps: 1330000000
Steps: 1340000000
Steps: 1350000000
Steps: 1360000000
Steps: 1370000000
Steps: 1380000000
Steps: 1390000000
Steps: 1400000000
Steps: 1410000000
Steps: 1420000000
Steps: 1430000000
Steps: 1440000000
Steps: 1450000000
Steps: 1460000000
Steps: 1470000000
Steps: 1480000000
Steps: 1490000000
Steps: 1500000000
Steps: 1510000000
Steps: 1520000000
Steps: 1530000000
Steps: 1540000000
Steps: 1550000000
Steps: 1560000000
Steps: 1570000000
Steps: 1580000000
Steps: 1590000000
Steps: 1600000000
Steps: 1610000000
Steps: 1620000000
Steps: 1630000000
Steps: 1640000000
Steps: 1650000000
Steps: 1660000000
Steps: 1670000000
Steps: 1680000000
Steps: 1690000000
Steps: 1700000000
Steps: 1710000000
Steps: 1720000000
Steps: 1730000000
Steps: 1740000000
Steps: 1750000000
Steps: 1760000000
Steps: 1770000000
Steps: 1780000000
Steps: 1790000000
Steps: 1800000000
Steps: 1810000000
Steps: 1820000000
Steps: 1830000000
Steps: 1840000000
Steps: 1850000000
Steps: 1860000000
Steps: 1870000000
Steps: 1880000000
Steps: 1890000000
Steps: 1900000000
Steps: 1910000000
Steps: 1920000000
Steps: 1930000000
Steps: 1940000000
Steps: 1950000000
Steps: 1960000000
Steps: 1970000000
Steps: 1980000000
Steps: 1990000000
Steps: 2000000000
Steps: 2010000000
Steps: 2020000000
Steps: 2030000000
Steps: 2040000000
Steps: 2050000000
Steps: 2060000000
Steps: 2070000000
Steps: 2080000000
Steps: 2090000000
Steps: 2100000000
Steps: 2110000000
Steps: 2120000000
Steps: 2130000000
Steps: 2140000000
Steps: 2150000000
Steps: 2160000000
Steps: 2170000000
Steps: 2180000000
Steps: 2190000000
Steps: 2200000000
Steps: 2210000000
Steps: 2220000000
Steps: 2230000000
Steps: 2240000000
Steps: 2250000000
Steps: 2260000000
Steps: 2270000000
Steps: 2280000000
Steps: 2290000000
Steps: 2300000000
Steps: 2310000000
Steps: 2320000000
Steps: 2330000000
Steps: 2340000000
Steps: 2350000000
Steps: 2360000000
Steps: 2370000000
Steps: 2380000000
Steps: 2390000000
Steps: 2400000000
Steps: 2410000000
Steps: 2420000000
Steps: 2430000000
Steps: 2440000000
Steps: 2450000000
Steps: 2460000000
Steps: 2470000000
Steps: 2480000000
Steps: 2490000000
Steps: 2500000000
Steps: 2510000000
Steps: 2520000000
Steps: 2530000000
Steps: 2540000000
Steps: 2550000000
Steps: 2560000000
Steps: 2570000000
Steps: 2580000000
Steps: 2590000000
Steps: 2600000000
Steps: 2610000000
Steps: 2620000000
Steps: 2630000000
Steps: 2640000000
Steps: 2650000000
Steps: 2660000000
Steps: 2670000000
Steps: 2680000000
Steps: 2690000000
Steps: 2700000000
Steps: 2710000000
Steps: 2720000000
Steps: 2730000000
Steps: 2740000000
Steps: 2750000000
Steps: 2760000000
Steps: 2770000000
Steps: 2780000000
Steps: 2790000000
Steps: 2800000000
Steps: 2810000000
Steps: 2820000000
Steps: 2830000000
Steps: 2840000000
Steps: 2850000000
Steps: 2860000000
Steps: 2870000000
Steps: 2880000000
Steps: 2890000000
Steps: 2900000000
Steps: 2910000000
Steps: 2920000000
Steps: 2930000000
Steps: 2940000000
Steps: 2950000000
Steps: 2960000000
Steps: 2970000000
Steps: 2980000000
Steps: 2990000000
Steps: 3000000000
Steps: 3010000000
Steps: 3020000000
Steps: 3030000000
Steps: 3040000000
Steps: 3050000000
Steps: 3060000000
Steps: 3070000000
Steps: 3080000000
Steps: 3090000000
Steps: 3100000000
Steps: 3110000000
Steps: 3120000000
Steps: 3130000000
Steps: 3140000000
Steps: 3150000000
Steps: 3160000000
Steps: 3170000000
Steps: 3180000000
Steps: 3190000000
Steps: 3200000000
Steps: 3210000000
Steps: 3220000000
Steps: 3230000000
Steps: 3240000000
Steps: 3250000000
Steps: 3260000000
Steps: 3270000000
Steps: 3280000000
Steps: 3290000000
Steps: 3300000000
Steps: 3310000000
Steps: 3320000000
Steps: 3330000000
Steps: 3340000000
Steps: 3350000000
Steps: 3360000000
Steps: 3370000000
Steps: 3380000000
Steps: 3390000000
Steps: 3400000000
Steps: 3410000000
Steps: 3420000000
Steps: 3430000000
Steps: 3440000000
Steps: 3450000000
Steps: 3460000000
Steps: 3470000000
Steps: 3480000000
Steps: 3490000000
Steps: 3500000000
Steps: 3510000000
Steps: 3520000000
Steps: 3530000000
Steps: 3540000000
Steps: 3550000000
Steps: 3560000000
Steps: 3570000000
Steps: 3580000000
Steps: 3590000000
Steps: 3600000000
Steps: 3610000000
Steps: 3620000000
Steps: 3630000000
Steps: 3640000000
Steps: 3650000000
Steps: 3660000000
Steps: 3670000000
Steps: 3680000000
Steps: 3690000000
Steps: 3700000000
Steps: 3710000000
Steps: 3720000000
Steps: 3730000000
Steps: 3740000000
Steps: 3750000000
Steps: 3760000000
Steps: 3770000000
Steps: 3780000000
Steps: 3790000000
Steps: 3800000000
Steps: 3810000000
Steps: 3820000000
Steps: 3830000000
Steps: 3840000000
Steps: 3850000000
Steps: 3860000000
Steps: 3870000000
Steps: 3880000000
Steps: 3890000000
Steps: 3900000000
Steps: 3910000000
Steps: 3920000000
Steps: 3930000000
Steps: 3940000000
Steps: 3950000000
Steps: 3960000000
Steps: 3970000000
Steps: 3980000000
Steps: 3990000000
Steps: 4000000000
Steps: 4010000000
Steps: 4020000000
Steps: 4030000000
Steps: 4040000000
Steps: 4050000000
Steps: 4060000000
Steps: 4070000000
Steps: 4080000000
Steps: 4090000000
Steps: 4100000000
Steps: 4110000000
Steps: 4120000000
Steps: 4130000000
Steps: 4140000000
Steps: 4150000000
Steps: 4160000000
Steps: 4170000000
Steps: 4180000000
Steps: 4190000000
Steps: 4200000000
Steps: 4210000000
Steps: 4220000000
Steps: 4230000000
Steps: 4240000000
Steps: 4250000000
Steps: 4260000000
Steps: 4270000000
Steps: 4280000000
Steps: 4290000000
Steps: 4300000000
Steps: 4310000000
Steps: 4320000000
Steps: 4330000000
Steps: 4340000000
Steps: 4350000000
Steps: 4360000000
Steps: 4370000000
Steps: 4380000000
Steps: 4390000000
Steps: 4400000000
Steps: 4410000000
Steps: 4420000000
Steps: 4430000000
Steps: 4440000000
Steps: 4450000000
Steps: 4460000000
Steps: 4470000000
Steps: 4480000000
Steps: 4490000000
Steps: 4500000000
Steps: 4510000000
Steps: 4520000000
Steps: 4530000000
Steps: 4540000000
Steps: 4550000000
Steps: 4560000000
Steps: 4570000000
Steps: 4580000000
Steps: 4590000000
Steps: 4600000000
Steps: 4610000000
Steps: 4620000000
Steps: 4630000000
Steps: 4640000000
Steps: 4650000000
Steps: 4660000000
Steps: 4670000000
Steps: 4680000000
Steps: 4690000000
Steps: 4700000000
Steps: 4710000000
Steps: 4720000000
Steps: 4730000000
Steps: 4740000000
Steps: 4750000000
Steps: 4760000000
Steps: 4770000000
Steps: 4780000000
Steps: 4790000000
Steps: 4800000000
Steps: 4810000000
Steps: 4820000000
Steps: 4830000000
Steps: 4840000000
Steps: 4850000000
Steps: 4860000000
Steps: 4870000000
Steps: 4880000000
Steps: 4890000000
Steps: 4900000000
Steps: 4910000000
Steps: 4920000000
Steps: 4930000000
Steps: 4940000000
Steps: 4950000000
Steps: 4960000000
Steps: 4970000000
Steps: 4980000000
Steps: 4990000000
Steps: 5000000000
Steps: 5010000000
Steps: 5020000000
Steps: 5030000000
Steps: 5040000000
Steps: 5050000000
Steps: 5060000000
Steps: 5070000000
Steps: 5080000000
Steps: 5090000000
Steps: 5100000000
Steps: 5110000000
Steps: 5120000000
Steps: 5130000000
Steps: 5140000000
Steps: 5150000000
Steps: 5160000000
Steps: 5170000000
Steps: 5180000000
Steps: 5190000000
Steps: 5200000000
Steps: 5210000000
Steps: 5220000000
Steps: 5230000000
Steps: 5240000000
Steps: 5250000000
Steps: 5260000000
Steps: 5270000000
Steps: 5280000000
Steps: 5290000000
Steps: 5300000000
Steps: 5310000000
Steps: 5320000000
Steps: 5330000000
Steps: 5340000000
Steps: 5350000000
Steps: 5360000000
Steps: 5370000000
Steps: 5380000000
Steps: 5390000000
Steps: 5400000000
Steps: 5410000000
Steps: 5420000000
Steps: 5430000000
Steps: 5440000000
Steps: 5450000000
Steps: 5460000000
Steps: 5470000000
Steps: 5480000000
Steps: 5490000000
Steps: 5500000000
Steps: 5510000000
Steps: 5520000000
Steps: 5530000000
Steps: 5540000000
Steps: 5550000000
Steps: 5560000000
Steps: 5570000000
Steps: 5580000000
Steps: 5590000000
Steps: 5600000000
Steps: 5610000000
Steps: 5620000000
Steps: 5630000000
Steps: 5640000000
Steps: 5650000000
Steps: 5660000000
Steps: 5670000000
Steps: 5680000000
Steps: 5690000000
Steps: 5700000000
Steps: 5710000000
Steps: 5720000000
Steps: 5730000000
Steps: 5740000000
Steps: 5750000000
Steps: 5760000000
Steps: 5770000000
Steps: 5780000000
Steps: 5790000000
Steps: 5800000000
Steps: 5810000000
Steps: 5820000000
Steps: 5830000000
Steps: 5840000000
Steps: 5850000000
Steps: 5860000000
Steps: 5870000000
Steps: 5880000000
Steps: 5890000000
Steps: 5900000000
Steps: 5910000000
Steps: 5920000000
Steps: 5930000000
Steps: 5940000000
Steps: 5950000000
Steps: 5960000000
Steps: 5970000000
Steps: 5980000000
Steps: 5990000000
Steps: 6000000000
Steps: 6010000000
Steps: 6020000000
Steps: 6030000000
Steps: 6040000000
Steps: 6050000000
Steps: 6060000000
Steps: 6070000000
Steps: 6080000000
Steps: 6090000000
Steps: 6100000000
Steps: 6110000000
Steps: 6120000000
Steps: 6130000000
Steps: 6140000000
Steps: 6150000000
Steps: 6160000000
Steps: 6170000000
Steps: 6180000000
Steps: 6190000000
Steps: 6200000000
Steps: 6210000000
Steps: 6220000000
Steps: 6230000000
Steps: 6240000000
Steps: 6250000000
Steps: 6260000000
Steps: 6270000000
Steps: 6280000000
Steps: 6290000000
Steps: 6300000000
Steps: 6310000000
Steps: 6320000000
Steps: 6330000000
Steps: 6340000000
Steps: 6350000000
Steps: 6360000000
Steps: 6370000000
Steps: 6380000000
Steps: 6390000000
Steps: 6400000000
Steps: 6410000000
Steps: 6420000000
Steps: 6430000000
Steps: 6440000000
Steps: 6450000000
Steps: 6460000000
Steps: 6470000000
Steps: 6480000000
Steps: 6490000000
Steps: 6500000000
Steps: 6510000000
Steps: 6520000000
Steps: 6530000000
Steps: 6540000000
Steps: 6550000000
Steps: 6560000000
Steps: 6570000000
Steps: 6580000000
Steps: 6590000000
Steps: 6600000000
Steps: 6610000000
Steps: 6620000000
Steps: 6630000000
Steps: 6640000000
Steps: 6650000000
Steps: 6660000000
Steps: 6670000000
Steps: 6680000000
Steps: 6690000000
Steps: 6700000000
Steps: 6710000000
Steps: 6720000000
Steps: 6730000000
Steps: 6740000000
Steps: 6750000000
Steps: 6760000000
Steps: 6770000000
Steps: 6780000000
Steps: 6790000000
Steps: 6800000000
Steps: 6810000000
Steps: 6820000000
Steps: 6830000000
Steps: 6840000000
Steps: 6850000000
Steps: 6860000000
Steps: 6870000000
Steps: 6880000000
Steps: 6890000000
Steps: 6900000000
Steps: 6910000000
Steps: 6920000000
Steps: 6930000000
Steps: 6940000000
Steps: 6950000000
Steps: 6960000000
Steps: 6970000000
Steps: 6980000000
Steps: 6990000000
Steps: 7000000000
Steps: 7010000000
Steps: 7020000000
Steps: 7030000000
Steps: 7040000000
Steps: 7050000000
Steps: 7060000000
Steps: 7070000000
Steps: 7080000000
Steps: 7090000000
Steps: 7100000000
Steps: 7110000000
Steps: 7120000000
Steps: 7130000000
Steps: 7140000000
Steps: 7150000000
Steps: 7160000000
Steps: 7170000000
Steps: 7180000000
Steps: 7190000000
Steps: 7200000000
Steps: 7210000000
Steps: 7220000000
Steps: 7230000000
Steps: 7240000000
Steps: 7250000000
Steps: 7260000000
Steps: 7270000000
Steps: 7280000000
Steps: 7290000000
Steps: 7300000000
Steps: 7310000000
Steps: 7320000000
Steps: 7330000000
Steps: 7340000000
Steps: 7350000000
Steps: 7360000000
Steps: 7370000000
Steps: 7380000000
Steps: 7390000000
Steps: 7400000000
Steps: 7410000000
Steps: 7420000000
Steps: 7430000000
Steps: 7440000000
Steps: 7450000000
Steps: 7460000000
Steps: 7470000000
Steps: 7480000000
Steps: 7490000000
Steps: 7500000000
Steps: 7510000000
Steps: 7520000000
Steps: 7530000000
Steps: 7540000000
Steps: 7550000000
Steps: 7560000000
Steps: 7570000000
Steps: 7580000000
Steps: 7590000000
Steps: 7600000000
Steps: 7610000000
Steps: 7620000000
Steps: 7630000000
Steps: 7640000000
Steps: 7650000000
Steps: 7660000000
Steps: 7670000000
Steps: 7680000000
Steps: 7690000000
Steps: 7700000000
Steps: 7710000000
Steps: 7720000000
Steps: 7730000000
Steps: 7740000000
Steps: 7750000000
Steps: 7760000000
Steps: 7770000000
Steps: 7780000000
Steps: 7790000000
Steps: 7800000000
Steps: 7810000000
Steps: 7820000000
Steps: 7830000000
Steps: 7840000000
Steps: 7850000000
Steps: 7860000000
Steps: 7870000000
Steps: 7880000000
Steps: 7890000000
Steps: 7900000000
Steps: 7910000000
Steps: 7920000000
Steps: 7930000000
Steps: 7940000000
Steps: 7950000000
Steps: 7960000000
Steps: 7970000000
Steps: 7980000000
Steps: 7990000000
Steps: 8000000000
Steps: 8010000000
Steps: 8020000000
Steps: 8030000000
Steps: 8040000000
Steps: 8050000000
Steps: 8060000000
Steps: 8070000000
Steps: 8080000000
Steps: 8090000000
Steps: 8100000000
Steps: 8110000000
Steps: 8120000000
Steps: 8130000000
Steps: 8140000000
Steps: 8150000000
Steps: 8160000000
Steps: 8170000000
Steps: 8180000000
Steps: 8190000000
Steps: 8200000000
Steps: 8210000000
Steps: 8220000000
Steps: 8230000000
Steps: 8240000000
Steps: 8250000000
Steps: 8260000000
Steps: 8270000000
Steps: 8280000000
Steps: 8290000000
Steps: 8300000000
Steps: 8310000000
Steps: 8320000000
Steps: 8330000000
Steps: 8340000000
Steps: 8350000000
Steps: 8360000000
Steps: 8370000000
Steps: 8380000000
Steps: 8390000000
Steps: 8400000000
Steps: 8410000000
Steps: 8420000000
Steps: 8430000000
Steps: 8440000000
Steps: 8450000000
Steps: 8460000000
Steps: 8470000000
Steps: 8480000000
Steps: 8490000000
Steps: 8500000000
Steps: 8510000000
Steps: 8520000000
Steps: 8530000000
Steps: 8540000000
Steps: 8550000000
Steps: 8560000000
Steps: 8570000000
Steps: 8580000000
Steps: 8590000000
Steps: 8600000000
Steps: 8610000000
Steps: 8620000000
Steps: 8630000000
Steps: 8640000000
Steps: 8650000000
Steps: 8660000000
Steps: 8670000000
Steps: 8680000000
Steps: 8690000000
Steps: 8700000000
Steps: 8710000000
Steps: 8720000000
Steps: 8730000000
Steps: 8740000000
Steps: 8750000000
Steps: 8760000000
Steps: 8770000000
Steps: 8780000000
Steps: 8790000000
Steps: 8800000000
Steps: 8810000000
Steps: 8820000000
Steps: 8830000000
Steps: 8840000000
Steps: 8850000000
Steps: 8860000000
Steps: 8870000000
Steps: 8880000000
Steps: 8890000000
Steps: 8900000000
Steps: 8910000000
Steps: 8920000000
Steps: 8930000000
Steps: 8940000000
Steps: 8950000000
Steps: 8960000000
Steps: 8970000000
Steps: 8980000000
Steps: 8990000000
Steps: 9000000000
Steps: 9010000000
Steps: 9020000000
Steps: 9030000000
Steps: 9040000000
Steps: 9050000000
Steps: 9060000000
Steps: 9070000000
Steps: 9080000000
Steps: 9090000000
Steps: 9100000000
Steps: 9110000000
Steps: 9120000000
Steps: 9130000000
Steps: 9140000000
Steps: 9150000000
Steps: 9160000000
Steps: 9170000000
Steps: 9180000000
Steps: 9190000000
Steps: 9200000000
Steps: 9210000000
Steps: 9220000000
Steps: 9230000000
Steps: 9240000000
Steps: 9250000000
Steps: 9260000000
Steps: 9270000000
Steps: 9280000000
Steps: 9290000000
Steps: 9300000000
Steps: 9310000000
Steps: 9320000000
Steps: 9330000000
Steps: 9340000000
Steps: 9350000000
Steps: 9360000000
Steps: 9370000000
Steps: 9380000000
Steps: 9390000000
Steps: 9400000000
Steps: 9410000000
Steps: 9420000000
Steps: 9430000000
Steps: 9440000000
Steps: 9450000000
Steps: 9460000000
Steps: 9470000000
Steps: 9480000000
Steps: 9490000000
Steps: 9500000000
Steps: 9510000000
Steps: 9520000000
Steps: 9530000000
Steps: 9540000000
Steps: 9550000000
Steps: 9560000000
Steps: 9570000000
Steps: 9580000000
Steps: 9590000000
Steps: 9600000000
Steps: 9610000000
Steps: 9620000000
Steps: 9630000000
Steps: 9640000000
Steps: 9650000000
Steps: 9660000000
Steps: 9670000000
Steps: 9680000000
Steps: 9690000000
Steps: 9700000000
Steps: 9710000000
Steps: 9720000000
Steps: 9730000000
Steps: 9740000000
Steps: 9750000000
Steps: 9760000000
Steps: 9770000000
Steps: 9780000000
Steps: 9790000000
Steps: 9800000000
Steps: 9810000000
Steps: 9820000000
Steps: 9830000000
Steps: 9840000000
Steps: 9850000000
Steps: 9860000000
Steps: 9870000000
Steps: 9880000000
Steps: 9890000000
Steps: 9900000000
Steps: 9910000000
Steps: 9920000000
Steps: 9930000000
Steps: 9940000000
Steps: 9950000000
Steps: 9960000000
Steps: 9970000000
Steps: 9980000000
Steps: 9990000000
Steps: 10000000000
Steps: 10010000000
Steps: 10020000000
Steps: 10030000000
Steps: 10040000000
Steps: 10050000000
Steps: 10060000000
Steps: 10070000000
Steps: 10080000000
Steps: 10090000000
Steps: 10100000000
Steps: 10110000000
Steps: 10120000000
Steps: 10130000000
Steps: 10140000000
Steps: 10150000000
Steps: 10160000000
Steps: 10170000000
Steps: 10180000000
Steps: 10190000000
Steps: 10200000000
Steps: 10210000000
Steps: 10220000000
Steps: 10230000000
Steps: 10240000000
Steps: 10250000000
Steps: 10260000000
Steps: 10270000000
Steps: 10280000000
Steps: 10290000000
Steps: 10300000000
Steps: 10310000000
Steps: 10320000000
Steps: 10330000000
Steps: 10340000000
Steps: 10350000000
Steps: 10360000000
Steps: 10370000000
Steps: 10380000000
Steps: 10390000000
Steps: 10400000000
Steps: 10410000000
Steps: 10420000000
Steps: 10430000000
Steps: 10440000000
Steps: 10450000000
Steps: 10460000000
Steps: 10470000000
Steps: 10480000000
Steps: 10490000000
Steps: 10500000000
Steps: 10510000000
Steps: 10520000000
Steps: 10530000000
Steps: 10540000000
Steps: 10550000000
Steps: 10560000000
Steps: 10570000000
Steps: 10580000000
Steps: 10590000000
Steps: 10600000000
Steps: 10610000000
Steps: 10620000000
Steps: 10630000000
Steps: 10640000000
Steps: 10650000000
Steps: 10660000000
Steps: 10670000000
Steps: 10680000000
Steps: 10690000000
Steps: 10700000000
Steps: 10710000000
Steps: 10720000000
Steps: 10730000000
Steps: 10740000000
Steps: 10750000000
Steps: 10760000000
Steps: 10770000000
Steps: 10780000000
Steps: 10790000000
Steps: 10800000000
Steps: 10810000000
Steps: 10820000000
Steps: 10830000000
Steps: 10840000000
Steps: 10850000000
Steps: 10860000000
Steps: 10870000000
Steps: 10880000000
Steps: 10890000000
Steps: 10900000000
Steps: 10910000000
Steps: 10920000000
Steps: 10930000000
Steps: 10940000000
Steps: 10950000000
Steps: 10960000000
Steps: 10970000000
Steps: 10980000000
Steps: 10990000000
Steps: 11000000000
Steps: 11010000000
Steps: 11020000000
Steps: 11030000000
Steps: 11040000000
Steps: 11050000000
Steps: 11060000000
Steps: 11070000000
Steps: 11080000000
Steps: 11090000000
Steps: 11100000000
Steps: 11110000000
Steps: 11120000000
Steps: 11130000000
Steps: 11140000000
Steps: 11150000000
Steps: 11160000000
Steps: 11170000000
Steps: 11180000000
Steps: 11190000000
Steps: 11200000000
Steps: 11210000000
Steps: 11220000000
Steps: 11230000000
Steps: 11240000000
Steps: 11250000000
Steps: 11260000000
Steps: 11270000000
Steps: 11280000000
Steps: 11290000000
Steps: 11300000000
Steps: 11310000000
Steps: 11320000000
Steps: 11330000000
Steps: 11340000000
Steps: 11350000000
Steps: 11360000000
Steps: 11370000000
Steps: 11380000000
Steps: 11390000000
Steps: 11400000000
Steps: 11410000000
Steps: 11420000000
Steps: 11430000000
Steps: 11440000000
Steps: 11450000000
Steps: 11460000000
Steps: 11470000000
Steps: 11480000000
Steps: 11490000000
Steps: 11500000000
Steps: 11510000000
Steps: 11520000000
Steps: 11530000000
Steps: 11540000000
Steps: 11550000000
Steps: 11560000000
Steps: 11570000000
Steps: 11580000000
Steps: 11590000000
Steps: 11600000000
Steps: 11610000000
Steps: 11620000000
Steps: 11630000000
Steps: 11640000000
Steps: 11650000000
Steps: 11660000000
Steps: 11670000000
Steps: 11680000000
Steps: 11690000000
Steps: 11700000000
Steps: 11710000000
Steps: 11720000000
Steps: 11730000000
Steps: 11740000000
Steps: 11750000000
Steps: 11760000000
Steps: 11770000000
Steps: 11780000000
Steps: 11790000000
Steps: 11800000000
Steps: 11810000000
Steps: 11820000000
Steps: 11830000000
Steps: 11840000000
Steps: 11850000000
Steps: 11860000000
Steps: 11870000000
Steps: 11880000000
Steps: 11890000000
Steps: 11900000000
Steps: 11910000000
Steps: 11920000000
Steps: 11930000000
Steps: 11940000000
Steps: 11950000000
Steps: 11960000000
Steps: 11970000000
Steps: 11980000000
Steps: 11990000000
Steps: 12000000000
Steps: 12010000000
Steps: 12020000000
Steps: 12030000000
Steps: 12040000000
Steps: 12050000000
Steps: 12060000000
Steps: 12070000000
Steps: 12080000000
Steps: 12090000000
Steps: 12100000000
Steps: 12110000000
Steps: 12120000000
Steps: 12130000000
Steps: 12140000000
Steps: 12150000000
Steps: 12160000000
Steps: 12170000000
Steps: 12180000000
Steps: 12190000000
Steps: 12200000000
Steps: 12210000000
Steps: 12220000000
Steps: 12230000000
Steps: 12240000000
Steps: 12250000000
Steps: 12260000000
Steps: 12270000000
Steps: 12280000000
Steps: 12290000000
Steps: 12300000000
Steps: 12310000000
Steps: 12320000000
Steps: 12330000000
Steps: 12340000000
Steps: 12350000000
Steps: 12360000000
Steps: 12370000000
Steps: 12380000000
Steps: 12390000000
Steps: 12400000000
Steps: 12410000000
Steps: 12420000000
Steps: 12430000000
Steps: 12440000000
Steps: 12450000000
Steps: 12460000000
Steps: 12470000000
Steps: 12480000000
Steps: 12490000000
Steps: 12500000000
Steps: 12510000000
Steps: 12520000000
Steps: 12530000000
Steps: 12540000000
Steps: 12550000000
Steps: 12560000000
Steps: 12570000000
Steps: 12580000000
Steps: 12590000000
Steps: 12600000000
Steps: 12610000000
Steps: 12620000000
Steps: 12630000000
Steps: 12640000000
Steps: 12650000000
Steps: 12660000000
Steps: 12670000000
Steps: 12680000000
Steps: 12690000000
Steps: 12700000000
Steps: 12710000000
Steps: 12720000000
Steps: 12730000000
Steps: 12740000000
Steps: 12750000000
Steps: 12760000000
Steps: 12770000000
Steps: 12780000000
Steps: 12790000000
Steps: 12800000000
Steps: 12810000000
Steps: 12820000000
Steps: 12830000000
Steps: 12840000000
Steps: 12850000000
Steps: 12860000000
Steps: 12870000000
Steps: 12880000000
Steps: 12890000000
Steps: 12900000000
Steps: 12910000000
Steps: 12920000000
Steps: 12930000000
Steps: 12940000000
Steps: 12950000000
Steps: 12960000000
Steps: 12970000000
Steps: 12980000000
Steps: 12990000000
Steps: 13000000000
Steps: 13010000000
Steps: 13020000000
Steps: 13030000000
Steps: 13040000000
Steps: 13050000000
Steps: 13060000000
Steps: 13070000000
Steps: 13080000000
Steps: 13090000000
Steps: 13100000000
Steps: 13110000000
Steps: 13120000000
Steps: 13130000000
Steps: 13140000000
Steps: 13150000000
Steps: 13160000000
Steps: 13170000000
Steps: 13180000000
Steps: 13190000000
Steps: 13200000000
Steps: 13210000000
Steps: 13220000000
Steps: 13230000000
Steps: 13240000000
Steps: 13250000000
Steps: 13260000000
Steps: 13270000000
Steps: 13280000000
Steps: 13290000000
Steps: 13300000000
Steps: 13310000000
Steps: 13320000000
Steps: 13330000000
Steps: 13340000000
Steps: 13350000000
Steps: 13360000000
Steps: 13370000000
Steps: 13380000000
Steps: 13390000000
Steps: 13400000000
Steps: 13410000000
Steps: 13420000000
Steps: 13430000000
Steps: 13440000000
Steps: 13450000000
Steps: 13460000000
Steps: 13470000000
Steps: 13480000000
Steps: 13490000000
Steps: 13500000000
Steps: 13510000000
Steps: 13520000000
Steps: 13530000000
Steps: 13540000000
Steps: 13550000000
Steps: 13560000000
Steps: 13570000000
Steps: 13580000000
Steps: 13590000000
Steps: 13600000000
Steps: 13610000000
Steps: 13620000000
Steps: 13630000000
Steps: 13640000000
Steps: 13650000000
Steps: 13660000000
Steps: 13670000000
Steps: 13680000000
Steps: 13690000000
Steps: 13700000000
Steps: 13710000000
Steps: 13720000000
Steps: 13730000000
Steps: 13740000000
Steps: 13750000000
Steps: 13760000000
Steps: 13770000000
Steps: 13780000000
Steps: 13790000000
Steps: 13800000000
Steps: 13810000000
Steps: 13820000000
Steps: 13830000000
Steps: 13840000000
Steps: 13850000000
Steps: 13860000000
Steps: 13870000000
Steps: 13880000000
Steps: 13890000000
Steps: 13900000000
Steps: 13910000000
Steps: 13920000000
Steps: 13930000000
Steps: 13940000000
Steps: 13950000000
Steps: 13960000000
Steps: 13970000000
Steps: 13980000000
Steps: 13990000000
Steps: 14000000000
Steps: 14010000000
Steps: 14020000000
Steps: 14030000000
Steps: 14040000000
Steps: 14050000000
Steps: 14060000000
Steps: 14070000000
Steps: 14080000000
Steps: 14090000000
Steps: 14100000000
Steps: 14110000000
Steps: 14120000000
Steps: 14130000000
Steps: 14140000000
Steps: 14150000000
Steps: 14160000000
Steps: 14170000000
Steps: 14180000000
Steps: 14190000000
Steps: 14200000000
Steps: 14210000000
Steps: 14220000000
Steps: 14230000000
Steps: 14240000000
Steps: 14250000000
Steps: 14260000000
Steps: 14270000000
Steps: 14280000000
Steps: 14290000000
Steps: 14300000000
Steps: 14310000000
Steps: 14320000000
Steps: 14330000000
Steps: 14340000000
Steps: 14350000000
Steps: 14360000000
Steps: 14370000000
Steps: 14380000000
Steps: 14390000000
Steps: 14400000000
Steps: 14410000000
Steps: 14420000000
Steps: 14430000000
Steps: 14440000000
Steps: 14450000000
Steps: 14460000000
Steps: 14470000000
Steps: 14480000000
Steps: 14490000000
Steps: 14500000000
Steps: 14510000000
Steps: 14520000000
Steps: 14530000000
Steps: 14540000000
Steps: 14550000000
Steps: 14560000000
Steps: 14570000000
Steps: 14580000000
Steps: 14590000000
Steps: 14600000000
Steps: 14610000000
Steps: 14620000000
Steps: 14630000000
Steps: 14640000000
Steps: 14650000000
Steps: 14660000000
Steps: 14670000000
Steps: 14680000000
Steps: 14690000000
Steps: 14700000000
Steps: 14710000000
Steps: 14720000000
Steps: 14730000000
Steps: 14740000000
Steps: 14750000000
Steps: 14760000000
Steps: 14770000000
Steps: 14780000000
Steps: 14790000000
Steps: 14800000000
Steps: 14810000000
Steps: 14820000000
Steps: 14830000000
Steps: 14840000000
Steps: 14850000000
Steps: 14860000000
Steps: 14870000000
Steps: 14880000000
Steps: 14890000000
Steps: 14900000000
Steps: 14910000000
Steps: 14920000000
Steps: 14930000000
Steps: 14940000000
Steps: 14950000000
Steps: 14960000000
Steps: 14970000000
Steps: 14980000000
Steps: 14990000000
Steps: 15000000000
Steps: 15010000000
Steps: 15020000000
Steps: 15030000000
Steps: 15040000000
Steps: 15050000000
Steps: 15060000000
Steps: 15070000000
Steps: 15080000000
Steps: 15090000000
Steps: 15100000000
Steps: 15110000000
Steps: 15120000000
Steps: 15130000000
Steps: 15140000000
Steps: 15150000000
Steps: 15160000000
Steps: 15170000000
Steps: 15180000000
Steps: 15190000000
Steps: 15200000000
Steps: 15210000000
Steps: 15220000000
Steps: 15230000000
Steps: 15240000000
Steps: 15250000000
Steps: 15260000000
Steps: 15270000000
Steps: 15280000000
Steps: 15290000000
Steps: 15300000000
Steps: 15310000000
Steps: 15320000000
Steps: 15330000000
Steps: 15340000000
Steps: 15350000000
Steps: 15360000000
Steps: 15370000000
Steps: 15380000000
Steps: 15390000000
Steps: 15400000000
Steps: 15410000000
Steps: 15420000000
Steps: 15430000000
Steps: 15440000000
Steps: 15450000000
Steps: 15460000000
Steps: 15470000000
Steps: 15480000000
Steps: 15490000000
Steps: 15500000000
Steps: 15510000000
Steps: 15520000000
Steps: 15530000000
Steps: 15540000000
Steps: 15550000000
Steps: 15560000000
Steps: 15570000000
Steps: 15580000000
Steps: 15590000000
Steps: 15600000000
Steps: 15610000000
Steps: 15620000000
Steps: 15630000000
Steps: 15640000000
Steps: 15650000000
Steps: 15660000000
Steps: 15670000000
Steps: 15680000000
Steps: 15690000000
Steps: 15700000000
Steps: 15710000000
Steps: 15720000000
Steps: 15730000000
Steps: 15740000000
Steps: 15750000000
Steps: 15760000000
Steps: 15770000000
Steps: 15780000000
Steps: 15790000000
Steps: 15800000000
Steps: 15810000000
Steps: 15820000000
Steps: 15830000000
Steps: 15840000000
Steps: 15850000000
Steps: 15860000000
Steps: 15870000000
Steps: 15880000000
Steps: 15890000000
Steps: 15900000000
Steps: 15910000000
Steps: 15920000000
Steps: 15930000000
Steps: 15940000000
Steps: 15950000000
Steps: 15960000000
Steps: 15970000000
Steps: 15980000000
Steps: 15990000000
Steps: 16000000000
Steps: 16010000000
Steps: 16020000000
Steps: 16030000000
Steps: 16040000000
Steps: 16050000000
Steps: 16060000000
Steps: 16070000000
Steps: 16080000000
Steps: 16090000000
Steps: 16100000000
Steps: 16110000000
Steps: 16120000000
Steps: 16130000000
Steps: 16140000000
Steps: 16150000000
Steps: 16160000000
Steps: 16170000000
Steps: 16180000000
Steps: 16190000000
Steps: 16200000000
Steps: 16210000000
Steps: 16220000000
Steps: 16230000000
Steps: 16240000000
Steps: 16250000000
Steps: 16260000000
Steps: 16270000000
Steps: 16280000000
Steps: 16290000000
Steps: 16300000000
Steps: 16310000000
Steps: 16320000000
Steps: 16330000000
Steps: 16340000000
Steps: 16350000000
Steps: 16360000000
Steps: 16370000000
Steps: 16380000000
Steps: 16390000000
Steps: 16400000000
Steps: 16410000000
Steps: 16420000000
Steps: 16430000000
Steps: 16440000000
Steps: 16450000000
Steps: 16460000000
Steps: 16470000000
Steps: 16480000000
Steps: 16490000000
Steps: 16500000000
Steps: 16510000000
Steps: 16520000000
Steps: 16530000000
Steps: 16540000000
Steps: 16550000000
Steps: 16560000000
Steps: 16570000000
Steps: 16580000000
Steps: 16590000000
Steps: 16600000000
Steps: 16610000000
Steps: 16620000000
Steps: 16630000000
Steps: 16640000000
Steps: 16650000000
Steps: 16660000000
Steps: 16670000000
Steps: 16680000000
Steps: 16690000000
Steps: 16700000000
Steps: 16710000000
Steps: 16720000000
Steps: 16730000000
Steps: 16740000000
Steps: 16750000000
Steps: 16760000000
Steps: 16770000000
Steps: 16780000000
Steps: 16790000000
Steps: 16800000000
Steps: 16810000000
Steps: 16820000000
Steps: 16830000000
Steps: 16840000000
Steps: 16850000000
Steps: 16860000000
Steps: 16870000000
Steps: 16880000000
Steps: 16890000000
Steps: 16900000000
Steps: 16910000000
Steps: 16920000000
Steps: 16930000000
Steps: 16940000000
Steps: 16950000000
Steps: 16960000000
Steps: 16970000000
Steps: 16980000000
Steps: 16990000000
Steps: 17000000000
Steps: 17010000000
Steps: 17020000000
Steps: 17030000000
Steps: 17040000000
Steps: 17050000000
Steps: 17060000000
Steps: 17070000000
Steps: 17080000000
Steps: 17090000000
Steps: 17100000000
Steps: 17110000000
Steps: 17120000000
Steps: 17130000000
Steps: 17140000000
Steps: 17150000000
Steps: 17160000000
Steps: 17170000000
Steps: 17180000000
Steps: 17190000000
Steps: 17200000000
Steps: 17210000000
Steps: 17220000000
Steps: 17230000000
Steps: 17240000000
Steps: 17250000000
Steps: 17260000000
Steps: 17270000000
Steps: 17280000000
Steps: 17290000000
Steps: 17300000000
Steps: 17310000000
Steps: 17320000000
Steps: 17330000000
Steps: 17340000000
Steps: 17350000000
Steps: 17360000000
Steps: 17370000000
Steps: 17380000000
Steps: 17390000000
Steps: 17400000000
Steps: 17410000000
Steps: 17420000000
Steps: 17430000000
Steps: 17440000000
Steps: 17450000000
Steps: 17460000000
Steps: 17470000000
Steps: 17480000000
Steps: 17490000000
Steps: 17500000000
Steps: 17510000000
Steps: 17520000000
Steps: 17530000000
Steps: 17540000000
Steps: 17550000000
Steps: 17560000000
Steps: 17570000000
Steps: 17580000000
Steps: 17590000000
Steps: 17600000000
Steps: 17610000000
Steps: 17620000000
Steps: 17630000000
Steps: 17640000000
Steps: 17650000000
Steps: 17660000000
Steps: 17670000000
Steps: 17680000000
Steps: 17690000000
Steps: 17700000000
Steps: 17710000000
Steps: 17720000000
Steps: 17730000000
Steps: 17740000000
Steps: 17750000000
Steps: 17760000000
Steps: 17770000000
Steps: 17780000000
Steps: 17790000000
Steps: 17800000000
Steps: 17810000000
Steps: 17820000000
Steps: 17830000000
Steps: 17840000000
Steps: 17850000000
Steps: 17860000000
Steps: 17870000000
Steps: 17880000000
Steps: 17890000000
Steps: 17900000000
Steps: 17910000000
Steps: 17920000000
Steps: 17930000000
Steps: 17940000000
Steps: 17950000000
Steps: 17960000000
Steps: 17970000000
Steps: 17980000000
Steps: 17990000000
Steps: 18000000000
Steps: 18010000000
Steps: 18020000000
Steps: 18030000000
Steps: 18040000000
Steps: 18050000000
Steps: 18060000000
Steps: 18070000000
Steps: 18080000000
Steps: 18090000000
Steps: 18100000000
Steps: 18110000000
Steps: 18120000000
Steps: 18130000000
Steps: 18140000000
Steps: 18150000000
Steps: 18160000000
Steps: 18170000000
Steps: 18180000000
Steps: 18190000000
Steps: 18200000000
Steps: 18210000000
Steps: 18220000000
Steps: 18230000000
Steps: 18240000000
Steps: 18250000000
Steps: 18260000000
Steps: 18270000000
Steps: 18280000000
Steps: 18290000000
Steps: 18300000000
Steps: 18310000000
Steps: 18320000000
Steps: 18330000000
Steps: 18340000000
Steps: 18350000000
Steps: 18360000000
Steps: 18370000000
Steps: 18380000000
Steps: 18390000000
Steps: 18400000000
Steps: 18410000000
Steps: 18420000000
Steps: 18430000000
Steps: 18440000000
Steps: 18450000000
Steps: 18460000000
Steps: 18470000000
Steps: 18480000000
Steps: 18490000000
Steps: 18500000000
Steps: 18510000000
Steps: 18520000000
Steps: 18530000000
Steps: 18540000000
Steps: 18550000000
Steps: 18560000000
Steps: 18570000000
Steps: 18580000000
Steps: 18590000000
Steps: 18600000000
Steps: 18610000000
Steps: 18620000000
Steps: 18630000000
Steps: 18640000000
Steps: 18650000000
Steps: 18660000000
Steps: 18670000000
Steps: 18680000000
Steps: 18690000000
Steps: 18700000000
Steps: 18710000000
Steps: 18720000000
Steps: 18730000000
Steps: 18740000000
Steps: 18750000000
Steps: 18760000000
Steps: 18770000000
Steps: 18780000000
Steps: 18790000000
Steps: 18800000000
Steps: 18810000000
Steps: 18820000000
Steps: 18830000000
Steps: 18840000000
Steps: 18850000000
Steps: 18860000000
Steps: 18870000000
Steps: 18880000000
Steps: 18890000000
Steps: 18900000000
Steps: 18910000000
Steps: 18920000000
Steps: 18930000000
Steps: 18940000000
Steps: 18950000000
Steps: 18960000000
Steps: 18970000000
Steps: 18980000000
Steps: 18990000000
Steps: 19000000000
Steps: 19010000000
Steps: 19020000000
Steps: 19030000000
Steps: 19040000000
Steps: 19050000000
Steps: 19060000000
Steps: 19070000000
Steps: 19080000000
Steps: 19090000000
Steps: 19100000000
Steps: 19110000000
Steps: 19120000000
Steps: 19130000000
Steps: 19140000000
Steps: 19150000000
Steps: 19160000000
Steps: 19170000000
Steps: 19180000000
Steps: 19190000000
Steps: 19200000000
Steps: 19210000000
Steps: 19220000000
Steps: 19230000000
Steps: 19240000000
Steps: 19250000000
Steps: 19260000000
Steps: 19270000000
Steps: 19280000000
Steps: 19290000000
Steps: 19300000000
Steps: 19310000000
Steps: 19320000000
Steps: 19330000000
Steps: 19340000000
Steps: 19350000000
Steps: 19360000000
Steps: 19370000000
Steps: 19380000000
Steps: 19390000000
Steps: 19400000000
Steps: 19410000000
Steps: 19420000000
Steps: 19430000000
Steps: 19440000000
Steps: 19450000000
Steps: 19460000000
Steps: 19470000000
Steps: 19480000000
Steps: 19490000000
Steps: 19500000000
Steps: 19510000000
Steps: 19520000000
Steps: 19530000000
Steps: 19540000000
Steps: 19550000000
Steps: 19560000000
Steps: 19570000000
Steps: 19580000000
Steps: 19590000000
Steps: 19600000000
Steps: 19610000000
Steps: 19620000000
Steps: 19630000000
Steps: 19640000000
Steps: 19650000000
Steps: 19660000000
Steps: 19670000000
Steps: 19680000000
Steps: 19690000000
Steps: 19700000000
Steps: 19710000000
Steps: 19720000000
Steps: 19730000000
Steps: 19740000000
Steps: 19750000000
Steps: 19760000000
Steps: 19770000000
Steps: 19780000000
Steps: 19790000000
Steps: 19800000000
Steps: 19810000000
Steps: 19820000000
Steps: 19830000000
Steps: 19840000000
Steps: 19850000000
Steps: 19860000000
Steps: 19870000000
Steps: 19880000000
Steps: 19890000000
Steps: 19900000000
Steps: 19910000000
Steps: 19920000000
Steps: 19930000000
Steps: 19940000000
Steps: 19950000000
Steps: 19960000000
Steps: 19970000000
Steps: 19980000000
Steps: 19990000000
Steps: 20000000000
Steps: 20010000000
Steps: 20020000000
Steps: 20030000000
Steps: 20040000000
Steps: 20050000000
Steps: 20060000000
Steps: 20070000000
Steps: 20080000000
Steps: 20090000000
Steps: 20100000000
Steps: 20110000000
Steps: 20120000000
Steps: 20130000000
Steps: 20140000000
Steps: 20150000000
Steps: 20160000000
Steps: 20170000000
Steps: 20180000000
Steps: 20190000000
Steps: 20200000000
Steps: 20210000000
Steps: 20220000000
Steps: 20230000000
Steps: 20240000000
Steps: 20250000000
Steps: 20260000000
Steps: 20270000000
Steps: 20280000000
Steps: 20290000000
Steps: 20300000000
Steps: 20310000000
Steps: 20320000000
Steps: 20330000000
Steps: 20340000000
Steps: 20350000000
Steps: 20360000000
Steps: 20370000000
Steps: 20380000000
Steps: 20390000000
Steps: 20400000000
Steps: 20410000000
Steps: 20420000000
Steps: 20430000000
Steps: 20440000000
Steps: 20450000000
Steps: 20460000000
Steps: 20470000000
Steps: 20480000000
Steps: 20490000000
Steps: 20500000000
Steps: 20510000000
Steps: 20520000000
Steps: 20530000000
Steps: 20540000000
Steps: 20550000000
Steps: 20560000000
Steps: 20570000000
Steps: 20580000000
Steps: 20590000000
Steps: 20600000000
Steps: 20610000000
Steps: 20620000000
Steps: 20630000000
Steps: 20640000000
Steps: 20650000000
Steps: 20660000000
Steps: 20670000000
Steps: 20680000000
Steps: 20690000000
Steps: 20700000000
Steps: 20710000000
Steps: 20720000000
Steps: 20730000000
Steps: 20740000000
Steps: 20750000000
Steps: 20760000000
Steps: 20770000000
Steps: 20780000000
Steps: 20790000000
Steps: 20800000000
Steps: 20810000000
Steps: 20820000000
Steps: 20830000000
Steps: 20840000000
Steps: 20850000000
Steps: 20860000000
Steps: 20870000000
Steps: 20880000000
Steps: 20890000000
Steps: 20900000000
Steps: 20910000000
Steps: 20920000000
Steps: 20930000000
Steps: 20940000000
Steps: 20950000000
Steps: 20960000000
Steps: 20970000000
Steps: 20980000000
Steps: 20990000000
Steps: 21000000000
Steps: 21010000000
Steps: 21020000000
Steps: 21030000000
Steps: 21040000000
Steps: 21050000000
Steps: 21060000000
Steps: 21070000000
Steps: 21080000000
Steps: 21090000000
Steps: 21100000000
Steps: 21110000000
Steps: 21120000000
Steps: 21130000000
Steps: 21140000000
Steps: 21150000000
Steps: 21160000000
Steps: 21170000000
Steps: 21180000000
Steps: 21190000000
Steps: 21200000000
Steps: 21210000000
Steps: 21220000000
Steps: 21230000000
Steps: 21240000000
Steps: 21250000000
Steps: 21260000000
Steps: 21270000000
Steps: 21280000000
Steps: 21290000000
Steps: 21300000000
Steps: 21310000000
Steps: 21320000000
Steps: 21330000000
Steps: 21340000000
Steps: 21350000000
Steps: 21360000000
Steps: 21370000000
Steps: 21380000000
Steps: 21390000000
Steps: 21400000000
Steps: 21410000000
Steps: 21420000000
Steps: 21430000000
Steps: 21440000000
Steps: 21450000000
Steps: 21460000000
Steps: 21470000000
Steps: 21480000000
Steps: 21490000000
Steps: 21500000000
Steps: 21510000000
Steps: 21520000000
Steps: 21530000000
Steps: 21540000000
Steps: 21550000000
Steps: 21560000000
Steps: 21570000000
Steps: 21580000000
Steps: 21590000000
Steps: 21600000000
Steps: 21610000000
Steps: 21620000000
Steps: 21630000000
Steps: 21640000000
Steps: 21650000000
Steps: 21660000000
Steps: 21670000000
Steps: 21680000000
Steps: 21690000000
Steps: 21700000000
Steps: 21710000000
Steps: 21720000000
Steps: 21730000000
Steps: 21740000000
Steps: 21750000000
Steps: 21760000000
Steps: 21770000000
Steps: 21780000000
Steps: 21790000000
Steps: 21800000000
Steps: 21810000000
Steps: 21820000000
Steps: 21830000000
Steps: 21840000000
Steps: 21850000000
Steps: 21860000000
Steps: 21870000000
Steps: 21880000000
Steps: 21890000000
Steps: 21900000000
Steps: 21910000000
Steps: 21920000000
Steps: 21930000000
Steps: 21940000000
Steps: 21950000000
Steps: 21960000000
Steps: 21970000000
Steps: 21980000000
Steps: 21990000000
Steps: 22000000000
Steps: 22010000000
Steps: 22020000000
Steps: 22030000000
Steps: 22040000000
Steps: 22050000000
Steps: 22060000000
Steps: 22070000000
Steps: 22080000000
Steps: 22090000000
Steps: 22100000000
Steps: 22110000000
Steps: 22120000000
Steps: 22130000000
Steps: 22140000000
Steps: 22150000000
Steps: 22160000000
Steps: 22170000000
Steps: 22180000000
Steps: 22190000000
Steps: 22200000000
Steps: 22210000000
Steps: 22220000000
Steps: 22230000000
Steps: 22240000000
Steps: 22250000000
Steps: 22260000000
Steps: 22270000000
Steps: 22280000000
Steps: 22290000000
Steps: 22300000000
Steps: 22310000000
Steps: 22320000000
Steps: 22330000000
Steps: 22340000000
Steps: 22350000000
Steps: 22360000000
Steps: 22370000000
Steps: 22380000000
Steps: 22390000000
Steps: 22400000000
Steps: 22410000000
Steps: 22420000000
Steps: 22430000000
Steps: 22440000000
Steps: 22450000000
Steps: 22460000000
Steps: 22470000000
Steps: 22480000000
Steps: 22490000000
Steps: 22500000000
Steps: 22510000000
Steps: 22520000000
Steps: 22530000000
Steps: 22540000000
Steps: 22550000000
Steps: 22560000000
Steps: 22570000000
Steps: 22580000000
Steps: 22590000000
Steps: 22600000000
Steps: 22610000000
Steps: 22620000000
Steps: 22630000000
Steps: 22640000000
Steps: 22650000000
Steps: 22660000000
Steps: 22670000000
Steps: 22680000000
Steps: 22690000000
Steps: 22700000000
Steps: 22710000000
Steps: 22720000000
Steps: 22730000000
Steps: 22740000000
Steps: 22750000000
Steps: 22760000000
Steps: 22770000000
Steps: 22780000000
Steps: 22790000000
Steps: 22800000000
Steps: 22810000000
Steps: 22820000000
Steps: 22830000000
Steps: 22840000000
Steps: 22850000000
Steps: 22860000000
Steps: 22870000000
Steps: 22880000000
Steps: 22890000000
Steps: 22900000000
Steps: 22910000000
Steps: 22920000000
Steps: 22930000000
Steps: 22940000000
Steps: 22950000000
Steps: 22960000000
Steps: 22970000000
Steps: 22980000000
Steps: 22990000000
Steps: 23000000000
Steps: 23010000000
Steps: 23020000000
Steps: 23030000000
Steps: 23040000000
Steps: 23050000000
Steps: 23060000000
Steps: 23070000000
Steps: 23080000000
Steps: 23090000000
Steps: 23100000000
Steps: 23110000000
Steps: 23120000000
Steps: 23130000000
Steps: 23140000000
Steps: 23150000000
Steps: 23160000000
Steps: 23170000000
Steps: 23180000000
Steps: 23190000000
Steps: 23200000000
Steps: 23210000000
Steps: 23220000000
Steps: 23230000000
Steps: 23240000000
Steps: 23250000000
Steps: 23260000000
Steps: 23270000000
Steps: 23280000000
Steps: 23290000000
Steps: 23300000000
Steps: 23310000000
Steps: 23320000000
Steps: 23330000000
Steps: 23340000000
Steps: 23350000000
Steps: 23360000000
Steps: 23370000000
Steps: 23380000000
Steps: 23390000000
Steps: 23400000000
Steps: 23410000000
Steps: 23420000000
Steps: 23430000000
Steps: 23440000000
Steps: 23450000000
Steps: 23460000000
Steps: 23470000000
Steps: 23480000000
Steps: 23490000000
Steps: 23500000000
Steps: 23510000000
Steps: 23520000000
Steps: 23530000000
Steps: 23540000000
Steps: 23550000000
Steps: 23560000000
Steps: 23570000000
Steps: 23580000000
Steps: 23590000000
Steps: 23600000000
Steps: 23610000000
Steps: 23620000000
Steps: 23630000000
Steps: 23640000000
Steps: 23650000000
Steps: 23660000000
Steps: 23670000000
Steps: 23680000000
Steps: 23690000000
Steps: 23700000000
Steps: 23710000000
Steps: 23720000000
Steps: 23730000000
Steps: 23740000000
Steps: 23750000000
Steps: 23760000000
Steps: 23770000000
Steps: 23780000000
Steps: 23790000000
Steps: 23800000000
Steps: 23810000000
Steps: 23820000000
Steps: 23830000000
Steps: 23840000000
Steps: 23850000000
Steps: 23860000000
Steps: 23870000000
Steps: 23880000000
Steps: 23890000000
Steps: 23900000000
Steps: 23910000000
Steps: 23920000000
Steps: 23930000000
Steps: 23940000000
Steps: 23950000000
Steps: 23960000000
Steps: 23970000000
Steps: 23980000000
Steps: 23990000000
Steps: 24000000000
Steps: 24010000000
Steps: 24020000000
Steps: 24030000000
Steps: 24040000000
Steps: 24050000000
Steps: 24060000000
Steps: 24070000000
Steps: 24080000000
Steps: 24090000000
Steps: 24100000000
Steps: 24110000000
Steps: 24120000000
Steps: 24130000000
Steps: 24140000000
Steps: 24150000000
Steps: 24160000000
Steps: 24170000000
Steps: 24180000000
Steps: 24190000000
Steps: 24200000000
Steps: 24210000000
Steps: 24220000000
Steps: 24230000000
Steps: 24240000000
Steps: 24250000000
Steps: 24260000000
Steps: 24270000000
Steps: 24280000000
Steps: 24290000000
Steps: 24300000000
Steps: 24310000000
Steps: 24320000000
Steps: 24330000000
Steps: 24340000000
Steps: 24350000000
Steps: 24360000000
Steps: 24370000000
Steps: 24380000000
Steps: 24390000000
Steps: 24400000000
Steps: 24410000000
Steps: 24420000000
Steps: 24430000000
Steps: 24440000000
Steps: 24450000000
Steps: 24460000000
Steps: 24470000000
Steps: 24480000000
Steps: 24490000000
Steps: 24500000000
Steps: 24510000000
Steps: 24520000000
Steps: 24530000000
Steps: 24540000000
Steps: 24550000000
Steps: 24560000000
Steps: 24570000000
Steps: 24580000000
Steps: 24590000000
Steps: 24600000000
Steps: 24610000000
Steps: 24620000000
Steps: 24630000000
Steps: 24640000000
Steps: 24650000000
Steps: 24660000000
Steps: 24670000000
Steps: 24680000000
Steps: 24690000000
Steps: 24700000000
Steps: 24710000000
Steps: 24720000000
Steps: 24730000000
Steps: 24740000000
Steps: 24750000000
Steps: 24760000000
Steps: 24770000000
Steps: 24780000000
Steps: 24790000000
Steps: 24800000000
Steps: 24810000000
Steps: 24820000000
Steps: 24830000000
Steps: 24840000000
Steps: 24850000000
Steps: 24860000000
Steps: 24870000000
Steps: 24880000000
Steps: 24890000000
Steps: 24900000000
Steps: 24910000000
Steps: 24920000000
Steps: 24930000000
Steps: 24940000000
Steps: 24950000000
Steps: 24960000000
Steps: 24970000000
Steps: 24980000000
Steps: 24990000000
Steps: 25000000000
Steps: 25010000000
Steps: 25020000000
Steps: 25030000000
Steps: 25040000000
Steps: 25050000000
Steps: 25060000000
Steps: 25070000000
Steps: 25080000000
Steps: 25090000000
Steps: 25100000000
Steps: 25110000000
Steps: 25120000000
Steps: 25130000000
Steps: 25140000000
Steps: 25150000000
Steps: 25160000000
Steps: 25170000000
Steps: 25180000000
Steps: 25190000000
Steps: 25200000000
Steps: 25210000000
Steps: 25220000000
Steps: 25230000000
Steps: 25240000000
Steps: 25250000000
Steps: 25260000000
Steps: 25270000000
Steps: 25280000000
Steps: 25290000000
Steps: 25300000000
Steps: 25310000000
Steps: 25320000000
Steps: 25330000000
Steps: 25340000000
Steps: 25350000000
Steps: 25360000000
Steps: 25370000000
Steps: 25380000000
Steps: 25390000000
Steps: 25400000000
Steps: 25410000000
Steps: 25420000000
Steps: 25430000000
Steps: 25440000000
Steps: 25450000000
Steps: 25460000000
Steps: 25470000000
Steps: 25480000000
Steps: 25490000000
Steps: 25500000000
Steps: 25510000000
Steps: 25520000000
Steps: 25530000000
Steps: 25540000000
Steps: 25550000000
Steps: 25560000000
Steps: 25570000000
Steps: 25580000000
Steps: 25590000000
Steps: 25600000000
Steps: 25610000000
Steps: 25620000000
Steps: 25630000000
Steps: 25640000000
Steps: 25650000000
Steps: 25660000000
Steps: 25670000000
Steps: 25680000000
Steps: 25690000000
Steps: 25700000000
Steps: 25710000000
Steps: 25720000000
Steps: 25730000000
Steps: 25740000000
Steps: 25750000000
Steps: 25760000000
Steps: 25770000000
Steps: 25780000000
Steps: 25790000000
Steps: 25800000000
Steps: 25810000000
Steps: 25820000000
Steps: 25830000000
Steps: 25840000000
Steps: 25850000000
Steps: 25860000000
Steps: 25870000000
Steps: 25880000000
Steps: 25890000000
Steps: 25900000000
Steps: 25910000000
Steps: 25920000000
Steps: 25930000000
Steps: 25940000000
Steps: 25950000000
Steps: 25960000000
Steps: 25970000000
Steps: 25980000000
Steps: 25990000000
Steps: 26000000000
Steps: 26010000000
Steps: 26020000000
Steps: 26030000000
Steps: 26040000000
Steps: 26050000000
Steps: 26060000000
Steps: 26070000000
Steps: 26080000000
Steps: 26090000000
Steps: 26100000000
Steps: 26110000000
Steps: 26120000000
Steps: 26130000000
Steps: 26140000000
Steps: 26150000000
Steps: 26160000000
Steps: 26170000000
Steps: 26180000000
Steps: 26190000000
Steps: 26200000000
Steps: 26210000000
Steps: 26220000000
Steps: 26230000000
Steps: 26240000000
Steps: 26250000000
Steps: 26260000000
Steps: 26270000000
Steps: 26280000000
Steps: 26290000000
Steps: 26300000000
Steps: 26310000000
Steps: 26320000000
Steps: 26330000000
Steps: 26340000000
Steps: 26350000000
Steps: 26360000000
Steps: 26370000000
Steps: 26380000000
Steps: 26390000000
Steps: 26400000000
Steps: 26410000000
Steps: 26420000000
Steps: 26430000000
Steps: 26440000000
Steps: 26450000000
Steps: 26460000000
Steps: 26470000000
Steps: 26480000000
Steps: 26490000000
Steps: 26500000000
Steps: 26510000000
Steps: 26520000000
Steps: 26530000000
Steps: 26540000000
Steps: 26550000000
Steps: 26560000000
Steps: 26570000000
Steps: 26580000000
Steps: 26590000000
Steps: 26600000000
Steps: 26610000000
Steps: 26620000000
Steps: 26630000000
Steps: 26640000000
Steps: 26650000000
Steps: 26660000000
Steps: 26670000000
Steps: 26680000000
Steps: 26690000000
Steps: 26700000000
Steps: 26710000000
Steps: 26720000000
Steps: 26730000000
Steps: 26740000000
Steps: 26750000000
Steps: 26760000000
Steps: 26770000000
Steps: 26780000000
Steps: 26790000000
Steps: 26800000000
Steps: 26810000000
Steps: 26820000000
Steps: 26830000000
Steps: 26840000000
Steps: 26850000000
Steps: 26860000000
Steps: 26870000000
Steps: 26880000000
Steps: 26890000000
Steps: 26900000000
Steps: 26910000000
Steps: 26920000000
Steps: 26930000000
Steps: 26940000000
Steps: 26950000000
Steps: 26960000000
Steps: 26970000000
Steps: 26980000000
Steps: 26990000000
Steps: 27000000000
Steps: 27010000000
Steps: 27020000000
Steps: 27030000000
Steps: 27040000000
Steps: 27050000000
Steps: 27060000000
Steps: 27070000000
Steps: 27080000000
Steps: 27090000000
Steps: 27100000000
Steps: 27110000000
Steps: 27120000000
Steps: 27130000000
Steps: 27140000000
Steps: 27150000000
Steps: 27160000000
Steps: 27170000000
Steps: 27180000000
Steps: 27190000000
Steps: 27200000000
Steps: 27210000000
Steps: 27220000000
Steps: 27230000000
Steps: 27240000000
Steps: 27250000000
Steps: 27260000000
Steps: 27270000000
Steps: 27280000000
Steps: 27290000000
Steps: 27300000000
Steps: 27310000000
Steps: 27320000000
Steps: 27330000000
Steps: 27340000000
Steps: 27350000000
Steps: 27360000000
Steps: 27370000000
Steps: 27380000000
Steps: 27390000000
Steps: 27400000000
Steps: 27410000000
Steps: 27420000000
Steps: 27430000000
Steps: 27440000000
Steps: 27450000000
Steps: 27460000000
Steps: 27470000000
Steps: 27480000000
Steps: 27490000000
Steps: 27500000000
Steps: 27510000000
Steps: 27520000000
Steps: 27530000000
Steps: 27540000000
Steps: 27550000000
Steps: 27560000000
Steps: 27570000000
Steps: 27580000000
Steps: 27590000000
Steps: 27600000000
Steps: 27610000000
Steps: 27620000000
Steps: 27630000000
Steps: 27640000000
Steps: 27650000000
Steps: 27660000000
Steps: 27670000000
Steps: 27680000000
Steps: 27690000000
Steps: 27700000000
Steps: 27710000000
Steps: 27720000000
Steps: 27730000000
Steps: 27740000000
Steps: 27750000000
Steps: 27760000000
Steps: 27770000000
Steps: 27780000000
Steps: 27790000000
Steps: 27800000000
Steps: 27810000000
Steps: 27820000000
Steps: 27830000000
Steps: 27840000000
Steps: 27850000000
Steps: 27860000000
Steps: 27870000000
Steps: 27880000000
Steps: 27890000000
Steps: 27900000000
Steps: 27910000000
Steps: 27920000000
Steps: 27930000000
Steps: 27940000000
Steps: 27950000000
Steps: 27960000000
Steps: 27970000000
Steps: 27980000000
Steps: 27990000000
Steps: 28000000000
Steps: 28010000000
Steps: 28020000000
Steps: 28030000000
Steps: 28040000000
Steps: 28050000000
Steps: 28060000000
Steps: 28070000000
Steps: 28080000000
Steps: 28090000000
Steps: 28100000000
Steps: 28110000000
Steps: 28120000000
Steps: 28130000000
Steps: 28140000000
Steps: 28150000000
Steps: 28160000000
Steps: 28170000000
Steps: 28180000000
Steps: 28190000000
Steps: 28200000000
Steps: 28210000000
Steps: 28220000000
Steps: 28230000000
Steps: 28240000000
Steps: 28250000000
Steps: 28260000000
Steps: 28270000000
Steps: 28280000000
Steps: 28290000000
Steps: 28300000000
Steps: 28310000000
Steps: 28320000000
Steps: 28330000000
Steps: 28340000000
Steps: 28350000000
Steps: 28360000000
Steps: 28370000000
Steps: 28380000000
Steps: 28390000000
Steps: 28400000000
Steps: 28410000000
Steps: 28420000000
Steps: 28430000000
Steps: 28440000000
Steps: 28450000000
Steps: 28460000000
Steps: 28470000000
Steps: 28480000000
Steps: 28490000000
Steps: 28500000000
Steps: 28510000000
Steps: 28520000000
Steps: 28530000000
Steps: 28540000000
Steps: 28550000000
Steps: 28560000000
Steps: 28570000000
Steps: 28580000000
Steps: 28590000000
Steps: 28600000000
Steps: 28610000000
Steps: 28620000000
Steps: 28630000000
Steps: 28640000000
Steps: 28650000000
Steps: 28660000000
Steps: 28670000000
Steps: 28680000000
Steps: 28690000000
Steps: 28700000000
Steps: 28710000000
Steps: 28720000000
Steps: 28730000000
Steps: 28740000000
Steps: 28750000000
Steps: 28760000000
Steps: 28770000000
Steps: 28780000000
Steps: 28790000000
Steps: 28800000000
Steps: 28810000000
Steps: 28820000000
Steps: 28830000000
Steps: 28840000000
Steps: 28850000000
Steps: 28860000000
Steps: 28870000000
Steps: 28880000000
Steps: 28890000000
Steps: 28900000000
Steps: 28910000000
Steps: 28920000000
Steps: 28930000000
Steps: 28940000000
Steps: 28950000000
Steps: 28960000000
Steps: 28970000000
Steps: 28980000000
Steps: 28990000000
Steps: 29000000000
Steps: 29010000000
Steps: 29020000000
Steps: 29030000000
Steps: 29040000000
Steps: 29050000000
Steps: 29060000000
Steps: 29070000000
Steps: 29080000000
Steps: 29090000000
Steps: 29100000000
Steps: 29110000000
Steps: 29120000000
Steps: 29130000000
Steps: 29140000000
Steps: 29150000000
Steps: 29160000000
Steps: 29170000000
Steps: 29180000000
Steps: 29190000000
Steps: 29200000000
Steps: 29210000000
Steps: 29220000000
Steps: 29230000000
Steps: 29240000000
Steps: 29250000000
Steps: 29260000000
Steps: 29270000000
Steps: 29280000000
Steps: 29290000000
Steps: 29300000000
Steps: 29310000000
Steps: 29320000000
Steps: 29330000000
Steps: 29340000000
Steps: 29350000000
Steps: 29360000000
Steps: 29370000000
Steps: 29380000000
Steps: 29390000000
Steps: 29400000000
Steps: 29410000000
Steps: 29420000000
Steps: 29430000000
Steps: 29440000000
Steps: 29450000000
Steps: 29460000000
Steps: 29470000000
Steps: 29480000000
Steps: 29490000000
Steps: 29500000000
Steps: 29510000000
Steps: 29520000000
Steps: 29530000000
Steps: 29540000000
Steps: 29550000000
Steps: 29560000000
Steps: 29570000000
Steps: 29580000000
Steps: 29590000000
Steps: 29600000000
Steps: 29610000000
Steps: 29620000000
Steps: 29630000000
Steps: 29640000000
Steps: 29650000000
Steps: 29660000000
Steps: 29670000000
Steps: 29680000000
Steps: 29690000000
Steps: 29700000000
Steps: 29710000000
Steps: 29720000000
Steps: 29730000000
Steps: 29740000000
Steps: 29750000000
Steps: 29760000000
Steps: 29770000000
Steps: 29780000000
Steps: 29790000000
Steps: 29800000000
Steps: 29810000000
Steps: 29820000000
Steps: 29830000000
Steps: 29840000000
Steps: 29850000000
Steps: 29860000000
Steps: 29870000000
Steps: 29880000000
Steps: 29890000000
Steps: 29900000000
Steps: 29910000000
Steps: 29920000000
Steps: 29930000000
Steps: 29940000000
Steps: 29950000000
Steps: 29960000000
Steps: 29970000000
Steps: 29980000000
Steps: 29990000000
Steps: 30000000000
Steps: 30010000000
Steps: 30020000000
Steps: 30030000000
Steps: 30040000000
Steps: 30050000000
Steps: 30060000000
Steps: 30070000000
Steps: 30080000000
Steps: 30090000000
Steps: 30100000000
Steps: 30110000000
Steps: 30120000000
Steps: 30130000000
Steps: 30140000000
Steps: 30150000000
Steps: 30160000000
Steps: 30170000000
Steps: 30180000000
Steps: 30190000000
Steps: 30200000000
Steps: 30210000000
Steps: 30220000000
Steps: 30230000000
Steps: 30240000000
Steps: 30250000000
Steps: 30260000000
Steps: 30270000000
Steps: 30280000000
Steps: 30290000000
Steps: 30300000000
Steps: 30310000000
Steps: 30320000000
Steps: 30330000000
Steps: 30340000000
Steps: 30350000000
Steps: 30360000000
Steps: 30370000000
Steps: 30380000000
Steps: 30390000000
