~=~=~=~=~=~=~=~=~=~< Advent of Code 2023: Day 8 >~=~=~=~=~=~=~=~=~=~
-------------------<  12-08-2023; 12-02-58-582  >-------------------

-------------------<          PART ONE          >-------------------
Steps to done: 19199

-------------------<          PART TWO          >-------------------
Steps: 100000
Steps: 200000
Steps: 300000
Steps: 400000
Steps: 500000
Steps: 600000
Steps: 700000
Steps: 800000
Steps: 900000
Steps: 1000000
Steps: 1100000
Steps: 1200000
Steps: 1300000
Steps: 1400000
Steps: 1500000
Steps: 1600000
Steps: 1700000
Steps: 1800000
Steps: 1900000
Steps: 2000000
Steps: 2100000
Steps: 2200000
Steps: 2300000
Steps: 2400000
Steps: 2500000
Steps: 2600000
Steps: 2700000
Steps: 2800000
Steps: 2900000
Steps: 3000000
Steps: 3100000
Steps: 3200000
Steps: 3300000
Steps: 3400000
Steps: 3500000
Steps: 3600000
Steps: 3700000
Steps: 3800000
Steps: 3900000
Steps: 4000000
Steps: 4100000
Steps: 4200000
Steps: 4300000
Steps: 4400000
Steps: 4500000
Steps: 4600000
Steps: 4700000
Steps: 4800000
Steps: 4900000
Steps: 5000000
Steps: 5100000
Steps: 5200000
Steps: 5300000
Steps: 5400000
Steps: 5500000
Steps: 5600000
Steps: 5700000
Steps: 5800000
Steps: 5900000
Steps: 6000000
Steps: 6100000
Steps: 6200000
Steps: 6300000
Steps: 6400000
Steps: 6500000
Steps: 6600000
Steps: 6700000
Steps: 6800000
Steps: 6900000
Steps: 7000000
Steps: 7100000
Steps: 7200000
Steps: 7300000
Steps: 7400000
Steps: 7500000
Steps: 7600000
Steps: 7700000
Steps: 7800000
Steps: 7900000
Steps: 8000000
Steps: 8100000
Steps: 8200000
Steps: 8300000
Steps: 8400000
Steps: 8500000
Steps: 8600000
Steps: 8700000
Steps: 8800000
Steps: 8900000
Steps: 9000000
Steps: 9100000
Steps: 9200000
Steps: 9300000
Steps: 9400000
Steps: 9500000
Steps: 9600000
Steps: 9700000
Steps: 9800000
Steps: 9900000
Steps: 10000000
Steps: 10100000
Steps: 10200000
Steps: 10300000
Steps: 10400000
Steps: 10500000
Steps: 10600000
Steps: 10700000
Steps: 10800000
Steps: 10900000
Steps: 11000000
Steps: 11100000
Steps: 11200000
Steps: 11300000
Steps: 11400000
Steps: 11500000
Steps: 11600000
Steps: 11700000
Steps: 11800000
Steps: 11900000
Steps: 12000000
Steps: 12100000
Steps: 12200000
Steps: 12300000
Steps: 12400000
Steps: 12500000
Steps: 12600000
Steps: 12700000
Steps: 12800000
Steps: 12900000
Steps: 13000000
Steps: 13100000
Steps: 13200000
Steps: 13300000
Steps: 13400000
Steps: 13500000
Steps: 13600000
Steps: 13700000
Steps: 13800000
Steps: 13900000
Steps: 14000000
Steps: 14100000
Steps: 14200000
Steps: 14300000
Steps: 14400000
Steps: 14500000
Steps: 14600000
Steps: 14700000
Steps: 14800000
Steps: 14900000
Steps: 15000000
Steps: 15100000
Steps: 15200000
Steps: 15300000
Steps: 15400000
Steps: 15500000
Steps: 15600000
Steps: 15700000
Steps: 15800000
Steps: 15900000
Steps: 16000000
Steps: 16100000
Steps: 16200000
Steps: 16300000
Steps: 16400000
Steps: 16500000
Steps: 16600000
Steps: 16700000
Steps: 16800000
Steps: 16900000
Steps: 17000000
Steps: 17100000
Steps: 17200000
Steps: 17300000
Steps: 17400000
Steps: 17500000
Steps: 17600000
Steps: 17700000
Steps: 17800000
Steps: 17900000
Steps: 18000000
Steps: 18100000
Steps: 18200000
Steps: 18300000
Steps: 18400000
Steps: 18500000
Steps: 18600000
Steps: 18700000
Steps: 18800000
Steps: 18900000
Steps: 19000000
Steps: 19100000
Steps: 19200000
Steps: 19300000
Steps: 19400000
Steps: 19500000
Steps: 19600000
Steps: 19700000
Steps: 19800000
Steps: 19900000
Steps: 20000000
Steps: 20100000
Steps: 20200000
Steps: 20300000
Steps: 20400000
Steps: 20500000
Steps: 20600000
Steps: 20700000
Steps: 20800000
Steps: 20900000
Steps: 21000000
Steps: 21100000
Steps: 21200000
Steps: 21300000
Steps: 21400000
Steps: 21500000
Steps: 21600000
Steps: 21700000
Steps: 21800000
Steps: 21900000
Steps: 22000000
Steps: 22100000
Steps: 22200000
Steps: 22300000
Steps: 22400000
Steps: 22500000
Steps: 22600000
Steps: 22700000
Steps: 22800000
Steps: 22900000
Steps: 23000000
Steps: 23100000
Steps: 23200000
Steps: 23300000
Steps: 23400000
Steps: 23500000
Steps: 23600000
Steps: 23700000
Steps: 23800000
Steps: 23900000
Steps: 24000000
Steps: 24100000
Steps: 24200000
Steps: 24300000
Steps: 24400000
Steps: 24500000
Steps: 24600000
Steps: 24700000
Steps: 24800000
Steps: 24900000
Steps: 25000000
Steps: 25100000
Steps: 25200000
Steps: 25300000
Steps: 25400000
Steps: 25500000
Steps: 25600000
Steps: 25700000
Steps: 25800000
Steps: 25900000
Steps: 26000000
Steps: 26100000
Steps: 26200000
Steps: 26300000
Steps: 26400000
Steps: 26500000
Steps: 26600000
Steps: 26700000
Steps: 26800000
Steps: 26900000
Steps: 27000000
Steps: 27100000
Steps: 27200000
Steps: 27300000
Steps: 27400000
Steps: 27500000
Steps: 27600000
Steps: 27700000
Steps: 27800000
Steps: 27900000
Steps: 28000000
Steps: 28100000
Steps: 28200000
Steps: 28300000
Steps: 28400000
Steps: 28500000
Steps: 28600000
Steps: 28700000
Steps: 28800000
Steps: 28900000
Steps: 29000000
Steps: 29100000
Steps: 29200000
Steps: 29300000
Steps: 29400000
Steps: 29500000
Steps: 29600000
Steps: 29700000
Steps: 29800000
Steps: 29900000
Steps: 30000000
Steps: 30100000
Steps: 30200000
Steps: 30300000
Steps: 30400000
Steps: 30500000
Steps: 30600000
Steps: 30700000
Steps: 30800000
Steps: 30900000
Steps: 31000000
Steps: 31100000
Steps: 31200000
Steps: 31300000
Steps: 31400000
Steps: 31500000
Steps: 31600000
Steps: 31700000
Steps: 31800000
Steps: 31900000
Steps: 32000000
Steps: 32100000
Steps: 32200000
Steps: 32300000
Steps: 32400000
Steps: 32500000
Steps: 32600000
Steps: 32700000
Steps: 32800000
Steps: 32900000
Steps: 33000000
Steps: 33100000
Steps: 33200000
Steps: 33300000
Steps: 33400000
Steps: 33500000
Steps: 33600000
Steps: 33700000
Steps: 33800000
Steps: 33900000
Steps: 34000000
Steps: 34100000
Steps: 34200000
Steps: 34300000
Steps: 34400000
Steps: 34500000
Steps: 34600000
Steps: 34700000
Steps: 34800000
Steps: 34900000
Steps: 35000000
Steps: 35100000
Steps: 35200000
Steps: 35300000
Steps: 35400000
Steps: 35500000
Steps: 35600000
Steps: 35700000
Steps: 35800000
Steps: 35900000
Steps: 36000000
Steps: 36100000
Steps: 36200000
Steps: 36300000
Steps: 36400000
Steps: 36500000
Steps: 36600000
Steps: 36700000
Steps: 36800000
Steps: 36900000
Steps: 37000000
Steps: 37100000
Steps: 37200000
Steps: 37300000
Steps: 37400000
Steps: 37500000
Steps: 37600000
Steps: 37700000
Steps: 37800000
Steps: 37900000
Steps: 38000000
Steps: 38100000
Steps: 38200000
Steps: 38300000
Steps: 38400000
Steps: 38500000
Steps: 38600000
Steps: 38700000
Steps: 38800000
Steps: 38900000
Steps: 39000000
Steps: 39100000
Steps: 39200000
Steps: 39300000
Steps: 39400000
Steps: 39500000
Steps: 39600000
Steps: 39700000
Steps: 39800000
Steps: 39900000
Steps: 40000000
Steps: 40100000
Steps: 40200000
Steps: 40300000
Steps: 40400000
Steps: 40500000
Steps: 40600000
Steps: 40700000
Steps: 40800000
Steps: 40900000
Steps: 41000000
Steps: 41100000
Steps: 41200000
Steps: 41300000
Steps: 41400000
Steps: 41500000
Steps: 41600000
Steps: 41700000
Steps: 41800000
Steps: 41900000
Steps: 42000000
Steps: 42100000
Steps: 42200000
Steps: 42300000
Steps: 42400000
Steps: 42500000
Steps: 42600000
Steps: 42700000
Steps: 42800000
Steps: 42900000
Steps: 43000000
Steps: 43100000
Steps: 43200000
Steps: 43300000
Steps: 43400000
Steps: 43500000
Steps: 43600000
Steps: 43700000
Steps: 43800000
Steps: 43900000
Steps: 44000000
Steps: 44100000
Steps: 44200000
Steps: 44300000
Steps: 44400000
Steps: 44500000
Steps: 44600000
Steps: 44700000
Steps: 44800000
Steps: 44900000
Steps: 45000000
Steps: 45100000
Steps: 45200000
Steps: 45300000
Steps: 45400000
Steps: 45500000
Steps: 45600000
Steps: 45700000
Steps: 45800000
Steps: 45900000
Steps: 46000000
Steps: 46100000
Steps: 46200000
Steps: 46300000
Steps: 46400000
Steps: 46500000
Steps: 46600000
Steps: 46700000
Steps: 46800000
Steps: 46900000
Steps: 47000000
Steps: 47100000
Steps: 47200000
Steps: 47300000
Steps: 47400000
Steps: 47500000
Steps: 47600000
Steps: 47700000
Steps: 47800000
Steps: 47900000
Steps: 48000000
Steps: 48100000
Steps: 48200000
Steps: 48300000
Steps: 48400000
Steps: 48500000
Steps: 48600000
Steps: 48700000
Steps: 48800000
Steps: 48900000
Steps: 49000000
Steps: 49100000
Steps: 49200000
Steps: 49300000
Steps: 49400000
Steps: 49500000
Steps: 49600000
Steps: 49700000
Steps: 49800000
Steps: 49900000
Steps: 50000000
Steps: 50100000
Steps: 50200000
Steps: 50300000
Steps: 50400000
Steps: 50500000
Steps: 50600000
Steps: 50700000
Steps: 50800000
Steps: 50900000
Steps: 51000000
Steps: 51100000
Steps: 51200000
Steps: 51300000
Steps: 51400000
Steps: 51500000
Steps: 51600000
Steps: 51700000
Steps: 51800000
Steps: 51900000
Steps: 52000000
Steps: 52100000
Steps: 52200000
Steps: 52300000
Steps: 52400000
Steps: 52500000
Steps: 52600000
Steps: 52700000
Steps: 52800000
Steps: 52900000
Steps: 53000000
Steps: 53100000
Steps: 53200000
Steps: 53300000
Steps: 53400000
Steps: 53500000
Steps: 53600000
Steps: 53700000
Steps: 53800000
Steps: 53900000
Steps: 54000000
Steps: 54100000
Steps: 54200000
Steps: 54300000
Steps: 54400000
Steps: 54500000
Steps: 54600000
Steps: 54700000
Steps: 54800000
Steps: 54900000
Steps: 55000000
Steps: 55100000
Steps: 55200000
Steps: 55300000
Steps: 55400000
Steps: 55500000
Steps: 55600000
Steps: 55700000
Steps: 55800000
Steps: 55900000
Steps: 56000000
Steps: 56100000
Steps: 56200000
Steps: 56300000
Steps: 56400000
Steps: 56500000
Steps: 56600000
Steps: 56700000
Steps: 56800000
Steps: 56900000
Steps: 57000000
Steps: 57100000
Steps: 57200000
Steps: 57300000
Steps: 57400000
Steps: 57500000
Steps: 57600000
Steps: 57700000
Steps: 57800000
Steps: 57900000
Steps: 58000000
Steps: 58100000
Steps: 58200000
Steps: 58300000
Steps: 58400000
Steps: 58500000
Steps: 58600000
Steps: 58700000
Steps: 58800000
Steps: 58900000
Steps: 59000000
Steps: 59100000
Steps: 59200000
Steps: 59300000
Steps: 59400000
Steps: 59500000
Steps: 59600000
Steps: 59700000
Steps: 59800000
Steps: 59900000
Steps: 60000000
Steps: 60100000
Steps: 60200000
Steps: 60300000
Steps: 60400000
Steps: 60500000
Steps: 60600000
Steps: 60700000
Steps: 60800000
Steps: 60900000
Steps: 61000000
Steps: 61100000
Steps: 61200000
Steps: 61300000
Steps: 61400000
Steps: 61500000
Steps: 61600000
Steps: 61700000
Steps: 61800000
Steps: 61900000
Steps: 62000000
Steps: 62100000
Steps: 62200000
Steps: 62300000
Steps: 62400000
Steps: 62500000
Steps: 62600000
Steps: 62700000
Steps: 62800000
Steps: 62900000
Steps: 63000000
Steps: 63100000
Steps: 63200000
Steps: 63300000
Steps: 63400000
Steps: 63500000
Steps: 63600000
Steps: 63700000
Steps: 63800000
Steps: 63900000
Steps: 64000000
Steps: 64100000
Steps: 64200000
Steps: 64300000
Steps: 64400000
Steps: 64500000
Steps: 64600000
Steps: 64700000
Steps: 64800000
Steps: 64900000
Steps: 65000000
Steps: 65100000
Steps: 65200000
Steps: 65300000
Steps: 65400000
Steps: 65500000
Steps: 65600000
Steps: 65700000
Steps: 65800000
Steps: 65900000
Steps: 66000000
Steps: 66100000
Steps: 66200000
Steps: 66300000
Steps: 66400000
Steps: 66500000
Steps: 66600000
Steps: 66700000
Steps: 66800000
Steps: 66900000
Steps: 67000000
Steps: 67100000
Steps: 67200000
Steps: 67300000
Steps: 67400000
Steps: 67500000
Steps: 67600000
Steps: 67700000
Steps: 67800000
Steps: 67900000
Steps: 68000000
Steps: 68100000
Steps: 68200000
Steps: 68300000
Steps: 68400000
Steps: 68500000
Steps: 68600000
Steps: 68700000
Steps: 68800000
Steps: 68900000
Steps: 69000000
Steps: 69100000
Steps: 69200000
Steps: 69300000
Steps: 69400000
Steps: 69500000
Steps: 69600000
Steps: 69700000
Steps: 69800000
Steps: 69900000
Steps: 70000000
Steps: 70100000
Steps: 70200000
Steps: 70300000
Steps: 70400000
Steps: 70500000
Steps: 70600000
Steps: 70700000
Steps: 70800000
Steps: 70900000
Steps: 71000000
Steps: 71100000
Steps: 71200000
Steps: 71300000
Steps: 71400000
Steps: 71500000
Steps: 71600000
Steps: 71700000
Steps: 71800000
Steps: 71900000
Steps: 72000000
Steps: 72100000
Steps: 72200000
Steps: 72300000
Steps: 72400000
Steps: 72500000
Steps: 72600000
Steps: 72700000
Steps: 72800000
Steps: 72900000
Steps: 73000000
Steps: 73100000
Steps: 73200000
Steps: 73300000
Steps: 73400000
Steps: 73500000
Steps: 73600000
Steps: 73700000
Steps: 73800000
Steps: 73900000
Steps: 74000000
Steps: 74100000
Steps: 74200000
Steps: 74300000
Steps: 74400000
Steps: 74500000
Steps: 74600000
Steps: 74700000
Steps: 74800000
Steps: 74900000
Steps: 75000000
Steps: 75100000
Steps: 75200000
Steps: 75300000
Steps: 75400000
Steps: 75500000
Steps: 75600000
Steps: 75700000
Steps: 75800000
Steps: 75900000
Steps: 76000000
Steps: 76100000
Steps: 76200000
Steps: 76300000
Steps: 76400000
Steps: 76500000
Steps: 76600000
Steps: 76700000
Steps: 76800000
Steps: 76900000
Steps: 77000000
Steps: 77100000
Steps: 77200000
Steps: 77300000
Steps: 77400000
Steps: 77500000
Steps: 77600000
Steps: 77700000
Steps: 77800000
Steps: 77900000
Steps: 78000000
Steps: 78100000
Steps: 78200000
Steps: 78300000
Steps: 78400000
Steps: 78500000
Steps: 78600000
Steps: 78700000
Steps: 78800000
Steps: 78900000
Steps: 79000000
Steps: 79100000
Steps: 79200000
Steps: 79300000
Steps: 79400000
Steps: 79500000
Steps: 79600000
Steps: 79700000
Steps: 79800000
Steps: 79900000
Steps: 80000000
Steps: 80100000
Steps: 80200000
Steps: 80300000
Steps: 80400000
Steps: 80500000
Steps: 80600000
Steps: 80700000
Steps: 80800000
Steps: 80900000
Steps: 81000000
Steps: 81100000
Steps: 81200000
Steps: 81300000
Steps: 81400000
Steps: 81500000
Steps: 81600000
Steps: 81700000
Steps: 81800000
Steps: 81900000
Steps: 82000000
Steps: 82100000
Steps: 82200000
Steps: 82300000
Steps: 82400000
Steps: 82500000
Steps: 82600000
Steps: 82700000
Steps: 82800000
Steps: 82900000
Steps: 83000000
Steps: 83100000
Steps: 83200000
Steps: 83300000
Steps: 83400000
Steps: 83500000
Steps: 83600000
Steps: 83700000
Steps: 83800000
Steps: 83900000
Steps: 84000000
Steps: 84100000
Steps: 84200000
Steps: 84300000
Steps: 84400000
Steps: 84500000
Steps: 84600000
Steps: 84700000
Steps: 84800000
Steps: 84900000
Steps: 85000000
Steps: 85100000
Steps: 85200000
Steps: 85300000
Steps: 85400000
Steps: 85500000
Steps: 85600000
Steps: 85700000
Steps: 85800000
Steps: 85900000
Steps: 86000000
Steps: 86100000
Steps: 86200000
Steps: 86300000
Steps: 86400000
Steps: 86500000
Steps: 86600000
Steps: 86700000
Steps: 86800000
Steps: 86900000
Steps: 87000000
Steps: 87100000
Steps: 87200000
Steps: 87300000
Steps: 87400000
Steps: 87500000
Steps: 87600000
Steps: 87700000
Steps: 87800000
Steps: 87900000
Steps: 88000000
Steps: 88100000
Steps: 88200000
Steps: 88300000
Steps: 88400000
Steps: 88500000
Steps: 88600000
Steps: 88700000
Steps: 88800000
Steps: 88900000
Steps: 89000000
Steps: 89100000
Steps: 89200000
Steps: 89300000
Steps: 89400000
Steps: 89500000
Steps: 89600000
Steps: 89700000
Steps: 89800000
Steps: 89900000
Steps: 90000000
Steps: 90100000
Steps: 90200000
Steps: 90300000
Steps: 90400000
Steps: 90500000
Steps: 90600000
Steps: 90700000
Steps: 90800000
Steps: 90900000
Steps: 91000000
Steps: 91100000
Steps: 91200000
Steps: 91300000
Steps: 91400000
Steps: 91500000
Steps: 91600000
Steps: 91700000
Steps: 91800000
Steps: 91900000
Steps: 92000000
Steps: 92100000
Steps: 92200000
Steps: 92300000
Steps: 92400000
Steps: 92500000
Steps: 92600000
Steps: 92700000
Steps: 92800000
Steps: 92900000
Steps: 93000000
Steps: 93100000
Steps: 93200000
Steps: 93300000
Steps: 93400000
Steps: 93500000
Steps: 93600000
Steps: 93700000
Steps: 93800000
Steps: 93900000
Steps: 94000000
Steps: 94100000
Steps: 94200000
Steps: 94300000
Steps: 94400000
Steps: 94500000
Steps: 94600000
Steps: 94700000
Steps: 94800000
Steps: 94900000
Steps: 95000000
Steps: 95100000
Steps: 95200000
Steps: 95300000
Steps: 95400000
Steps: 95500000
Steps: 95600000
Steps: 95700000
Steps: 95800000
Steps: 95900000
Steps: 96000000
Steps: 96100000
Steps: 96200000
Steps: 96300000
Steps: 96400000
Steps: 96500000
Steps: 96600000
Steps: 96700000
Steps: 96800000
Steps: 96900000
Steps: 97000000
Steps: 97100000
Steps: 97200000
Steps: 97300000
Steps: 97400000
Steps: 97500000
Steps: 97600000
Steps: 97700000
Steps: 97800000
Steps: 97900000
Steps: 98000000
Steps: 98100000
Steps: 98200000
Steps: 98300000
Steps: 98400000
Steps: 98500000
Steps: 98600000
Steps: 98700000
Steps: 98800000
Steps: 98900000
Steps: 99000000
Steps: 99100000
Steps: 99200000
Steps: 99300000
Steps: 99400000
Steps: 99500000
Steps: 99600000
Steps: 99700000
Steps: 99800000
Steps: 99900000
Steps: 100000000
Steps: 100100000
Steps: 100200000
Steps: 100300000
Steps: 100400000
Steps: 100500000
Steps: 100600000
Steps: 100700000
Steps: 100800000
Steps: 100900000
Steps: 101000000
Steps: 101100000
Steps: 101200000
Steps: 101300000
Steps: 101400000
Steps: 101500000
Steps: 101600000
Steps: 101700000
Steps: 101800000
Steps: 101900000
Steps: 102000000
Steps: 102100000
Steps: 102200000
Steps: 102300000
Steps: 102400000
Steps: 102500000
Steps: 102600000
Steps: 102700000
Steps: 102800000
Steps: 102900000
Steps: 103000000
Steps: 103100000
Steps: 103200000
Steps: 103300000
Steps: 103400000
Steps: 103500000
Steps: 103600000
Steps: 103700000
Steps: 103800000
Steps: 103900000
Steps: 104000000
Steps: 104100000
Steps: 104200000
Steps: 104300000
Steps: 104400000
Steps: 104500000
Steps: 104600000
Steps: 104700000
Steps: 104800000
Steps: 104900000
Steps: 105000000
Steps: 105100000
Steps: 105200000
Steps: 105300000
Steps: 105400000
Steps: 105500000
Steps: 105600000
Steps: 105700000
Steps: 105800000
Steps: 105900000
Steps: 106000000
Steps: 106100000
Steps: 106200000
Steps: 106300000
Steps: 106400000
Steps: 106500000
Steps: 106600000
Steps: 106700000
Steps: 106800000
Steps: 106900000
Steps: 107000000
Steps: 107100000
Steps: 107200000
Steps: 107300000
Steps: 107400000
Steps: 107500000
Steps: 107600000
Steps: 107700000
Steps: 107800000
Steps: 107900000
Steps: 108000000
Steps: 108100000
Steps: 108200000
Steps: 108300000
Steps: 108400000
Steps: 108500000
Steps: 108600000
Steps: 108700000
Steps: 108800000
Steps: 108900000
Steps: 109000000
Steps: 109100000
Steps: 109200000
Steps: 109300000
Steps: 109400000
Steps: 109500000
Steps: 109600000
Steps: 109700000
Steps: 109800000
Steps: 109900000
Steps: 110000000
Steps: 110100000
Steps: 110200000
Steps: 110300000
Steps: 110400000
Steps: 110500000
Steps: 110600000
Steps: 110700000
Steps: 110800000
Steps: 110900000
Steps: 111000000
Steps: 111100000
Steps: 111200000
Steps: 111300000
Steps: 111400000
Steps: 111500000
Steps: 111600000
Steps: 111700000
Steps: 111800000
Steps: 111900000
Steps: 112000000
Steps: 112100000
Steps: 112200000
Steps: 112300000
Steps: 112400000
Steps: 112500000
Steps: 112600000
Steps: 112700000
Steps: 112800000
Steps: 112900000
Steps: 113000000
Steps: 113100000
Steps: 113200000
Steps: 113300000
Steps: 113400000
Steps: 113500000
Steps: 113600000
Steps: 113700000
Steps: 113800000
Steps: 113900000
Steps: 114000000
Steps: 114100000
Steps: 114200000
Steps: 114300000
Steps: 114400000
Steps: 114500000
Steps: 114600000
Steps: 114700000
Steps: 114800000
Steps: 114900000
Steps: 115000000
Steps: 115100000
Steps: 115200000
Steps: 115300000
Steps: 115400000
Steps: 115500000
Steps: 115600000
Steps: 115700000
Steps: 115800000
Steps: 115900000
Steps: 116000000
Steps: 116100000
Steps: 116200000
Steps: 116300000
Steps: 116400000
Steps: 116500000
Steps: 116600000
Steps: 116700000
Steps: 116800000
Steps: 116900000
Steps: 117000000
Steps: 117100000
Steps: 117200000
Steps: 117300000
Steps: 117400000
Steps: 117500000
Steps: 117600000
Steps: 117700000
Steps: 117800000
Steps: 117900000
Steps: 118000000
Steps: 118100000
Steps: 118200000
Steps: 118300000
Steps: 118400000
Steps: 118500000
Steps: 118600000
Steps: 118700000
Steps: 118800000
Steps: 118900000
Steps: 119000000
Steps: 119100000
Steps: 119200000
Steps: 119300000
Steps: 119400000
Steps: 119500000
Steps: 119600000
Steps: 119700000
Steps: 119800000
Steps: 119900000
Steps: 120000000
Steps: 120100000
Steps: 120200000
Steps: 120300000
Steps: 120400000
Steps: 120500000
Steps: 120600000
Steps: 120700000
Steps: 120800000
Steps: 120900000
Steps: 121000000
Steps: 121100000
Steps: 121200000
Steps: 121300000
Steps: 121400000
Steps: 121500000
Steps: 121600000
Steps: 121700000
Steps: 121800000
Steps: 121900000
Steps: 122000000
Steps: 122100000
Steps: 122200000
Steps: 122300000
Steps: 122400000
Steps: 122500000
Steps: 122600000
Steps: 122700000
Steps: 122800000
Steps: 122900000
Steps: 123000000
Steps: 123100000
Steps: 123200000
Steps: 123300000
Steps: 123400000
Steps: 123500000
Steps: 123600000
Steps: 123700000
Steps: 123800000
Steps: 123900000
Steps: 124000000
Steps: 124100000
Steps: 124200000
Steps: 124300000
Steps: 124400000
Steps: 124500000
Steps: 124600000
Steps: 124700000
Steps: 124800000
Steps: 124900000
Steps: 125000000
Steps: 125100000
Steps: 125200000
Steps: 125300000
Steps: 125400000
Steps: 125500000
Steps: 125600000
Steps: 125700000
Steps: 125800000
Steps: 125900000
Steps: 126000000
Steps: 126100000
Steps: 126200000
Steps: 126300000
Steps: 126400000
Steps: 126500000
Steps: 126600000
Steps: 126700000
Steps: 126800000
Steps: 126900000
Steps: 127000000
Steps: 127100000
Steps: 127200000
Steps: 127300000
Steps: 127400000
Steps: 127500000
Steps: 127600000
Steps: 127700000
Steps: 127800000
Steps: 127900000
Steps: 128000000
Steps: 128100000
Steps: 128200000
Steps: 128300000
Steps: 128400000
Steps: 128500000
Steps: 128600000
Steps: 128700000
Steps: 128800000
Steps: 128900000
Steps: 129000000
Steps: 129100000
Steps: 129200000
Steps: 129300000
Steps: 129400000
Steps: 129500000
Steps: 129600000
Steps: 129700000
Steps: 129800000
Steps: 129900000
Steps: 130000000
Steps: 130100000
Steps: 130200000
Steps: 130300000
Steps: 130400000
Steps: 130500000
Steps: 130600000
Steps: 130700000
Steps: 130800000
Steps: 130900000
Steps: 131000000
Steps: 131100000
Steps: 131200000
Steps: 131300000
Steps: 131400000
Steps: 131500000
Steps: 131600000
Steps: 131700000
Steps: 131800000
Steps: 131900000
Steps: 132000000
Steps: 132100000
Steps: 132200000
Steps: 132300000
Steps: 132400000
Steps: 132500000
Steps: 132600000
Steps: 132700000
Steps: 132800000
Steps: 132900000
Steps: 133000000
Steps: 133100000
Steps: 133200000
Steps: 133300000
Steps: 133400000
Steps: 133500000
Steps: 133600000
Steps: 133700000
Steps: 133800000
Steps: 133900000
Steps: 134000000
Steps: 134100000
Steps: 134200000
Steps: 134300000
Steps: 134400000
Steps: 134500000
Steps: 134600000
Steps: 134700000
Steps: 134800000
Steps: 134900000
Steps: 135000000
Steps: 135100000
Steps: 135200000
Steps: 135300000
Steps: 135400000
Steps: 135500000
Steps: 135600000
Steps: 135700000
Steps: 135800000
Steps: 135900000
Steps: 136000000
Steps: 136100000
Steps: 136200000
Steps: 136300000
Steps: 136400000
Steps: 136500000
Steps: 136600000
Steps: 136700000
Steps: 136800000
Steps: 136900000
Steps: 137000000
Steps: 137100000
Steps: 137200000
Steps: 137300000
Steps: 137400000
Steps: 137500000
Steps: 137600000
Steps: 137700000
Steps: 137800000
Steps: 137900000
Steps: 138000000
Steps: 138100000
Steps: 138200000
Steps: 138300000
Steps: 138400000
Steps: 138500000
Steps: 138600000
Steps: 138700000
Steps: 138800000
Steps: 138900000
Steps: 139000000
Steps: 139100000
Steps: 139200000
Steps: 139300000
Steps: 139400000
Steps: 139500000
Steps: 139600000
Steps: 139700000
Steps: 139800000
Steps: 139900000
Steps: 140000000
Steps: 140100000
Steps: 140200000
Steps: 140300000
Steps: 140400000
Steps: 140500000
Steps: 140600000
Steps: 140700000
Steps: 140800000
Steps: 140900000
Steps: 141000000
Steps: 141100000
Steps: 141200000
Steps: 141300000
Steps: 141400000
Steps: 141500000
Steps: 141600000
Steps: 141700000
Steps: 141800000
Steps: 141900000
Steps: 142000000
Steps: 142100000
Steps: 142200000
Steps: 142300000
Steps: 142400000
Steps: 142500000
Steps: 142600000
Steps: 142700000
Steps: 142800000
Steps: 142900000
Steps: 143000000
Steps: 143100000
Steps: 143200000
Steps: 143300000
Steps: 143400000
Steps: 143500000
Steps: 143600000
Steps: 143700000
Steps: 143800000
Steps: 143900000
Steps: 144000000
Steps: 144100000
Steps: 144200000
Steps: 144300000
Steps: 144400000
Steps: 144500000
Steps: 144600000
Steps: 144700000
Steps: 144800000
Steps: 144900000
Steps: 145000000
Steps: 145100000
Steps: 145200000
Steps: 145300000
Steps: 145400000
Steps: 145500000
Steps: 145600000
Steps: 145700000
Steps: 145800000
Steps: 145900000
Steps: 146000000
Steps: 146100000
Steps: 146200000
Steps: 146300000
Steps: 146400000
Steps: 146500000
Steps: 146600000
Steps: 146700000
Steps: 146800000
Steps: 146900000
Steps: 147000000
Steps: 147100000
Steps: 147200000
Steps: 147300000
Steps: 147400000
Steps: 147500000
Steps: 147600000
Steps: 147700000
Steps: 147800000
Steps: 147900000
Steps: 148000000
Steps: 148100000
Steps: 148200000
Steps: 148300000
Steps: 148400000
Steps: 148500000
Steps: 148600000
Steps: 148700000
Steps: 148800000
Steps: 148900000
Steps: 149000000
Steps: 149100000
Steps: 149200000
Steps: 149300000
Steps: 149400000
Steps: 149500000
Steps: 149600000
Steps: 149700000
Steps: 149800000
Steps: 149900000
Steps: 150000000
Steps: 150100000
Steps: 150200000
Steps: 150300000
Steps: 150400000
Steps: 150500000
Steps: 150600000
Steps: 150700000
Steps: 150800000
Steps: 150900000
Steps: 151000000
Steps: 151100000
Steps: 151200000
Steps: 151300000
Steps: 151400000
Steps: 151500000
Steps: 151600000
Steps: 151700000
Steps: 151800000
Steps: 151900000
Steps: 152000000
Steps: 152100000
Steps: 152200000
Steps: 152300000
Steps: 152400000
Steps: 152500000
Steps: 152600000
Steps: 152700000
Steps: 152800000
Steps: 152900000
Steps: 153000000
Steps: 153100000
Steps: 153200000
Steps: 153300000
Steps: 153400000
Steps: 153500000
Steps: 153600000
Steps: 153700000
Steps: 153800000
Steps: 153900000
Steps: 154000000
Steps: 154100000
Steps: 154200000
Steps: 154300000
Steps: 154400000
Steps: 154500000
Steps: 154600000
Steps: 154700000
Steps: 154800000
Steps: 154900000
Steps: 155000000
Steps: 155100000
Steps: 155200000
Steps: 155300000
Steps: 155400000
Steps: 155500000
Steps: 155600000
Steps: 155700000
Steps: 155800000
Steps: 155900000
Steps: 156000000
Steps: 156100000
Steps: 156200000
Steps: 156300000
Steps: 156400000
Steps: 156500000
Steps: 156600000
Steps: 156700000
Steps: 156800000
Steps: 156900000
Steps: 157000000
Steps: 157100000
Steps: 157200000
Steps: 157300000
Steps: 157400000
Steps: 157500000
Steps: 157600000
Steps: 157700000
Steps: 157800000
Steps: 157900000
Steps: 158000000
Steps: 158100000
Steps: 158200000
Steps: 158300000
Steps: 158400000
Steps: 158500000
Steps: 158600000
Steps: 158700000
Steps: 158800000
Steps: 158900000
Steps: 159000000
Steps: 159100000
Steps: 159200000
Steps: 159300000
Steps: 159400000
Steps: 159500000
Steps: 159600000
Steps: 159700000
Steps: 159800000
Steps: 159900000
Steps: 160000000
Steps: 160100000
Steps: 160200000
Steps: 160300000
Steps: 160400000
Steps: 160500000
Steps: 160600000
Steps: 160700000
Steps: 160800000
Steps: 160900000
Steps: 161000000
Steps: 161100000
Steps: 161200000
Steps: 161300000
Steps: 161400000
Steps: 161500000
Steps: 161600000
Steps: 161700000
Steps: 161800000
Steps: 161900000
Steps: 162000000
Steps: 162100000
Steps: 162200000
Steps: 162300000
Steps: 162400000
Steps: 162500000
Steps: 162600000
Steps: 162700000
Steps: 162800000
Steps: 162900000
Steps: 163000000
Steps: 163100000
Steps: 163200000
Steps: 163300000
Steps: 163400000
Steps: 163500000
Steps: 163600000
Steps: 163700000
Steps: 163800000
Steps: 163900000
Steps: 164000000
Steps: 164100000
Steps: 164200000
Steps: 164300000
Steps: 164400000
Steps: 164500000
Steps: 164600000
Steps: 164700000
Steps: 164800000
Steps: 164900000
Steps: 165000000
Steps: 165100000
Steps: 165200000
Steps: 165300000
Steps: 165400000
Steps: 165500000
Steps: 165600000
Steps: 165700000
Steps: 165800000
Steps: 165900000
Steps: 166000000
Steps: 166100000
Steps: 166200000
Steps: 166300000
Steps: 166400000
Steps: 166500000
Steps: 166600000
Steps: 166700000
Steps: 166800000
Steps: 166900000
Steps: 167000000
Steps: 167100000
Steps: 167200000
Steps: 167300000
Steps: 167400000
Steps: 167500000
Steps: 167600000
Steps: 167700000
Steps: 167800000
Steps: 167900000
Steps: 168000000
Steps: 168100000
Steps: 168200000
Steps: 168300000
Steps: 168400000
Steps: 168500000
Steps: 168600000
Steps: 168700000
Steps: 168800000
Steps: 168900000
Steps: 169000000
Steps: 169100000
Steps: 169200000
Steps: 169300000
Steps: 169400000
Steps: 169500000
Steps: 169600000
Steps: 169700000
Steps: 169800000
Steps: 169900000
Steps: 170000000
Steps: 170100000
Steps: 170200000
Steps: 170300000
Steps: 170400000
Steps: 170500000
Steps: 170600000
Steps: 170700000
Steps: 170800000
Steps: 170900000
Steps: 171000000
Steps: 171100000
Steps: 171200000
Steps: 171300000
Steps: 171400000
Steps: 171500000
Steps: 171600000
Steps: 171700000
Steps: 171800000
Steps: 171900000
Steps: 172000000
Steps: 172100000
Steps: 172200000
Steps: 172300000
Steps: 172400000
Steps: 172500000
Steps: 172600000
Steps: 172700000
Steps: 172800000
Steps: 172900000
Steps: 173000000
Steps: 173100000
Steps: 173200000
Steps: 173300000
Steps: 173400000
Steps: 173500000
Steps: 173600000
Steps: 173700000
Steps: 173800000
Steps: 173900000
Steps: 174000000
Steps: 174100000
Steps: 174200000
Steps: 174300000
Steps: 174400000
Steps: 174500000
Steps: 174600000
Steps: 174700000
Steps: 174800000
Steps: 174900000
Steps: 175000000
Steps: 175100000
Steps: 175200000
Steps: 175300000
Steps: 175400000
Steps: 175500000
Steps: 175600000
Steps: 175700000
Steps: 175800000
Steps: 175900000
Steps: 176000000
Steps: 176100000
Steps: 176200000
Steps: 176300000
Steps: 176400000
Steps: 176500000
Steps: 176600000
Steps: 176700000
Steps: 176800000
Steps: 176900000
Steps: 177000000
Steps: 177100000
Steps: 177200000
Steps: 177300000
Steps: 177400000
Steps: 177500000
Steps: 177600000
Steps: 177700000
Steps: 177800000
Steps: 177900000
Steps: 178000000
Steps: 178100000
Steps: 178200000
Steps: 178300000
Steps: 178400000
Steps: 178500000
Steps: 178600000
Steps: 178700000
Steps: 178800000
Steps: 178900000
Steps: 179000000
Steps: 179100000
Steps: 179200000
Steps: 179300000
Steps: 179400000
Steps: 179500000
Steps: 179600000
Steps: 179700000
Steps: 179800000
Steps: 179900000
Steps: 180000000
Steps: 180100000
Steps: 180200000
Steps: 180300000
Steps: 180400000
Steps: 180500000
Steps: 180600000
Steps: 180700000
Steps: 180800000
Steps: 180900000
Steps: 181000000
Steps: 181100000
Steps: 181200000
Steps: 181300000
Steps: 181400000
Steps: 181500000
Steps: 181600000
Steps: 181700000
Steps: 181800000
Steps: 181900000
Steps: 182000000
Steps: 182100000
Steps: 182200000
Steps: 182300000
Steps: 182400000
Steps: 182500000
Steps: 182600000
Steps: 182700000
Steps: 182800000
Steps: 182900000
Steps: 183000000
Steps: 183100000
Steps: 183200000
Steps: 183300000
Steps: 183400000
Steps: 183500000
Steps: 183600000
Steps: 183700000
Steps: 183800000
Steps: 183900000
Steps: 184000000
Steps: 184100000
Steps: 184200000
Steps: 184300000
Steps: 184400000
Steps: 184500000
Steps: 184600000
Steps: 184700000
Steps: 184800000
Steps: 184900000
Steps: 185000000
Steps: 185100000
Steps: 185200000
Steps: 185300000
Steps: 185400000
Steps: 185500000
Steps: 185600000
Steps: 185700000
Steps: 185800000
Steps: 185900000
Steps: 186000000
Steps: 186100000
Steps: 186200000
Steps: 186300000
Steps: 186400000
Steps: 186500000
Steps: 186600000
Steps: 186700000
Steps: 186800000
Steps: 186900000
Steps: 187000000
Steps: 187100000
Steps: 187200000
Steps: 187300000
Steps: 187400000
Steps: 187500000
Steps: 187600000
Steps: 187700000
Steps: 187800000
Steps: 187900000
Steps: 188000000
Steps: 188100000
Steps: 188200000
Steps: 188300000
Steps: 188400000
Steps: 188500000
Steps: 188600000
Steps: 188700000
Steps: 188800000
Steps: 188900000
Steps: 189000000
Steps: 189100000
Steps: 189200000
Steps: 189300000
Steps: 189400000
Steps: 189500000
Steps: 189600000
Steps: 189700000
Steps: 189800000
Steps: 189900000
Steps: 190000000
Steps: 190100000
Steps: 190200000
Steps: 190300000
Steps: 190400000
Steps: 190500000
Steps: 190600000
Steps: 190700000
Steps: 190800000
Steps: 190900000
Steps: 191000000
Steps: 191100000
Steps: 191200000
Steps: 191300000
Steps: 191400000
