~=~=~=~=~=~=~=~=~=~< Advent of Code 2017: Day 2 >~=~=~=~=~=~=~=~=~=~
-------------------<  11-21-2023; 09-01-33-139  >-------------------

-------------------<          PART ONE          >-------------------
Line: 409	194	207	470	178	454	235	333	511	103	474	293	525	372	408	428
End of line pos: (1, 1)
End of line result: 5

Line: 4321	2786	6683	3921	265	262	6206	2207	5712	214	6750	2742	777	5297	3764	167
End of line pos: (1, 1)
End of line result: 55

Line: 3536	2675	1298	1069	175	145	706	2614	4067	4377	146	134	1930	3850	213	4151
End of line pos: (1, 1)
End of line result: 555

Line: 2169	1050	3705	2424	614	3253	222	3287	3340	2637	61	216	2894	247	3905	214
End of line pos: (1, 1)
End of line result: 5555

Line: 99	797	80	683	789	92	736	318	103	153	749	631	626	367	110	805
End of line pos: (1, 1)
End of line result: 55555

Line: 2922	1764	178	3420	3246	3456	73	2668	3518	1524	273	2237	228	1826	182	2312
End of line pos: (1, 1)
End of line result: 555555

Line: 2304	2058	286	2258	1607	2492	2479	164	171	663	62	144	1195	116	2172	1839
End of line pos: (1, 1)
End of line result: 5555555

Line: 114	170	82	50	158	111	165	164	106	70	178	87	182	101	86	168
End of line pos: (1, 1)
End of line result: 55555555

Line: 121	110	51	122	92	146	13	53	34	112	44	160	56	93	82	98
End of line pos: (1, 1)
End of line result: 555555555

Line: 4682	642	397	5208	136	4766	180	1673	1263	4757	4680	141	4430	1098	188	1451
End of line pos: (1, 1)
End of line result: 5555555555

Line: 158	712	1382	170	550	913	191	163	459	1197	1488	1337	900	1182	1018	337
End of line pos: (1, 1)
End of line result: 55555555555

Line: 4232	236	3835	3847	3881	4180	4204	4030	220	1268	251	4739	246	3798	1885	3244
End of line pos: (1, 1)
End of line result: 555555555555

Line: 169	1928	3305	167	194	3080	2164	192	3073	1848	426	2270	3572	3456	217	3269
End of line pos: (1, 1)
End of line result: 5555555555555

Line: 140	1005	2063	3048	3742	3361	117	93	2695	1529	120	3480	3061	150	3383	190
End of line pos: (1, 1)
End of line result: 55555555555555

Line: 489	732	57	75	61	797	266	593	324	475	733	737	113	68	267	141
End of line pos: (1, 1)
End of line result: 555555555555555

Line: 3858	202	1141	3458	2507	239	199	4400	3713	3980	4170	227	3968	1688	4352	4168
End of line pos: (1, 1)
End of line result: 5555555555555555

Bathroom code: 5555555555555555

-------------------<          PART TWO          >-------------------
Line: 409	194	207	470	178	454	235	333	511	103	474	293	525	372	408	428
Move: 4
Move valid to: (0, 2)
Move: 0
Move valid to: (0, 2)
Move: 9
Move valid to: (0, 2)
Move: 	
Move valid to: (0, 2)
Move: 1
Move valid to: (0, 2)
Move: 9
Move valid to: (0, 2)
Move: 4
Move valid to: (0, 2)
Move: 	
Move valid to: (0, 2)
Move: 2
Move valid to: (0, 2)
Move: 0
Move valid to: (0, 2)
Move: 7
Move valid to: (0, 2)
Move: 	
Move valid to: (0, 2)
Move: 4
Move valid to: (0, 2)
Move: 7
Move valid to: (0, 2)
Move: 0
Move valid to: (0, 2)
Move: 	
Move valid to: (0, 2)
Move: 1
Move valid to: (0, 2)
Move: 7
Move valid to: (0, 2)
Move: 8
Move valid to: (0, 2)
Move: 	
Move valid to: (0, 2)
Move: 4
Move valid to: (0, 2)
Move: 5
Move valid to: (0, 2)
Move: 4
Move valid to: (0, 2)
Move: 	
Move valid to: (0, 2)
Move: 2
Move valid to: (0, 2)
Move: 3
Move valid to: (0, 2)
Move: 5
Move valid to: (0, 2)
Move: 	
Move valid to: (0, 2)
Move: 3
Move valid to: (0, 2)
Move: 3
Move valid to: (0, 2)
Move: 3
Move valid to: (0, 2)
Move: 	
Move valid to: (0, 2)
Move: 5
Move valid to: (0, 2)
Move: 1
Move valid to: (0, 2)
Move: 1
Move valid to: (0, 2)
Move: 	
Move valid to: (0, 2)
Move: 1
Move valid to: (0, 2)
Move: 0
Move valid to: (0, 2)
Move: 3
Move valid to: (0, 2)
Move: 	
Move valid to: (0, 2)
Move: 4
Move valid to: (0, 2)
Move: 7
Move valid to: (0, 2)
Move: 4
Move valid to: (0, 2)
Move: 	
Move valid to: (0, 2)
Move: 2
Move valid to: (0, 2)
Move: 9
Move valid to: (0, 2)
Move: 3
Move valid to: (0, 2)
Move: 	
Move valid to: (0, 2)
Move: 5
Move valid to: (0, 2)
Move: 2
Move valid to: (0, 2)
Move: 5
Move valid to: (0, 2)
Move: 	
Move valid to: (0, 2)
Move: 3
Move valid to: (0, 2)
Move: 7
Move valid to: (0, 2)
Move: 2
Move valid to: (0, 2)
Move: 	
Move valid to: (0, 2)
Move: 4
Move valid to: (0, 2)
Move: 0
Move valid to: (0, 2)
Move: 8
Move valid to: (0, 2)
Move: 	
Move valid to: (0, 2)
Move: 4
Move valid to: (0, 2)
Move: 2
Move valid to: (0, 2)
Move: 8
Move valid to: (0, 2)
End of line pos: (0, 2)
End of line result: 5

Line: 4321	2786	6683	3921	265	262	6206	2207	5712	214	6750	2742	777	5297	3764	167
Move: 4
Move valid to: (0, 2)
Move: 3
Move valid to: (0, 2)
Move: 2
Move valid to: (0, 2)
Move: 1
Move valid to: (0, 2)
Move: 	
Move valid to: (0, 2)
Move: 2
Move valid to: (0, 2)
Move: 7
Move valid to: (0, 2)
Move: 8
Move valid to: (0, 2)
Move: 6
Move valid to: (0, 2)
Move: 	
Move valid to: (0, 2)
Move: 6
Move valid to: (0, 2)
Move: 6
Move valid to: (0, 2)
Move: 8
Move valid to: (0, 2)
Move: 3
Move valid to: (0, 2)
Move: 	
Move valid to: (0, 2)
Move: 3
Move valid to: (0, 2)
Move: 9
Move valid to: (0, 2)
Move: 2
Move valid to: (0, 2)
Move: 1
Move valid to: (0, 2)
Move: 	
Move valid to: (0, 2)
Move: 2
Move valid to: (0, 2)
Move: 6
Move valid to: (0, 2)
Move: 5
Move valid to: (0, 2)
Move: 	
Move valid to: (0, 2)
Move: 2
Move valid to: (0, 2)
Move: 6
Move valid to: (0, 2)
Move: 2
Move valid to: (0, 2)
Move: 	
Move valid to: (0, 2)
Move: 6
Move valid to: (0, 2)
Move: 2
Move valid to: (0, 2)
Move: 0
Move valid to: (0, 2)
Move: 6
Move valid to: (0, 2)
Move: 	
Move valid to: (0, 2)
Move: 2
Move valid to: (0, 2)
Move: 2
Move valid to: (0, 2)
Move: 0
Move valid to: (0, 2)
Move: 7
Move valid to: (0, 2)
Move: 	
Move valid to: (0, 2)
Move: 5
Move valid to: (0, 2)
Move: 7
Move valid to: (0, 2)
Move: 1
Move valid to: (0, 2)
Move: 2
Move valid to: (0, 2)
Move: 	
Move valid to: (0, 2)
Move: 2
Move valid to: (0, 2)
Move: 1
Move valid to: (0, 2)
Move: 4
Move valid to: (0, 2)
Move: 	
Move valid to: (0, 2)
Move: 6
Move valid to: (0, 2)
Move: 7
Move valid to: (0, 2)
Move: 5
Move valid to: (0, 2)
Move: 0
Move valid to: (0, 2)
Move: 	
Move valid to: (0, 2)
Move: 2
Move valid to: (0, 2)
Move: 7
Move valid to: (0, 2)
Move: 4
Move valid to: (0, 2)
Move: 2
Move valid to: (0, 2)
Move: 	
Move valid to: (0, 2)
Move: 7
Move valid to: (0, 2)
Move: 7
Move valid to: (0, 2)
Move: 7
Move valid to: (0, 2)
Move: 	
Move valid to: (0, 2)
Move: 5
Move valid to: (0, 2)
Move: 2
Move valid to: (0, 2)
Move: 9
Move valid to: (0, 2)
Move: 7
Move valid to: (0, 2)
Move: 	
Move valid to: (0, 2)
Move: 3
Move valid to: (0, 2)
Move: 7
Move valid to: (0, 2)
Move: 6
Move valid to: (0, 2)
Move: 4
Move valid to: (0, 2)
Move: 	
Move valid to: (0, 2)
Move: 1
Move valid to: (0, 2)
Move: 6
Move valid to: (0, 2)
Move: 7
Move valid to: (0, 2)
End of line pos: (0, 2)
End of line result: 55

Line: 3536	2675	1298	1069	175	145	706	2614	4067	4377	146	134	1930	3850	213	4151
Move: 3
Move valid to: (0, 2)
Move: 5
Move valid to: (0, 2)
Move: 3
Move valid to: (0, 2)
Move: 6
Move valid to: (0, 2)
Move: 	
Move valid to: (0, 2)
Move: 2
Move valid to: (0, 2)
Move: 6
Move valid to: (0, 2)
Move: 7
Move valid to: (0, 2)
Move: 5
Move valid to: (0, 2)
Move: 	
Move valid to: (0, 2)
Move: 1
Move valid to: (0, 2)
Move: 2
Move valid to: (0, 2)
Move: 9
Move valid to: (0, 2)
Move: 8
Move valid to: (0, 2)
Move: 	
Move valid to: (0, 2)
Move: 1
Move valid to: (0, 2)
Move: 0
Move valid to: (0, 2)
Move: 6
Move valid to: (0, 2)
Move: 9
Move valid to: (0, 2)
Move: 	
Move valid to: (0, 2)
Move: 1
Move valid to: (0, 2)
Move: 7
Move valid to: (0, 2)
Move: 5
Move valid to: (0, 2)
Move: 	
Move valid to: (0, 2)
Move: 1
Move valid to: (0, 2)
Move: 4
Move valid to: (0, 2)
Move: 5
Move valid to: (0, 2)
Move: 	
Move valid to: (0, 2)
Move: 7
Move valid to: (0, 2)
Move: 0
Move valid to: (0, 2)
Move: 6
Move valid to: (0, 2)
Move: 	
Move valid to: (0, 2)
Move: 2
Move valid to: (0, 2)
Move: 6
Move valid to: (0, 2)
Move: 1
Move valid to: (0, 2)
Move: 4
Move valid to: (0, 2)
Move: 	
Move valid to: (0, 2)
Move: 4
Move valid to: (0, 2)
Move: 0
Move valid to: (0, 2)
Move: 6
Move valid to: (0, 2)
Move: 7
Move valid to: (0, 2)
Move: 	
Move valid to: (0, 2)
Move: 4
Move valid to: (0, 2)
Move: 3
Move valid to: (0, 2)
Move: 7
Move valid to: (0, 2)
Move: 7
Move valid to: (0, 2)
Move: 	
Move valid to: (0, 2)
Move: 1
Move valid to: (0, 2)
Move: 4
Move valid to: (0, 2)
Move: 6
Move valid to: (0, 2)
Move: 	
Move valid to: (0, 2)
Move: 1
Move valid to: (0, 2)
Move: 3
Move valid to: (0, 2)
Move: 4
Move valid to: (0, 2)
Move: 	
Move valid to: (0, 2)
Move: 1
Move valid to: (0, 2)
Move: 9
Move valid to: (0, 2)
Move: 3
Move valid to: (0, 2)
Move: 0
Move valid to: (0, 2)
Move: 	
Move valid to: (0, 2)
Move: 3
Move valid to: (0, 2)
Move: 8
Move valid to: (0, 2)
Move: 5
Move valid to: (0, 2)
Move: 0
Move valid to: (0, 2)
Move: 	
Move valid to: (0, 2)
Move: 2
Move valid to: (0, 2)
Move: 1
Move valid to: (0, 2)
Move: 3
Move valid to: (0, 2)
Move: 	
Move valid to: (0, 2)
Move: 4
Move valid to: (0, 2)
Move: 1
Move valid to: (0, 2)
Move: 5
Move valid to: (0, 2)
Move: 1
Move valid to: (0, 2)
End of line pos: (0, 2)
End of line result: 555

Line: 2169	1050	3705	2424	614	3253	222	3287	3340	2637	61	216	2894	247	3905	214
Move: 2
Move valid to: (0, 2)
Move: 1
Move valid to: (0, 2)
Move: 6
Move valid to: (0, 2)
Move: 9
Move valid to: (0, 2)
Move: 	
Move valid to: (0, 2)
Move: 1
Move valid to: (0, 2)
Move: 0
Move valid to: (0, 2)
Move: 5
Move valid to: (0, 2)
Move: 0
Move valid to: (0, 2)
Move: 	
Move valid to: (0, 2)
Move: 3
Move valid to: (0, 2)
Move: 7
Move valid to: (0, 2)
Move: 0
Move valid to: (0, 2)
Move: 5
Move valid to: (0, 2)
Move: 	
Move valid to: (0, 2)
Move: 2
Move valid to: (0, 2)
Move: 4
Move valid to: (0, 2)
Move: 2
Move valid to: (0, 2)
Move: 4
Move valid to: (0, 2)
Move: 	
Move valid to: (0, 2)
Move: 6
Move valid to: (0, 2)
Move: 1
Move valid to: (0, 2)
Move: 4
Move valid to: (0, 2)
Move: 	
Move valid to: (0, 2)
Move: 3
Move valid to: (0, 2)
Move: 2
Move valid to: (0, 2)
Move: 5
Move valid to: (0, 2)
Move: 3
Move valid to: (0, 2)
Move: 	
Move valid to: (0, 2)
Move: 2
Move valid to: (0, 2)
Move: 2
Move valid to: (0, 2)
Move: 2
Move valid to: (0, 2)
Move: 	
Move valid to: (0, 2)
Move: 3
Move valid to: (0, 2)
Move: 2
Move valid to: (0, 2)
Move: 8
Move valid to: (0, 2)
Move: 7
Move valid to: (0, 2)
Move: 	
Move valid to: (0, 2)
Move: 3
Move valid to: (0, 2)
Move: 3
Move valid to: (0, 2)
Move: 4
Move valid to: (0, 2)
Move: 0
Move valid to: (0, 2)
Move: 	
Move valid to: (0, 2)
Move: 2
Move valid to: (0, 2)
Move: 6
Move valid to: (0, 2)
Move: 3
Move valid to: (0, 2)
Move: 7
Move valid to: (0, 2)
Move: 	
Move valid to: (0, 2)
Move: 6
Move valid to: (0, 2)
Move: 1
Move valid to: (0, 2)
Move: 	
Move valid to: (0, 2)
Move: 2
Move valid to: (0, 2)
Move: 1
Move valid to: (0, 2)
Move: 6
Move valid to: (0, 2)
Move: 	
Move valid to: (0, 2)
Move: 2
Move valid to: (0, 2)
Move: 8
Move valid to: (0, 2)
Move: 9
Move valid to: (0, 2)
Move: 4
Move valid to: (0, 2)
Move: 	
Move valid to: (0, 2)
Move: 2
Move valid to: (0, 2)
Move: 4
Move valid to: (0, 2)
Move: 7
Move valid to: (0, 2)
Move: 	
Move valid to: (0, 2)
Move: 3
Move valid to: (0, 2)
Move: 9
Move valid to: (0, 2)
Move: 0
Move valid to: (0, 2)
Move: 5
Move valid to: (0, 2)
Move: 	
Move valid to: (0, 2)
Move: 2
Move valid to: (0, 2)
Move: 1
Move valid to: (0, 2)
Move: 4
Move valid to: (0, 2)
End of line pos: (0, 2)
End of line result: 5555

Line: 99	797	80	683	789	92	736	318	103	153	749	631	626	367	110	805
Move: 9
Move valid to: (0, 2)
Move: 9
Move valid to: (0, 2)
Move: 	
Move valid to: (0, 2)
Move: 7
Move valid to: (0, 2)
Move: 9
Move valid to: (0, 2)
Move: 7
Move valid to: (0, 2)
Move: 	
Move valid to: (0, 2)
Move: 8
Move valid to: (0, 2)
Move: 0
Move valid to: (0, 2)
Move: 	
Move valid to: (0, 2)
Move: 6
Move valid to: (0, 2)
Move: 8
Move valid to: (0, 2)
Move: 3
Move valid to: (0, 2)
Move: 	
Move valid to: (0, 2)
Move: 7
Move valid to: (0, 2)
Move: 8
Move valid to: (0, 2)
Move: 9
Move valid to: (0, 2)
Move: 	
Move valid to: (0, 2)
Move: 9
Move valid to: (0, 2)
Move: 2
Move valid to: (0, 2)
Move: 	
Move valid to: (0, 2)
Move: 7
Move valid to: (0, 2)
Move: 3
Move valid to: (0, 2)
Move: 6
Move valid to: (0, 2)
Move: 	
Move valid to: (0, 2)
Move: 3
Move valid to: (0, 2)
Move: 1
Move valid to: (0, 2)
Move: 8
Move valid to: (0, 2)
Move: 	
Move valid to: (0, 2)
Move: 1
Move valid to: (0, 2)
Move: 0
Move valid to: (0, 2)
Move: 3
Move valid to: (0, 2)
Move: 	
Move valid to: (0, 2)
Move: 1
Move valid to: (0, 2)
Move: 5
Move valid to: (0, 2)
Move: 3
Move valid to: (0, 2)
Move: 	
Move valid to: (0, 2)
Move: 7
Move valid to: (0, 2)
Move: 4
Move valid to: (0, 2)
Move: 9
Move valid to: (0, 2)
Move: 	
Move valid to: (0, 2)
Move: 6
Move valid to: (0, 2)
Move: 3
Move valid to: (0, 2)
Move: 1
Move valid to: (0, 2)
Move: 	
Move valid to: (0, 2)
Move: 6
Move valid to: (0, 2)
Move: 2
Move valid to: (0, 2)
Move: 6
Move valid to: (0, 2)
Move: 	
Move valid to: (0, 2)
Move: 3
Move valid to: (0, 2)
Move: 6
Move valid to: (0, 2)
Move: 7
Move valid to: (0, 2)
Move: 	
Move valid to: (0, 2)
Move: 1
Move valid to: (0, 2)
Move: 1
Move valid to: (0, 2)
Move: 0
Move valid to: (0, 2)
Move: 	
Move valid to: (0, 2)
Move: 8
Move valid to: (0, 2)
Move: 0
Move valid to: (0, 2)
Move: 5
Move valid to: (0, 2)
End of line pos: (0, 2)
End of line result: 55555

Line: 2922	1764	178	3420	3246	3456	73	2668	3518	1524	273	2237	228	1826	182	2312
Move: 2
Move valid to: (0, 2)
Move: 9
Move valid to: (0, 2)
Move: 2
Move valid to: (0, 2)
Move: 2
Move valid to: (0, 2)
Move: 	
Move valid to: (0, 2)
Move: 1
Move valid to: (0, 2)
Move: 7
Move valid to: (0, 2)
Move: 6
Move valid to: (0, 2)
Move: 4
Move valid to: (0, 2)
Move: 	
Move valid to: (0, 2)
Move: 1
Move valid to: (0, 2)
Move: 7
Move valid to: (0, 2)
Move: 8
Move valid to: (0, 2)
Move: 	
Move valid to: (0, 2)
Move: 3
Move valid to: (0, 2)
Move: 4
Move valid to: (0, 2)
Move: 2
Move valid to: (0, 2)
Move: 0
Move valid to: (0, 2)
Move: 	
Move valid to: (0, 2)
Move: 3
Move valid to: (0, 2)
Move: 2
Move valid to: (0, 2)
Move: 4
Move valid to: (0, 2)
Move: 6
Move valid to: (0, 2)
Move: 	
Move valid to: (0, 2)
Move: 3
Move valid to: (0, 2)
Move: 4
Move valid to: (0, 2)
Move: 5
Move valid to: (0, 2)
Move: 6
Move valid to: (0, 2)
Move: 	
Move valid to: (0, 2)
Move: 7
Move valid to: (0, 2)
Move: 3
Move valid to: (0, 2)
Move: 	
Move valid to: (0, 2)
Move: 2
Move valid to: (0, 2)
Move: 6
Move valid to: (0, 2)
Move: 6
Move valid to: (0, 2)
Move: 8
Move valid to: (0, 2)
Move: 	
Move valid to: (0, 2)
Move: 3
Move valid to: (0, 2)
Move: 5
Move valid to: (0, 2)
Move: 1
Move valid to: (0, 2)
Move: 8
Move valid to: (0, 2)
Move: 	
Move valid to: (0, 2)
Move: 1
Move valid to: (0, 2)
Move: 5
Move valid to: (0, 2)
Move: 2
Move valid to: (0, 2)
Move: 4
Move valid to: (0, 2)
Move: 	
Move valid to: (0, 2)
Move: 2
Move valid to: (0, 2)
Move: 7
Move valid to: (0, 2)
Move: 3
Move valid to: (0, 2)
Move: 	
Move valid to: (0, 2)
Move: 2
Move valid to: (0, 2)
Move: 2
Move valid to: (0, 2)
Move: 3
Move valid to: (0, 2)
Move: 7
Move valid to: (0, 2)
Move: 	
Move valid to: (0, 2)
Move: 2
Move valid to: (0, 2)
Move: 2
Move valid to: (0, 2)
Move: 8
Move valid to: (0, 2)
Move: 	
Move valid to: (0, 2)
Move: 1
Move valid to: (0, 2)
Move: 8
Move valid to: (0, 2)
Move: 2
Move valid to: (0, 2)
Move: 6
Move valid to: (0, 2)
Move: 	
Move valid to: (0, 2)
Move: 1
Move valid to: (0, 2)
Move: 8
Move valid to: (0, 2)
Move: 2
Move valid to: (0, 2)
Move: 	
Move valid to: (0, 2)
Move: 2
Move valid to: (0, 2)
Move: 3
Move valid to: (0, 2)
Move: 1
Move valid to: (0, 2)
Move: 2
Move valid to: (0, 2)
End of line pos: (0, 2)
End of line result: 555555

Line: 2304	2058	286	2258	1607	2492	2479	164	171	663	62	144	1195	116	2172	1839
Move: 2
Move valid to: (0, 2)
Move: 3
Move valid to: (0, 2)
Move: 0
Move valid to: (0, 2)
Move: 4
Move valid to: (0, 2)
Move: 	
Move valid to: (0, 2)
Move: 2
Move valid to: (0, 2)
Move: 0
Move valid to: (0, 2)
Move: 5
Move valid to: (0, 2)
Move: 8
Move valid to: (0, 2)
Move: 	
Move valid to: (0, 2)
Move: 2
Move valid to: (0, 2)
Move: 8
Move valid to: (0, 2)
Move: 6
Move valid to: (0, 2)
Move: 	
Move valid to: (0, 2)
Move: 2
Move valid to: (0, 2)
Move: 2
Move valid to: (0, 2)
Move: 5
Move valid to: (0, 2)
Move: 8
Move valid to: (0, 2)
Move: 	
Move valid to: (0, 2)
Move: 1
Move valid to: (0, 2)
Move: 6
Move valid to: (0, 2)
Move: 0
Move valid to: (0, 2)
Move: 7
Move valid to: (0, 2)
Move: 	
Move valid to: (0, 2)
Move: 2
Move valid to: (0, 2)
Move: 4
Move valid to: (0, 2)
Move: 9
Move valid to: (0, 2)
Move: 2
Move valid to: (0, 2)
Move: 	
Move valid to: (0, 2)
Move: 2
Move valid to: (0, 2)
Move: 4
Move valid to: (0, 2)
Move: 7
Move valid to: (0, 2)
Move: 9
Move valid to: (0, 2)
Move: 	
Move valid to: (0, 2)
Move: 1
Move valid to: (0, 2)
Move: 6
Move valid to: (0, 2)
Move: 4
Move valid to: (0, 2)
Move: 	
Move valid to: (0, 2)
Move: 1
Move valid to: (0, 2)
Move: 7
Move valid to: (0, 2)
Move: 1
Move valid to: (0, 2)
Move: 	
Move valid to: (0, 2)
Move: 6
Move valid to: (0, 2)
Move: 6
Move valid to: (0, 2)
Move: 3
Move valid to: (0, 2)
Move: 	
Move valid to: (0, 2)
Move: 6
Move valid to: (0, 2)
Move: 2
Move valid to: (0, 2)
Move: 	
Move valid to: (0, 2)
Move: 1
Move valid to: (0, 2)
Move: 4
Move valid to: (0, 2)
Move: 4
Move valid to: (0, 2)
Move: 	
Move valid to: (0, 2)
Move: 1
Move valid to: (0, 2)
Move: 1
Move valid to: (0, 2)
Move: 9
Move valid to: (0, 2)
Move: 5
Move valid to: (0, 2)
Move: 	
Move valid to: (0, 2)
Move: 1
Move valid to: (0, 2)
Move: 1
Move valid to: (0, 2)
Move: 6
Move valid to: (0, 2)
Move: 	
Move valid to: (0, 2)
Move: 2
Move valid to: (0, 2)
Move: 1
Move valid to: (0, 2)
Move: 7
Move valid to: (0, 2)
Move: 2
Move valid to: (0, 2)
Move: 	
Move valid to: (0, 2)
Move: 1
Move valid to: (0, 2)
Move: 8
Move valid to: (0, 2)
Move: 3
Move valid to: (0, 2)
Move: 9
Move valid to: (0, 2)
End of line pos: (0, 2)
End of line result: 5555555

Line: 114	170	82	50	158	111	165	164	106	70	178	87	182	101	86	168
Move: 1
Move valid to: (0, 2)
Move: 1
Move valid to: (0, 2)
Move: 4
Move valid to: (0, 2)
Move: 	
Move valid to: (0, 2)
Move: 1
Move valid to: (0, 2)
Move: 7
Move valid to: (0, 2)
Move: 0
Move valid to: (0, 2)
Move: 	
Move valid to: (0, 2)
Move: 8
Move valid to: (0, 2)
Move: 2
Move valid to: (0, 2)
Move: 	
Move valid to: (0, 2)
Move: 5
Move valid to: (0, 2)
Move: 0
Move valid to: (0, 2)
Move: 	
Move valid to: (0, 2)
Move: 1
Move valid to: (0, 2)
Move: 5
Move valid to: (0, 2)
Move: 8
Move valid to: (0, 2)
Move: 	
Move valid to: (0, 2)
Move: 1
Move valid to: (0, 2)
Move: 1
Move valid to: (0, 2)
Move: 1
Move valid to: (0, 2)
Move: 	
Move valid to: (0, 2)
Move: 1
Move valid to: (0, 2)
Move: 6
Move valid to: (0, 2)
Move: 5
Move valid to: (0, 2)
Move: 	
Move valid to: (0, 2)
Move: 1
Move valid to: (0, 2)
Move: 6
Move valid to: (0, 2)
Move: 4
Move valid to: (0, 2)
Move: 	
Move valid to: (0, 2)
Move: 1
Move valid to: (0, 2)
Move: 0
Move valid to: (0, 2)
Move: 6
Move valid to: (0, 2)
Move: 	
Move valid to: (0, 2)
Move: 7
Move valid to: (0, 2)
Move: 0
Move valid to: (0, 2)
Move: 	
Move valid to: (0, 2)
Move: 1
Move valid to: (0, 2)
Move: 7
Move valid to: (0, 2)
Move: 8
Move valid to: (0, 2)
Move: 	
Move valid to: (0, 2)
Move: 8
Move valid to: (0, 2)
Move: 7
Move valid to: (0, 2)
Move: 	
Move valid to: (0, 2)
Move: 1
Move valid to: (0, 2)
Move: 8
Move valid to: (0, 2)
Move: 2
Move valid to: (0, 2)
Move: 	
Move valid to: (0, 2)
Move: 1
Move valid to: (0, 2)
Move: 0
Move valid to: (0, 2)
Move: 1
Move valid to: (0, 2)
Move: 	
Move valid to: (0, 2)
Move: 8
Move valid to: (0, 2)
Move: 6
Move valid to: (0, 2)
Move: 	
Move valid to: (0, 2)
Move: 1
Move valid to: (0, 2)
Move: 6
Move valid to: (0, 2)
Move: 8
Move valid to: (0, 2)
End of line pos: (0, 2)
End of line result: 55555555

Line: 121	110	51	122	92	146	13	53	34	112	44	160	56	93	82	98
Move: 1
Move valid to: (0, 2)
Move: 2
Move valid to: (0, 2)
Move: 1
Move valid to: (0, 2)
Move: 	
Move valid to: (0, 2)
Move: 1
Move valid to: (0, 2)
Move: 1
Move valid to: (0, 2)
Move: 0
Move valid to: (0, 2)
Move: 	
Move valid to: (0, 2)
Move: 5
Move valid to: (0, 2)
Move: 1
Move valid to: (0, 2)
Move: 	
Move valid to: (0, 2)
Move: 1
Move valid to: (0, 2)
Move: 2
Move valid to: (0, 2)
Move: 2
Move valid to: (0, 2)
Move: 	
Move valid to: (0, 2)
Move: 9
Move valid to: (0, 2)
Move: 2
Move valid to: (0, 2)
Move: 	
Move valid to: (0, 2)
Move: 1
Move valid to: (0, 2)
Move: 4
Move valid to: (0, 2)
Move: 6
Move valid to: (0, 2)
Move: 	
Move valid to: (0, 2)
Move: 1
Move valid to: (0, 2)
Move: 3
Move valid to: (0, 2)
Move: 	
Move valid to: (0, 2)
Move: 5
Move valid to: (0, 2)
Move: 3
Move valid to: (0, 2)
Move: 	
Move valid to: (0, 2)
Move: 3
Move valid to: (0, 2)
Move: 4
Move valid to: (0, 2)
Move: 	
Move valid to: (0, 2)
Move: 1
Move valid to: (0, 2)
Move: 1
Move valid to: (0, 2)
Move: 2
Move valid to: (0, 2)
Move: 	
Move valid to: (0, 2)
Move: 4
Move valid to: (0, 2)
Move: 4
Move valid to: (0, 2)
Move: 	
Move valid to: (0, 2)
Move: 1
Move valid to: (0, 2)
Move: 6
Move valid to: (0, 2)
Move: 0
Move valid to: (0, 2)
Move: 	
Move valid to: (0, 2)
Move: 5
Move valid to: (0, 2)
Move: 6
Move valid to: (0, 2)
Move: 	
Move valid to: (0, 2)
Move: 9
Move valid to: (0, 2)
Move: 3
Move valid to: (0, 2)
Move: 	
Move valid to: (0, 2)
Move: 8
Move valid to: (0, 2)
Move: 2
Move valid to: (0, 2)
Move: 	
Move valid to: (0, 2)
Move: 9
Move valid to: (0, 2)
Move: 8
Move valid to: (0, 2)
End of line pos: (0, 2)
End of line result: 555555555

Line: 4682	642	397	5208	136	4766	180	1673	1263	4757	4680	141	4430	1098	188	1451
Move: 4
Move valid to: (0, 2)
Move: 6
Move valid to: (0, 2)
Move: 8
Move valid to: (0, 2)
Move: 2
Move valid to: (0, 2)
Move: 	
Move valid to: (0, 2)
Move: 6
Move valid to: (0, 2)
Move: 4
Move valid to: (0, 2)
Move: 2
Move valid to: (0, 2)
Move: 	
Move valid to: (0, 2)
Move: 3
Move valid to: (0, 2)
Move: 9
Move valid to: (0, 2)
Move: 7
Move valid to: (0, 2)
Move: 	
Move valid to: (0, 2)
Move: 5
Move valid to: (0, 2)
Move: 2
Move valid to: (0, 2)
Move: 0
Move valid to: (0, 2)
Move: 8
Move valid to: (0, 2)
Move: 	
Move valid to: (0, 2)
Move: 1
Move valid to: (0, 2)
Move: 3
Move valid to: (0, 2)
Move: 6
Move valid to: (0, 2)
Move: 	
Move valid to: (0, 2)
Move: 4
Move valid to: (0, 2)
Move: 7
Move valid to: (0, 2)
Move: 6
Move valid to: (0, 2)
Move: 6
Move valid to: (0, 2)
Move: 	
Move valid to: (0, 2)
Move: 1
Move valid to: (0, 2)
Move: 8
Move valid to: (0, 2)
Move: 0
Move valid to: (0, 2)
Move: 	
Move valid to: (0, 2)
Move: 1
Move valid to: (0, 2)
Move: 6
Move valid to: (0, 2)
Move: 7
Move valid to: (0, 2)
Move: 3
Move valid to: (0, 2)
Move: 	
Move valid to: (0, 2)
Move: 1
Move valid to: (0, 2)
Move: 2
Move valid to: (0, 2)
Move: 6
Move valid to: (0, 2)
Move: 3
Move valid to: (0, 2)
Move: 	
Move valid to: (0, 2)
Move: 4
Move valid to: (0, 2)
Move: 7
Move valid to: (0, 2)
Move: 5
Move valid to: (0, 2)
Move: 7
Move valid to: (0, 2)
Move: 	
Move valid to: (0, 2)
Move: 4
Move valid to: (0, 2)
Move: 6
Move valid to: (0, 2)
Move: 8
Move valid to: (0, 2)
Move: 0
Move valid to: (0, 2)
Move: 	
Move valid to: (0, 2)
Move: 1
Move valid to: (0, 2)
Move: 4
Move valid to: (0, 2)
Move: 1
Move valid to: (0, 2)
Move: 	
Move valid to: (0, 2)
Move: 4
Move valid to: (0, 2)
Move: 4
Move valid to: (0, 2)
Move: 3
Move valid to: (0, 2)
Move: 0
Move valid to: (0, 2)
Move: 	
Move valid to: (0, 2)
Move: 1
Move valid to: (0, 2)
Move: 0
Move valid to: (0, 2)
Move: 9
Move valid to: (0, 2)
Move: 8
Move valid to: (0, 2)
Move: 	
Move valid to: (0, 2)
Move: 1
Move valid to: (0, 2)
Move: 8
Move valid to: (0, 2)
Move: 8
Move valid to: (0, 2)
Move: 	
Move valid to: (0, 2)
Move: 1
Move valid to: (0, 2)
Move: 4
Move valid to: (0, 2)
Move: 5
Move valid to: (0, 2)
Move: 1
Move valid to: (0, 2)
End of line pos: (0, 2)
End of line result: 5555555555

Line: 158	712	1382	170	550	913	191	163	459	1197	1488	1337	900	1182	1018	337
Move: 1
Move valid to: (0, 2)
Move: 5
Move valid to: (0, 2)
Move: 8
Move valid to: (0, 2)
Move: 	
Move valid to: (0, 2)
Move: 7
Move valid to: (0, 2)
Move: 1
Move valid to: (0, 2)
Move: 2
Move valid to: (0, 2)
Move: 	
Move valid to: (0, 2)
Move: 1
Move valid to: (0, 2)
Move: 3
Move valid to: (0, 2)
Move: 8
Move valid to: (0, 2)
Move: 2
Move valid to: (0, 2)
Move: 	
Move valid to: (0, 2)
Move: 1
Move valid to: (0, 2)
Move: 7
Move valid to: (0, 2)
Move: 0
Move valid to: (0, 2)
Move: 	
Move valid to: (0, 2)
Move: 5
Move valid to: (0, 2)
Move: 5
Move valid to: (0, 2)
Move: 0
Move valid to: (0, 2)
Move: 	
Move valid to: (0, 2)
Move: 9
Move valid to: (0, 2)
Move: 1
Move valid to: (0, 2)
Move: 3
Move valid to: (0, 2)
Move: 	
Move valid to: (0, 2)
Move: 1
Move valid to: (0, 2)
Move: 9
Move valid to: (0, 2)
Move: 1
Move valid to: (0, 2)
Move: 	
Move valid to: (0, 2)
Move: 1
Move valid to: (0, 2)
Move: 6
Move valid to: (0, 2)
Move: 3
Move valid to: (0, 2)
Move: 	
Move valid to: (0, 2)
Move: 4
Move valid to: (0, 2)
Move: 5
Move valid to: (0, 2)
Move: 9
Move valid to: (0, 2)
Move: 	
Move valid to: (0, 2)
Move: 1
Move valid to: (0, 2)
Move: 1
Move valid to: (0, 2)
Move: 9
Move valid to: (0, 2)
Move: 7
Move valid to: (0, 2)
Move: 	
Move valid to: (0, 2)
Move: 1
Move valid to: (0, 2)
Move: 4
Move valid to: (0, 2)
Move: 8
Move valid to: (0, 2)
Move: 8
Move valid to: (0, 2)
Move: 	
Move valid to: (0, 2)
Move: 1
Move valid to: (0, 2)
Move: 3
Move valid to: (0, 2)
Move: 3
Move valid to: (0, 2)
Move: 7
Move valid to: (0, 2)
Move: 	
Move valid to: (0, 2)
Move: 9
Move valid to: (0, 2)
Move: 0
Move valid to: (0, 2)
Move: 0
Move valid to: (0, 2)
Move: 	
Move valid to: (0, 2)
Move: 1
Move valid to: (0, 2)
Move: 1
Move valid to: (0, 2)
Move: 8
Move valid to: (0, 2)
Move: 2
Move valid to: (0, 2)
Move: 	
Move valid to: (0, 2)
Move: 1
Move valid to: (0, 2)
Move: 0
Move valid to: (0, 2)
Move: 1
Move valid to: (0, 2)
Move: 8
Move valid to: (0, 2)
Move: 	
Move valid to: (0, 2)
Move: 3
Move valid to: (0, 2)
Move: 3
Move valid to: (0, 2)
Move: 7
Move valid to: (0, 2)
End of line pos: (0, 2)
End of line result: 55555555555

Line: 4232	236	3835	3847	3881	4180	4204	4030	220	1268	251	4739	246	3798	1885	3244
Move: 4
Move valid to: (0, 2)
Move: 2
Move valid to: (0, 2)
Move: 3
Move valid to: (0, 2)
Move: 2
Move valid to: (0, 2)
Move: 	
Move valid to: (0, 2)
Move: 2
Move valid to: (0, 2)
Move: 3
Move valid to: (0, 2)
Move: 6
Move valid to: (0, 2)
Move: 	
Move valid to: (0, 2)
Move: 3
Move valid to: (0, 2)
Move: 8
Move valid to: (0, 2)
Move: 3
Move valid to: (0, 2)
Move: 5
Move valid to: (0, 2)
Move: 	
Move valid to: (0, 2)
Move: 3
Move valid to: (0, 2)
Move: 8
Move valid to: (0, 2)
Move: 4
Move valid to: (0, 2)
Move: 7
Move valid to: (0, 2)
Move: 	
Move valid to: (0, 2)
Move: 3
Move valid to: (0, 2)
Move: 8
Move valid to: (0, 2)
Move: 8
Move valid to: (0, 2)
Move: 1
Move valid to: (0, 2)
Move: 	
Move valid to: (0, 2)
Move: 4
Move valid to: (0, 2)
Move: 1
Move valid to: (0, 2)
Move: 8
Move valid to: (0, 2)
Move: 0
Move valid to: (0, 2)
Move: 	
Move valid to: (0, 2)
Move: 4
Move valid to: (0, 2)
Move: 2
Move valid to: (0, 2)
Move: 0
Move valid to: (0, 2)
Move: 4
Move valid to: (0, 2)
Move: 	
Move valid to: (0, 2)
Move: 4
Move valid to: (0, 2)
Move: 0
Move valid to: (0, 2)
Move: 3
Move valid to: (0, 2)
Move: 0
Move valid to: (0, 2)
Move: 	
Move valid to: (0, 2)
Move: 2
Move valid to: (0, 2)
Move: 2
Move valid to: (0, 2)
Move: 0
Move valid to: (0, 2)
Move: 	
Move valid to: (0, 2)
Move: 1
Move valid to: (0, 2)
Move: 2
Move valid to: (0, 2)
Move: 6
Move valid to: (0, 2)
Move: 8
Move valid to: (0, 2)
Move: 	
Move valid to: (0, 2)
Move: 2
Move valid to: (0, 2)
Move: 5
Move valid to: (0, 2)
Move: 1
Move valid to: (0, 2)
Move: 	
Move valid to: (0, 2)
Move: 4
Move valid to: (0, 2)
Move: 7
Move valid to: (0, 2)
Move: 3
Move valid to: (0, 2)
Move: 9
Move valid to: (0, 2)
Move: 	
Move valid to: (0, 2)
Move: 2
Move valid to: (0, 2)
Move: 4
Move valid to: (0, 2)
Move: 6
Move valid to: (0, 2)
Move: 	
Move valid to: (0, 2)
Move: 3
Move valid to: (0, 2)
Move: 7
Move valid to: (0, 2)
Move: 9
Move valid to: (0, 2)
Move: 8
Move valid to: (0, 2)
Move: 	
Move valid to: (0, 2)
Move: 1
Move valid to: (0, 2)
Move: 8
Move valid to: (0, 2)
Move: 8
Move valid to: (0, 2)
Move: 5
Move valid to: (0, 2)
Move: 	
Move valid to: (0, 2)
Move: 3
Move valid to: (0, 2)
Move: 2
Move valid to: (0, 2)
Move: 4
Move valid to: (0, 2)
Move: 4
Move valid to: (0, 2)
End of line pos: (0, 2)
End of line result: 555555555555

Line: 169	1928	3305	167	194	3080	2164	192	3073	1848	426	2270	3572	3456	217	3269
Move: 1
Move valid to: (0, 2)
Move: 6
Move valid to: (0, 2)
Move: 9
Move valid to: (0, 2)
Move: 	
Move valid to: (0, 2)
Move: 1
Move valid to: (0, 2)
Move: 9
Move valid to: (0, 2)
Move: 2
Move valid to: (0, 2)
Move: 8
Move valid to: (0, 2)
Move: 	
Move valid to: (0, 2)
Move: 3
Move valid to: (0, 2)
Move: 3
Move valid to: (0, 2)
Move: 0
Move valid to: (0, 2)
Move: 5
Move valid to: (0, 2)
Move: 	
Move valid to: (0, 2)
Move: 1
Move valid to: (0, 2)
Move: 6
Move valid to: (0, 2)
Move: 7
Move valid to: (0, 2)
Move: 	
Move valid to: (0, 2)
Move: 1
Move valid to: (0, 2)
Move: 9
Move valid to: (0, 2)
Move: 4
Move valid to: (0, 2)
Move: 	
Move valid to: (0, 2)
Move: 3
Move valid to: (0, 2)
Move: 0
Move valid to: (0, 2)
Move: 8
Move valid to: (0, 2)
Move: 0
Move valid to: (0, 2)
Move: 	
Move valid to: (0, 2)
Move: 2
Move valid to: (0, 2)
Move: 1
Move valid to: (0, 2)
Move: 6
Move valid to: (0, 2)
Move: 4
Move valid to: (0, 2)
Move: 	
Move valid to: (0, 2)
Move: 1
Move valid to: (0, 2)
Move: 9
Move valid to: (0, 2)
Move: 2
Move valid to: (0, 2)
Move: 	
Move valid to: (0, 2)
Move: 3
Move valid to: (0, 2)
Move: 0
Move valid to: (0, 2)
Move: 7
Move valid to: (0, 2)
Move: 3
Move valid to: (0, 2)
Move: 	
Move valid to: (0, 2)
Move: 1
Move valid to: (0, 2)
Move: 8
Move valid to: (0, 2)
Move: 4
Move valid to: (0, 2)
Move: 8
Move valid to: (0, 2)
Move: 	
Move valid to: (0, 2)
Move: 4
Move valid to: (0, 2)
Move: 2
Move valid to: (0, 2)
Move: 6
Move valid to: (0, 2)
Move: 	
Move valid to: (0, 2)
Move: 2
Move valid to: (0, 2)
Move: 2
Move valid to: (0, 2)
Move: 7
Move valid to: (0, 2)
Move: 0
Move valid to: (0, 2)
Move: 	
Move valid to: (0, 2)
Move: 3
Move valid to: (0, 2)
Move: 5
Move valid to: (0, 2)
Move: 7
Move valid to: (0, 2)
Move: 2
Move valid to: (0, 2)
Move: 	
Move valid to: (0, 2)
Move: 3
Move valid to: (0, 2)
Move: 4
Move valid to: (0, 2)
Move: 5
Move valid to: (0, 2)
Move: 6
Move valid to: (0, 2)
Move: 	
Move valid to: (0, 2)
Move: 2
Move valid to: (0, 2)
Move: 1
Move valid to: (0, 2)
Move: 7
Move valid to: (0, 2)
Move: 	
Move valid to: (0, 2)
Move: 3
Move valid to: (0, 2)
Move: 2
Move valid to: (0, 2)
Move: 6
Move valid to: (0, 2)
Move: 9
Move valid to: (0, 2)
End of line pos: (0, 2)
End of line result: 5555555555555

Line: 140	1005	2063	3048	3742	3361	117	93	2695	1529	120	3480	3061	150	3383	190
Move: 1
Move valid to: (0, 2)
Move: 4
Move valid to: (0, 2)
Move: 0
Move valid to: (0, 2)
Move: 	
Move valid to: (0, 2)
Move: 1
Move valid to: (0, 2)
Move: 0
Move valid to: (0, 2)
Move: 0
Move valid to: (0, 2)
Move: 5
Move valid to: (0, 2)
Move: 	
Move valid to: (0, 2)
Move: 2
Move valid to: (0, 2)
Move: 0
Move valid to: (0, 2)
Move: 6
Move valid to: (0, 2)
Move: 3
Move valid to: (0, 2)
Move: 	
Move valid to: (0, 2)
Move: 3
Move valid to: (0, 2)
Move: 0
Move valid to: (0, 2)
Move: 4
Move valid to: (0, 2)
Move: 8
Move valid to: (0, 2)
Move: 	
Move valid to: (0, 2)
Move: 3
Move valid to: (0, 2)
Move: 7
Move valid to: (0, 2)
Move: 4
Move valid to: (0, 2)
Move: 2
Move valid to: (0, 2)
Move: 	
Move valid to: (0, 2)
Move: 3
Move valid to: (0, 2)
Move: 3
Move valid to: (0, 2)
Move: 6
Move valid to: (0, 2)
Move: 1
Move valid to: (0, 2)
Move: 	
Move valid to: (0, 2)
Move: 1
Move valid to: (0, 2)
Move: 1
Move valid to: (0, 2)
Move: 7
Move valid to: (0, 2)
Move: 	
Move valid to: (0, 2)
Move: 9
Move valid to: (0, 2)
Move: 3
Move valid to: (0, 2)
Move: 	
Move valid to: (0, 2)
Move: 2
Move valid to: (0, 2)
Move: 6
Move valid to: (0, 2)
Move: 9
Move valid to: (0, 2)
Move: 5
Move valid to: (0, 2)
Move: 	
Move valid to: (0, 2)
Move: 1
Move valid to: (0, 2)
Move: 5
Move valid to: (0, 2)
Move: 2
Move valid to: (0, 2)
Move: 9
Move valid to: (0, 2)
Move: 	
Move valid to: (0, 2)
Move: 1
Move valid to: (0, 2)
Move: 2
Move valid to: (0, 2)
Move: 0
Move valid to: (0, 2)
Move: 	
Move valid to: (0, 2)
Move: 3
Move valid to: (0, 2)
Move: 4
Move valid to: (0, 2)
Move: 8
Move valid to: (0, 2)
Move: 0
Move valid to: (0, 2)
Move: 	
Move valid to: (0, 2)
Move: 3
Move valid to: (0, 2)
Move: 0
Move valid to: (0, 2)
Move: 6
Move valid to: (0, 2)
Move: 1
Move valid to: (0, 2)
Move: 	
Move valid to: (0, 2)
Move: 1
Move valid to: (0, 2)
Move: 5
Move valid to: (0, 2)
Move: 0
Move valid to: (0, 2)
Move: 	
Move valid to: (0, 2)
Move: 3
Move valid to: (0, 2)
Move: 3
Move valid to: (0, 2)
Move: 8
Move valid to: (0, 2)
Move: 3
Move valid to: (0, 2)
Move: 	
Move valid to: (0, 2)
Move: 1
Move valid to: (0, 2)
Move: 9
Move valid to: (0, 2)
Move: 0
Move valid to: (0, 2)
End of line pos: (0, 2)
End of line result: 55555555555555

Line: 489	732	57	75	61	797	266	593	324	475	733	737	113	68	267	141
Move: 4
Move valid to: (0, 2)
Move: 8
Move valid to: (0, 2)
Move: 9
Move valid to: (0, 2)
Move: 	
Move valid to: (0, 2)
Move: 7
Move valid to: (0, 2)
Move: 3
Move valid to: (0, 2)
Move: 2
Move valid to: (0, 2)
Move: 	
Move valid to: (0, 2)
Move: 5
Move valid to: (0, 2)
Move: 7
Move valid to: (0, 2)
Move: 	
Move valid to: (0, 2)
Move: 7
Move valid to: (0, 2)
Move: 5
Move valid to: (0, 2)
Move: 	
Move valid to: (0, 2)
Move: 6
Move valid to: (0, 2)
Move: 1
Move valid to: (0, 2)
Move: 	
Move valid to: (0, 2)
Move: 7
Move valid to: (0, 2)
Move: 9
Move valid to: (0, 2)
Move: 7
Move valid to: (0, 2)
Move: 	
Move valid to: (0, 2)
Move: 2
Move valid to: (0, 2)
Move: 6
Move valid to: (0, 2)
Move: 6
Move valid to: (0, 2)
Move: 	
Move valid to: (0, 2)
Move: 5
Move valid to: (0, 2)
Move: 9
Move valid to: (0, 2)
Move: 3
Move valid to: (0, 2)
Move: 	
Move valid to: (0, 2)
Move: 3
Move valid to: (0, 2)
Move: 2
Move valid to: (0, 2)
Move: 4
Move valid to: (0, 2)
Move: 	
Move valid to: (0, 2)
Move: 4
Move valid to: (0, 2)
Move: 7
Move valid to: (0, 2)
Move: 5
Move valid to: (0, 2)
Move: 	
Move valid to: (0, 2)
Move: 7
Move valid to: (0, 2)
Move: 3
Move valid to: (0, 2)
Move: 3
Move valid to: (0, 2)
Move: 	
Move valid to: (0, 2)
Move: 7
Move valid to: (0, 2)
Move: 3
Move valid to: (0, 2)
Move: 7
Move valid to: (0, 2)
Move: 	
Move valid to: (0, 2)
Move: 1
Move valid to: (0, 2)
Move: 1
Move valid to: (0, 2)
Move: 3
Move valid to: (0, 2)
Move: 	
Move valid to: (0, 2)
Move: 6
Move valid to: (0, 2)
Move: 8
Move valid to: (0, 2)
Move: 	
Move valid to: (0, 2)
Move: 2
Move valid to: (0, 2)
Move: 6
Move valid to: (0, 2)
Move: 7
Move valid to: (0, 2)
Move: 	
Move valid to: (0, 2)
Move: 1
Move valid to: (0, 2)
Move: 4
Move valid to: (0, 2)
Move: 1
Move valid to: (0, 2)
End of line pos: (0, 2)
End of line result: 555555555555555

Line: 3858	202	1141	3458	2507	239	199	4400	3713	3980	4170	227	3968	1688	4352	4168
Move: 3
Move valid to: (0, 2)
Move: 8
Move valid to: (0, 2)
Move: 5
Move valid to: (0, 2)
Move: 8
Move valid to: (0, 2)
Move: 	
Move valid to: (0, 2)
Move: 2
Move valid to: (0, 2)
Move: 0
Move valid to: (0, 2)
Move: 2
Move valid to: (0, 2)
Move: 	
Move valid to: (0, 2)
Move: 1
Move valid to: (0, 2)
Move: 1
Move valid to: (0, 2)
Move: 4
Move valid to: (0, 2)
Move: 1
Move valid to: (0, 2)
Move: 	
Move valid to: (0, 2)
Move: 3
Move valid to: (0, 2)
Move: 4
Move valid to: (0, 2)
Move: 5
Move valid to: (0, 2)
Move: 8
Move valid to: (0, 2)
Move: 	
Move valid to: (0, 2)
Move: 2
Move valid to: (0, 2)
Move: 5
Move valid to: (0, 2)
Move: 0
Move valid to: (0, 2)
Move: 7
Move valid to: (0, 2)
Move: 	
Move valid to: (0, 2)
Move: 2
Move valid to: (0, 2)
Move: 3
Move valid to: (0, 2)
Move: 9
Move valid to: (0, 2)
Move: 	
Move valid to: (0, 2)
Move: 1
Move valid to: (0, 2)
Move: 9
Move valid to: (0, 2)
Move: 9
Move valid to: (0, 2)
Move: 	
Move valid to: (0, 2)
Move: 4
Move valid to: (0, 2)
Move: 4
Move valid to: (0, 2)
Move: 0
Move valid to: (0, 2)
Move: 0
Move valid to: (0, 2)
Move: 	
Move valid to: (0, 2)
Move: 3
Move valid to: (0, 2)
Move: 7
Move valid to: (0, 2)
Move: 1
Move valid to: (0, 2)
Move: 3
Move valid to: (0, 2)
Move: 	
Move valid to: (0, 2)
Move: 3
Move valid to: (0, 2)
Move: 9
Move valid to: (0, 2)
Move: 8
Move valid to: (0, 2)
Move: 0
Move valid to: (0, 2)
Move: 	
Move valid to: (0, 2)
Move: 4
Move valid to: (0, 2)
Move: 1
Move valid to: (0, 2)
Move: 7
Move valid to: (0, 2)
Move: 0
Move valid to: (0, 2)
Move: 	
Move valid to: (0, 2)
Move: 2
Move valid to: (0, 2)
Move: 2
Move valid to: (0, 2)
Move: 7
Move valid to: (0, 2)
Move: 	
Move valid to: (0, 2)
Move: 3
Move valid to: (0, 2)
Move: 9
Move valid to: (0, 2)
Move: 6
Move valid to: (0, 2)
Move: 8
Move valid to: (0, 2)
Move: 	
Move valid to: (0, 2)
Move: 1
Move valid to: (0, 2)
Move: 6
Move valid to: (0, 2)
Move: 8
Move valid to: (0, 2)
Move: 8
Move valid to: (0, 2)
Move: 	
Move valid to: (0, 2)
Move: 4
Move valid to: (0, 2)
Move: 3
Move valid to: (0, 2)
Move: 5
Move valid to: (0, 2)
Move: 2
Move valid to: (0, 2)
Move: 	
Move valid to: (0, 2)
Move: 4
Move valid to: (0, 2)
Move: 1
Move valid to: (0, 2)
Move: 6
Move valid to: (0, 2)
Move: 8
Move valid to: (0, 2)
End of line pos: (0, 2)
End of line result: 5555555555555555

Bathroom code: 5555555555555555

Total time: 74ms

~=~=~=~=~=~=~=~=~=~<         END OF LOG         >~=~=~=~=~=~=~=~=~=~
