~=~=~=~=~=~=~=~=~=~< Advent of Code 2023: Day 4 >~=~=~=~=~=~=~=~=~=~
-------------------<  12-04-2023; 08-53-38-121  >-------------------

-------------------<          PART ONE          >-------------------
Result: 23441

-------------------<          PART TWO          >-------------------
Copies: {0=Card 2: 13 32 20 16 61 - 61 30 68 82 17 32 24 19, 1=Card 3: 1 21 53 59 44 - 69 82 63 72 16 21 14 1, 2=Card 4: 41 92 73 84 69 - 59 84 76 51 58 5 54 83, 3=Card 5: 87 83 26 28 32 - 88 30 70 12 93 22 82 36}
Cards: {0=Card 2: 13 32 20 16 61 - 61 30 68 82 17 32 24 19, 1=Card 3: 1 21 53 59 44 - 69 82 63 72 16 21 14 1, 2=Card 4: 41 92 73 84 69 - 59 84 76 51 58 5 54 83, 3=Card 5: 87 83 26 28 32 - 88 30 70 12 93 22 82 36, 4=Card 5: 87 83 26 28 32 - 88 30 70 12 93 22 82 36, 5=Card 6: 31 18 13 56 72 - 74 77 10 23 35 67 36 11}
Copies: {1=Card 4: 41 92 73 84 69 - 59 84 76 51 58 5 54 83, 2=Card 5: 87 83 26 28 32 - 88 30 70 12 93 22 82 36}
Cards: {0=Card 2: 13 32 20 16 61 - 61 30 68 82 17 32 24 19, 1=Card 4: 41 92 73 84 69 - 59 84 76 51 58 5 54 83, 2=Card 5: 87 83 26 28 32 - 88 30 70 12 93 22 82 36, 3=Card 5: 87 83 26 28 32 - 88 30 70 12 93 22 82 36, 4=Card 5: 87 83 26 28 32 - 88 30 70 12 93 22 82 36, 5=Card 6: 31 18 13 56 72 - 74 77 10 23 35 67 36 11}
Copies: {}
Cards: {0=Card 2: 13 32 20 16 61 - 61 30 68 82 17 32 24 19, 1=Card 4: 41 92 73 84 69 - 59 84 76 51 58 5 54 83, 2=Card 5: 87 83 26 28 32 - 88 30 70 12 93 22 82 36, 3=Card 5: 87 83 26 28 32 - 88 30 70 12 93 22 82 36, 4=Card 5: 87 83 26 28 32 - 88 30 70 12 93 22 82 36, 5=Card 6: 31 18 13 56 72 - 74 77 10 23 35 67 36 11}
Copies: {}
Cards: {0=Card 2: 13 32 20 16 61 - 61 30 68 82 17 32 24 19, 1=Card 4: 41 92 73 84 69 - 59 84 76 51 58 5 54 83, 2=Card 5: 87 83 26 28 32 - 88 30 70 12 93 22 82 36, 3=Card 5: 87 83 26 28 32 - 88 30 70 12 93 22 82 36, 4=Card 5: 87 83 26 28 32 - 88 30 70 12 93 22 82 36, 5=Card 6: 31 18 13 56 72 - 74 77 10 23 35 67 36 11}
Copies: {}
Cards: {0=Card 2: 13 32 20 16 61 - 61 30 68 82 17 32 24 19, 1=Card 4: 41 92 73 84 69 - 59 84 76 51 58 5 54 83, 2=Card 5: 87 83 26 28 32 - 88 30 70 12 93 22 82 36, 3=Card 5: 87 83 26 28 32 - 88 30 70 12 93 22 82 36, 4=Card 5: 87 83 26 28 32 - 88 30 70 12 93 22 82 36, 5=Card 6: 31 18 13 56 72 - 74 77 10 23 35 67 36 11}
Copies: {}
Cards: {0=Card 2: 13 32 20 16 61 - 61 30 68 82 17 32 24 19, 1=Card 4: 41 92 73 84 69 - 59 84 76 51 58 5 54 83, 2=Card 5: 87 83 26 28 32 - 88 30 70 12 93 22 82 36, 3=Card 5: 87 83 26 28 32 - 88 30 70 12 93 22 82 36, 4=Card 5: 87 83 26 28 32 - 88 30 70 12 93 22 82 36, 5=Card 6: 31 18 13 56 72 - 74 77 10 23 35 67 36 11}
Result: 6

Total time: 55ms

~=~=~=~=~=~=~=~=~=~<         END OF LOG         >~=~=~=~=~=~=~=~=~=~
