~=~=~=~=~=~=~=~=~=~< Advent of Code 2023: Day 4 >~=~=~=~=~=~=~=~=~=~
-------------------<  12-04-2023; 10-37-03-115  >-------------------

-------------------<          PART ONE          >-------------------
Result: 23441

-------------------<          PART TWO          >-------------------
Amounts: {1=1, 2=1, 3=1, 4=1, 5=1, 6=1}
Cards: [(1), (2), (3), (4), (5), (6)]

Amounts: {1=2, 2=2, 3=3, 4=3, 5=3, 6=1}
Cards: [(1), (2), (3), (4), (5), (6)]
Amounts: {1=2, 2=3, 3=4, 4=5, 5=3, 6=1}
Cards: [(1), (2), (3), (4), (5), (6)]
Amounts: {1=2, 2=3, 3=5, 4=6, 5=7, 6=1}
Cards: [(1), (2), (3), (4), (5), (6)]
Amounts: {1=2, 2=3, 3=5, 4=7, 5=8, 6=1}
Cards: [(1), (2), (3), (4), (5), (6)]
Amounts: {1=2, 2=3, 3=5, 4=7, 5=9, 6=1}
Cards: [(1), (2), (3), (4), (5), (6)]
Amounts: {1=2, 2=3, 3=5, 4=7, 5=9, 6=2}
Cards: [(1), (2), (3), (4), (5), (6)]
Result: 28

Total time: 53ms

~=~=~=~=~=~=~=~=~=~<         END OF LOG         >~=~=~=~=~=~=~=~=~=~
