~=~=~=~=~=~=~=~=~=~< Advent of Code 2023: Day 4 >~=~=~=~=~=~=~=~=~=~
-------------------<  12-04-2023; 10-35-50-334  >-------------------

-------------------<          PART ONE          >-------------------
Result: 23441

-------------------<          PART TWO          >-------------------
Amounts: {1=2, 2=3, 3=3, 4=3, 5=3, 6=1}
Cards: [(1), (2), (3), (4), (5), (6)]
Amounts: {1=2, 2=4, 3=5, 4=5, 5=3, 6=1}
Cards: [(1), (2), (3), (4), (5), (6)]
Amounts: {1=2, 2=4, 3=6, 4=7, 5=7, 6=1}
Cards: [(1), (2), (3), (4), (5), (6)]
Amounts: {1=2, 2=4, 3=6, 4=8, 5=9, 6=1}
Cards: [(1), (2), (3), (4), (5), (6)]
Amounts: {1=2, 2=4, 3=6, 4=8, 5=10, 6=1}
Cards: [(1), (2), (3), (4), (5), (6)]
Amounts: {1=2, 2=4, 3=6, 4=8, 5=10, 6=2}
Cards: [(1), (2), (3), (4), (5), (6)]
Result: 32

Total time: 63ms

~=~=~=~=~=~=~=~=~=~<         END OF LOG         >~=~=~=~=~=~=~=~=~=~
