~=~=~=~=~=~=~=~=~=~< Advent of Code 2023: Day 4 >~=~=~=~=~=~=~=~=~=~
-------------------<  12-04-2023; 10-41-22-978  >-------------------

-------------------<          PART ONE          >-------------------
Result: 23441

-------------------<          PART TWO          >-------------------
Amounts: {1=1, 2=1, 3=1, 4=1, 5=1, 6=1}
Cards: [(1), (2), (3), (4), (5), (6)]

Amounts: {1=1, 2=2, 3=2, 4=2, 5=2, 6=1}
Cards: [(1), (2), (3), (4), (5), (6)]
Amounts: {1=1, 2=2, 3=4, 4=4, 5=2, 6=1}
Cards: [(1), (2), (3), (4), (5), (6)]
Amounts: {1=1, 2=2, 3=4, 4=8, 5=6, 6=1}
Cards: [(1), (2), (3), (4), (5), (6)]
Amounts: {1=1, 2=2, 3=4, 4=8, 5=14, 6=1}
Cards: [(1), (2), (3), (4), (5), (6)]
Amounts: {1=1, 2=2, 3=4, 4=8, 5=14, 6=1}
Cards: [(1), (2), (3), (4), (5), (6)]
Amounts: {1=1, 2=2, 3=4, 4=8, 5=14, 6=1}
Cards: [(1), (2), (3), (4), (5), (6)]
Result: 30

Total time: 57ms

~=~=~=~=~=~=~=~=~=~<         END OF LOG         >~=~=~=~=~=~=~=~=~=~
