~=~=~=~=~=~=~=~=~=~< Advent of Code 2023: Day 4 >~=~=~=~=~=~=~=~=~=~
-------------------<  12-04-2023; 10-39-45-709  >-------------------

-------------------<          PART ONE          >-------------------
Result: 23441

-------------------<          PART TWO          >-------------------
Amounts: {1=1, 2=1, 3=1, 4=1, 5=1, 6=1}
Cards: [(1), (2), (3), (4), (5), (6)]

Amounts: {1=2, 2=3, 3=3, 4=3, 5=3, 6=1}
Cards: [(1), (2), (3), (4), (5), (6)]
Amounts: {1=2, 2=4, 3=7, 4=7, 5=3, 6=1}
Cards: [(1), (2), (3), (4), (5), (6)]
Amounts: {1=2, 2=4, 3=8, 4=15, 5=11, 6=1}
Cards: [(1), (2), (3), (4), (5), (6)]
Amounts: {1=2, 2=4, 3=8, 4=16, 5=27, 6=1}
Cards: [(1), (2), (3), (4), (5), (6)]
Amounts: {1=2, 2=4, 3=8, 4=16, 5=28, 6=1}
Cards: [(1), (2), (3), (4), (5), (6)]
Amounts: {1=2, 2=4, 3=8, 4=16, 5=28, 6=2}
Cards: [(1), (2), (3), (4), (5), (6)]
Result: 60

Total time: 56ms

~=~=~=~=~=~=~=~=~=~<         END OF LOG         >~=~=~=~=~=~=~=~=~=~
