~=~=~=~=~=~=~=~=~=~< Advent of Code 2023: Day 4 >~=~=~=~=~=~=~=~=~=~
-------------------<  12-04-2023; 08-08-55-163  >-------------------

-------------------<          PART ONE          >-------------------
 41 48 83 86 17 - 83 86  6 31 17  9 48 53
 41 48 83 86 17 
 83 86  6 31 17  9 48 53
Winning: [Ljava.lang.Integer;@41906a77
Score: 16
 13 32 20 16 61 - 61 30 68 82 17 32 24 19
 13 32 20 16 61 
 61 30 68 82 17 32 24 19
Winning: [Ljava.lang.Integer;@4b9af9a9
Score: 4
  1 21 53 59 44 - 69 82 63 72 16 21 14  1
  1 21 53 59 44 
 69 82 63 72 16 21 14  1
Winning: [Ljava.lang.Integer;@5387f9e0
Score: 4
 41 92 73 84 69 - 59 84 76 51 58  5 54 83
 41 92 73 84 69 
 59 84 76 51 58  5 54 83
Winning: [Ljava.lang.Integer;@6e5e91e4
Score: 2
 87 83 26 28 32 - 88 30 70 12 93 22 82 36
 87 83 26 28 32 
 88 30 70 12 93 22 82 36
Winning: [Ljava.lang.Integer;@2cdf8d8a
Score: 0
 31 18 13 56 72 - 74 77 10 23 35 67 36 11
 31 18 13 56 72 
 74 77 10 23 35 67 36 11
Winning: [Ljava.lang.Integer;@30946e09
Score: 0
Result: 26

-------------------<          PART TWO          >-------------------

Total time: 24ms

~=~=~=~=~=~=~=~=~=~<         END OF LOG         >~=~=~=~=~=~=~=~=~=~
