~=~=~=~=~=~=~=~=~=~< Advent of Code 2023: Day 4 >~=~=~=~=~=~=~=~=~=~
-------------------<  12-04-2023; 08-17-01-053  >-------------------

-------------------<          PART ONE          >-------------------
 41 48 83 86 17 
 83 86  6 31 17  9 48 53
Winning: [41, 48, 83, 86, 17]
Score: 16
 13 32 20 16 61 
 61 30 68 82 17 32 24 19
Winning: [13, 32, 20, 16, 61]
Score: 4
  1 21 53 59 44 
 69 82 63 72 16 21 14  1
Winning: [1, 21, 53, 59, 44]
Score: 4
 41 92 73 84 69 
 59 84 76 51 58  5 54 83
Winning: [41, 92, 73, 84, 69]
Score: 2
 87 83 26 28 32 
 88 30 70 12 93 22 82 36
Winning: [87, 83, 26, 28, 32]
Score: 0
 31 18 13 56 72 
 74 77 10 23 35 67 36 11
Winning: [31, 18, 13, 56, 72]
Score: 0
Result: 26

-------------------<          PART TWO          >-------------------

Total time: 14ms

~=~=~=~=~=~=~=~=~=~<         END OF LOG         >~=~=~=~=~=~=~=~=~=~
