~=~=~=~=~=~=~=~=~=~< Advent of Code 2023: Day 7 >~=~=~=~=~=~=~=~=~=~
-------------------<  12-07-2023; 22-31-13-316  >-------------------

-------------------<          PART ONE          >-------------------
32T3K: 1
T55J5: 3
KK677: 2
HHHHH: 5
KTJJT: 2
QQQQA: 4
QQQJA: 3
32T3K, KTJJT, KK677, T55J5, QQQJA, QQQQA, HHHHH, 
765 * 1
220 * 2
28 * 3
684 * 4
483 * 5
456 * 6
346 * 7
Total Winnings: 11598

-------------------<          PART TWO          >-------------------

Total time: 14ms

~=~=~=~=~=~=~=~=~=~<         END OF LOG         >~=~=~=~=~=~=~=~=~=~
