~=~=~=~=~=~=~=~=~=~< Advent of Code 2023: Day 7 >~=~=~=~=~=~=~=~=~=~
-------------------<  12-07-2023; 22-07-58-535  >-------------------

-------------------<          PART ONE          >-------------------
-1
-1
32T3K: 1
T55J5: 3
KK677: 2
KTJJT: 2
QQQJA: 3
32T3K, KTJJT, KK677, QQQJA, T55J5, 
765 * 1
220 * 2
28 * 3
483 * 4
684 * 5
Total Winnings: 6641

-------------------<          PART TWO          >-------------------

Total time: 8ms

~=~=~=~=~=~=~=~=~=~<         END OF LOG         >~=~=~=~=~=~=~=~=~=~
