~=~=~=~=~=~=~=~=~=~< Advent of Code 2023: Day 7 >~=~=~=~=~=~=~=~=~=~
-------------------<  12-07-2023; 23-13-11-282  >-------------------

-------------------<          PART ONE          >-------------------
Total Winnings: 248396258

-------------------<          PART TWO          >-------------------
2
0
35229: High card
2
0
Q379J: High card
3
88Q8Q: Full house
1
A8725: High card
4
9959J: Four of a kind
2
0
Q7AA2: High card
4
J7Q5J: Four of a kind
4
44644: Four of a kind
4
222J9: Four of a kind
1
475TK: High card
2
0
2
0
3
2
0
1
3
1
2
0
1
3
4
1
4
3
2
0
1
2
0
2
0
4
1
4
4
4
3
4
1
4
4
4
4
4
3
4
4
4
4
1
3
1
2
0
1
2
0
1
2
0
35229, 475TK, Q379J, Q7AA2, A8725, 88Q8Q, J7Q5J, 222J9, 44644, 9959J, 
30 * 1
461 * 2
837 * 3
79 * 4
531 * 5
841 * 6
446 * 7
43 * 8
73 * 9
588 * 10
Total Winnings: 21483

Total time: 93ms

~=~=~=~=~=~=~=~=~=~<         END OF LOG         >~=~=~=~=~=~=~=~=~=~
