~=~=~=~=~=~=~=~=~=~< Advent of Code 2023: Day 7 >~=~=~=~=~=~=~=~=~=~
-------------------<  12-07-2023; 22-21-16-755  >-------------------

-------------------<          PART ONE          >-------------------
-1
-1
32T3K: 1
T55J5: 3
KK677: 2
KTJJT: 2
QQQJA: 3
32T3K, KK677, KTJJT, QQQJA, T55J5, 
765 * 1
28 * 2
220 * 3
483 * 4
684 * 5
Total Winnings: 6833

-------------------<          PART TWO          >-------------------

Total time: 21ms

~=~=~=~=~=~=~=~=~=~<         END OF LOG         >~=~=~=~=~=~=~=~=~=~
