~=~=~=~=~=~=~=~=~=~< Advent of Code 2023: Day 7 >~=~=~=~=~=~=~=~=~=~
-------------------<  12-07-2023; 23-13-55-974  >-------------------

-------------------<          PART ONE          >-------------------
Total Winnings: 248396258

-------------------<          PART TWO          >-------------------
2
1
35229: One pair
2
1
Q379J: One pair
3
88Q8Q: Full house
1
A8725: High card
4
9959J: Four of a kind
2
1
Q7AA2: One pair
4
J7Q5J: Four of a kind
4
44644: Four of a kind
4
222J9: Four of a kind
1
475TK: High card
2
1
2
1
3
2
1
1
3
1
2
1
1
2
1
4
2
1
4
3
2
1
2
1
2
1
4
2
1
3
4
2
1
4
4
4
3
4
2
1
4
4
4
4
4
3
4
4
4
4
1
3
1
2
1
1
2
1
1
1
475TK, A8725, 35229, Q379J, Q7AA2, 88Q8Q, J7Q5J, 222J9, 44644, 9959J, 
461 * 1
531 * 2
30 * 3
837 * 4
79 * 5
841 * 6
446 * 7
43 * 8
73 * 9
588 * 10
Total Winnings: 20405

Total time: 94ms

~=~=~=~=~=~=~=~=~=~<         END OF LOG         >~=~=~=~=~=~=~=~=~=~
