~=~=~=~=~=~=~=~=~=~< Advent of Code 2023: Day 7 >~=~=~=~=~=~=~=~=~=~
-------------------<  12-07-2023; 23-19-29-627  >-------------------

-------------------<          PART ONE          >-------------------
Total Winnings: 248396258

-------------------<          PART TWO          >-------------------
35229: One pair
Q379J: One pair
88Q8Q: Full house
A8725: High card
9959J: Four of a kind
Q7AA2: One pair
J7Q5J: Full house
44644: Four of a kind
222J9: Four of a kind
475TK: High card
KKA5J: Three of a kind
7K49A: High card
T333T: Full house
5T8QK: High card
37973: Two pair
555K2: Three of a kind
42422: Full house
3AAAA: Four of a kind
A77A4: Two pair
K9QQK: Two pair
67K36: One pair
933J4: Full house
QQ98Q: Three of a kind
22KK6: Two pair
2AKAK: Two pair
7775J: Four of a kind
3T586: High card
34J58: One pair
3353T: Three of a kind
TT353: Two pair
5777A: Three of a kind
79333: Three of a kind
7TK8T: One pair
K7A3Q: High card
KK6Q4: One pair
T5AKA: One pair
858TT: Two pair
A7KA8: One pair
67676: Full house
T966T: Two pair
9Q765: High card
23Q92: One pair
356A6: One pair
996Q9: Three of a kind
6398Q: High card
52552: Full house
T8558: Two pair
4A69J: One pair
TQT2Q: Two pair
K56QT: High card
4A2AJ: Three of a kind
Q777K: Three of a kind
AT6Q4: High card
JJJJJ: Five of a kind
K358K: One pair
Q94QQ: Three of a kind
A28J8: Three of a kind
29224: Three of a kind
QT66T: Two pair
2AA26: Two pair
4K8AT: High card
JT728: One pair
7JQTJ: Full house
8K94Q: High card
KAA92: One pair
8Q846: One pair
A66TJ: Three of a kind
48QKT: High card
39K99: Three of a kind
73T72: One pair
J4K37: One pair
JK767: Full house
75Q4A: High card
35274: High card
72T9T: One pair
A9Q7A: One pair
A3JAA: Four of a kind
57927: One pair
9T42Q: High card
6A6AK: Two pair
T2TTT: Four of a kind
753QA: High card
6K27Q: High card
A7A8T: One pair
8TQJK: One pair
4T922: One pair
3K337: Three of a kind
56665: Full house
T4A22: One pair
QQJ5A: Full house
89889: Full house
54A44: Three of a kind
22665: Two pair
J4QK4: Full house
45J44: Four of a kind
382A7: High card
8JTTQ: Full house
K6KK6: Full house
2Q228: Three of a kind
39Q44: One pair
9K96K: Two pair
A9JAA: Four of a kind
2A8JJ: Three of a kind
KT9J4: One pair
666K6: Four of a kind
TA666: Three of a kind
TTT8A: Three of a kind
98J28: Full house
6QT83: High card
AA58J: Three of a kind
77677: Four of a kind
JJ222: Five of a kind
88J68: Four of a kind
9J999: Five of a kind
66J6J: Five of a kind
TQ3K8: High card
5A6T6: One pair
4TT4T: Full house
TTKTJ: Four of a kind
755AQ: One pair
39943: Two pair
358JJ: Three of a kind
QT46K: High card
283TT: One pair
2222J: Five of a kind
TTKKT: Full house
55AA9: Two pair
725T4: High card
33A23: Three of a kind
659Q3: High card
J4747: Full house
AJKT8: One pair
99449: Full house
JQ888: Four of a kind
66868: Full house
57J42: One pair
8T58A: One pair
4KK55: Two pair
K2KKK: Four of a kind
KA52J: One pair
3T6TT: Three of a kind
J6398: One pair
78564: High card
385KJ: One pair
Q7Q7Q: Full house
Q9T79: One pair
5Q555: Four of a kind
2JQ2Q: Full house
7T9K3: High card
J88J8: Five of a kind
KKJAA: Full house
QQ777: Full house
26Q59: High card
2J585: Full house
J9969: Four of a kind
KQ3A3: One pair
KKK44: Full house
2TT2T: Full house
538J8: Three of a kind
5T444: Three of a kind
QT4QQ: Three of a kind
55553: Four of a kind
7KKKQ: Three of a kind
47Q47: Two pair
9Q7Q9: Two pair
7769K: One pair
QTTQQ: Full house
Q3A99: One pair
888J3: Four of a kind
KJK33: Full house
65657: Two pair
26336: Two pair
K7777: Four of a kind
T573J: One pair
Q64QQ: Three of a kind
66696: Four of a kind
36673: Two pair
QQ5QJ: Four of a kind
85J35: Full house
K74K7: Two pair
A8A8J: Full house
4TT33: Two pair
JA9TJ: Full house
4ATTT: Three of a kind
T6TQ7: One pair
452J3: One pair
Q9A73: High card
267AK: High card
QTQ3Q: Three of a kind
K84J2: One pair
4Q333: Three of a kind
JK355: Full house
5465A: One pair
66226: Full house
44TAT: Two pair
88833: Full house
A28AA: Three of a kind
23982: One pair
22232: Four of a kind
787KK: Two pair
T49TJ: Three of a kind
55475: Three of a kind
88882: Four of a kind
74T98: High card
48484: Full house
K392T: High card
4TT43: Two pair
65JQ4: One pair
44339: Two pair
79T77: Three of a kind
T6TTA: Three of a kind
K9798: One pair
Q8T54: High card
8J7TJ: Full house
T7776: Three of a kind
94T9T: Two pair
TT3T4: Three of a kind
559JQ: Full house
96T7T: One pair
AJAJJ: Five of a kind
87668: Two pair
33633: Four of a kind
87778: Full house
45555: Four of a kind
87A4K: High card
4JK85: One pair
9A5AA: Three of a kind
AA32A: Three of a kind
6QTT5: One pair
J9A98: Full house
3KAAK: Two pair
37525: One pair
7J736: Full house
22462: Three of a kind
9A2TA: One pair
7T98J: One pair
T22KT: Two pair
669J6: Four of a kind
A5599: Two pair
K6QJ7: One pair
82822: Full house
AA3J3: Full house
43553: Two pair
7586K: High card
TQ58A: High card
K4444: Four of a kind
55858: Full house
AA669: Two pair
92626: Two pair
QAQQ6: Three of a kind
A6AAA: Four of a kind
J9797: Full house
54A68: High card
6TT94: One pair
K3Q6T: High card
JTK2J: Full house
58555: Four of a kind
8J292: Full house
8QQ53: One pair
K4JA4: Full house
6J777: Four of a kind
A6JQA: Full house
6T2QA: High card
45A45: Two pair
54595: Three of a kind
7582K: High card
338Q7: One pair
28288: Full house
JJK3K: Four of a kind
62K2T: One pair
44229: Two pair
59399: Three of a kind
53KK2: One pair
3A9AQ: One pair
6525A: One pair
676A2: One pair
7KTA6: High card
88889: Four of a kind
T9898: Two pair
J99J9: Five of a kind
AA886: Two pair
522QJ: Three of a kind
6666J: Five of a kind
J3QA7: One pair
87777: Four of a kind
52J24: Full house
994J9: Four of a kind
69559: Two pair
93339: Full house
9JAA2: Full house
56636: Three of a kind
54554: Full house
86T58: One pair
34334: Full house
7K254: High card
T4T44: Full house
AT9J3: One pair
8668T: Two pair
T9T33: Two pair
8AAAA: Four of a kind
Q28J6: One pair
2AJ49: One pair
778TT: Two pair
355J3: Full house
Q79T3: High card
92222: Four of a kind
22262: Four of a kind
JTJTT: Five of a kind
T23TA: One pair
A33K3: Three of a kind
222J5: Four of a kind
Q4Q44: Full house
K522J: Three of a kind
J774J: Four of a kind
52952: Two pair
223J2: Four of a kind
TTA5T: Three of a kind
KA459: High card
2QQJQ: Four of a kind
92297: Two pair
8T888: Four of a kind
QA74T: High card
26494: One pair
26665: Three of a kind
J5J3J: Four of a kind
T4Q2T: One pair
38223: Two pair
2TT5T: Three of a kind
8JJ4T: Full house
JQ662: Full house
T8T8T: Full house
T6999: Three of a kind
25225: Full house
66766: Four of a kind
KKJ9K: Four of a kind
T355T: Two pair
3J673: Full house
5AAAA: Four of a kind
3T2K2: One pair
Q9T99: Three of a kind
2929K: Two pair
J4JKK: Four of a kind
Q66QA: Two pair
Q5A8J: One pair
KTTKK: Full house
428JT: One pair
KKKJK: Five of a kind
K5KK5: Full house
QA572: High card
77TJ7: Four of a kind
3JA7K: One pair
86444: Three of a kind
Q4444: Four of a kind
65QQJ: Three of a kind
KKK37: Three of a kind
3388J: Full house
J97A2: One pair
44J44: Five of a kind
JT7JA: Full house
7QKQ7: Two pair
K444K: Full house
83QT5: High card
T876T: One pair
5J7J7: Four of a kind
696J8: Full house
KQK54: One pair
Q8868: Three of a kind
575AA: Two pair
6463Q: One pair
QT5JK: One pair
55755: Four of a kind
J3T3A: Full house
82AA7: One pair
JQ86T: One pair
QTQKJ: Three of a kind
K247Q: High card
39JA3: Full house
A5967: High card
4644Q: Three of a kind
Q2963: High card
JJK53: Full house
K53T7: High card
33377: Full house
9299J: Four of a kind
775J5: Full house
KKQQ2: Two pair
J5656: Full house
TTTT9: Four of a kind
2998K: One pair
79269: One pair
3AT52: High card
7KT77: Three of a kind
33539: Three of a kind
KJK7K: Four of a kind
KK999: Full house
66829: One pair
TA9QQ: One pair
K4556: One pair
4T759: High card
TQ7JQ: Three of a kind
3793A: One pair
88779: Two pair
9888K: Three of a kind
J2K2K: Full house
75377: Three of a kind
J5635: Full house
6Q3T5: High card
97779: Full house
T99TK: Two pair
444QJ: Four of a kind
99996: Four of a kind
32553: Two pair
K97T8: High card
JJ555: Five of a kind
K8456: High card
52J55: Four of a kind
59595: Full house
JJT6T: Four of a kind
29JTK: One pair
333AA: Full house
777J9: Four of a kind
93653: One pair
K5TK5: Two pair
52QQ5: Two pair
433JT: Full house
T5T55: Full house
79A8J: One pair
588Q8: Three of a kind
5Q4T7: High card
72A8T: High card
73498: High card
TJJJT: Five of a kind
94494: Full house
2QJ58: One pair
64777: Three of a kind
9TK74: High card
QQ864: One pair
6TQ54: High card
K55K6: Two pair
9Q8Q8: Two pair
AAA69: Three of a kind
999QJ: Four of a kind
K3A8Q: High card
7Q983: High card
62T99: One pair
QQQQA: Four of a kind
K2885: One pair
55656: Full house
J6AA8: Full house
5658J: Three of a kind
78225: One pair
KKQKK: Four of a kind
9K277: One pair
KJ333: Four of a kind
J972T: One pair
96299: Three of a kind
878JJ: Four of a kind
JAT4J: Full house
TT494: Two pair
TJ52A: One pair
2J72J: Four of a kind
QA48K: High card
95Q58: One pair
T2K65: High card
3923Q: One pair
JKQQ5: Full house
922J9: Full house
75JA9: One pair
A888K: Three of a kind
QA3QA: Two pair
8T9T8: Two pair
T762J: One pair
JAJAQ: Four of a kind
T7777: Four of a kind
555K3: Three of a kind
Q222Q: Full house
AJ77A: Full house
99J2K: Full house
JTJ67: Full house
52922: Three of a kind
JKKKQ: Four of a kind
T4233: One pair
35946: High card
AJAJA: Five of a kind
33733: Four of a kind
5J555: Five of a kind
2Q2J2: Four of a kind
J277K: Full house
JTA88: Full house
TAAJ6: Full house
96688: Two pair
K93K5: One pair
TJ949: Full house
7Q34A: High card
J66JT: Four of a kind
9A99A: Full house
46Q8T: High card
Q6646: Three of a kind
QQ555: Full house
3QK2T: High card
J2828: Full house
TATKT: Three of a kind
KKQ92: One pair
5JQ66: Full house
J557T: Full house
A2883: One pair
56Q2A: High card
48888: Four of a kind
A22AA: Full house
44343: Full house
85633: One pair
55449: Two pair
TKATK: Two pair
T65Q8: High card
A555A: Full house
J88A8: Four of a kind
T6663: Three of a kind
AQA4Q: Two pair
AA55A: Full house
5T5JT: Full house
73832: One pair
9A9T6: One pair
KJ99K: Full house
J3338: Four of a kind
QQ5QQ: Four of a kind
6J464: Full house
24A5J: One pair
J77J7: Five of a kind
Q7Q6Q: Three of a kind
74QKJ: One pair
QK37K: One pair
5649T: High card
TJ746: One pair
6A269: One pair
226K5: One pair
32J5J: Full house
QTT47: One pair
KK222: Full house
QKQJA: Full house
6A6Q3: One pair
KTTT8: Three of a kind
53T99: One pair
33A73: Three of a kind
89899: Full house
K344T: One pair
2324Q: One pair
7J442: Full house
9AAAA: Four of a kind
Q99Q9: Full house
22233: Full house
92284: One pair
6347A: High card
73777: Four of a kind
TTKTT: Four of a kind
TTT87: Three of a kind
877K8: Two pair
5A6QT: High card
85548: Two pair
53353: Full house
33322: Full house
AAJ45: Full house
2AJAA: Four of a kind
4785K: High card
J8J77: Four of a kind
9A388: One pair
J9QAQ: Full house
23A36: One pair
92Q95: One pair
J2467: One pair
A32QQ: One pair
93TJ7: One pair
9T428: High card
72777: Four of a kind
AAAA2: Four of a kind
TQTAT: Three of a kind
KA777: Three of a kind
T4635: High card
A886Q: One pair
TQJ3A: One pair
JAAA6: Four of a kind
QJ86J: Full house
JK777: Four of a kind
9922A: Two pair
QKT95: High card
34AKA: One pair
5J996: Full house
82J87: Full house
26T59: High card
AKKKA: Full house
K675Q: High card
K79JA: One pair
668J8: Full house
J7373: Full house
A5873: High card
99A79: Three of a kind
AA33A: Full house
QQ93J: Three of a kind
23758: High card
QQ2QQ: Four of a kind
48K49: One pair
92294: Two pair
22QQQ: Full house
59555: Four of a kind
AKAAA: Four of a kind
A29Q6: High card
675K3: High card
Q5776: One pair
A68T2: High card
Q76J7: Three of a kind
84QA9: High card
J68AJ: Full house
996A6: Two pair
888J8: Five of a kind
JA8K4: One pair
77879: Three of a kind
T8J2A: One pair
K66AK: Two pair
899J4: Full house
6QQ66: Full house
KK3JK: Four of a kind
TQQKQ: Three of a kind
892TQ: High card
777AJ: Four of a kind
7T898: One pair
K4QJK: Three of a kind
36AK9: High card
78788: Full house
8722K: One pair
499J4: Full house
8QQQ8: Full house
T55J3: Full house
672Q8: High card
996JJ: Four of a kind
555A5: Four of a kind
8844J: Full house
959QK: One pair
QQQQ6: Four of a kind
6Q56Q: Two pair
62TT6: Two pair
K4QQQ: Three of a kind
6T439: High card
JQ2J8: Full house
6766J: Four of a kind
2T798: High card
4J4AA: Full house
38TAJ: One pair
45788: One pair
56555: Four of a kind
T5T5T: Full house
78888: Four of a kind
737Q6: One pair
54454: Full house
TTTQT: Four of a kind
8K8KK: Full house
46454: Three of a kind
88JK2: Full house
8Q8QJ: Full house
KJ88A: Full house
K6K45: One pair
5Q95A: One pair
7J9KK: Full house
67767: Full house
A2Q5J: One pair
JJT22: Four of a kind
43JKA: One pair
44T2A: One pair
2Q222: Four of a kind
JT822: Full house
577A3: One pair
5TJT2: Full house
38T43: One pair
KJ444: Four of a kind
QTTTQ: Full house
57477: Three of a kind
4T2Q8: High card
2A2KA: Two pair
AAAQJ: Four of a kind
38828: Three of a kind
528QK: High card
26TK4: High card
3444J: Four of a kind
5Q955: Three of a kind
3AK24: High card
7J52Q: One pair
22277: Full house
AATAT: Full house
T57Q2: High card
84483: Two pair
85436: High card
AKAKA: Full house
JK4K8: Full house
6JQ6A: Full house
34464: Three of a kind
JK5Q2: One pair
423J3: Three of a kind
77A47: Three of a kind
22242: Four of a kind
99279: Three of a kind
89492: One pair
3A333: Four of a kind
3T5TT: Three of a kind
979T9: Three of a kind
37322: Two pair
6QQ68: Two pair
A66JA: Full house
93QA3: One pair
TJ8J2: Full house
TT5QQ: Two pair
TT888: Full house
QKQTK: Two pair
JA556: Full house
QT345: High card
88Q26: One pair
5Q5AA: Two pair
59429: One pair
9939T: Three of a kind
Q333Q: Full house
Q3AA3: Two pair
378JQ: One pair
2255Q: Two pair
2JA2A: Full house
J5K36: One pair
Q5866: One pair
Q94Q2: One pair
36993: Two pair
A5574: One pair
TQ43K: High card
T66AT: Two pair
4A6J5: One pair
5K5J5: Four of a kind
888A3: Three of a kind
4777K: Three of a kind
T4QKK: One pair
JTQQ6: Full house
37735: Two pair
5J9J5: Four of a kind
33Q33: Four of a kind
9T9T9: Full house
A6A66: Full house
JAAAA: Five of a kind
J63J7: Full house
22K4K: Two pair
T3J6J: Full house
8TT33: Two pair
63339: Three of a kind
QT3TT: Three of a kind
6TT48: One pair
KAK5T: One pair
T6922: One pair
9AJ9A: Full house
KKAKT: Three of a kind
QT79A: High card
KA999: Three of a kind
99399: Four of a kind
224T6: One pair
KAKK9: Three of a kind
7J7KK: Full house
KT859: High card
3AT26: High card
7A6A9: One pair
K5368: High card
JQK34: One pair
27268: One pair
4967K: High card
8K848: Three of a kind
626JJ: Four of a kind
AKA6K: Two pair
4J4T4: Four of a kind
93939: Full house
47876: One pair
3J23A: Full house
9Q999: Four of a kind
22432: Three of a kind
K7KKK: Four of a kind
AA399: Two pair
K77K7: Full house
3J5K9: One pair
36J33: Four of a kind
T3TAJ: Three of a kind
QQQA8: Three of a kind
3434Q: Two pair
Q4QQ5: Three of a kind
QQQJQ: Five of a kind
AJAKA: Four of a kind
82T96: High card
888KK: Full house
3699J: Three of a kind
QQQKQ: Four of a kind
TTT7J: Four of a kind
6Q982: High card
96669: Full house
KQ33Q: Two pair
JJJ8J: Five of a kind
368K8: One pair
29QJ8: One pair
T6TT6: Full house
5KA22: One pair
777TT: Full house
92899: Three of a kind
799JJ: Four of a kind
Q3Q53: Two pair
7A745: One pair
9Q43K: High card
Q33AQ: Two pair
7Q9JK: One pair
69Q66: Three of a kind
7A325: High card
39T4J: One pair
336QQ: Two pair
JA62A: Full house
88883: Four of a kind
7J777: Five of a kind
63878: One pair
KAKKK: Four of a kind
7TT33: Two pair
Q9AQA: Two pair
QAAJQ: Full house
69J69: Full house
5298Q: High card
27292: Three of a kind
T2T4T: Three of a kind
2J95K: One pair
46646: Full house
9JJ33: Four of a kind
Q9QQQ: Four of a kind
J4455: Full house
J96QA: One pair
9A49A: Two pair
64K66: Three of a kind
K853T: High card
K4J87: One pair
JAA7K: Full house
J5535: Four of a kind
99222: Full house
5K59K: Two pair
3333K: Four of a kind
66J86: Four of a kind
48J56: One pair
4K39T: High card
4A86Q: High card
T99J9: Four of a kind
782T7: One pair
T4494: Three of a kind
66986: Three of a kind
KKK87: Three of a kind
52222: Four of a kind
3T3TT: Full house
5KK74: One pair
TK2KJ: Three of a kind
T33KQ: One pair
727J7: Four of a kind
24926: One pair
T8965: High card
58K84: One pair
43T34: Two pair
KK77K: Full house
33663: Full house
Q66J6: Four of a kind
2T222: Four of a kind
Q4QJ4: Full house
QQ99Q: Full house
9J698: Full house
T99JT: Full house
8QKKQ: Two pair
AAA48: Three of a kind
7Q4J7: Three of a kind
T7787: Three of a kind
56TT6: Two pair
Q88TT: Two pair
6T98Q: High card
834TK: High card
3QJQQ: Four of a kind
3A833: Three of a kind
JT4Q9: One pair
673TT: One pair
T8JA5: One pair
28222: Four of a kind
AA4A4: Full house
T9JTT: Four of a kind
8573J: One pair
6Q44J: Three of a kind
A4744: Three of a kind
T985J: One pair
24J4T: Full house
552K3: One pair
8TT56: One pair
J7Q77: Four of a kind
32333: Four of a kind
KKKJ5: Four of a kind
A44A4: Full house
Q767K: One pair
TJTTT: Five of a kind
TT5TT: Four of a kind
6AA6A: Full house
KK7K6: Three of a kind
46554: Two pair
3333J: Five of a kind
6T666: Four of a kind
KK8JK: Four of a kind
92J3A: One pair
9TT2T: Three of a kind
964J6: Three of a kind
TTT99: Full house
JQJQ8: Four of a kind
JT6T8: Full house
A5Q2T: High card
77QJQ: Full house
62A37: High card
JJ867: Full house
3QJ39: Full house
2AKKK: Three of a kind
44QQ6: Two pair
4J422: Full house
79979: Full house
888KJ: Four of a kind
Q4A85: High card
AAQK2: One pair
54646: Two pair
99966: Full house
33833: Four of a kind
Q23T9: High card
34444: Four of a kind
QQKK5: Two pair
TTJ22: Full house
336A4: One pair
Q2TQ5: One pair
J8K4T: One pair
47797: Three of a kind
K72Q9: High card
J3J33: Five of a kind
96A98: One pair
98Q34: High card
6J646: Four of a kind
96946: Two pair
24Q75: High card
6A5Q3: High card
K5KK7: Three of a kind
JTTT5: Four of a kind
5KKQK: Three of a kind
2775Q: One pair
8T58K: One pair
AA5K5: Two pair
7AAAK: Three of a kind
4753K: High card
32335: Three of a kind
T7TT5: Three of a kind
64825: High card
T5T93: One pair
4925J: One pair
488A5: One pair
39K9K: Two pair
T77KK: Two pair
K4KT5: One pair
Q746K: High card
JQ6AJ: Full house
5T664: One pair
95995: Full house
85838: Three of a kind
J8KQ3: One pair
J97A4: One pair
4QQ77: Two pair
T44A6: One pair
556Q6: Two pair
Q6745: High card
TTTT3: Four of a kind
A64QK: High card
QAAQQ: Full house
72222: Four of a kind
A74K3: High card
JK49K: Full house
48884: Full house
Q9979: Three of a kind
888T3: Three of a kind
K788K: Two pair
5A82T: High card
A383Q: One pair
K6966: Three of a kind
K9999: Four of a kind
72774: Three of a kind
8TQ7K: High card
79954: One pair
3Q42K: High card
QQQQ8: Four of a kind
394QQ: One pair
Q758K: High card
72727: Full house
58835: Two pair
32726: One pair
4J4J4: Five of a kind
AJJA9: Four of a kind
589KK: One pair
7722A: Two pair
97479: Two pair
TTTQJ: Four of a kind
Q66QQ: Full house
T5TJJ: Four of a kind
T9A6T: One pair
6777A: Three of a kind
22T2T: Full house
7388J: Three of a kind
23758, 24Q75, 267AK, 26T59, 26TK4, 26Q59, 2T798, 35274, 35946, 36AK9, 382A7, 3T586, 3Q42K, 3QK2T, 3AT26, 3AT52, 3AK24, 46Q8T, 4753K, 475TK, 4785K, 48QKT, 4967K, 4T2Q8, 4T759, 4K39T, 4K8AT, 4A86Q, 528QK, 5298Q, 54A68, 5649T, 56Q2A, 5T8QK, 5Q4T7, 5A6QT, 5A82T, 62A37, 6347A, 6398Q, 64825, 659Q3, 672Q8, 675K3, 6T2QA, 6T439, 6T98Q, 6TQ54, 6Q3T5, 6Q982, 6QT83, 6K27Q, 6A5Q3, 725T4, 72A8T, 73498, 74T98, 753QA, 7582K, 7586K, 75Q4A, 78564, 7T9K3, 7Q34A, 7Q983, 7K254, 7K49A, 7KTA6, 7A325, 82T96, 834TK, 83QT5, 84QA9, 85436, 87A4K, 892TQ, 8TQ7K, 8K94Q, 98Q34, 9T428, 9T42Q, 9TK74, 9Q43K, 9Q765, T2K65, T4635, T57Q2, T65Q8, T8965, TQ3K8, TQ43K, TQ58A, Q23T9, Q2963, Q4A85, Q6745, Q746K, Q758K, Q79T3, Q8T54, Q9A73, QT345, QT46K, QT79A, QKT95, QA48K, QA572, QA74T, K247Q, K392T, K3Q6T, K3A8Q, K5368, K53T7, K56QT, K675Q, K72Q9, K7A3Q, K8456, K853T, K97T8, KT859, KA459, A29Q6, A5873, A5967, A5Q2T, A64QK, A68T2, A74K3, A8725, AT6Q4, J2467, J3QA7, J4K37, J5K36, J6398, J8K4T, J8KQ3, J96QA, J972T, J97A2, J97A4, JT4Q9, JT728, JQ86T, JQK34, JK5Q2, JA8K4, 2J95K, 224T6, 226K5, 2324Q, 23982, 23Q92, 23A36, 24926, 24A5J, 26494, 27268, 2775Q, 283TT, 29JTK, 2998K, 29QJ8, 2QJ58, 2AJ49, 3J5K9, 3JA7K, 32726, 336A4, 338Q7, 34J58, 34AKA, 35229, 356A6, 368K8, 37525, 378JQ, 3793A, 385KJ, 38T43, 38TAJ, 3923Q, 394QQ, 39T4J, 39Q44, 3T2K2, 3A9AQ, 4JK85, 428JT, 43JKA, 44T2A, 452J3, 45788, 47876, 48J56, 488A5, 48K49, 4925J, 4T922, 4A6J5, 4A69J, 53T99, 53KK2, 5465A, 552K3, 57J42, 577A3, 57927, 589KK, 58K84, 59429, 5T664, 5Q95A, 5KK74, 5KA22, 5A6T6, 62T99, 62K2T, 63878, 6463Q, 65JQ4, 6525A, 66829, 673TT, 676A2, 67K36, 6TT48, 6TT94, 6QTT5, 6A269, 6A6Q3, 7J52Q, 72T9T, 737Q6, 73832, 73T72, 74QKJ, 75JA9, 755AQ, 7769K, 78225, 782T7, 79269, 79954, 79A8J, 7T898, 7T98J, 7TK8T, 7Q9JK, 7A6A9, 7A745, 82AA7, 85633, 8573J, 86T58, 8722K, 88Q26, 89492, 8T58K, 8T58A, 8TT56, 8TQJK, 8Q846, 8QQ53, 92J3A, 92284, 92Q95, 93653, 93TJ7, 93QA3, 959QK, 95Q58, 96T7T, 96A98, 9K277, 9A2TA, 9A388, 9A9T6, TJ52A, TJ746, T23TA, T33KQ, T4233, T44A6, T4Q2T, T4QKK, T4A22, T573J, T5T93, T5AKA, T6922, T6TQ7, T762J, T8J2A, T8JA5, T876T, T985J, T9A6T, TQJ3A, TA9QQ, Q28J6, Q2TQ5, Q379J, Q3A99, Q5776, Q5866, Q5A8J, Q767K, Q7AA2, Q94Q2, Q9T79, QT5JK, QTT47, QQ864, QK37K, K2885, K344T, K358K, K4J87, K4556, K4KT5, K6QJ7, K6K45, K79JA, K84J2, K93K5, K9798, KT9J4, KQ3A3, KQK54, KK6Q4, KKQ92, KA52J, KAK5T, KAA92, AJKT8, A2883, A2Q5J, A32QQ, A383Q, A5574, A7KA8, A7A8T, A886Q, A9Q7A, AT9J3, AAQK2, 2255Q, 22665, 22K4K, 22KK6, 26336, 2929K, 2A2KA, 2AKAK, 2AA26, 32553, 336QQ, 3434Q, 36673, 36993, 37322, 37735, 37973, 38223, 39943, 39K9K, 3KAAK, 43553, 43T34, 44229, 44339, 44TAT, 44QQ6, 45A45, 46554, 47Q47, 4TT33, 4TT43, 4QQ77, 4KK55, 52952, 52QQ5, 54646, 55449, 556Q6, 55AA9, 56TT6, 575AA, 58835, 5Q5AA, 5K59K, 62TT6, 65657, 69559, 6Q56Q, 6QQ68, 6A6AK, 7722A, 778TT, 787KK, 7TT33, 7QKQ7, 84483, 85548, 858TT, 8668T, 87668, 877K8, 88779, 8T9T8, 8TT33, 8QKKQ, 92294, 92297, 92626, 94T9T, 96688, 96946, 97479, 9922A, 996A6, 9Q7Q9, 9Q8Q8, 9K96K, 9A49A, T22KT, T355T, T66AT, T77KK, T8558, T966T, T9898, T99TK, T9T33, TT353, TT494, TT5QQ, TQT2Q, TKATK, Q33AQ, Q3Q53, Q3AA3, Q66QA, Q88TT, Q9AQA, QT66T, QQKK5, QKQTK, QA3QA, K55K6, K5TK5, K66AK, K74K7, K788K, K9QQK, KQ33Q, KKQQ2, A5599, A77A4, AQA4Q, AKA6K, AA399, AA5K5, AA669, AA886, 22432, 22462, 26665, 27292, 29224, 2TT5T, 2Q228, 2A8JJ, 2AKKK, 32335, 33539, 3353T, 33A23, 33A73, 34464, 358JJ, 3699J, 38828, 39K99, 3T5TT, 3T6TT, 3K337, 3A833, 423J3, 4644Q, 46454, 4777K, 47797, 4Q333, 4A2AJ, 4ATTT, 522QJ, 52922, 538J8, 54595, 54A44, 55475, 555K2, 555K3, 5658J, 56636, 57477, 5777A, 588Q8, 59399, 5T444, 5Q955, 5KKQK, 63339, 64777, 64K66, 65QQJ, 66986, 6777A, 69Q66, 6Q44J, 72774, 7388J, 75377, 77879, 77A47, 79333, 79T77, 7Q4J7, 7KT77, 7KKKQ, 7AAAK, 85838, 86444, 888T3, 888A3, 8K848, 92899, 96299, 964J6, 979T9, 9888K, 99279, 9939T, 996Q9, 99A79, 9TT2T, 9A5AA, T2T4T, T3TAJ, T4494, T49TJ, T6663, T6999, T6TTA, T7776, T7787, T7TT5, TT3T4, TTT87, TTT8A, TTA5T, TQ7JQ, TQTAT, TQQKQ, TK2KJ, TA666, TATKT, Q4QQ5, Q64QQ, Q6646, Q76J7, Q777K, Q7Q6Q, Q8868, Q94QQ, Q9979, Q9T99, QT3TT, QT4QQ, QTQ3Q, QTQKJ, QQ93J, QQ98Q, QQQA8, QAQQ6, K4QJK, K4QQQ, K522J, K5KK7, K6966, KTTT8, KK7K6, KKK37, KKK87, KKA5J, KKAKT, KA777, KA999, KAKK9, A28J8, A28AA, A33K3, A4744, A66TJ, A888K, AA32A, AA58J, AAA48, AAA69, JJ867, JJK53, J277K, J2828, J2K2K, J3T3A, J4455, J4747, J4QK4, J557T, J5635, J5656, J63J7, J68AJ, J6AA8, J7373, J7Q5J, J9797, J9QAQ, J9A98, JTJ67, JT6T8, JT7JA, JT822, JTQQ6, JTK2J, JTA88, JQ2J8, JQ662, JQ6AJ, JK355, JK49K, JK4K8, JK767, JKQQ5, JA556, JA62A, JA9TJ, JAT4J, JAA7K, 2J585, 2JQ2Q, 2JA2A, 22233, 22277, 22T2T, 22QQQ, 24J4T, 25225, 28288, 2TT2T, 3J23A, 3J673, 32J5J, 33322, 33377, 333AA, 33663, 3388J, 34334, 355J3, 39JA3, 3T3TT, 3QJ39, 4J422, 4J4AA, 42422, 433JT, 44343, 46646, 48484, 48884, 499J4, 4TT4T, 5J996, 5JQ66, 52J24, 52552, 53353, 54454, 54554, 55656, 55858, 559JQ, 56665, 59595, 5TJT2, 5T5JT, 6J464, 6JQ6A, 66226, 668J8, 66868, 67676, 67767, 69J69, 696J8, 6QQ66, 6AA6A, 7J442, 7J736, 7J7KK, 7J9KK, 7JQTJ, 72727, 775J5, 777TT, 77QJQ, 78788, 79979, 8JJ4T, 8J292, 8J7TJ, 8JTTQ, 82J87, 82822, 85J35, 87778, 88JK2, 8844J, 88833, 888KK, 88Q8Q, 89889, 89899, 899J4, 8Q8QJ, 8QQQ8, 8K8KK, 9J698, 9JAA2, 922J9, 933J4, 93339, 93939, 94494, 95995, 96669, 97779, 98J28, 99J2K, 99222, 99449, 99966, 9T9T9, 9AJ9A, 9A99A, TJ8J2, TJ949, T3J6J, T333T, T4T44, T55J3, T5T55, T5T5T, T6TT6, T8T8T, T99JT, TTJ22, TT888, TTT99, TTKKT, TAAJ6, QJ86J, Q222Q, Q333Q, Q4QJ4, Q4Q44, Q66QQ, Q7Q7Q, Q99Q9, QTTTQ, QTTQQ, QQJ5A, QQ555, QQ777, QQ99Q, QKQJA, QAAJQ, QAAQQ, KJ88A, KJ99K, KJK33, K4JA4, K444K, K5KK5, K6KK6, K77K7, KTTKK, KKJAA, KK222, KK77K, KK999, KKK44, AJ77A, A22AA, A44A4, A555A, A6JQA, A66JA, A6A66, A8A8J, AKKKA, AKAKA, AAJ45, AA3J3, AA33A, AA4A4, AA55A, AATAT, JJT22, JJT6T, JJK3K, J3338, J4JKK, J5J3J, J5535, J66JT, J774J, J7Q77, J8J77, J88A8, J9969, JTTT5, JQJQ8, JQ888, JK777, JKKKQ, JAJAQ, JAAA6, 2J72J, 222J5, 222J9, 22232, 22242, 22262, 223J2, 28222, 2T222, 2Q2J2, 2Q222, 2QQJQ, 2AJAA, 32333, 3333K, 33633, 33733, 33833, 33Q33, 3444J, 34444, 36J33, 3QJQQ, 3A333, 3AAAA, 4J4T4, 444QJ, 44644, 45J44, 45555, 48888, 5J7J7, 5J9J5, 52J55, 52222, 55553, 555A5, 55755, 56555, 58555, 59555, 5Q555, 5K5J5, 5AAAA, 6J646, 6J777, 626JJ, 66J86, 66696, 666K6, 66766, 669J6, 6766J, 6T666, 72222, 727J7, 72777, 73777, 77677, 777J9, 7775J, 777AJ, 77TJ7, 78888, 799JJ, 87777, 878JJ, 88J68, 888J3, 88882, 88883, 88889, 888KJ, 8T888, 8AAAA, 9JJ33, 92222, 9299J, 99399, 994J9, 9959J, 996JJ, 99996, 999QJ, 9Q999, 9AAAA, T2TTT, T5TJJ, T7777, T9JTT, T99J9, TT5TT, TTT7J, TTTT3, TTTT9, TTTQJ, TTTQT, TTKTJ, TTKTT, Q4444, Q66J6, Q9QQQ, QQ2QQ, QQ5QJ, QQ5QQ, QQQQ6, QQQQ8, QQQQA, QQQKQ, KJ333, KJ444, KJK7K, K2KKK, K4444, K7777, K7KKK, K9999, KKJ9K, KK3JK, KK8JK, KKQKK, KKKJ5, KAKKK, AJJA9, AJAKA, A3JAA, A6AAA, A9JAA, AKAAA, AAAQJ, AAAA2, JJJJJ, JJJ8J, JJ222, JJ555, J3J33, J77J7, J88J8, J99J9, JTJTT, JAAAA, 2222J, 3333J, 4J4J4, 44J44, 5J555, 66J6J, 6666J, 7J777, 888J8, 9J999, TJJJT, TJTTT, QQQJQ, KKKJK, AJAJJ, AJAJA, 
416 * 1
253 * 2
427 * 3
173 * 4
692 * 5
18 * 6
592 * 7
184 * 8
728 * 9
5 * 10
305 * 11
952 * 12
879 * 13
152 * 14
996 * 15
303 * 16
460 * 17
596 * 18
369 * 19
461 * 20
949 * 21
742 * 22
564 * 23
878 * 24
745 * 25
775 * 26
324 * 27
495 * 28
141 * 29
160 * 30
930 * 31
655 * 32
148 * 33
301 * 34
19 * 35
800 * 36
662 * 37
700 * 38
701 * 39
578 * 40
16 * 41
293 * 42
168 * 43
471 * 44
248 * 45
963 * 46
516 * 47
376 * 48
415 * 49
221 * 50
966 * 51
939 * 52
404 * 53
836 * 54
791 * 55
967 * 56
170 * 57
570 * 58
973 * 59
839 * 60
850 * 61
992 * 62
698 * 63
417 * 64
97 * 65
945 * 66
760 * 67
750 * 68
950 * 69
393 * 70
366 * 71
832 * 72
229 * 73
926 * 74
734 * 75
378 * 76
585 * 77
691 * 78
109 * 79
502 * 80
485 * 81
704 * 82
46 * 83
566 * 84
536 * 85
744 * 86
519 * 87
576 * 88
288 * 89
90 * 90
743 * 91
581 * 92
351 * 93
899 * 94
759 * 95
617 * 96
65 * 97
137 * 98
558 * 99
855 * 100
343 * 101
496 * 102
493 * 103
726 * 104
425 * 105
714 * 106
537 * 107
755 * 108
740 * 109
375 * 110
60 * 111
528 * 112
491 * 113
587 * 114
797 * 115
688 * 116
665 * 117
444 * 118
239 * 119
391 * 120
732 * 121
155 * 122
13 * 123
756 * 124
985 * 125
478 * 126
977 * 127
723 * 128
890 * 129
121 * 130
531 * 131
902 * 132
296 * 133
988 * 134
386 * 135
117 * 136
392 * 137
809 * 138
817 * 139
628 * 140
120 * 141
312 * 142
891 * 143
323 * 144
511 * 145
801 * 146
78 * 147
328 * 148
580 * 149
428 * 150
213 * 151
17 * 152
220 * 153
997 * 154
322 * 155
909 * 156
114 * 157
827 * 158
408 * 159
289 * 160
649 * 161
334 * 162
211 * 163
673 * 164
195 * 165
569 * 166
560 * 167
762 * 168
469 * 169
545 * 170
682 * 171
412 * 172
132 * 173
551 * 174
30 * 175
957 * 176
12 * 177
130 * 178
572 * 179
346 * 180
602 * 181
856 * 182
224 * 183
532 * 184
108 * 185
470 * 186
663 * 187
941 * 188
550 * 189
463 * 190
910 * 191
387 * 192
409 * 193
297 * 194
276 * 195
59 * 196
604 * 197
757 * 198
75 * 199
127 * 200
115 * 201
178 * 202
998 * 203
517 * 204
746 * 205
70 * 206
804 * 207
437 * 208
526 * 209
766 * 210
686 * 211
462 * 212
418 * 213
807 * 214
942 * 215
904 * 216
522 * 217
565 * 218
876 * 219
993 * 220
482 * 221
648 * 222
499 * 223
215 * 224
413 * 225
149 * 226
754 * 227
694 * 228
218 * 229
487 * 230
339 * 231
623 * 232
188 * 233
185 * 234
186 * 235
908 * 236
247 * 237
868 * 238
261 * 239
838 * 240
402 * 241
365 * 242
453 * 243
823 * 244
501 * 245
664 * 246
831 * 247
190 * 248
84 * 249
242 * 250
454 * 251
640 * 252
285 * 253
716 * 254
439 * 255
753 * 256
48 * 257
978 * 258
994 * 259
529 * 260
975 * 261
811 * 262
401 * 263
656 * 264
892 * 265
310 * 266
33 * 267
725 * 268
702 * 269
593 * 270
721 * 271
833 * 272
348 * 273
240 * 274
4 * 275
55 * 276
300 * 277
483 * 278
779 * 279
282 * 280
299 * 281
654 * 282
95 * 283
969 * 284
143 * 285
498 * 286
984 * 287
637 * 288
367 * 289
790 * 290
193 * 291
256 * 292
736 * 293
104 * 294
901 * 295
266 * 296
338 * 297
82 * 298
440 * 299
473 * 300
449 * 301
337 * 302
350 * 303
525 * 304
837 * 305
38 * 306
129 * 307
861 * 308
238 * 309
138 * 310
79 * 311
813 * 312
524 * 313
906 * 314
748 * 315
675 * 316
144 * 317
821 * 318
124 * 319
563 * 320
769 * 321
57 * 322
420 * 323
696 * 324
209 * 325
718 * 326
100 * 327
67 * 328
660 * 329
960 * 330
586 * 331
918 * 332
575 * 333
326 * 334
651 * 335
894 * 336
818 * 337
940 * 338
452 * 339
37 * 340
181 * 341
557 * 342
590 * 343
731 * 344
659 * 345
492 * 346
291 * 347
447 * 348
52 * 349
86 * 350
103 * 351
870 * 352
306 * 353
594 * 354
424 * 355
436 * 356
77 * 357
738 * 358
825 * 359
715 * 360
219 * 361
329 * 362
287 * 363
455 * 364
782 * 365
197 * 366
23 * 367
62 * 368
584 * 369
980 * 370
885 * 371
175 * 372
724 * 373
327 * 374
666 * 375
873 * 376
179 * 377
862 * 378
650 * 379
829 * 380
426 * 381
146 * 382
595 * 383
897 * 384
458 * 385
232 * 386
472 * 387
589 * 388
857 * 389
225 * 390
237 * 391
359 * 392
697 * 393
313 * 394
567 * 395
848 * 396
598 * 397
304 * 398
397 * 399
165 * 400
923 * 401
290 * 402
81 * 403
504 * 404
166 * 405
140 * 406
677 * 407
670 * 408
720 * 409
644 * 410
431 * 411
615 * 412
843 * 413
895 * 414
1000 * 415
893 * 416
795 * 417
774 * 418
27 * 419
40 * 420
235 * 421
863 * 422
430 * 423
661 * 424
278 * 425
881 * 426
414 * 427
676 * 428
158 * 429
722 * 430
711 * 431
159 * 432
384 * 433
616 * 434
457 * 435
844 * 436
645 * 437
480 * 438
777 * 439
202 * 440
317 * 441
344 * 442
355 * 443
394 * 444
707 * 445
761 * 446
611 * 447
976 * 448
135 * 449
421 * 450
852 * 451
936 * 452
335 * 453
494 * 454
810 * 455
513 * 456
635 * 457
785 * 458
228 * 459
972 * 460
271 * 461
530 * 462
122 * 463
964 * 464
835 * 465
356 * 466
372 * 467
24 * 468
265 * 469
606 * 470
568 * 471
273 * 472
781 * 473
859 * 474
625 * 475
562 * 476
934 * 477
900 * 478
799 * 479
773 * 480
325 * 481
871 * 482
481 * 483
295 * 484
474 * 485
867 * 486
479 * 487
948 * 488
93 * 489
719 * 490
15 * 491
609 * 492
815 * 493
786 * 494
554 * 495
523 * 496
605 * 497
36 * 498
464 * 499
556 * 500
83 * 501
515 * 502
441 * 503
751 * 504
249 * 505
816 * 506
361 * 507
739 * 508
571 * 509
147 * 510
459 * 511
514 * 512
521 * 513
842 * 514
333 * 515
118 * 516
865 * 517
630 * 518
547 * 519
508 * 520
971 * 521
364 * 522
956 * 523
363 * 524
34 * 525
128 * 526
887 * 527
3 * 528
614 * 529
280 * 530
257 * 531
636 * 532
710 * 533
125 * 534
512 * 535
794 * 536
314 * 537
803 * 538
959 * 539
268 * 540
854 * 541
21 * 542
938 * 543
907 * 544
626 * 545
608 * 546
318 * 547
687 * 548
381 * 549
123 * 550
383 * 551
448 * 552
947 * 553
658 * 554
274 * 555
371 * 556
400 * 557
727 * 558
642 * 559
465 * 560
603 * 561
298 * 562
792 * 563
543 * 564
747 * 565
577 * 566
847 * 567
373 * 568
860 * 569
212 * 570
946 * 571
764 * 572
234 * 573
927 * 574
599 * 575
552 * 576
874 * 577
618 * 578
113 * 579
302 * 580
244 * 581
42 * 582
864 * 583
981 * 584
802 * 585
435 * 586
267 * 587
466 * 588
898 * 589
262 * 590
246 * 591
308 * 592
342 * 593
204 * 594
546 * 595
94 * 596
853 * 597
25 * 598
251 * 599
151 * 600
264 * 601
442 * 602
410 * 603
167 * 604
555 * 605
869 * 606
105 * 607
368 * 608
845 * 609
713 * 610
933 * 611
39 * 612
690 * 613
925 * 614
58 * 615
633 * 616
533 * 617
241 * 618
674 * 619
912 * 620
806 * 621
88 * 622
226 * 623
793 * 624
353 * 625
717 * 626
194 * 627
382 * 628
520 * 629
446 * 630
796 * 631
398 * 632
789 * 633
733 * 634
22 * 635
191 * 636
245 * 637
735 * 638
286 * 639
389 * 640
171 * 641
535 * 642
826 * 643
164 * 644
583 * 645
468 * 646
405 * 647
91 * 648
703 * 649
345 * 650
574 * 651
730 * 652
347 * 653
991 * 654
619 * 655
509 * 656
986 * 657
542 * 658
877 * 659
467 * 660
8 * 661
311 * 662
752 * 663
579 * 664
207 * 665
68 * 666
953 * 667
965 * 668
180 * 669
582 * 670
41 * 671
331 * 672
259 * 673
341 * 674
475 * 675
236 * 676
872 * 677
954 * 678
591 * 679
45 * 680
621 * 681
788 * 682
11 * 683
56 * 684
708 * 685
979 * 686
741 * 687
377 * 688
849 * 689
277 * 690
107 * 691
208 * 692
14 * 693
987 * 694
360 * 695
928 * 696
819 * 697
134 * 698
201 * 699
200 * 700
20 * 701
254 * 702
196 * 703
490 * 704
970 * 705
432 * 706
92 * 707
451 * 708
332 * 709
974 * 710
646 * 711
937 * 712
206 * 713
484 * 714
812 * 715
641 * 716
399 * 717
419 * 718
706 * 719
962 * 720
6 * 721
189 * 722
489 * 723
541 * 724
798 * 725
222 * 726
349 * 727
270 * 728
935 * 729
156 * 730
695 * 731
63 * 732
192 * 733
851 * 734
85 * 735
841 * 736
919 * 737
767 * 738
53 * 739
316 * 740
407 * 741
610 * 742
403 * 743
243 * 744
69 * 745
320 * 746
396 * 747
336 * 748
770 * 749
808 * 750
174 * 751
182 * 752
548 * 753
503 * 754
886 * 755
669 * 756
172 * 757
250 * 758
102 * 759
830 * 760
983 * 761
154 * 762
169 * 763
932 * 764
203 * 765
903 * 766
28 * 767
354 * 768
561 * 769
943 * 770
709 * 771
32 * 772
1 * 773
76 * 774
573 * 775
510 * 776
840 * 777
944 * 778
370 * 779
411 * 780
896 * 781
258 * 782
958 * 783
456 * 784
749 * 785
177 * 786
776 * 787
846 * 788
671 * 789
540 * 790
507 * 791
98 * 792
684 * 793
549 * 794
778 * 795
921 * 796
639 * 797
888 * 798
433 * 799
260 * 800
112 * 801
828 * 802
712 * 803
150 * 804
768 * 805
374 * 806
875 * 807
131 * 808
880 * 809
506 * 810
111 * 811
252 * 812
638 * 813
683 * 814
29 * 815
294 * 816
283 * 817
866 * 818
61 * 819
620 * 820
321 * 821
765 * 822
281 * 823
176 * 824
66 * 825
445 * 826
914 * 827
477 * 828
657 * 829
931 * 830
968 * 831
772 * 832
406 * 833
187 * 834
995 * 835
647 * 836
653 * 837
685 * 838
198 * 839
385 * 840
44 * 841
51 * 842
729 * 843
884 * 844
443 * 845
43 * 846
882 * 847
279 * 848
920 * 849
429 * 850
476 * 851
758 * 852
230 * 853
438 * 854
858 * 855
153 * 856
87 * 857
362 * 858
47 * 859
50 * 860
538 * 861
607 * 862
693 * 863
380 * 864
223 * 865
309 * 866
292 * 867
699 * 868
534 * 869
210 * 870
73 * 871
390 * 872
488 * 873
624 * 874
71 * 875
233 * 876
217 * 877
269 * 878
505 * 879
622 * 880
737 * 881
110 * 882
31 * 883
612 * 884
330 * 885
961 * 886
679 * 887
26 * 888
64 * 889
652 * 890
434 * 891
2 * 892
678 * 893
99 * 894
352 * 895
272 * 896
834 * 897
116 * 898
423 * 899
667 * 900
990 * 901
199 * 902
629 * 903
518 * 904
689 * 905
601 * 906
106 * 907
10 * 908
214 * 909
822 * 910
763 * 911
784 * 912
982 * 913
951 * 914
805 * 915
889 * 916
627 * 917
80 * 918
787 * 919
527 * 920
379 * 921
315 * 922
183 * 923
588 * 924
357 * 925
913 * 926
922 * 927
126 * 928
133 * 929
600 * 930
319 * 931
705 * 932
161 * 933
139 * 934
613 * 935
145 * 936
883 * 937
395 * 938
814 * 939
340 * 940
9 * 941
422 * 942
917 * 943
231 * 944
216 * 945
672 * 946
820 * 947
388 * 948
54 * 949
539 * 950
544 * 951
680 * 952
119 * 953
553 * 954
275 * 955
7 * 956
924 * 957
916 * 958
205 * 959
634 * 960
597 * 961
915 * 962
74 * 963
72 * 964
668 * 965
486 * 966
989 * 967
157 * 968
263 * 969
307 * 970
905 * 971
101 * 972
284 * 973
227 * 974
358 * 975
450 * 976
824 * 977
136 * 978
999 * 979
559 * 980
780 * 981
681 * 982
643 * 983
96 * 984
631 * 985
162 * 986
142 * 987
783 * 988
49 * 989
163 * 990
955 * 991
771 * 992
929 * 993
255 * 994
35 * 995
632 * 996
500 * 997
497 * 998
89 * 999
911 * 1000
Total Winnings: 245915807

Total time: 1046ms

~=~=~=~=~=~=~=~=~=~<         END OF LOG         >~=~=~=~=~=~=~=~=~=~
