~=~=~=~=~=~=~=~=~=~< Advent of Code 2023: Day 7 >~=~=~=~=~=~=~=~=~=~
-------------------<  12-07-2023; 23-12-07-370  >-------------------

-------------------<          PART ONE          >-------------------
Total Winnings: 248396258

-------------------<          PART TWO          >-------------------
2
35229: One pair
2
Q379J: High card
3
88Q8Q: Full house
1
A8725: High card
4
9959J: Four of a kind
2
Q7AA2: One pair
4
J7Q5J: Four of a kind
4
44644: Four of a kind
4
222J9: Four of a kind
1
475TK: High card
2
2
3
2
3
2
1
2
1
2
4
2
4
3
2
2
2
4
2
3
4
2
4
4
4
3
4
2
4
4
4
4
4
3
4
4
4
4
1
3
1
2
1
1
1
2
475TK, Q379J, A8725, 35229, Q7AA2, 88Q8Q, J7Q5J, 222J9, 44644, 9959J, 
461 * 1
837 * 2
531 * 3
30 * 4
79 * 5
841 * 6
446 * 7
43 * 8
73 * 9
588 * 10
Total Winnings: 19292

Total time: 73ms

~=~=~=~=~=~=~=~=~=~<         END OF LOG         >~=~=~=~=~=~=~=~=~=~
