~=~=~=~=~=~=~=~=~=~< Advent of Code 2023: Day 7 >~=~=~=~=~=~=~=~=~=~
-------------------<  12-07-2023; 22-29-07-524  >-------------------

-------------------<          PART ONE          >-------------------
35229: 1
Q379J: 1
88Q8Q: 1
A8725: 1
9959J: 3
Q7AA2: 1
J7Q5J: 1
44644: 4
222J9: 3
475TK: 1
KKA5J: 1
7K49A: 1
T333T: 1
5T8QK: 1
37973: 2
555K2: 3
42422: 1
3AAAA: 4
A77A4: 2
K9QQK: 2
67K36: 1
933J4: 1
QQ98Q: 3
22KK6: 2
2AKAK: 2
7775J: 3
3T586: 1
34J58: 1
3353T: 3
TT353: 2
5777A: 3
79333: 3
7TK8T: 1
K7A3Q: 1
KK6Q4: 1
T5AKA: 1
858TT: 2
A7KA8: 1
67676: 1
T966T: 2
9Q765: 1
23Q92: 1
356A6: 1
996Q9: 3
6398Q: 1
52552: 1
T8558: 2
4A69J: 1
TQT2Q: 2
K56QT: 1
4A2AJ: 1
Q777K: 3
AT6Q4: 1
JJJJJ: 5
K358K: 1
Q94QQ: 3
A28J8: 1
29224: 3
QT66T: 2
2AA26: 2
4K8AT: 1
JT728: 1
7JQTJ: 1
8K94Q: 1
KAA92: 1
8Q846: 1
A66TJ: 1
48QKT: 1
39K99: 3
73T72: 1
J4K37: 1
JK767: 1
75Q4A: 1
35274: 1
72T9T: 1
A9Q7A: 1
A3JAA: 3
57927: 1
9T42Q: 1
6A6AK: 2
T2TTT: 4
753QA: 1
6K27Q: 1
A7A8T: 1
8TQJK: 1
4T922: 1
3K337: 3
56665: 1
T4A22: 1
QQJ5A: 1
89889: 1
54A44: 3
22665: 2
J4QK4: 1
45J44: 3
382A7: 1
8JTTQ: 1
K6KK6: 1
2Q228: 3
39Q44: 1
9K96K: 2
A9JAA: 3
2A8JJ: 1
KT9J4: 1
666K6: 4
TA666: 3
TTT8A: 3
98J28: 1
6QT83: 1
AA58J: 1
77677: 4
JJ222: 1
88J68: 3
9J999: 4
66J6J: 1
TQ3K8: 1
5A6T6: 1
4TT4T: 1
TTKTJ: 3
755AQ: 1
39943: 2
358JJ: 1
QT46K: 1
283TT: 1
2222J: 4
TTKKT: 1
55AA9: 2
725T4: 1
33A23: 3
659Q3: 1
J4747: 2
AJKT8: 1
99449: 1
JQ888: 3
66868: 1
57J42: 1
8T58A: 1
4KK55: 2
K2KKK: 4
KA52J: 1
3T6TT: 3
J6398: 1
78564: 1
385KJ: 1
Q7Q7Q: 1
Q9T79: 1
5Q555: 4
2JQ2Q: 2
7T9K3: 1
J88J8: 1
KKJAA: 2
QQ777: 1
26Q59: 1
2J585: 1
J9969: 3
KQ3A3: 1
KKK44: 1
2TT2T: 1
538J8: 1
5T444: 3
QT4QQ: 3
55553: 4
7KKKQ: 3
47Q47: 2
9Q7Q9: 2
7769K: 1
QTTQQ: 1
Q3A99: 1
888J3: 3
KJK33: 2
65657: 2
26336: 2
K7777: 4
T573J: 1
Q64QQ: 3
66696: 4
36673: 2
QQ5QJ: 3
85J35: 1
K74K7: 2
A8A8J: 2
4TT33: 2
JA9TJ: 1
4ATTT: 3
T6TQ7: 1
452J3: 1
Q9A73: 1
267AK: 1
QTQ3Q: 3
K84J2: 1
4Q333: 3
JK355: 1
5465A: 1
66226: 1
44TAT: 2
88833: 1
A28AA: 3
23982: 1
22232: 4
787KK: 2
T49TJ: 1
55475: 3
88882: 4
74T98: 1
48484: 1
K392T: 1
4TT43: 2
65JQ4: 1
44339: 2
79T77: 3
T6TTA: 3
K9798: 1
Q8T54: 1
8J7TJ: 1
T7776: 3
94T9T: 2
TT3T4: 3
559JQ: 1
96T7T: 1
AJAJJ: 1
87668: 2
33633: 4
87778: 1
45555: 4
87A4K: 1
4JK85: 1
9A5AA: 3
AA32A: 3
6QTT5: 1
J9A98: 1
3KAAK: 2
37525: 1
7J736: 1
22462: 3
9A2TA: 1
7T98J: 1
T22KT: 2
669J6: 3
A5599: 2
K6QJ7: 1
82822: 1
AA3J3: 2
43553: 2
7586K: 1
TQ58A: 1
K4444: 4
55858: 1
AA669: 2
92626: 2
QAQQ6: 3
A6AAA: 4
J9797: 2
54A68: 1
6TT94: 1
K3Q6T: 1
JTK2J: 1
58555: 4
8J292: 1
8QQ53: 1
K4JA4: 1
6J777: 3
A6JQA: 1
6T2QA: 1
45A45: 2
54595: 3
7582K: 1
338Q7: 1
28288: 1
JJK3K: 2
62K2T: 1
44229: 2
59399: 3
53KK2: 1
3A9AQ: 1
6525A: 1
676A2: 1
7KTA6: 1
88889: 4
T9898: 2
J99J9: 1
AA886: 2
522QJ: 1
6666J: 4
J3QA7: 1
87777: 4
52J24: 1
994J9: 3
69559: 2
93339: 1
9JAA2: 1
56636: 3
54554: 1
86T58: 1
34334: 1
7K254: 1
T4T44: 1
AT9J3: 1
8668T: 2
T9T33: 2
8AAAA: 4
Q28J6: 1
2AJ49: 1
778TT: 2
355J3: 2
Q79T3: 1
92222: 4
22262: 4
JTJTT: 1
T23TA: 1
A33K3: 3
222J5: 3
Q4Q44: 1
K522J: 1
J774J: 2
52952: 2
223J2: 3
TTA5T: 3
KA459: 1
2QQJQ: 3
92297: 2
8T888: 4
QA74T: 1
26494: 1
26665: 3
J5J3J: 3
T4Q2T: 1
38223: 2
2TT5T: 3
8JJ4T: 1
JQ662: 1
T8T8T: 1
T6999: 3
25225: 1
66766: 4
KKJ9K: 3
T355T: 2
3J673: 1
5AAAA: 4
3T2K2: 1
Q9T99: 3
2929K: 2
J4JKK: 2
Q66QA: 2
Q5A8J: 1
KTTKK: 1
428JT: 1
KKKJK: 4
K5KK5: 1
QA572: 1
77TJ7: 3
3JA7K: 1
86444: 3
Q4444: 4
65QQJ: 1
KKK37: 3
3388J: 2
J97A2: 1
44J44: 4
JT7JA: 1
7QKQ7: 2
K444K: 1
83QT5: 1
T876T: 1
5J7J7: 2
696J8: 1
KQK54: 1
Q8868: 3
575AA: 2
6463Q: 1
QT5JK: 1
55755: 4
J3T3A: 1
82AA7: 1
JQ86T: 1
QTQKJ: 1
K247Q: 1
39JA3: 1
A5967: 1
4644Q: 3
Q2963: 1
JJK53: 1
K53T7: 1
33377: 1
9299J: 3
775J5: 2
KKQQ2: 2
J5656: 2
TTTT9: 4
2998K: 1
79269: 1
3AT52: 1
7KT77: 3
33539: 3
KJK7K: 3
KK999: 1
66829: 1
TA9QQ: 1
K4556: 1
4T759: 1
TQ7JQ: 1
3793A: 1
88779: 2
9888K: 3
J2K2K: 2
75377: 3
J5635: 1
6Q3T5: 1
97779: 1
T99TK: 2
444QJ: 3
99996: 4
32553: 2
K97T8: 1
JJ555: 1
K8456: 1
52J55: 3
59595: 1
JJT6T: 2
29JTK: 1
333AA: 1
777J9: 3
93653: 1
K5TK5: 2
52QQ5: 2
433JT: 1
T5T55: 1
79A8J: 1
588Q8: 3
5Q4T7: 1
72A8T: 1
73498: 1
TJJJT: 1
94494: 1
2QJ58: 1
64777: 3
9TK74: 1
QQ864: 1
6TQ54: 1
K55K6: 2
9Q8Q8: 2
AAA69: 3
999QJ: 3
K3A8Q: 1
7Q983: 1
62T99: 1
QQQQA: 4
K2885: 1
55656: 1
J6AA8: 1
5658J: 1
78225: 1
KKQKK: 4
9K277: 1
KJ333: 3
J972T: 1
96299: 3
878JJ: 2
JAT4J: 1
TT494: 2
TJ52A: 1
2J72J: 2
QA48K: 1
95Q58: 1
T2K65: 1
3923Q: 1
JKQQ5: 1
922J9: 2
75JA9: 1
A888K: 3
QA3QA: 2
8T9T8: 2
T762J: 1
JAJAQ: 2
T7777: 4
555K3: 3
Q222Q: 1
AJ77A: 2
99J2K: 1
JTJ67: 1
52922: 3
JKKKQ: 3
T4233: 1
35946: 1
AJAJA: 1
33733: 4
5J555: 4
2Q2J2: 3
J277K: 1
JTA88: 1
TAAJ6: 1
96688: 2
K93K5: 1
TJ949: 1
7Q34A: 1
J66JT: 2
9A99A: 1
46Q8T: 1
Q6646: 3
QQ555: 1
3QK2T: 1
J2828: 2
TATKT: 3
KKQ92: 1
5JQ66: 1
J557T: 1
A2883: 1
56Q2A: 1
48888: 4
A22AA: 1
44343: 1
85633: 1
55449: 2
TKATK: 2
T65Q8: 1
A555A: 1
J88A8: 3
T6663: 3
AQA4Q: 2
AA55A: 1
5T5JT: 2
73832: 1
9A9T6: 1
KJ99K: 2
J3338: 3
QQ5QQ: 4
6J464: 2
24A5J: 1
J77J7: 1
Q7Q6Q: 3
74QKJ: 1
QK37K: 1
5649T: 1
TJ746: 1
6A269: 1
226K5: 1
32J5J: 1
QTT47: 1
KK222: 1
QKQJA: 1
6A6Q3: 1
KTTT8: 3
53T99: 1
33A73: 3
89899: 1
K344T: 1
2324Q: 1
7J442: 1
9AAAA: 4
Q99Q9: 1
22233: 1
92284: 1
6347A: 1
73777: 4
TTKTT: 4
TTT87: 3
877K8: 2
5A6QT: 1
85548: 2
53353: 1
33322: 1
AAJ45: 1
2AJAA: 3
4785K: 1
J8J77: 2
9A388: 1
J9QAQ: 1
23A36: 1
92Q95: 1
J2467: 1
A32QQ: 1
93TJ7: 1
9T428: 1
72777: 4
AAAA2: 4
TQTAT: 3
KA777: 3
T4635: 1
A886Q: 1
TQJ3A: 1
JAAA6: 3
QJ86J: 1
JK777: 3
9922A: 2
QKT95: 1
34AKA: 1
5J996: 1
82J87: 1
26T59: 1
AKKKA: 1
K675Q: 1
K79JA: 1
668J8: 2
J7373: 2
A5873: 1
99A79: 3
AA33A: 1
QQ93J: 1
23758: 1
QQ2QQ: 4
48K49: 1
92294: 2
22QQQ: 1
59555: 4
AKAAA: 4
A29Q6: 1
675K3: 1
Q5776: 1
A68T2: 1
Q76J7: 1
84QA9: 1
J68AJ: 1
996A6: 2
888J8: 4
JA8K4: 1
77879: 3
T8J2A: 1
K66AK: 2
899J4: 1
6QQ66: 1
KK3JK: 3
TQQKQ: 3
892TQ: 1
777AJ: 3
7T898: 1
K4QJK: 1
36AK9: 1
78788: 1
8722K: 1
499J4: 2
8QQQ8: 1
T55J3: 1
672Q8: 1
996JJ: 2
555A5: 4
8844J: 2
959QK: 1
QQQQ6: 4
6Q56Q: 2
62TT6: 2
K4QQQ: 3
6T439: 1
JQ2J8: 1
6766J: 3
2T798: 1
4J4AA: 2
38TAJ: 1
45788: 1
56555: 4
T5T5T: 1
78888: 4
737Q6: 1
54454: 1
TTTQT: 4
8K8KK: 1
46454: 3
88JK2: 1
8Q8QJ: 2
KJ88A: 1
K6K45: 1
5Q95A: 1
7J9KK: 1
67767: 1
A2Q5J: 1
JJT22: 2
43JKA: 1
44T2A: 1
2Q222: 4
JT822: 1
577A3: 1
5TJT2: 1
38T43: 1
KJ444: 3
QTTTQ: 1
57477: 3
4T2Q8: 1
2A2KA: 2
AAAQJ: 3
38828: 3
528QK: 1
26TK4: 1
3444J: 3
5Q955: 3
3AK24: 1
7J52Q: 1
22277: 1
AATAT: 1
T57Q2: 1
84483: 2
85436: 1
AKAKA: 1
JK4K8: 1
6JQ6A: 1
34464: 3
JK5Q2: 1
423J3: 1
77A47: 3
22242: 4
99279: 3
89492: 1
3A333: 4
3T5TT: 3
979T9: 3
37322: 2
6QQ68: 2
A66JA: 2
93QA3: 1
TJ8J2: 1
TT5QQ: 2
TT888: 1
QKQTK: 2
JA556: 1
QT345: 1
88Q26: 1
5Q5AA: 2
59429: 1
9939T: 3
Q333Q: 1
Q3AA3: 2
378JQ: 1
2255Q: 2
2JA2A: 2
J5K36: 1
Q5866: 1
Q94Q2: 1
36993: 2
A5574: 1
TQ43K: 1
T66AT: 2
4A6J5: 1
5K5J5: 3
888A3: 3
4777K: 3
T4QKK: 1
JTQQ6: 1
37735: 2
5J9J5: 2
33Q33: 4
9T9T9: 1
A6A66: 1
JAAAA: 4
J63J7: 1
22K4K: 2
T3J6J: 1
8TT33: 2
63339: 3
QT3TT: 3
6TT48: 1
KAK5T: 1
T6922: 1
9AJ9A: 2
KKAKT: 3
QT79A: 1
KA999: 3
99399: 4
224T6: 1
KAKK9: 3
7J7KK: 2
KT859: 1
3AT26: 1
7A6A9: 1
K5368: 1
JQK34: 1
27268: 1
4967K: 1
8K848: 3
626JJ: 2
AKA6K: 2
4J4T4: 3
93939: 1
47876: 1
3J23A: 1
9Q999: 4
22432: 3
K7KKK: 4
AA399: 2
K77K7: 1
3J5K9: 1
36J33: 3
T3TAJ: 1
QQQA8: 3
3434Q: 2
Q4QQ5: 3
QQQJQ: 4
AJAKA: 3
82T96: 1
888KK: 1
3699J: 1
QQQKQ: 4
TTT7J: 3
6Q982: 1
96669: 1
KQ33Q: 2
JJJ8J: 4
368K8: 1
29QJ8: 1
T6TT6: 1
5KA22: 1
777TT: 1
92899: 3
799JJ: 2
Q3Q53: 2
7A745: 1
9Q43K: 1
Q33AQ: 2
7Q9JK: 1
69Q66: 3
7A325: 1
39T4J: 1
336QQ: 2
JA62A: 1
88883: 4
7J777: 4
63878: 1
KAKKK: 4
7TT33: 2
Q9AQA: 2
QAAJQ: 2
69J69: 2
5298Q: 1
27292: 3
T2T4T: 3
2J95K: 1
46646: 1
9JJ33: 2
Q9QQQ: 4
J4455: 2
J96QA: 1
9A49A: 2
64K66: 3
K853T: 1
K4J87: 1
JAA7K: 1
J5535: 3
99222: 1
5K59K: 2
3333K: 4
66J86: 3
48J56: 1
4K39T: 1
4A86Q: 1
T99J9: 3
782T7: 1
T4494: 3
66986: 3
KKK87: 3
52222: 4
3T3TT: 1
5KK74: 1
TK2KJ: 1
T33KQ: 1
727J7: 3
24926: 1
T8965: 1
58K84: 1
43T34: 2
KK77K: 1
33663: 1
Q66J6: 3
2T222: 4
Q4QJ4: 2
QQ99Q: 1
9J698: 1
T99JT: 2
8QKKQ: 2
AAA48: 3
7Q4J7: 1
T7787: 3
56TT6: 2
Q88TT: 2
6T98Q: 1
834TK: 1
3QJQQ: 3
3A833: 3
JT4Q9: 1
673TT: 1
T8JA5: 1
28222: 4
AA4A4: 1
T9JTT: 3
8573J: 1
6Q44J: 1
A4744: 3
T985J: 1
24J4T: 1
552K3: 1
8TT56: 1
J7Q77: 3
32333: 4
KKKJ5: 3
A44A4: 1
Q767K: 1
TJTTT: 4
TT5TT: 4
6AA6A: 1
KK7K6: 3
46554: 2
3333J: 4
6T666: 4
KK8JK: 3
92J3A: 1
9TT2T: 3
964J6: 1
TTT99: 1
JQJQ8: 2
JT6T8: 1
A5Q2T: 1
77QJQ: 2
62A37: 1
JJ867: 1
3QJ39: 1
2AKKK: 3
44QQ6: 2
4J422: 2
79979: 1
888KJ: 3
Q4A85: 1
AAQK2: 1
54646: 2
99966: 1
33833: 4
Q23T9: 1
34444: 4
QQKK5: 2
TTJ22: 2
336A4: 1
Q2TQ5: 1
J8K4T: 1
47797: 3
K72Q9: 1
J3J33: 1
96A98: 1
98Q34: 1
6J646: 3
96946: 2
24Q75: 1
6A5Q3: 1
K5KK7: 3
JTTT5: 3
5KKQK: 3
2775Q: 1
8T58K: 1
AA5K5: 2
7AAAK: 3
4753K: 1
32335: 3
T7TT5: 3
64825: 1
T5T93: 1
4925J: 1
488A5: 1
39K9K: 2
T77KK: 2
K4KT5: 1
Q746K: 1
JQ6AJ: 1
5T664: 1
95995: 1
85838: 3
J8KQ3: 1
J97A4: 1
4QQ77: 2
T44A6: 1
556Q6: 2
Q6745: 1
TTTT3: 4
A64QK: 1
QAAQQ: 1
72222: 4
A74K3: 1
JK49K: 1
48884: 1
Q9979: 3
888T3: 3
K788K: 2
5A82T: 1
A383Q: 1
K6966: 3
K9999: 4
72774: 3
8TQ7K: 1
79954: 1
3Q42K: 1
QQQQ8: 4
394QQ: 1
Q758K: 1
72727: 1
58835: 2
32726: 1
4J4J4: 1
AJJA9: 2
589KK: 1
7722A: 2
97479: 2
TTTQJ: 3
Q66QQ: 1
T5TJJ: 2
T9A6T: 1
6777A: 3
22T2T: 1
7388J: 1
22233, 22277, 224T6, 226K5, 22T2T, 22QQQ, 2324Q, 23758, 23982, 23Q92, 23A36, 24926, 24J4T, 24Q75, 24A5J, 25225, 26494, 267AK, 26T59, 26TK4, 26Q59, 27268, 2775Q, 28288, 283TT, 2998K, 29JTK, 29QJ8, 2T798, 2TT2T, 2J585, 2J95K, 2QJ58, 2A8JJ, 2AJ49, 32726, 32J5J, 33322, 33377, 333AA, 33663, 336A4, 338Q7, 34334, 34J58, 34AKA, 35229, 35274, 356A6, 358JJ, 35946, 368K8, 3699J, 36AK9, 37525, 378JQ, 3793A, 382A7, 385KJ, 38T43, 38TAJ, 3923Q, 394QQ, 39T4J, 39JA3, 39Q44, 3T2K2, 3T3TT, 3T586, 3J23A, 3J5K9, 3J673, 3JA7K, 3Q42K, 3QJ39, 3QK2T, 3A9AQ, 3AT26, 3AT52, 3AK24, 423J3, 42422, 428JT, 433JT, 43JKA, 44343, 44T2A, 452J3, 45788, 46646, 46Q8T, 4753K, 475TK, 4785K, 47876, 48484, 48884, 488A5, 48J56, 48QKT, 48K49, 4925J, 4967K, 4T2Q8, 4T759, 4T922, 4TT4T, 4J4J4, 4JK85, 4K39T, 4K8AT, 4A2AJ, 4A69J, 4A6J5, 4A86Q, 522QJ, 52552, 528QK, 5298Q, 52J24, 53353, 538J8, 53T99, 53KK2, 54454, 54554, 5465A, 54A68, 552K3, 55656, 55858, 559JQ, 5649T, 5658J, 56665, 56Q2A, 577A3, 57927, 57J42, 589KK, 58K84, 59429, 59595, 5T664, 5T8QK, 5TJT2, 5J996, 5JQ66, 5Q4T7, 5Q95A, 5KK74, 5KA22, 5A6T6, 5A6QT, 5A82T, 62T99, 62K2T, 62A37, 6347A, 63878, 6398Q, 6463Q, 64825, 6525A, 659Q3, 65JQ4, 65QQJ, 66226, 66829, 66868, 66J6J, 672Q8, 673TT, 675K3, 67676, 676A2, 67767, 67K36, 696J8, 6T2QA, 6T439, 6T98Q, 6TT48, 6TT94, 6TQ54, 6JQ6A, 6Q3T5, 6Q44J, 6Q982, 6QT83, 6QTT5, 6QQ66, 6K27Q, 6A269, 6A5Q3, 6A6Q3, 6AA6A, 725T4, 72727, 72T9T, 72A8T, 73498, 737Q6, 73832, 7388J, 73T72, 74T98, 74QKJ, 753QA, 755AQ, 7582K, 7586K, 75JA9, 75Q4A, 7769K, 777TT, 78225, 782T7, 78564, 78788, 79269, 79954, 79979, 79A8J, 7T898, 7T98J, 7T9K3, 7TK8T, 7J442, 7J52Q, 7J736, 7J9KK, 7JQTJ, 7Q34A, 7Q4J7, 7Q983, 7Q9JK, 7K254, 7K49A, 7KTA6, 7A325, 7A6A9, 7A745, 82822, 82T96, 82J87, 82AA7, 834TK, 83QT5, 84QA9, 85436, 85633, 8573J, 85J35, 86T58, 8722K, 87778, 87A4K, 88833, 888KK, 88JK2, 88Q26, 88Q8Q, 892TQ, 89492, 89889, 89899, 899J4, 8T58K, 8T58A, 8TT56, 8TQ7K, 8TQJK, 8J292, 8J7TJ, 8JTTQ, 8JJ4T, 8Q846, 8QQ53, 8QQQ8, 8K8KK, 8K94Q, 92284, 92J3A, 92Q95, 93339, 933J4, 93653, 93939, 93TJ7, 93QA3, 94494, 95995, 959QK, 95Q58, 964J6, 96669, 96T7T, 96A98, 97779, 98J28, 98Q34, 99222, 99449, 99966, 99J2K, 9T428, 9T42Q, 9T9T9, 9TK74, 9J698, 9JAA2, 9Q43K, 9Q765, 9K277, 9A2TA, 9A388, 9A99A, 9A9T6, T23TA, T2K65, T333T, T33KQ, T3TAJ, T3J6J, T4233, T44A6, T4635, T49TJ, T4T44, T4Q2T, T4QKK, T4A22, T55J3, T573J, T57Q2, T5T55, T5T5T, T5T93, T5AKA, T65Q8, T6922, T6TT6, T6TQ7, T762J, T876T, T8965, T8T8T, T8J2A, T8JA5, T985J, T9A6T, TT888, TTT99, TTKKT, TJ52A, TJ746, TJ8J2, TJ949, TJJJT, TQ3K8, TQ43K, TQ58A, TQ7JQ, TQJ3A, TK2KJ, TA9QQ, TAAJ6, J2467, J277K, J3T3A, J3J33, J3QA7, J4QK4, J4K37, J557T, J5635, J5K36, J6398, J63J7, J68AJ, J6AA8, J77J7, J7Q5J, J88J8, J8K4T, J8KQ3, J96QA, J972T, J97A2, J97A4, J99J9, J9QAQ, J9A98, JT4Q9, JT6T8, JT728, JT7JA, JT822, JTJ67, JTJTT, JTQQ6, JTK2J, JTA88, JJ222, JJ555, JJ867, JJK53, JQ2J8, JQ662, JQ6AJ, JQ86T, JQK34, JK355, JK49K, JK4K8, JK5Q2, JK767, JKQQ5, JA556, JA62A, JA8K4, JA9TJ, JAT4J, JAA7K, Q222Q, Q23T9, Q28J6, Q2963, Q2TQ5, Q333Q, Q379J, Q3A99, Q4Q44, Q4A85, Q5776, Q5866, Q5A8J, Q66QQ, Q6745, Q746K, Q758K, Q767K, Q76J7, Q79T3, Q7Q7Q, Q7AA2, Q8T54, Q94Q2, Q99Q9, Q9T79, Q9A73, QT345, QT46K, QT5JK, QT79A, QTT47, QTTTQ, QTTQQ, QTQKJ, QJ86J, QQ555, QQ777, QQ864, QQ93J, QQ99Q, QQJ5A, QK37K, QKT95, QKQJA, QA48K, QA572, QA74T, QAAQQ, K247Q, K2885, K344T, K358K, K392T, K3Q6T, K3A8Q, K444K, K4556, K4J87, K4JA4, K4QJK, K4KT5, K522J, K5368, K53T7, K56QT, K5KK5, K675Q, K6QJ7, K6K45, K6KK6, K72Q9, K77K7, K79JA, K7A3Q, K8456, K84J2, K853T, K93K5, K9798, K97T8, KT859, KT9J4, KTTKK, KJ88A, KQ3A3, KQK54, KK222, KK6Q4, KK77K, KK999, KKQ92, KKK44, KKA5J, KA459, KA52J, KAK5T, KAA92, A22AA, A2883, A28J8, A29Q6, A2Q5J, A32QQ, A383Q, A44A4, A555A, A5574, A5873, A5967, A5Q2T, A64QK, A66TJ, A68T2, A6JQA, A6A66, A74K3, A7KA8, A7A8T, A8725, A886Q, A9Q7A, AT6Q4, AT9J3, AJKT8, AJAJJ, AJAJA, AKKKA, AKAKA, AA33A, AA4A4, AA55A, AA58J, AATAT, AAJ45, AAQK2, 2255Q, 22665, 22K4K, 22KK6, 26336, 2929K, 2J72J, 2JQ2Q, 2JA2A, 2A2KA, 2AKAK, 2AA26, 32553, 336QQ, 3388J, 3434Q, 355J3, 36673, 36993, 37322, 37735, 37973, 38223, 39943, 39K9K, 3KAAK, 43553, 43T34, 44229, 44339, 44TAT, 44QQ6, 45A45, 46554, 47Q47, 499J4, 4TT33, 4TT43, 4J422, 4J4AA, 4QQ77, 4KK55, 52952, 52QQ5, 54646, 55449, 556Q6, 55AA9, 56TT6, 575AA, 58835, 5T5JT, 5J7J7, 5J9J5, 5Q5AA, 5K59K, 626JJ, 62TT6, 65657, 668J8, 69559, 69J69, 6J464, 6Q56Q, 6QQ68, 6A6AK, 7722A, 775J5, 778TT, 77QJQ, 787KK, 799JJ, 7TT33, 7J7KK, 7QKQ7, 84483, 85548, 858TT, 8668T, 87668, 877K8, 878JJ, 8844J, 88779, 8T9T8, 8TT33, 8Q8QJ, 8QKKQ, 92294, 92297, 922J9, 92626, 94T9T, 96688, 96946, 97479, 9922A, 996JJ, 996A6, 9JJ33, 9Q7Q9, 9Q8Q8, 9K96K, 9A49A, 9AJ9A, T22KT, T355T, T5TJJ, T66AT, T77KK, T8558, T966T, T9898, T99TK, T99JT, T9T33, TT353, TT494, TT5QQ, TTJ22, TQT2Q, TKATK, J2828, J2K2K, J4455, J4747, J4JKK, J5656, J66JT, J7373, J774J, J8J77, J9797, JJT22, JJT6T, JJK3K, JQJQ8, JAJAQ, Q33AQ, Q3Q53, Q3AA3, Q4QJ4, Q66QA, Q88TT, Q9AQA, QT66T, QQKK5, QKQTK, QA3QA, QAAJQ, K55K6, K5TK5, K66AK, K74K7, K788K, K9QQK, KJ99K, KJK33, KQ33Q, KKJAA, KKQQ2, A5599, A66JA, A77A4, A8A8J, AJ77A, AJJA9, AQA4Q, AKA6K, AA399, AA3J3, AA5K5, AA669, AA886, 222J5, 222J9, 223J2, 22432, 22462, 26665, 27292, 29224, 2TT5T, 2Q228, 2Q2J2, 2QQJQ, 2AJAA, 2AKKK, 32335, 33539, 3353T, 33A23, 33A73, 3444J, 34464, 36J33, 38828, 39K99, 3T5TT, 3T6TT, 3QJQQ, 3K337, 3A833, 444QJ, 45J44, 4644Q, 46454, 4777K, 47797, 4J4T4, 4Q333, 4ATTT, 52922, 52J55, 54595, 54A44, 55475, 555K2, 555K3, 56636, 57477, 5777A, 588Q8, 59399, 5T444, 5Q955, 5K5J5, 5KKQK, 63339, 64777, 64K66, 66986, 669J6, 66J86, 6766J, 6777A, 69Q66, 6J646, 6J777, 72774, 727J7, 75377, 7775J, 777J9, 777AJ, 77879, 77TJ7, 77A47, 79333, 79T77, 7KT77, 7KKKQ, 7AAAK, 85838, 86444, 888T3, 888J3, 888KJ, 888A3, 88J68, 8K848, 92899, 9299J, 96299, 979T9, 9888K, 99279, 9939T, 994J9, 9959J, 996Q9, 999QJ, 99A79, 9TT2T, 9A5AA, T2T4T, T4494, T6663, T6999, T6TTA, T7776, T7787, T7TT5, T99J9, T9JTT, TT3T4, TTT7J, TTT87, TTT8A, TTTQJ, TTKTJ, TTA5T, TQTAT, TQQKQ, TA666, TATKT, J3338, J5535, J5J3J, J7Q77, J88A8, J9969, JTTT5, JQ888, JK777, JKKKQ, JAAA6, Q4QQ5, Q64QQ, Q6646, Q66J6, Q777K, Q7Q6Q, Q8868, Q94QQ, Q9979, Q9T99, QT3TT, QT4QQ, QTQ3Q, QQ5QJ, QQ98Q, QQQA8, QAQQ6, K4QQQ, K5KK7, K6966, KTTT8, KJ333, KJ444, KJK7K, KK3JK, KK7K6, KK8JK, KKJ9K, KKK37, KKK87, KKKJ5, KKAKT, KA777, KA999, KAKK9, A28AA, A33K3, A3JAA, A4744, A888K, A9JAA, AJAKA, AA32A, AAA48, AAA69, AAAQJ, 2222J, 22232, 22242, 22262, 28222, 2T222, 2Q222, 32333, 3333J, 3333K, 33633, 33733, 33833, 33Q33, 34444, 3A333, 3AAAA, 44644, 44J44, 45555, 48888, 52222, 55553, 555A5, 55755, 56555, 58555, 59555, 5J555, 5Q555, 5AAAA, 6666J, 66696, 666K6, 66766, 6T666, 72222, 72777, 73777, 77677, 78888, 7J777, 87777, 88882, 88883, 88889, 888J8, 8T888, 8AAAA, 92222, 99399, 99996, 9J999, 9Q999, 9AAAA, T2TTT, T7777, TT5TT, TTTT3, TTTT9, TTTQT, TTKTT, TJTTT, JJJ8J, JAAAA, Q4444, Q9QQQ, QQ2QQ, QQ5QQ, QQQJQ, QQQQ6, QQQQ8, QQQQA, QQQKQ, K2KKK, K4444, K7777, K7KKK, K9999, KKQKK, KKKJK, KAKKK, A6AAA, AKAAA, AAAA2, JJJJJ, 
986 * 1
542 * 2
213 * 3
17 * 4
877 * 5
467 * 6
220 * 7
416 * 8
997 * 9
322 * 10
909 * 11
114 * 12
8 * 13
253 * 14
827 * 15
311 * 16
408 * 17
427 * 18
173 * 19
692 * 20
18 * 21
289 * 22
649 * 23
752 * 24
334 * 25
673 * 26
211 * 27
195 * 28
592 * 29
579 * 30
991 * 31
428 * 32
569 * 33
562 * 34
560 * 35
545 * 36
953 * 37
965 * 38
180 * 39
582 * 40
41 * 41
682 * 42
412 * 43
259 * 44
132 * 45
551 * 46
30 * 47
184 * 48
957 * 49
295 * 50
728 * 51
12 * 52
474 * 53
5 * 54
130 * 55
572 * 56
346 * 57
305 * 58
602 * 59
856 * 60
224 * 61
532 * 62
108 * 63
470 * 64
475 * 65
663 * 66
941 * 67
236 * 68
952 * 69
207 * 70
762 * 71
68 * 72
469 * 73
879 * 74
872 * 75
152 * 76
550 * 77
996 * 78
303 * 79
460 * 80
609 * 81
45 * 82
910 * 83
621 * 84
387 * 85
788 * 86
409 * 87
297 * 88
276 * 89
11 * 90
596 * 91
369 * 92
461 * 93
949 * 94
59 * 95
56 * 96
708 * 97
757 * 98
604 * 99
742 * 100
75 * 101
127 * 102
564 * 103
878 * 104
745 * 105
115 * 106
741 * 107
142 * 108
463 * 109
775 * 110
324 * 111
36 * 112
998 * 113
178 * 114
495 * 115
556 * 116
107 * 117
141 * 118
160 * 119
277 * 120
208 * 121
515 * 122
517 * 123
746 * 124
14 * 125
987 * 126
70 * 127
930 * 128
804 * 129
360 * 130
928 * 131
819 * 132
655 * 133
739 * 134
134 * 135
148 * 136
526 * 137
766 * 138
437 * 139
686 * 140
462 * 141
418 * 142
201 * 143
807 * 144
301 * 145
200 * 146
377 * 147
849 * 148
19 * 149
942 * 150
904 * 151
522 * 152
565 * 153
800 * 154
662 * 155
876 * 156
993 * 157
700 * 158
701 * 159
482 * 160
578 * 161
648 * 162
16 * 163
215 * 164
293 * 165
499 * 166
508 * 167
490 * 168
413 * 169
432 * 170
163 * 171
168 * 172
149 * 173
471 * 174
92 * 175
754 * 176
451 * 177
694 * 178
974 * 179
248 * 180
963 * 181
516 * 182
218 * 183
487 * 184
376 * 185
196 * 186
415 * 187
363 * 188
221 * 189
966 * 190
339 * 191
646 * 192
939 * 193
623 * 194
404 * 195
188 * 196
937 * 197
836 * 198
419 * 199
186 * 200
791 * 201
967 * 202
908 * 203
247 * 204
128 * 205
868 * 206
170 * 207
261 * 208
570 * 209
402 * 210
973 * 211
839 * 212
838 * 213
850 * 214
365 * 215
962 * 216
453 * 217
823 * 218
992 * 219
189 * 220
501 * 221
664 * 222
489 * 223
831 * 224
190 * 225
84 * 226
698 * 227
242 * 228
206 * 229
185 * 230
484 * 231
641 * 232
399 * 233
417 * 234
636 * 235
97 * 236
454 * 237
945 * 238
760 * 239
750 * 240
950 * 241
640 * 242
285 * 243
935 * 244
393 * 245
270 * 246
716 * 247
366 * 248
832 * 249
229 * 250
926 * 251
439 * 252
753 * 253
156 * 254
48 * 255
978 * 256
695 * 257
734 * 258
851 * 259
85 * 260
63 * 261
994 * 262
841 * 263
378 * 264
529 * 265
919 * 266
767 * 267
53 * 268
975 * 269
811 * 270
401 * 271
585 * 272
656 * 273
798 * 274
222 * 275
349 * 276
541 * 277
892 * 278
310 * 279
407 * 280
610 * 281
691 * 282
725 * 283
33 * 284
702 * 285
396 * 286
320 * 287
593 * 288
336 * 289
721 * 290
833 * 291
770 * 292
808 * 293
348 * 294
240 * 295
938 * 296
174 * 297
4 * 298
55 * 299
182 * 300
548 * 301
109 * 302
886 * 303
669 * 304
172 * 305
503 * 306
502 * 307
485 * 308
250 * 309
704 * 310
403 * 311
243 * 312
46 * 313
566 * 314
300 * 315
483 * 316
779 * 317
830 * 318
282 * 319
95 * 320
536 * 321
932 * 322
969 * 323
947 * 324
169 * 325
143 * 326
498 * 327
744 * 328
274 * 329
203 * 330
984 * 331
637 * 332
367 * 333
903 * 334
790 * 335
519 * 336
28 * 337
354 * 338
193 * 339
256 * 340
576 * 341
736 * 342
561 * 343
104 * 344
901 * 345
82 * 346
288 * 347
943 * 348
266 * 349
338 * 350
440 * 351
473 * 352
1 * 353
76 * 354
573 * 355
299 * 356
654 * 357
983 * 358
154 * 359
35 * 360
90 * 361
743 * 362
581 * 363
577 * 364
449 * 365
860 * 366
337 * 367
510 * 368
296 * 369
633 * 370
674 * 371
999 * 372
988 * 373
88 * 374
386 * 375
226 * 376
793 * 377
117 * 378
392 * 379
717 * 380
194 * 381
382 * 382
559 * 383
446 * 384
780 * 385
809 * 386
817 * 387
628 * 388
120 * 389
312 * 390
891 * 391
681 * 392
398 * 393
789 * 394
323 * 395
22 * 396
511 * 397
191 * 398
245 * 399
733 * 400
643 * 401
735 * 402
286 * 403
389 * 404
824 * 405
136 * 406
925 * 407
58 * 408
171 * 409
535 * 410
826 * 411
801 * 412
78 * 413
164 * 414
583 * 415
468 * 416
328 * 417
405 * 418
91 * 419
703 * 420
345 * 421
580 * 422
574 * 423
730 * 424
347 * 425
944 * 426
351 * 427
350 * 428
899 * 429
525 * 430
370 * 431
837 * 432
38 * 433
896 * 434
759 * 435
129 * 436
861 * 437
238 * 438
258 * 439
617 * 440
65 * 441
137 * 442
138 * 443
599 * 444
558 * 445
958 * 446
79 * 447
855 * 448
813 * 449
456 * 450
524 * 451
343 * 452
496 * 453
493 * 454
906 * 455
726 * 456
748 * 457
749 * 458
177 * 459
802 * 460
840 * 461
846 * 462
671 * 463
675 * 464
435 * 465
540 * 466
776 * 467
144 * 468
425 * 469
507 * 470
714 * 471
537 * 472
755 * 473
684 * 474
740 * 475
821 * 476
124 * 477
563 * 478
375 * 479
60 * 480
528 * 481
888 * 482
57 * 483
769 * 484
639 * 485
262 * 486
420 * 487
308 * 488
491 * 489
587 * 490
797 * 491
433 * 492
688 * 493
696 * 494
209 * 495
260 * 496
665 * 497
112 * 498
718 * 499
444 * 500
239 * 501
100 * 502
391 * 503
67 * 504
660 * 505
732 * 506
155 * 507
960 * 508
828 * 509
549 * 510
586 * 511
918 * 512
150 * 513
575 * 514
768 * 515
374 * 516
326 * 517
875 * 518
251 * 519
13 * 520
651 * 521
894 * 522
818 * 523
880 * 524
452 * 525
167 * 526
756 * 527
37 * 528
181 * 529
557 * 530
506 * 531
111 * 532
590 * 533
985 * 534
478 * 535
977 * 536
723 * 537
368 * 538
890 * 539
252 * 540
683 * 541
121 * 542
731 * 543
659 * 544
531 * 545
492 * 546
291 * 547
902 * 548
447 * 549
940 * 550
89 * 551
911 * 552
294 * 553
283 * 554
620 * 555
321 * 556
765 * 557
933 * 558
281 * 559
866 * 560
52 * 561
86 * 562
103 * 563
870 * 564
306 * 565
594 * 566
424 * 567
884 * 568
619 * 569
509 * 570
436 * 571
77 * 572
738 * 573
825 * 574
715 * 575
331 * 576
219 * 577
341 * 578
329 * 579
287 * 580
455 * 581
782 * 582
197 * 583
23 * 584
62 * 585
584 * 586
980 * 587
885 * 588
175 * 589
724 * 590
327 * 591
666 * 592
873 * 593
179 * 594
862 * 595
650 * 596
979 * 597
829 * 598
426 * 599
954 * 600
591 * 601
146 * 602
595 * 603
897 * 604
458 * 605
232 * 606
472 * 607
589 * 608
857 * 609
225 * 610
237 * 611
359 * 612
20 * 613
71 * 614
233 * 615
697 * 616
313 * 617
652 * 618
567 * 619
848 * 620
970 * 621
598 * 622
332 * 623
254 * 624
304 * 625
397 * 626
165 * 627
923 * 628
706 * 629
290 * 630
6 * 631
81 * 632
10 * 633
504 * 634
812 * 635
166 * 636
140 * 637
677 * 638
670 * 639
720 * 640
644 * 641
431 * 642
822 * 643
192 * 644
615 * 645
843 * 646
895 * 647
316 * 648
1000 * 649
893 * 650
795 * 651
69 * 652
774 * 653
27 * 654
40 * 655
235 * 656
863 * 657
430 * 658
357 * 659
661 * 660
787 * 661
278 * 662
881 * 663
414 * 664
676 * 665
102 * 666
158 * 667
722 * 668
319 * 669
711 * 670
159 * 671
384 * 672
616 * 673
457 * 674
844 * 675
709 * 676
645 * 677
480 * 678
777 * 679
202 * 680
32 * 681
317 * 682
344 * 683
533 * 684
241 * 685
912 * 686
806 * 687
477 * 688
353 * 689
968 * 690
520 * 691
772 * 692
187 * 693
796 * 694
176 * 695
66 * 696
445 * 697
685 * 698
51 * 699
355 * 700
394 * 701
707 * 702
411 * 703
761 * 704
611 * 705
976 * 706
135 * 707
421 * 708
852 * 709
936 * 710
98 * 711
335 * 712
494 * 713
810 * 714
513 * 715
635 * 716
785 * 717
778 * 718
921 * 719
228 * 720
712 * 721
972 * 722
271 * 723
638 * 724
530 * 725
29 * 726
131 * 727
989 * 728
122 * 729
964 * 730
835 * 731
61 * 732
356 * 733
372 * 734
24 * 735
443 * 736
43 * 737
429 * 738
265 * 739
606 * 740
568 * 741
273 * 742
781 * 743
859 * 744
625 * 745
230 * 746
858 * 747
153 * 748
934 * 749
900 * 750
799 * 751
773 * 752
325 * 753
871 * 754
693 * 755
481 * 756
223 * 757
867 * 758
479 * 759
948 * 760
93 * 761
309 * 762
719 * 763
15 * 764
210 * 765
390 * 766
815 * 767
786 * 768
554 * 769
523 * 770
534 * 771
605 * 772
464 * 773
83 * 774
217 * 775
441 * 776
751 * 777
249 * 778
816 * 779
361 * 780
571 * 781
147 * 782
459 * 783
514 * 784
521 * 785
842 * 786
333 * 787
961 * 788
118 * 789
865 * 790
630 * 791
547 * 792
971 * 793
352 * 794
434 * 795
272 * 796
364 * 797
956 * 798
26 * 799
64 * 800
34 * 801
423 * 802
887 * 803
518 * 804
629 * 805
689 * 806
3 * 807
601 * 808
614 * 809
280 * 810
257 * 811
710 * 812
125 * 813
512 * 814
794 * 815
314 * 816
803 * 817
784 * 818
889 * 819
959 * 820
763 * 821
268 * 822
854 * 823
379 * 824
21 * 825
907 * 826
626 * 827
608 * 828
318 * 829
183 * 830
588 * 831
687 * 832
922 * 833
381 * 834
123 * 835
383 * 836
448 * 837
658 * 838
371 * 839
400 * 840
727 * 841
642 * 842
465 * 843
603 * 844
139 * 845
161 * 846
298 * 847
145 * 848
792 * 849
543 * 850
814 * 851
9 * 852
747 * 853
847 * 854
373 * 855
212 * 856
946 * 857
914 * 858
931 * 859
657 * 860
406 * 861
995 * 862
647 * 863
653 * 864
198 * 865
385 * 866
44 * 867
729 * 868
764 * 869
234 * 870
927 * 871
231 * 872
552 * 873
874 * 874
618 * 875
113 * 876
302 * 877
244 * 878
42 * 879
864 * 880
981 * 881
820 * 882
267 * 883
466 * 884
898 * 885
246 * 886
342 * 887
204 * 888
546 * 889
119 * 890
553 * 891
275 * 892
915 * 893
94 * 894
74 * 895
597 * 896
853 * 897
25 * 898
668 * 899
151 * 900
264 * 901
442 * 902
410 * 903
555 * 904
869 * 905
263 * 906
105 * 907
845 * 908
905 * 909
157 * 910
713 * 911
39 * 912
690 * 913
284 * 914
631 * 915
882 * 916
279 * 917
920 * 918
476 * 919
758 * 920
438 * 921
87 * 922
162 * 923
362 * 924
47 * 925
50 * 926
538 * 927
607 * 928
380 * 929
292 * 930
699 * 931
73 * 932
783 * 933
488 * 934
624 * 935
269 * 936
505 * 937
622 * 938
737 * 939
110 * 940
31 * 941
612 * 942
49 * 943
330 * 944
679 * 945
955 * 946
2 * 947
678 * 948
99 * 949
834 * 950
116 * 951
667 * 952
990 * 953
199 * 954
106 * 955
771 * 956
214 * 957
982 * 958
951 * 959
805 * 960
929 * 961
627 * 962
80 * 963
527 * 964
315 * 965
913 * 966
255 * 967
126 * 968
133 * 969
600 * 970
705 * 971
613 * 972
883 * 973
395 * 974
340 * 975
422 * 976
632 * 977
450 * 978
96 * 979
917 * 980
216 * 981
672 * 982
388 * 983
500 * 984
54 * 985
539 * 986
544 * 987
680 * 988
7 * 989
924 * 990
916 * 991
205 * 992
634 * 993
72 * 994
497 * 995
486 * 996
307 * 997
101 * 998
227 * 999
358 * 1000
Total Winnings: 250098204

-------------------<          PART TWO          >-------------------

Total time: 792ms

~=~=~=~=~=~=~=~=~=~<         END OF LOG         >~=~=~=~=~=~=~=~=~=~
