~=~=~=~=~=~=~=~=~=~< Advent of Code 2023: Day 7 >~=~=~=~=~=~=~=~=~=~
-------------------<  12-07-2023; 22-44-01-514  >-------------------

-------------------<          PART ONE          >-------------------
23758, 24Q75, 24A5J, 267AK, 26T59, 26TK4, 26Q59, 29JTK, 29QJ8, 2T798, 2J95K, 2QJ58, 2AJ49, 34J58, 35274, 35946, 36AK9, 378JQ, 382A7, 385KJ, 38TAJ, 39T4J, 3T586, 3J5K9, 3JA7K, 3Q42K, 3QK2T, 3AT26, 3AT52, 3AK24, 428JT, 43JKA, 452J3, 46Q8T, 4753K, 475TK, 4785K, 48J56, 48QKT, 4925J, 4967K, 4T2Q8, 4T759, 4JK85, 4K39T, 4K8AT, 4A69J, 4A6J5, 4A86Q, 528QK, 5298Q, 54A68, 5649T, 56Q2A, 57J42, 5T8QK, 5Q4T7, 5A6QT, 5A82T, 62A37, 6347A, 6398Q, 64825, 659Q3, 65JQ4, 672Q8, 675K3, 6T2QA, 6T439, 6T98Q, 6TQ54, 6Q3T5, 6Q982, 6QT83, 6K27Q, 6A5Q3, 725T4, 72A8T, 73498, 74T98, 74QKJ, 753QA, 7582K, 7586K, 75JA9, 75Q4A, 78564, 79A8J, 7T98J, 7T9K3, 7J52Q, 7Q34A, 7Q983, 7Q9JK, 7K254, 7K49A, 7KTA6, 7A325, 82T96, 834TK, 83QT5, 84QA9, 85436, 8573J, 87A4K, 892TQ, 8TQ7K, 8TQJK, 8K94Q, 92J3A, 93TJ7, 98Q34, 9T428, 9T42Q, 9TK74, 9Q43K, 9Q765, T2K65, T4635, T573J, T57Q2, T65Q8, T762J, T8965, T8J2A, T8JA5, T985J, TJ52A, TJ746, TQ3K8, TQ43K, TQ58A, TQJ3A, J2467, J3QA7, J4K37, J5K36, J6398, J8K4T, J8KQ3, J96QA, J972T, J97A2, J97A4, JT4Q9, JT728, JQ86T, JQK34, JK5Q2, JA8K4, Q23T9, Q28J6, Q2963, Q379J, Q4A85, Q5A8J, Q6745, Q746K, Q758K, Q79T3, Q8T54, Q9A73, QT345, QT46K, QT5JK, QT79A, QKT95, QA48K, QA572, QA74T, K247Q, K392T, K3Q6T, K3A8Q, K4J87, K5368, K53T7, K56QT, K675Q, K6QJ7, K72Q9, K79JA, K7A3Q, K8456, K84J2, K853T, K97T8, KT859, KT9J4, KA459, KA52J, A29Q6, A2Q5J, A5873, A5967, A5Q2T, A64QK, A68T2, A74K3, A8725, AT6Q4, AT9J3, AJKT8, 224T6, 226K5, 2324Q, 23982, 23Q92, 23A36, 24926, 24J4T, 26494, 27268, 2775Q, 283TT, 2998K, 2J585, 2A8JJ, 32726, 32J5J, 336A4, 338Q7, 34AKA, 35229, 356A6, 358JJ, 368K8, 3699J, 37525, 3793A, 38T43, 3923Q, 394QQ, 39JA3, 39Q44, 3T2K2, 3J23A, 3J673, 3QJ39, 3A9AQ, 423J3, 433JT, 44T2A, 45788, 47876, 488A5, 48K49, 4T922, 4A2AJ, 522QJ, 52J24, 538J8, 53T99, 53KK2, 5465A, 552K3, 559JQ, 5658J, 577A3, 57927, 589KK, 58K84, 59429, 5T664, 5TJT2, 5J996, 5JQ66, 5Q95A, 5KK74, 5KA22, 5A6T6, 62T99, 62K2T, 63878, 6463Q, 6525A, 65QQJ, 66829, 673TT, 676A2, 67K36, 696J8, 6TT48, 6TT94, 6JQ6A, 6Q44J, 6QTT5, 6A269, 6A6Q3, 72T9T, 737Q6, 73832, 7388J, 73T72, 755AQ, 7769K, 78225, 782T7, 79269, 79954, 7T898, 7TK8T, 7J442, 7J736, 7J9KK, 7JQTJ, 7Q4J7, 7A6A9, 7A745, 82J87, 82AA7, 85633, 85J35, 86T58, 8722K, 88JK2, 88Q26, 89492, 899J4, 8T58K, 8T58A, 8TT56, 8J292, 8J7TJ, 8JTTQ, 8JJ4T, 8Q846, 8QQ53, 92284, 92Q95, 933J4, 93653, 93QA3, 959QK, 95Q58, 964J6, 96T7T, 96A98, 98J28, 99J2K, 9J698, 9JAA2, 9K277, 9A2TA, 9A388, 9A9T6, T23TA, T33KQ, T3TAJ, T3J6J, T4233, T44A6, T49TJ, T4Q2T, T4QKK, T4A22, T55J3, T5T93, T5AKA, T6922, T6TQ7, T876T, T9A6T, TJ8J2, TJ949, TQ7JQ, TK2KJ, TA9QQ, TAAJ6, J277K, J3T3A, J4QK4, J557T, J5635, J63J7, J68AJ, J6AA8, J7Q5J, J9QAQ, J9A98, JT6T8, JT7JA, JT822, JTJ67, JTQQ6, JTK2J, JTA88, JJ867, JJK53, JQ2J8, JQ662, JQ6AJ, JK355, JK49K, JK4K8, JK767, JKQQ5, JA556, JA62A, JA9TJ, JAT4J, JAA7K, Q2TQ5, Q3A99, Q5776, Q5866, Q767K, Q76J7, Q7AA2, Q94Q2, Q9T79, QTT47, QTQKJ, QJ86J, QQ864, QQ93J, QQJ5A, QK37K, QKQJA, K2885, K344T, K358K, K4556, K4JA4, K4QJK, K4KT5, K522J, K6K45, K93K5, K9798, KJ88A, KQ3A3, KQK54, KK6Q4, KKQ92, KKA5J, KAK5T, KAA92, A2883, A28J8, A32QQ, A383Q, A5574, A66TJ, A6JQA, A7KA8, A7A8T, A886Q, A9Q7A, AA58J, AAJ45, AAQK2, 2255Q, 22665, 22K4K, 22KK6, 26336, 2929K, 2J72J, 2JQ2Q, 2JA2A, 2A2KA, 2AKAK, 2AA26, 32553, 336QQ, 3388J, 3434Q, 355J3, 36673, 36993, 37322, 37735, 37973, 38223, 39943, 39K9K, 3KAAK, 43553, 43T34, 44229, 44339, 44TAT, 44QQ6, 45A45, 46554, 47Q47, 499J4, 4TT33, 4TT43, 4J422, 4J4AA, 4QQ77, 4KK55, 52952, 52QQ5, 54646, 55449, 556Q6, 55AA9, 56TT6, 575AA, 58835, 5T5JT, 5J7J7, 5J9J5, 5Q5AA, 5K59K, 626JJ, 62TT6, 65657, 668J8, 69559, 69J69, 6J464, 6Q56Q, 6QQ68, 6A6AK, 7722A, 775J5, 778TT, 77QJQ, 787KK, 799JJ, 7TT33, 7J7KK, 7QKQ7, 84483, 85548, 858TT, 8668T, 87668, 877K8, 878JJ, 8844J, 88779, 8T9T8, 8TT33, 8Q8QJ, 8QKKQ, 92294, 92297, 922J9, 92626, 94T9T, 96688, 96946, 97479, 9922A, 996JJ, 996A6, 9JJ33, 9Q7Q9, 9Q8Q8, 9K96K, 9A49A, 9AJ9A, T22KT, T355T, T5TJJ, T66AT, T77KK, T8558, T966T, T9898, T99TK, T99JT, T9T33, TT353, TT494, TT5QQ, TTJ22, TQT2Q, TKATK, J2828, J2K2K, J4455, J4747, J4JKK, J5656, J66JT, J7373, J774J, J8J77, J9797, JJT22, JJT6T, JJK3K, JQJQ8, JAJAQ, Q33AQ, Q3Q53, Q3AA3, Q4QJ4, Q66QA, Q88TT, Q9AQA, QT66T, QQKK5, QKQTK, QA3QA, QAAJQ, K55K6, K5TK5, K66AK, K74K7, K788K, K9QQK, KJ99K, KJK33, KQ33Q, KKJAA, KKQQ2, A5599, A66JA, A77A4, A8A8J, AJ77A, AJJA9, AQA4Q, AKA6K, AA399, AA3J3, AA5K5, AA669, AA886, 222J5, 222J9, 223J2, 22432, 22462, 26665, 27292, 29224, 2TT5T, 2Q228, 2Q2J2, 2QQJQ, 2AJAA, 2AKKK, 32335, 33539, 3353T, 33A23, 33A73, 3444J, 34464, 36J33, 38828, 39K99, 3T5TT, 3T6TT, 3QJQQ, 3K337, 3A833, 444QJ, 45J44, 4644Q, 46454, 4777K, 47797, 4J4T4, 4Q333, 4ATTT, 52922, 52J55, 54595, 54A44, 55475, 555K2, 555K3, 56636, 57477, 5777A, 588Q8, 59399, 5T444, 5Q955, 5K5J5, 5KKQK, 63339, 64777, 64K66, 66986, 669J6, 66J86, 6766J, 6777A, 69Q66, 6J646, 6J777, 72774, 727J7, 75377, 7775J, 777J9, 777AJ, 77879, 77TJ7, 77A47, 79333, 79T77, 7KT77, 7KKKQ, 7AAAK, 85838, 86444, 888T3, 888J3, 888KJ, 888A3, 88J68, 8K848, 92899, 9299J, 96299, 979T9, 9888K, 99279, 9939T, 994J9, 9959J, 996Q9, 999QJ, 99A79, 9TT2T, 9A5AA, T2T4T, T4494, T6663, T6999, T6TTA, T7776, T7787, T7TT5, T99J9, T9JTT, TT3T4, TTT7J, TTT87, TTT8A, TTTQJ, TTKTJ, TTA5T, TQTAT, TQQKQ, TA666, TATKT, J3338, J5535, J5J3J, J7Q77, J88A8, J9969, JTTT5, JQ888, JK777, JKKKQ, JAAA6, Q4QQ5, Q64QQ, Q6646, Q66J6, Q777K, Q7Q6Q, Q8868, Q94QQ, Q9979, Q9T99, QT3TT, QT4QQ, QTQ3Q, QQ5QJ, QQ98Q, QQQA8, QAQQ6, K4QQQ, K5KK7, K6966, KTTT8, KJ333, KJ444, KJK7K, KK3JK, KK7K6, KK8JK, KKJ9K, KKK37, KKK87, KKKJ5, KKAKT, KA777, KA999, KAKK9, A28AA, A33K3, A3JAA, A4744, A888K, A9JAA, AJAKA, AA32A, AAA48, AAA69, AAAQJ, 2222J, 22232, 22233, 22242, 22262, 22277, 22T2T, 22QQQ, 25225, 28222, 28288, 2T222, 2TT2T, 2Q222, 32333, 33322, 3333J, 3333K, 33377, 333AA, 33633, 33663, 33733, 33833, 33Q33, 34334, 34444, 3T3TT, 3A333, 3AAAA, 42422, 44343, 44644, 44J44, 45555, 46646, 48484, 48884, 48888, 4TT4T, 4J4J4, 52222, 52552, 53353, 54454, 54554, 55553, 555A5, 55656, 55755, 55858, 56555, 56665, 58555, 59555, 59595, 5J555, 5Q555, 5AAAA, 66226, 6666J, 66696, 666K6, 66766, 66868, 66J6J, 67676, 67767, 6T666, 6QQ66, 6AA6A, 72222, 72727, 72777, 73777, 77677, 777TT, 78788, 78888, 79979, 7J777, 82822, 87777, 87778, 88833, 88882, 88883, 88889, 888J8, 888KK, 88Q8Q, 89889, 89899, 8T888, 8QQQ8, 8K8KK, 8AAAA, 92222, 93339, 93939, 94494, 95995, 96669, 97779, 99222, 99399, 99449, 99966, 99996, 9T9T9, 9J999, 9Q999, 9A99A, 9AAAA, T2TTT, T333T, T4T44, T5T55, T5T5T, T6TT6, T7777, T8T8T, TT5TT, TT888, TTT99, TTTT3, TTTT9, TTTQT, TTKTT, TTKKT, TJTTT, TJJJT, J3J33, J77J7, J88J8, J99J9, JTJTT, JJ222, JJ555, JJJ8J, JAAAA, Q222Q, Q333Q, Q4444, Q4Q44, Q66QQ, Q7Q7Q, Q99Q9, Q9QQQ, QTTTQ, QTTQQ, QQ2QQ, QQ555, QQ5QQ, QQ777, QQ99Q, QQQJQ, QQQQ6, QQQQ8, QQQQA, QQQKQ, QAAQQ, K2KKK, K4444, K444K, K5KK5, K6KK6, K7777, K77K7, K7KKK, K9999, KTTKK, KK222, KK77K, KK999, KKQKK, KKK44, KKKJK, KAKKK, A22AA, A44A4, A555A, A6A66, A6AAA, AJAJJ, AJAJA, AKKKA, AKAKA, AKAAA, AA33A, AA4A4, AA55A, AATAT, AAAA2, JJJJJ, 
416 * 1
253 * 2
827 * 3
427 * 4
173 * 5
692 * 6
18 * 7
211 * 8
195 * 9
592 * 10
428 * 11
569 * 12
560 * 13
132 * 14
184 * 15
728 * 16
5 * 17
572 * 18
305 * 19
602 * 20
224 * 21
470 * 22
952 * 23
762 * 24
469 * 25
879 * 26
152 * 27
996 * 28
303 * 29
460 * 30
910 * 31
387 * 32
297 * 33
596 * 34
369 * 35
461 * 36
949 * 37
604 * 38
742 * 39
127 * 40
564 * 41
878 * 42
745 * 43
463 * 44
775 * 45
324 * 46
998 * 47
178 * 48
495 * 49
141 * 50
160 * 51
930 * 52
655 * 53
148 * 54
437 * 55
301 * 56
19 * 57
800 * 58
662 * 59
700 * 60
701 * 61
578 * 62
16 * 63
293 * 64
499 * 65
168 * 66
471 * 67
248 * 68
963 * 69
516 * 70
376 * 71
415 * 72
221 * 73
966 * 74
939 * 75
404 * 76
836 * 77
791 * 78
967 * 79
170 * 80
261 * 81
570 * 82
973 * 83
839 * 84
838 * 85
850 * 86
992 * 87
831 * 88
84 * 89
698 * 90
185 * 91
417 * 92
97 * 93
454 * 94
945 * 95
760 * 96
750 * 97
950 * 98
393 * 99
366 * 100
832 * 101
229 * 102
926 * 103
753 * 104
734 * 105
378 * 106
585 * 107
656 * 108
691 * 109
33 * 110
721 * 111
109 * 112
502 * 113
485 * 114
704 * 115
46 * 116
566 * 117
536 * 118
744 * 119
790 * 120
519 * 121
576 * 122
901 * 123
288 * 124
266 * 125
338 * 126
440 * 127
299 * 128
654 * 129
90 * 130
743 * 131
581 * 132
449 * 133
296 * 134
988 * 135
386 * 136
117 * 137
392 * 138
809 * 139
817 * 140
628 * 141
120 * 142
312 * 143
891 * 144
323 * 145
511 * 146
801 * 147
78 * 148
328 * 149
580 * 150
351 * 151
350 * 152
899 * 153
837 * 154
759 * 155
238 * 156
617 * 157
65 * 158
137 * 159
558 * 160
855 * 161
343 * 162
496 * 163
493 * 164
906 * 165
726 * 166
425 * 167
714 * 168
537 * 169
755 * 170
740 * 171
375 * 172
60 * 173
528 * 174
769 * 175
491 * 176
587 * 177
797 * 178
688 * 179
696 * 180
665 * 181
718 * 182
444 * 183
239 * 184
100 * 185
391 * 186
732 * 187
155 * 188
960 * 189
13 * 190
651 * 191
756 * 192
37 * 193
985 * 194
478 * 195
977 * 196
723 * 197
890 * 198
121 * 199
531 * 200
902 * 201
447 * 202
940 * 203
213 * 204
17 * 205
220 * 206
997 * 207
322 * 208
909 * 209
114 * 210
8 * 211
408 * 212
289 * 213
649 * 214
334 * 215
673 * 216
991 * 217
562 * 218
545 * 219
953 * 220
682 * 221
412 * 222
551 * 223
30 * 224
957 * 225
295 * 226
12 * 227
474 * 228
130 * 229
346 * 230
856 * 231
532 * 232
108 * 233
475 * 234
663 * 235
941 * 236
207 * 237
68 * 238
872 * 239
550 * 240
609 * 241
621 * 242
409 * 243
276 * 244
59 * 245
757 * 246
75 * 247
115 * 248
36 * 249
556 * 250
277 * 251
515 * 252
517 * 253
746 * 254
70 * 255
804 * 256
819 * 257
739 * 258
526 * 259
766 * 260
686 * 261
462 * 262
418 * 263
807 * 264
200 * 265
377 * 266
849 * 267
942 * 268
904 * 269
522 * 270
565 * 271
876 * 272
993 * 273
482 * 274
648 * 275
215 * 276
508 * 277
413 * 278
149 * 279
754 * 280
694 * 281
974 * 282
218 * 283
487 * 284
196 * 285
363 * 286
339 * 287
623 * 288
188 * 289
186 * 290
908 * 291
247 * 292
128 * 293
868 * 294
402 * 295
365 * 296
453 * 297
823 * 298
501 * 299
664 * 300
190 * 301
242 * 302
206 * 303
484 * 304
641 * 305
399 * 306
636 * 307
640 * 308
285 * 309
270 * 310
716 * 311
439 * 312
156 * 313
48 * 314
978 * 315
63 * 316
994 * 317
529 * 318
53 * 319
975 * 320
811 * 321
401 * 322
798 * 323
222 * 324
349 * 325
541 * 326
892 * 327
310 * 328
725 * 329
702 * 330
320 * 331
593 * 332
833 * 333
348 * 334
240 * 335
938 * 336
4 * 337
55 * 338
548 * 339
503 * 340
403 * 341
243 * 342
300 * 343
483 * 344
779 * 345
282 * 346
95 * 347
969 * 348
947 * 349
169 * 350
143 * 351
498 * 352
274 * 353
984 * 354
637 * 355
367 * 356
903 * 357
193 * 358
256 * 359
736 * 360
104 * 361
82 * 362
473 * 363
983 * 364
154 * 365
577 * 366
860 * 367
337 * 368
510 * 369
633 * 370
674 * 371
88 * 372
226 * 373
793 * 374
717 * 375
194 * 376
382 * 377
446 * 378
398 * 379
789 * 380
22 * 381
191 * 382
245 * 383
733 * 384
735 * 385
286 * 386
389 * 387
925 * 388
58 * 389
171 * 390
535 * 391
826 * 392
164 * 393
583 * 394
468 * 395
405 * 396
91 * 397
703 * 398
345 * 399
574 * 400
730 * 401
347 * 402
525 * 403
38 * 404
129 * 405
861 * 406
138 * 407
599 * 408
79 * 409
813 * 410
524 * 411
748 * 412
802 * 413
840 * 414
675 * 415
435 * 416
776 * 417
144 * 418
507 * 419
821 * 420
124 * 421
563 * 422
57 * 423
639 * 424
262 * 425
420 * 426
308 * 427
209 * 428
67 * 429
660 * 430
549 * 431
586 * 432
918 * 433
575 * 434
326 * 435
251 * 436
894 * 437
818 * 438
452 * 439
167 * 440
181 * 441
557 * 442
590 * 443
368 * 444
252 * 445
731 * 446
659 * 447
492 * 448
291 * 449
933 * 450
866 * 451
52 * 452
86 * 453
103 * 454
870 * 455
306 * 456
594 * 457
424 * 458
884 * 459
619 * 460
509 * 461
436 * 462
77 * 463
738 * 464
825 * 465
715 * 466
331 * 467
219 * 468
341 * 469
329 * 470
287 * 471
455 * 472
782 * 473
197 * 474
23 * 475
62 * 476
584 * 477
980 * 478
885 * 479
175 * 480
724 * 481
327 * 482
666 * 483
873 * 484
179 * 485
862 * 486
650 * 487
979 * 488
829 * 489
426 * 490
954 * 491
591 * 492
146 * 493
595 * 494
897 * 495
458 * 496
232 * 497
472 * 498
589 * 499
857 * 500
225 * 501
237 * 502
359 * 503
20 * 504
71 * 505
233 * 506
697 * 507
313 * 508
652 * 509
567 * 510
848 * 511
970 * 512
598 * 513
332 * 514
254 * 515
304 * 516
397 * 517
165 * 518
923 * 519
706 * 520
290 * 521
6 * 522
81 * 523
10 * 524
504 * 525
812 * 526
166 * 527
140 * 528
677 * 529
670 * 530
720 * 531
644 * 532
431 * 533
822 * 534
192 * 535
615 * 536
843 * 537
895 * 538
316 * 539
1000 * 540
893 * 541
795 * 542
69 * 543
774 * 544
27 * 545
40 * 546
235 * 547
863 * 548
430 * 549
357 * 550
661 * 551
787 * 552
278 * 553
881 * 554
414 * 555
676 * 556
102 * 557
158 * 558
722 * 559
319 * 560
711 * 561
159 * 562
384 * 563
616 * 564
457 * 565
844 * 566
709 * 567
645 * 568
480 * 569
777 * 570
202 * 571
32 * 572
317 * 573
344 * 574
533 * 575
241 * 576
912 * 577
806 * 578
477 * 579
353 * 580
968 * 581
520 * 582
772 * 583
187 * 584
796 * 585
176 * 586
66 * 587
445 * 588
685 * 589
51 * 590
355 * 591
394 * 592
707 * 593
411 * 594
761 * 595
611 * 596
976 * 597
135 * 598
421 * 599
852 * 600
936 * 601
98 * 602
335 * 603
494 * 604
810 * 605
513 * 606
635 * 607
785 * 608
778 * 609
921 * 610
228 * 611
712 * 612
972 * 613
271 * 614
638 * 615
530 * 616
29 * 617
131 * 618
989 * 619
122 * 620
964 * 621
835 * 622
61 * 623
356 * 624
372 * 625
24 * 626
443 * 627
43 * 628
429 * 629
265 * 630
606 * 631
568 * 632
273 * 633
781 * 634
859 * 635
625 * 636
230 * 637
858 * 638
153 * 639
934 * 640
900 * 641
799 * 642
773 * 643
325 * 644
871 * 645
693 * 646
481 * 647
223 * 648
867 * 649
479 * 650
948 * 651
93 * 652
309 * 653
719 * 654
15 * 655
210 * 656
390 * 657
815 * 658
786 * 659
554 * 660
523 * 661
534 * 662
605 * 663
464 * 664
83 * 665
217 * 666
441 * 667
751 * 668
249 * 669
816 * 670
361 * 671
571 * 672
147 * 673
459 * 674
514 * 675
521 * 676
842 * 677
333 * 678
961 * 679
118 * 680
865 * 681
630 * 682
547 * 683
971 * 684
352 * 685
434 * 686
272 * 687
364 * 688
956 * 689
26 * 690
64 * 691
34 * 692
423 * 693
887 * 694
518 * 695
629 * 696
689 * 697
3 * 698
601 * 699
614 * 700
280 * 701
257 * 702
710 * 703
125 * 704
512 * 705
794 * 706
314 * 707
803 * 708
784 * 709
889 * 710
959 * 711
763 * 712
268 * 713
854 * 714
379 * 715
21 * 716
907 * 717
626 * 718
608 * 719
318 * 720
183 * 721
588 * 722
687 * 723
922 * 724
381 * 725
123 * 726
383 * 727
448 * 728
658 * 729
371 * 730
400 * 731
727 * 732
642 * 733
465 * 734
603 * 735
139 * 736
161 * 737
298 * 738
145 * 739
792 * 740
543 * 741
814 * 742
9 * 743
747 * 744
847 * 745
373 * 746
212 * 747
946 * 748
914 * 749
931 * 750
657 * 751
406 * 752
995 * 753
647 * 754
653 * 755
198 * 756
385 * 757
44 * 758
729 * 759
764 * 760
234 * 761
927 * 762
231 * 763
552 * 764
874 * 765
618 * 766
113 * 767
302 * 768
244 * 769
42 * 770
864 * 771
981 * 772
820 * 773
267 * 774
466 * 775
898 * 776
246 * 777
342 * 778
204 * 779
546 * 780
119 * 781
553 * 782
275 * 783
915 * 784
94 * 785
74 * 786
597 * 787
853 * 788
25 * 789
668 * 790
151 * 791
264 * 792
442 * 793
410 * 794
555 * 795
869 * 796
263 * 797
105 * 798
845 * 799
905 * 800
157 * 801
713 * 802
39 * 803
690 * 804
284 * 805
631 * 806
882 * 807
986 * 808
279 * 809
920 * 810
542 * 811
877 * 812
467 * 813
311 * 814
476 * 815
752 * 816
758 * 817
579 * 818
438 * 819
87 * 820
965 * 821
162 * 822
362 * 823
180 * 824
582 * 825
47 * 826
41 * 827
50 * 828
538 * 829
607 * 830
259 * 831
380 * 832
236 * 833
292 * 834
699 * 835
45 * 836
788 * 837
73 * 838
783 * 839
488 * 840
11 * 841
56 * 842
708 * 843
624 * 844
741 * 845
142 * 846
269 * 847
107 * 848
208 * 849
14 * 850
987 * 851
505 * 852
622 * 853
360 * 854
737 * 855
928 * 856
110 * 857
134 * 858
31 * 859
612 * 860
201 * 861
49 * 862
330 * 863
679 * 864
490 * 865
955 * 866
2 * 867
678 * 868
99 * 869
432 * 870
163 * 871
92 * 872
451 * 873
834 * 874
646 * 875
937 * 876
116 * 877
419 * 878
667 * 879
990 * 880
199 * 881
962 * 882
189 * 883
106 * 884
489 * 885
771 * 886
935 * 887
214 * 888
695 * 889
851 * 890
982 * 891
951 * 892
805 * 893
929 * 894
85 * 895
841 * 896
919 * 897
767 * 898
627 * 899
407 * 900
610 * 901
80 * 902
527 * 903
396 * 904
336 * 905
770 * 906
808 * 907
174 * 908
182 * 909
886 * 910
315 * 911
669 * 912
172 * 913
913 * 914
250 * 915
255 * 916
126 * 917
830 * 918
133 * 919
600 * 920
932 * 921
203 * 922
28 * 923
354 * 924
561 * 925
705 * 926
943 * 927
613 * 928
1 * 929
76 * 930
883 * 931
395 * 932
340 * 933
422 * 934
573 * 935
632 * 936
35 * 937
999 * 938
559 * 939
780 * 940
681 * 941
643 * 942
824 * 943
136 * 944
450 * 945
96 * 946
944 * 947
370 * 948
917 * 949
896 * 950
258 * 951
958 * 952
456 * 953
216 * 954
749 * 955
177 * 956
672 * 957
846 * 958
388 * 959
671 * 960
540 * 961
500 * 962
54 * 963
539 * 964
544 * 965
680 * 966
684 * 967
7 * 968
924 * 969
888 * 970
433 * 971
260 * 972
916 * 973
112 * 974
205 * 975
634 * 976
828 * 977
150 * 978
768 * 979
374 * 980
72 * 981
875 * 982
497 * 983
486 * 984
880 * 985
506 * 986
111 * 987
683 * 988
307 * 989
89 * 990
911 * 991
294 * 992
283 * 993
101 * 994
620 * 995
321 * 996
765 * 997
281 * 998
227 * 999
358 * 1000
Total Winnings: 248634214

-------------------<          PART TWO          >-------------------

Total time: 832ms

~=~=~=~=~=~=~=~=~=~<         END OF LOG         >~=~=~=~=~=~=~=~=~=~
