~=~=~=~=~=~=~=~=~=~< Advent of Code 2023: Day 7 >~=~=~=~=~=~=~=~=~=~
-------------------<  12-07-2023; 22-53-52-522  >-------------------

-------------------<          PART ONE          >-------------------
247A3, 25986, 264J3, 265TK, 27954, 2T894, 2TQ63, 2J4QK, 2J96K, 2JQKA, 2Q34T, 2Q6J4, 2KJ3T, 2KQ64, 32J6Q, 34527, 34857, 35A94, 362J9, 36T8Q, 38246, 3852J, 39K86, 3JQ5T, 3JAKT, 3QJ94, 3KJ92, 3A582, 436T8, 4573Q, 457QT, 46758, 472K6, 47JQ5, 4829K, 48526, 48J53, 4T768, 4QJ6K, 4A2K7, 4A389, 524J7, 52J4A, 52A9J, 5326T, 53J47, 53QT4, 53A68, 57693, 5872T, 5J23K, 5J48A, 5J93K, 5Q786, 5K472, 5ATQ2, 5AK2J, 62JQT, 645KJ, 6482T, 653T4, 654A8, 673QT, 68QT5, 69248, 695KJ, 6974A, 6T4K7, 6T7K5, 6TA53, 6J7KT, 6J84Q, 6Q7TJ, 6Q8T7, 6QTA2, 6QTA4, 6K2Q5, 6AQ52, 7265J, 739A2, 74JAQ, 765KJ, 76J94, 78J23, 78K64, 79KA6, 7T5J2, 7Q32A, 7Q65A, 7QTK4, 7K628, 7A8J5, 7A98Q, 7AT3Q, 8256J, 834K6, 836TK, 842KA, 869TJ, 869JA, 876JT, 8795Q, 89T4J, 8TK79, 8Q26T, 8QJT6, 8K2J7, 8AJ23, 8AQ56, 924JT, 926K7, 9274Q, 92KQT, 9347K, 9357Q, 945A8, 94K86, 9563J, 95J8T, 95J8Q, 95K8T, 96Q4T, 9T3A2, 9J275, 9Q3K7, 9Q5T6, 9Q8J3, 9QA26, 9K328, T2456, T4532, T57J4, T586A, T78J9, T829Q, T86AJ, T8729, T87JQ, TJQ96, TQ23K, J358Q, J38T7, J4K93, J4AT7, J5QA8, J5KQ2, J635Q, J7892, J8A72, J973A, JQ438, JQ469, JQ86A, Q5T7J, Q5J4A, Q5A2J, Q6483, Q6A5J, Q78A2, Q7K8A, Q873T, Q936A, QT3J4, QT835, QK672, QK94A, QA725, K24QT, K3759, K37TQ, K389J, K3Q95, K4Q5T, K543T, K5JT8, K63Q4, K73T5, K7968, KJQ27, KJQA9, KQJ6T, KA2T7, KA458, KA5Q3, A2J9T, A3K79, A4J8Q, A6387, A6852, A7438, A86J7, A9825, A9J74, ATQ4J, AQ497, AK67T, 223JT, 225JT, 2293J, 2295Q, 22K63, 22K9A, 22A98, 2329T, 24399, 2559T, 25K29, 2682J, 26J46, 27467, 28265, 28J27, 28A5A, 2A757, 32374, 32387, 32776, 32J34, 33982, 33J4Q, 33QA7, 34995, 3522J, 35TJ5, 36T26, 36TT7, 38K9K, 39255, 3989J, 3T473, 3T573, 3T8TQ, 3J639, 3KKT7, 3A783, 42JQ2, 42K27, 43742, 43748, 4452K, 447QT, 45AA6, 474JA, 47572, 4929T, 4T48J, 4T654, 4T754, 4TQ34, 4J633, 4JJKQ, 4Q48J, 4QK46, 4K547, 4AJ3A, 52249, 528KK, 52K66, 53774, 53J34, 53J36, 5446K, 54J5Q, 54KJ5, 55A2Q, 57J7A, 583AA, 58J56, 58A66, 5969Q, 5993J, 5T2K2, 5TKKA, 5J75A, 5JAA9, 5Q3J3, 5Q53T, 5KKAQ, 5AT5Q, 63K3J, 6463Q, 64733, 64899, 65692, 6595K, 664J8, 66J4T, 6757K, 676KQ, 67TJT, 683J8, 68T48, 69765, 69Q98, 69AAQ, 6T624, 6J227, 6J5J7, 6J726, 6KJ68, 6A673, 6AJQQ, 6AAJK, 727J9, 72898, 72KK4, 73J63, 743J4, 7497Q, 75J65, 75AA6, 76KTK, 776TK, 77J56, 77JT6, 77JK6, 78894, 78AT7, 793JJ, 7976J, 7TA33, 7J559, 7J75Q, 7J7K5, 7QQ34, 7QAQK, 7K785, 7AJT7, 7AKK2, 82J98, 82JT2, 82K42, 8335Q, 834Q8, 83953, 8489A, 84JK4, 84K47, 86364, 87TT6, 89K9Q, 8T685, 8TT69, 8J599, 8JQAA, 8JA3A, 8Q5QT, 8Q8J7, 8K4AA, 8K578, 8A77J, 92J42, 93T55, 93K9J, 93A7A, 949A2, 95JJ3, 95KT9, 96653, 96A89, 9789J, 97J9T, 992JA, 994JQ, 99KJ8, 9J96K, 9QT95, 9QK94, T25TK, T4TJ2, T6A76, T79KT, T7TJ9, TTA5Q, TJ3J5, TQ75T, TA4QQ, TA6TJ, TA8KA, TAJT9, J2A26, J3A37, J3AJQ, J622K, J6Q9J, J7A79, J7AA6, J8KJ2, J95T5, J97QQ, J9T44, J9JK4, J9QJ2, J9QJA, J9K92, JTAQA, JTAA7, JJ842, JQ776, JQQ29, JA232, JA366, Q26QJ, Q3K4Q, Q5QT2, Q5K4K, Q7Q86, Q84JQ, Q8A33, Q8A55, Q95A9, QT626, QTKAK, QJ26J, QJ4J8, QJK6Q, QQ6T9, QQ853, QQ8J3, QQJAT, QK55A, QKJK3, QA49A, QA787, QA8A6, QAQ5K, K295K, K2J2Q, K34Q4, K3KT2, K43KJ, K4KJ2, K4AKQ, K558J, K5TKQ, K6KJQ, K9773, K9956, KT5J5, KJ33T, KJ5K6, KJ822, KJQJ9, KQT9K, KQQ49, KK452, KK846, A2445, A26TA, A4A2T, A6682, A6K7K, A8TA7, A9QT9, AJ3QQ, AJJK4, AK8K2, AKAT3, AA726, AATJK, 22454, 226J6, 22996, 23327, 27552, 29A29, 2T2TJ, 2J552, 2Q2JQ, 2Q6Q2, 2AA52, 32T23, 33566, 336Q6, 35Q3Q, 37838, 38535, 393A9, 3T37T, 3T6T3, 3J366, 3JJKK, 4334J, 43737, 44656, 448Q8, 449J9, 44KKA, 454J5, 46476, 46642, 46K46, 47227, 47J47, 494K9, 4T466, 4Q4QA, 4K242, 4AAT4, 52A5A, 53532, 53735, 557A7, 5T566, 66QQK, 68558, 68833, 6886J, 69596, 6T6T7, 6TJT6, 6KK62, 6A33A, 6A6A2, 72QQ2, 73J37, 772T2, 7766J, 77T55, 78278, 79272, 7T7QT, 7T97T, 7J27J, 7K9K9, 7KK88, 85583, 85778, 87Q7Q, 8J282, 8KK98, 8KA8K, 8A28A, 92TT9, 9559K, 95QQ5, 96226, 97Q79, 98849, 99646, 99TQT, 99J22, 99Q33, 99AAT, 9T3T9, 9JJ9K, 9QA9Q, T2255, T22KK, T3663, T445T, T44T9, T4TJ4, T7ATA, T88T7, TT848, TJTJ6, TQ22Q, TQT44, TQTQ4, TKT88, TATAQ, J3883, J4KK4, J5J95, J5A5A, J6446, J72J2, J77J3, JT7T7, JJTTK, JQ99Q, JQQ4J, JKKAA, JAA77, Q39Q3, Q4994, Q8833, Q8K8K, QT33Q, QTQT8, QJJ55, QJKQK, QQ656, QQ922, QQTKK, QKQK5, QA9A9, QAA6Q, K255K, K2Q2K, K35K5, K484K, K55KJ, K5K57, K72K7, K8787, K969K, KT77T, KQKQ7, KK33J, KK4TT, KKTTJ, KAA2K, KAAK5, A7A76, AKKA4, AKA88, AA224, AA533, AAT2T, AATKK, AAJ6J, AAQKQ, 222J7, 22527, 226Q2, 22JK2, 23722, 24228, 25575, 27622, 27888, 2TT8T, 2J666, 2J888, 2JKKK, 32833, 33Q3J, 34335, 34J44, 35323, 35338, 3555J, 37577, 38777, 39343, 39A99, 3T6TT, 3J334, 3K4KK, 3AAA4, 3AAAJ, 4443A, 444J7, 444JQ, 444K5, 44654, 449J4, 44J54, 46676, 4777J, 47K44, 4TJ44, 4J44A, 4QT44, 4A6AA, 522J2, 53558, 5552A, 555T7, 555J9, 555K7, 557J5, 55T5Q, 5655K, 5777Q, 58AAA, 5A565, 5AJ55, 622K2, 636J6, 665T6, 66687, 66962, 66K68, 66K76, 67966, 68366, 6J777, 6JA66, 6QQKQ, 6KKK8, 6A222, 6AAJA, 6AAAK, 72767, 72J77, 77786, 77TJ7, 788J8, 7JQ77, 7JQQQ, 7Q747, 7Q8QQ, 7QQ6Q, 7A776, 82444, 83393, 844J4, 85545, 884A8, 88938, 899K9, 8T3TT, 8TTJT, 8J88K, 8K222, 92272, 92822, 94T44, 95552, 9929Q, 9939J, 9949T, 9949K, 9992T, 99957, 99967, 999J4, 99J9A, 99Q93, 99K59, 9K699, 9KAAA, 9A333, 9A99K, 9AATA, T2444, T3TTA, T42TT, T5TTJ, T6K66, T7774, T7JTT, TT3JT, TT5TA, TT8T5, TTTQ3, TQJTT, TK8TT, TK9KK, J2228, J3332, J3633, J43JJ, J5AAA, JTTTA, JJ79J, JQQ2Q, Q24QQ, Q2KKK, Q3QQ5, Q44A4, Q8A88, QTJQQ, QTQQA, QQ8Q6, QQK3Q, QKKKA, K4494, K4JJJ, K54KK, K58KK, K6777, K9K4K, KQQ8Q, KQQ9Q, KK4JK, KKJ5K, KKJK9, KKK78, KKKT2, KAKK8, A2AAJ, A4446, A4JAA, A9699, AQAAK, AA2A7, AA4A5, AA95A, AATKA, AAQJA, AAAQ3, 22223, 22227, 2222T, 22262, 22822, 22JJ2, 22KKK, 23233, 26622, 28822, 2J222, 2J2JJ, 2KK22, 33323, 33339, 3333K, 33535, 33633, 33833, 33QQ3, 33AA3, 34433, 35355, 39999, 3TT33, 3J333, 3JJ33, 3Q333, 42422, 43434, 43444, 44242, 44244, 44474, 444J4, 44644, 44844, 44TT4, 44K44, 45444, 46446, 46466, 47747, 49444, 4JJ44, 52222, 52252, 52555, 53333, 55522, 55535, 55545, 55565, 555TT, 55999, 55T55, 55Q55, 55QQQ, 55K55, 57555, 58858, 59955, 5TTT5, 5J555, 62266, 65666, 66636, 66662, 6666Q, 666K6, 66777, 66966, 66999, 66T66, 66A66, 6J6J6, 6QQQ6, 72727, 73333, 73337, 73773, 74474, 75575, 75777, 77222, 77277, 77666, 77737, 77755, 77774, 77776, 77778, 7777J, 77878, 77TTT, 77Q77, 77A7A, 7JJ77, 7KK7K, 82882, 84844, 85558, 86666, 86888, 87887, 88288, 88383, 88448, 88878, 88883, 88884, 88885, 8888J, 888QQ, 888AA, 88Q88, 8T888, 8JJ8J, 8JJJJ, 8K8K8, 8AAAA, 92292, 92929, 92999, 93933, 94449, 95999, 97777, 99393, 99494, 99499, 99989, 9999Q, 9999K, 999JJ, 999QQ, 99T9T, 99J99, 99AAA, 9J9JJ, 9K9K9, 9KKKK, T2TT2, T7777, T777T, T88T8, T9TTT, TT222, TT3TT, TT44T, TTT2T, TTT8T, TTTT4, TTTT6, TTTQT, TTTKT, TTATT, TTAAA, TQQTT, J6666, J888J, JTTTT, JTTTJ, JJTTJ, JQQJJ, JQQQQ, Q22Q2, Q2QQQ, Q4444, Q444Q, Q66Q6, Q77Q7, Q77QQ, QJJQQ, QQ7QQ, QQ8Q8, QQQ22, QQQ5Q, QQQ9Q, QQQQ3, QQQQ6, QQQQT, QKQKQ, QKKQK, QAAQQ, QAAAA, K2222, K2KKK, K5KKK, K666K, K8K8K, KJJKK, KK6KK, KK99K, KKJKK, KKKK4, KKKKT, A3A3A, A4444, A4A4A, A4AAA, A5555, A666A, A7AAA, A8A8A, A99A9, AJJAA, AQAQA, AA5A5, AA6A6, AAA6A, AAA9A, AAAKA, AAAAJ, JJJJJ, 
731 * 1
952 * 2
527 * 3
932 * 4
429 * 5
532 * 6
276 * 7
184 * 8
328 * 9
465 * 10
346 * 11
848 * 12
141 * 13
340 * 14
389 * 15
101 * 16
313 * 17
978 * 18
793 * 19
965 * 20
750 * 21
856 * 22
441 * 23
612 * 24
95 * 25
50 * 26
601 * 27
762 * 28
670 * 29
654 * 30
261 * 31
266 * 32
641 * 33
818 * 34
807 * 35
379 * 36
1 * 37
459 * 38
458 * 39
470 * 40
52 * 41
552 * 42
707 * 43
887 * 44
833 * 45
223 * 46
741 * 47
867 * 48
380 * 49
522 * 50
41 * 51
940 * 52
383 * 53
411 * 54
91 * 55
850 * 56
227 * 57
840 * 58
361 * 59
975 * 60
243 * 61
951 * 62
578 * 63
425 * 64
263 * 65
377 * 66
251 * 67
329 * 68
259 * 69
136 * 70
194 * 71
528 * 72
613 * 73
944 * 74
271 * 75
412 * 76
567 * 77
764 * 78
438 * 79
417 * 80
573 * 81
691 * 82
357 * 83
861 * 84
597 * 85
45 * 86
270 * 87
426 * 88
937 * 89
105 * 90
931 * 91
59 * 92
274 * 93
177 * 94
534 * 95
55 * 96
664 * 97
704 * 98
365 * 99
466 * 100
900 * 101
784 * 102
800 * 103
36 * 104
182 * 105
102 * 106
640 * 107
375 * 108
324 * 109
308 * 110
781 * 111
917 * 112
809 * 113
770 * 114
957 * 115
171 * 116
333 * 117
165 * 118
666 * 119
893 * 120
232 * 121
257 * 122
939 * 123
281 * 124
708 * 125
669 * 126
575 * 127
409 * 128
860 * 129
173 * 130
619 * 131
93 * 132
387 * 133
39 * 134
487 * 135
82 * 136
399 * 137
610 * 138
402 * 139
133 * 140
997 * 141
320 * 142
354 * 143
499 * 144
192 * 145
948 * 146
914 * 147
302 * 148
875 * 149
455 * 150
517 * 151
120 * 152
891 * 153
122 * 154
611 * 155
839 * 156
921 * 157
518 * 158
181 * 159
832 * 160
305 * 161
166 * 162
555 * 163
203 * 164
660 * 165
523 * 166
865 * 167
152 * 168
514 * 169
504 * 170
751 * 171
63 * 172
679 * 173
758 * 174
766 * 175
214 * 176
87 * 177
405 * 178
18 * 179
106 * 180
215 * 181
490 * 182
212 * 183
30 * 184
797 * 185
539 * 186
945 * 187
222 * 188
363 * 189
924 * 190
683 * 191
488 * 192
509 * 193
371 * 194
930 * 195
963 * 196
250 * 197
77 * 198
608 * 199
548 * 200
78 * 201
278 * 202
730 * 203
369 * 204
241 * 205
443 * 206
625 * 207
393 * 208
7 * 209
100 * 210
205 * 211
821 * 212
92 * 213
537 * 214
188 * 215
759 * 216
976 * 217
258 * 218
160 * 219
668 * 220
796 * 221
148 * 222
128 * 223
3 * 224
726 * 225
38 * 226
983 * 227
478 * 228
471 * 229
179 * 230
805 * 231
109 * 232
364 * 233
396 * 234
421 * 235
946 * 236
872 * 237
775 * 238
972 * 239
235 * 240
646 * 241
580 * 242
647 * 243
947 * 244
883 * 245
279 * 246
360 * 247
394 * 248
306 * 249
989 * 250
84 * 251
83 * 252
13 * 253
808 * 254
969 * 255
786 * 256
699 * 257
889 * 258
452 * 259
824 * 260
752 * 261
508 * 262
598 * 263
632 * 264
810 * 265
626 * 266
262 * 267
211 * 268
1000 * 269
34 * 270
397 * 271
596 * 272
124 * 273
845 * 274
609 * 275
242 * 276
974 * 277
970 * 278
927 * 279
851 * 280
390 * 281
789 * 282
14 * 283
615 * 284
734 * 285
213 * 286
617 * 287
583 * 288
104 * 289
745 * 290
512 * 291
869 * 292
661 * 293
139 * 294
876 * 295
574 * 296
424 * 297
229 * 298
949 * 299
533 * 300
716 * 301
564 * 302
414 * 303
941 * 304
910 * 305
314 * 306
736 * 307
403 * 308
175 * 309
880 * 310
513 * 311
474 * 312
566 * 313
391 * 314
620 * 315
71 * 316
267 * 317
757 * 318
644 * 319
196 * 320
157 * 321
698 * 322
33 * 323
795 * 324
326 * 325
588 * 326
218 * 327
288 * 328
950 * 329
2 * 330
6 * 331
156 * 332
753 * 333
605 * 334
859 * 335
309 * 336
137 * 337
296 * 338
352 * 339
447 * 340
502 * 341
994 * 342
570 * 343
436 * 344
585 * 345
814 * 346
473 * 347
651 * 348
929 * 349
408 * 350
912 * 351
469 * 352
702 * 353
979 * 354
755 * 355
802 * 356
857 * 357
714 * 358
150 * 359
560 * 360
332 * 361
9 * 362
749 * 363
439 * 364
323 * 365
451 * 366
430 * 367
506 * 368
581 * 369
117 * 370
29 * 371
816 * 372
345 * 373
336 * 374
825 * 375
432 * 376
744 * 377
386 * 378
838 * 379
494 * 380
803 * 381
841 * 382
362 * 383
524 * 384
592 * 385
153 * 386
273 * 387
936 * 388
541 * 389
49 * 390
491 * 391
831 * 392
191 * 393
678 * 394
167 * 395
785 * 396
747 * 397
5 * 398
801 * 399
498 * 400
311 * 401
681 * 402
144 * 403
897 * 404
579 * 405
763 * 406
551 * 407
898 * 408
727 * 409
338 * 410
584 * 411
418 * 412
151 * 413
798 * 414
378 * 415
299 * 416
599 * 417
80 * 418
562 * 419
813 * 420
236 * 421
571 * 422
855 * 423
300 * 424
692 * 425
648 * 426
253 * 427
977 * 428
244 * 429
911 * 430
220 * 431
168 * 432
149 * 433
183 * 434
88 * 435
293 * 436
286 * 437
607 * 438
107 * 439
204 * 440
724 * 441
22 * 442
35 * 443
720 * 444
310 * 445
66 * 446
721 * 447
103 * 448
652 * 449
565 * 450
69 * 451
817 * 452
621 * 453
545 * 454
676 * 455
819 * 456
410 * 457
526 * 458
712 * 459
525 * 460
604 * 461
862 * 462
240 * 463
923 * 464
986 * 465
569 * 466
926 * 467
884 * 468
304 * 469
542 * 470
663 * 471
844 * 472
248 * 473
874 * 474
602 * 475
639 * 476
843 * 477
667 * 478
628 * 479
356 * 480
234 * 481
23 * 482
614 * 483
790 * 484
129 * 485
995 * 486
846 * 487
123 * 488
804 * 489
370 * 490
180 * 491
492 * 492
193 * 493
881 * 494
207 * 495
331 * 496
935 * 497
53 * 498
449 * 499
820 * 500
489 * 501
143 * 502
162 * 503
295 * 504
554 * 505
142 * 506
239 * 507
395 * 508
680 * 509
515 * 510
335 * 511
696 * 512
915 * 513
255 * 514
505 * 515
606 * 516
226 * 517
334 * 518
828 * 519
21 * 520
530 * 521
577 * 522
118 * 523
65 * 524
190 * 525
482 * 526
738 * 527
700 * 528
56 * 529
879 * 530
536 * 531
890 * 532
57 * 533
423 * 534
849 * 535
503 * 536
903 * 537
127 * 538
902 * 539
540 * 540
899 * 541
674 * 542
756 * 543
516 * 544
90 * 545
374 * 546
590 * 547
419 * 548
112 * 549
189 * 550
546 * 551
933 * 552
321 * 553
559 * 554
689 * 555
662 * 556
520 * 557
988 * 558
483 * 559
40 * 560
476 * 561
225 * 562
715 * 563
319 * 564
97 * 565
125 * 566
11 * 567
282 * 568
906 * 569
445 * 570
277 * 571
464 * 572
847 * 573
722 * 574
791 * 575
980 * 576
186 * 577
556 * 578
159 * 579
642 * 580
510 * 581
713 * 582
99 * 583
998 * 584
794 * 585
392 * 586
366 * 587
44 * 588
682 * 589
629 * 590
10 * 591
404 * 592
96 * 593
815 * 594
62 * 595
446 * 596
434 * 597
79 * 598
312 * 599
481 * 600
297 * 601
984 * 602
280 * 603
48 * 604
353 * 605
170 * 606
294 * 607
119 * 608
767 * 609
962 * 610
811 * 611
480 * 612
693 * 613
359 * 614
111 * 615
901 * 616
496 * 617
158 * 618
32 * 619
953 * 620
672 * 621
826 * 622
822 * 623
782 * 624
134 * 625
943 * 626
86 * 627
754 * 628
688 * 629
743 * 630
765 * 631
630 * 632
774 * 633
17 * 634
269 * 635
462 * 636
959 * 637
913 * 638
557 * 639
256 * 640
773 * 641
224 * 642
339 * 643
416 * 644
428 * 645
146 * 646
925 * 647
485 * 648
812 * 649
904 * 650
275 * 651
26 * 652
728 * 653
922 * 654
705 * 655
985 * 656
519 * 657
289 * 658
493 * 659
711 * 660
854 * 661
81 * 662
475 * 663
864 * 664
89 * 665
582 * 666
25 * 667
341 * 668
147 * 669
72 * 670
589 * 671
265 * 672
920 * 673
591 * 674
8 * 675
938 * 676
315 * 677
886 * 678
834 * 679
829 * 680
60 * 681
467 * 682
507 * 683
43 * 684
74 * 685
318 * 686
401 * 687
882 * 688
870 * 689
687 * 690
653 * 691
461 * 692
440 * 693
563 * 694
835 * 695
252 * 696
327 * 697
733 * 698
301 * 699
272 * 700
863 * 701
684 * 702
58 * 703
355 * 704
245 * 705
298 * 706
999 * 707
806 * 708
616 * 709
201 * 710
381 * 711
285 * 712
538 * 713
531 * 714
110 * 715
635 * 716
317 * 717
907 * 718
706 * 719
199 * 720
233 * 721
200 * 722
960 * 723
868 * 724
325 * 725
442 * 726
561 * 727
208 * 728
958 * 729
837 * 730
260 * 731
511 * 732
543 * 733
836 * 734
382 * 735
247 * 736
739 * 737
368 * 738
140 * 739
495 * 740
928 * 741
37 * 742
895 * 743
783 * 744
195 * 745
448 * 746
163 * 747
477 * 748
343 * 749
121 * 750
690 * 751
358 * 752
427 * 753
15 * 754
249 * 755
769 * 756
694 * 757
553 * 758
398 * 759
740 * 760
216 * 761
896 * 762
723 * 763
634 * 764
238 * 765
788 * 766
710 * 767
51 * 768
384 * 769
852 * 770
568 * 771
46 * 772
116 * 773
145 * 774
347 * 775
437 * 776
433 * 777
342 * 778
961 * 779
264 * 780
942 * 781
20 * 782
217 * 783
454 * 784
558 * 785
351 * 786
75 * 787
908 * 788
686 * 789
600 * 790
996 * 791
290 * 792
655 * 793
823 * 794
187 * 795
593 * 796
19 * 797
24 * 798
431 * 799
742 * 800
709 * 801
878 * 802
176 * 803
885 * 804
636 * 805
209 * 806
420 * 807
114 * 808
718 * 809
61 * 810
268 * 811
799 * 812
64 * 813
649 * 814
888 * 815
113 * 816
497 * 817
587 * 818
993 * 819
468 * 820
991 * 821
725 * 822
154 * 823
344 * 824
169 * 825
964 * 826
422 * 827
529 * 828
456 * 829
732 * 830
138 * 831
472 * 832
385 * 833
622 * 834
973 * 835
987 * 836
460 * 837
737 * 838
172 * 839
206 * 840
576 * 841
28 * 842
210 * 843
624 * 844
12 * 845
956 * 846
202 * 847
968 * 848
486 * 849
303 * 850
67 * 851
479 * 852
729 * 853
73 * 854
909 * 855
31 * 856
827 * 857
905 * 858
772 * 859
659 * 860
685 * 861
16 * 862
871 * 863
892 * 864
350 * 865
130 * 866
135 * 867
643 * 868
787 * 869
990 * 870
415 * 871
228 * 872
776 * 873
316 * 874
544 * 875
695 * 876
349 * 877
894 * 878
221 * 879
292 * 880
594 * 881
746 * 882
27 * 883
254 * 884
760 * 885
283 * 886
413 * 887
697 * 888
115 * 889
658 * 890
830 * 891
400 * 892
981 * 893
618 * 894
98 * 895
638 * 896
982 * 897
637 * 898
287 * 899
457 * 900
453 * 901
954 * 902
185 * 903
521 * 904
761 * 905
645 * 906
877 * 907
971 * 908
586 * 909
463 * 910
858 * 911
657 * 912
853 * 913
388 * 914
535 * 915
779 * 916
484 * 917
501 * 918
780 * 919
68 * 920
54 * 921
330 * 922
161 * 923
230 * 924
916 * 925
444 * 926
76 * 927
768 * 928
284 * 929
42 * 930
778 * 931
842 * 932
717 * 933
178 * 934
373 * 935
372 * 936
198 * 937
967 * 938
435 * 939
406 * 940
631 * 941
955 * 942
665 * 943
108 * 944
572 * 945
934 * 946
777 * 947
595 * 948
550 * 949
174 * 950
866 * 951
547 * 952
873 * 953
197 * 954
650 * 955
735 * 956
673 * 957
633 * 958
322 * 959
70 * 960
237 * 961
675 * 962
603 * 963
450 * 964
500 * 965
164 * 966
155 * 967
719 * 968
94 * 969
656 * 970
549 * 971
4 * 972
671 * 973
792 * 974
126 * 975
291 * 976
348 * 977
85 * 978
131 * 979
992 * 980
918 * 981
246 * 982
47 * 983
919 * 984
748 * 985
367 * 986
623 * 987
132 * 988
627 * 989
219 * 990
701 * 991
407 * 992
966 * 993
307 * 994
337 * 995
703 * 996
376 * 997
771 * 998
677 * 999
231 * 1000
Total Winnings: 250629570

-------------------<          PART TWO          >-------------------

Total time: 292ms

~=~=~=~=~=~=~=~=~=~<         END OF LOG         >~=~=~=~=~=~=~=~=~=~
