~=~=~=~=~=~=~=~=~=~< Advent of Code 2023: Day 7 >~=~=~=~=~=~=~=~=~=~
-------------------<  12-07-2023; 23-15-32-076  >-------------------

-------------------<          PART ONE          >-------------------
Total Winnings: 248396258

-------------------<          PART TWO          >-------------------
35229: One pair
Q379J: One pair
88Q8Q: Full house
A8725: High card
9959J: Four of a kind
Q7AA2: One pair
J7Q5J: Full house
44644: Four of a kind
222J9: Four of a kind
475TK: High card
475TK, A8725, 35229, Q379J, Q7AA2, J7Q5J, 88Q8Q, 222J9, 44644, 9959J, 
461 * 1
531 * 2
30 * 3
837 * 4
79 * 5
446 * 6
841 * 7
43 * 8
73 * 9
588 * 10
Total Winnings: 20800

Total time: 69ms

~=~=~=~=~=~=~=~=~=~<         END OF LOG         >~=~=~=~=~=~=~=~=~=~
