~=~=~=~=~=~=~=~=~=~< Advent of Code 2023: Day 7 >~=~=~=~=~=~=~=~=~=~
-------------------<  12-07-2023; 23-00-23-174  >-------------------

-------------------<          PART ONE          >-------------------
35229: One pair
Q379J: High card
88Q8Q: Full house
A8725: High card
9959J: Three of a kind
Q7AA2: One pair
J7Q5J: One pair
44644: Four of a kind
222J9: Three of a kind
475TK: High card
475TK, Q379J, A8725, 35229, J7Q5J, Q7AA2, 222J9, 9959J, 88Q8Q, 44644, 
461 * 1
837 * 2
531 * 3
30 * 4
446 * 5
79 * 6
43 * 7
588 * 8
841 * 9
73 * 10
Total Winnings: 19856

-------------------<          PART TWO          >-------------------

Total time: 12ms

~=~=~=~=~=~=~=~=~=~<         END OF LOG         >~=~=~=~=~=~=~=~=~=~
