~=~=~=~=~=~=~=~=~=~< Advent of Code 2023: Day 7 >~=~=~=~=~=~=~=~=~=~
-------------------<  12-07-2023; 23-01-08-567  >-------------------

-------------------<          PART ONE          >-------------------
35229: One pair
Q379J: High card
88Q8Q: Full house
A8725: High card
9959J: Three of a kind
Q7AA2: One pair
J7Q5J: One pair
44644: Four of a kind
222J9: Three of a kind
475TK: High card
KKA5J: One pair
7K49A: High card
T333T: Full house
5T8QK: High card
37973: Two pair
555K2: Three of a kind
42422: Full house
3AAAA: Four of a kind
A77A4: Two pair
K9QQK: Two pair
67K36: One pair
933J4: One pair
QQ98Q: Three of a kind
22KK6: Two pair
2AKAK: Two pair
7775J: Three of a kind
3T586: High card
34J58: High card
3353T: Three of a kind
TT353: Two pair
5777A: Three of a kind
79333: Three of a kind
7TK8T: One pair
K7A3Q: High card
KK6Q4: One pair
T5AKA: One pair
858TT: Two pair
A7KA8: One pair
67676: Full house
T966T: Two pair
9Q765: High card
23Q92: One pair
356A6: One pair
996Q9: Three of a kind
6398Q: High card
52552: Full house
T8558: Two pair
4A69J: High card
TQT2Q: Two pair
K56QT: High card
4A2AJ: One pair
Q777K: Three of a kind
AT6Q4: High card
JJJJJ: Five of a kind
K358K: One pair
Q94QQ: Three of a kind
A28J8: One pair
29224: Three of a kind
QT66T: Two pair
2AA26: Two pair
4K8AT: High card
JT728: High card
7JQTJ: One pair
8K94Q: High card
KAA92: One pair
8Q846: One pair
A66TJ: One pair
48QKT: High card
39K99: Three of a kind
73T72: One pair
J4K37: High card
JK767: One pair
75Q4A: High card
35274: High card
72T9T: One pair
A9Q7A: One pair
A3JAA: Three of a kind
57927: One pair
9T42Q: High card
6A6AK: Two pair
T2TTT: Four of a kind
753QA: High card
6K27Q: High card
A7A8T: One pair
8TQJK: High card
4T922: One pair
3K337: Three of a kind
56665: Full house
T4A22: One pair
QQJ5A: One pair
89889: Full house
54A44: Three of a kind
22665: Two pair
J4QK4: One pair
45J44: Three of a kind
382A7: High card
8JTTQ: One pair
K6KK6: Full house
2Q228: Three of a kind
39Q44: One pair
9K96K: Two pair
A9JAA: Three of a kind
2A8JJ: One pair
KT9J4: High card
666K6: Four of a kind
TA666: Three of a kind
TTT8A: Three of a kind
98J28: One pair
6QT83: High card
AA58J: One pair
77677: Four of a kind
JJ222: Full house
88J68: Three of a kind
9J999: Four of a kind
66J6J: Full house
TQ3K8: High card
5A6T6: One pair
4TT4T: Full house
TTKTJ: Three of a kind
755AQ: One pair
39943: Two pair
358JJ: One pair
QT46K: High card
283TT: One pair
2222J: Four of a kind
TTKKT: Full house
55AA9: Two pair
725T4: High card
33A23: Three of a kind
659Q3: High card
J4747: Two pair
AJKT8: High card
99449: Full house
JQ888: Three of a kind
66868: Full house
57J42: High card
8T58A: One pair
4KK55: Two pair
K2KKK: Four of a kind
KA52J: High card
3T6TT: Three of a kind
J6398: High card
78564: High card
385KJ: High card
Q7Q7Q: Full house
Q9T79: One pair
5Q555: Four of a kind
2JQ2Q: Two pair
7T9K3: High card
J88J8: Full house
KKJAA: Two pair
QQ777: Full house
26Q59: High card
2J585: One pair
J9969: Three of a kind
KQ3A3: One pair
KKK44: Full house
2TT2T: Full house
538J8: One pair
5T444: Three of a kind
QT4QQ: Three of a kind
55553: Four of a kind
7KKKQ: Three of a kind
47Q47: Two pair
9Q7Q9: Two pair
7769K: One pair
QTTQQ: Full house
Q3A99: One pair
888J3: Three of a kind
KJK33: Two pair
65657: Two pair
26336: Two pair
K7777: Four of a kind
T573J: High card
Q64QQ: Three of a kind
66696: Four of a kind
36673: Two pair
QQ5QJ: Three of a kind
85J35: One pair
K74K7: Two pair
A8A8J: Two pair
4TT33: Two pair
JA9TJ: One pair
4ATTT: Three of a kind
T6TQ7: One pair
452J3: High card
Q9A73: High card
267AK: High card
QTQ3Q: Three of a kind
K84J2: High card
4Q333: Three of a kind
JK355: One pair
5465A: One pair
66226: Full house
44TAT: Two pair
88833: Full house
A28AA: Three of a kind
23982: One pair
22232: Four of a kind
787KK: Two pair
T49TJ: One pair
55475: Three of a kind
88882: Four of a kind
74T98: High card
48484: Full house
K392T: High card
4TT43: Two pair
65JQ4: High card
44339: Two pair
79T77: Three of a kind
T6TTA: Three of a kind
K9798: One pair
Q8T54: High card
8J7TJ: One pair
T7776: Three of a kind
94T9T: Two pair
TT3T4: Three of a kind
559JQ: One pair
96T7T: One pair
AJAJJ: Full house
87668: Two pair
33633: Four of a kind
87778: Full house
45555: Four of a kind
87A4K: High card
4JK85: High card
9A5AA: Three of a kind
AA32A: Three of a kind
6QTT5: One pair
J9A98: One pair
3KAAK: Two pair
37525: One pair
7J736: One pair
22462: Three of a kind
9A2TA: One pair
7T98J: High card
T22KT: Two pair
669J6: Three of a kind
A5599: Two pair
K6QJ7: High card
82822: Full house
AA3J3: Two pair
43553: Two pair
7586K: High card
TQ58A: High card
K4444: Four of a kind
55858: Full house
AA669: Two pair
92626: Two pair
QAQQ6: Three of a kind
A6AAA: Four of a kind
J9797: Two pair
54A68: High card
6TT94: One pair
K3Q6T: High card
JTK2J: One pair
58555: Four of a kind
8J292: One pair
8QQ53: One pair
K4JA4: One pair
6J777: Three of a kind
A6JQA: One pair
6T2QA: High card
45A45: Two pair
54595: Three of a kind
7582K: High card
338Q7: One pair
28288: Full house
JJK3K: Two pair
62K2T: One pair
44229: Two pair
59399: Three of a kind
53KK2: One pair
3A9AQ: One pair
6525A: One pair
676A2: One pair
7KTA6: High card
88889: Four of a kind
T9898: Two pair
J99J9: Full house
AA886: Two pair
522QJ: One pair
6666J: Four of a kind
J3QA7: High card
87777: Four of a kind
52J24: One pair
994J9: Three of a kind
69559: Two pair
93339: Full house
9JAA2: One pair
56636: Three of a kind
54554: Full house
86T58: One pair
34334: Full house
7K254: High card
T4T44: Full house
AT9J3: High card
8668T: Two pair
T9T33: Two pair
8AAAA: Four of a kind
Q28J6: High card
2AJ49: High card
778TT: Two pair
355J3: Two pair
Q79T3: High card
92222: Four of a kind
22262: Four of a kind
JTJTT: Full house
T23TA: One pair
A33K3: Three of a kind
222J5: Three of a kind
Q4Q44: Full house
K522J: One pair
J774J: Two pair
52952: Two pair
223J2: Three of a kind
TTA5T: Three of a kind
KA459: High card
2QQJQ: Three of a kind
92297: Two pair
8T888: Four of a kind
QA74T: High card
26494: One pair
26665: Three of a kind
J5J3J: Three of a kind
T4Q2T: One pair
38223: Two pair
2TT5T: Three of a kind
8JJ4T: One pair
JQ662: One pair
T8T8T: Full house
T6999: Three of a kind
25225: Full house
66766: Four of a kind
KKJ9K: Three of a kind
T355T: Two pair
3J673: One pair
5AAAA: Four of a kind
3T2K2: One pair
Q9T99: Three of a kind
2929K: Two pair
J4JKK: Two pair
Q66QA: Two pair
Q5A8J: High card
KTTKK: Full house
428JT: High card
KKKJK: Four of a kind
K5KK5: Full house
QA572: High card
77TJ7: Three of a kind
3JA7K: High card
86444: Three of a kind
Q4444: Four of a kind
65QQJ: One pair
KKK37: Three of a kind
3388J: Two pair
J97A2: High card
44J44: Four of a kind
JT7JA: One pair
7QKQ7: Two pair
K444K: Full house
83QT5: High card
T876T: One pair
5J7J7: Two pair
696J8: One pair
KQK54: One pair
Q8868: Three of a kind
575AA: Two pair
6463Q: One pair
QT5JK: High card
55755: Four of a kind
J3T3A: One pair
82AA7: One pair
JQ86T: High card
QTQKJ: One pair
K247Q: High card
39JA3: One pair
A5967: High card
4644Q: Three of a kind
Q2963: High card
JJK53: One pair
K53T7: High card
33377: Full house
9299J: Three of a kind
775J5: Two pair
KKQQ2: Two pair
J5656: Two pair
TTTT9: Four of a kind
2998K: One pair
79269: One pair
3AT52: High card
7KT77: Three of a kind
33539: Three of a kind
KJK7K: Three of a kind
KK999: Full house
66829: One pair
TA9QQ: One pair
K4556: One pair
4T759: High card
TQ7JQ: One pair
3793A: One pair
88779: Two pair
9888K: Three of a kind
J2K2K: Two pair
75377: Three of a kind
J5635: One pair
6Q3T5: High card
97779: Full house
T99TK: Two pair
444QJ: Three of a kind
99996: Four of a kind
32553: Two pair
K97T8: High card
JJ555: Full house
K8456: High card
52J55: Three of a kind
59595: Full house
JJT6T: Two pair
29JTK: High card
333AA: Full house
777J9: Three of a kind
93653: One pair
K5TK5: Two pair
52QQ5: Two pair
433JT: One pair
T5T55: Full house
79A8J: High card
588Q8: Three of a kind
5Q4T7: High card
72A8T: High card
73498: High card
TJJJT: Full house
94494: Full house
2QJ58: High card
64777: Three of a kind
9TK74: High card
QQ864: One pair
6TQ54: High card
K55K6: Two pair
9Q8Q8: Two pair
AAA69: Three of a kind
999QJ: Three of a kind
K3A8Q: High card
7Q983: High card
62T99: One pair
QQQQA: Four of a kind
K2885: One pair
55656: Full house
J6AA8: One pair
5658J: One pair
78225: One pair
KKQKK: Four of a kind
9K277: One pair
KJ333: Three of a kind
J972T: High card
96299: Three of a kind
878JJ: Two pair
JAT4J: One pair
TT494: Two pair
TJ52A: High card
2J72J: Two pair
QA48K: High card
95Q58: One pair
T2K65: High card
3923Q: One pair
JKQQ5: One pair
922J9: Two pair
75JA9: High card
A888K: Three of a kind
QA3QA: Two pair
8T9T8: Two pair
T762J: High card
JAJAQ: Two pair
T7777: Four of a kind
555K3: Three of a kind
Q222Q: Full house
AJ77A: Two pair
99J2K: One pair
JTJ67: One pair
52922: Three of a kind
JKKKQ: Three of a kind
T4233: One pair
35946: High card
AJAJA: Full house
33733: Four of a kind
5J555: Four of a kind
2Q2J2: Three of a kind
J277K: One pair
JTA88: One pair
TAAJ6: One pair
96688: Two pair
K93K5: One pair
TJ949: One pair
7Q34A: High card
J66JT: Two pair
9A99A: Full house
46Q8T: High card
Q6646: Three of a kind
QQ555: Full house
3QK2T: High card
J2828: Two pair
TATKT: Three of a kind
KKQ92: One pair
5JQ66: One pair
J557T: One pair
A2883: One pair
56Q2A: High card
48888: Four of a kind
A22AA: Full house
44343: Full house
85633: One pair
55449: Two pair
TKATK: Two pair
T65Q8: High card
A555A: Full house
J88A8: Three of a kind
T6663: Three of a kind
AQA4Q: Two pair
AA55A: Full house
5T5JT: Two pair
73832: One pair
9A9T6: One pair
KJ99K: Two pair
J3338: Three of a kind
QQ5QQ: Four of a kind
6J464: Two pair
24A5J: High card
J77J7: Full house
Q7Q6Q: Three of a kind
74QKJ: High card
QK37K: One pair
5649T: High card
TJ746: High card
6A269: One pair
226K5: One pair
32J5J: One pair
QTT47: One pair
KK222: Full house
QKQJA: One pair
6A6Q3: One pair
KTTT8: Three of a kind
53T99: One pair
33A73: Three of a kind
89899: Full house
K344T: One pair
2324Q: One pair
7J442: One pair
9AAAA: Four of a kind
Q99Q9: Full house
22233: Full house
92284: One pair
6347A: High card
73777: Four of a kind
TTKTT: Four of a kind
TTT87: Three of a kind
877K8: Two pair
5A6QT: High card
85548: Two pair
53353: Full house
33322: Full house
AAJ45: One pair
2AJAA: Three of a kind
4785K: High card
J8J77: Two pair
9A388: One pair
J9QAQ: One pair
23A36: One pair
92Q95: One pair
J2467: High card
A32QQ: One pair
93TJ7: High card
9T428: High card
72777: Four of a kind
AAAA2: Four of a kind
TQTAT: Three of a kind
KA777: Three of a kind
T4635: High card
A886Q: One pair
TQJ3A: High card
JAAA6: Three of a kind
QJ86J: One pair
JK777: Three of a kind
9922A: Two pair
QKT95: High card
34AKA: One pair
5J996: One pair
82J87: One pair
26T59: High card
AKKKA: Full house
K675Q: High card
K79JA: High card
668J8: Two pair
J7373: Two pair
A5873: High card
99A79: Three of a kind
AA33A: Full house
QQ93J: One pair
23758: High card
QQ2QQ: Four of a kind
48K49: One pair
92294: Two pair
22QQQ: Full house
59555: Four of a kind
AKAAA: Four of a kind
A29Q6: High card
675K3: High card
Q5776: One pair
A68T2: High card
Q76J7: One pair
84QA9: High card
J68AJ: One pair
996A6: Two pair
888J8: Four of a kind
JA8K4: High card
77879: Three of a kind
T8J2A: High card
K66AK: Two pair
899J4: One pair
6QQ66: Full house
KK3JK: Three of a kind
TQQKQ: Three of a kind
892TQ: High card
777AJ: Three of a kind
7T898: One pair
K4QJK: One pair
36AK9: High card
78788: Full house
8722K: One pair
499J4: Two pair
8QQQ8: Full house
T55J3: One pair
672Q8: High card
996JJ: Two pair
555A5: Four of a kind
8844J: Two pair
959QK: One pair
QQQQ6: Four of a kind
6Q56Q: Two pair
62TT6: Two pair
K4QQQ: Three of a kind
6T439: High card
JQ2J8: One pair
6766J: Three of a kind
2T798: High card
4J4AA: Two pair
38TAJ: High card
45788: One pair
56555: Four of a kind
T5T5T: Full house
78888: Four of a kind
737Q6: One pair
54454: Full house
TTTQT: Four of a kind
8K8KK: Full house
46454: Three of a kind
88JK2: One pair
8Q8QJ: Two pair
KJ88A: One pair
K6K45: One pair
5Q95A: One pair
7J9KK: One pair
67767: Full house
A2Q5J: High card
JJT22: Two pair
43JKA: High card
44T2A: One pair
2Q222: Four of a kind
JT822: One pair
577A3: One pair
5TJT2: One pair
38T43: One pair
KJ444: Three of a kind
QTTTQ: Full house
57477: Three of a kind
4T2Q8: High card
2A2KA: Two pair
AAAQJ: Three of a kind
38828: Three of a kind
528QK: High card
26TK4: High card
3444J: Three of a kind
5Q955: Three of a kind
3AK24: High card
7J52Q: High card
22277: Full house
AATAT: Full house
T57Q2: High card
84483: Two pair
85436: High card
AKAKA: Full house
JK4K8: One pair
6JQ6A: One pair
34464: Three of a kind
JK5Q2: High card
423J3: One pair
77A47: Three of a kind
22242: Four of a kind
99279: Three of a kind
89492: One pair
3A333: Four of a kind
3T5TT: Three of a kind
979T9: Three of a kind
37322: Two pair
6QQ68: Two pair
A66JA: Two pair
93QA3: One pair
TJ8J2: One pair
TT5QQ: Two pair
TT888: Full house
QKQTK: Two pair
JA556: One pair
QT345: High card
88Q26: One pair
5Q5AA: Two pair
59429: One pair
9939T: Three of a kind
Q333Q: Full house
Q3AA3: Two pair
378JQ: High card
2255Q: Two pair
2JA2A: Two pair
J5K36: High card
Q5866: One pair
Q94Q2: One pair
36993: Two pair
A5574: One pair
TQ43K: High card
T66AT: Two pair
4A6J5: High card
5K5J5: Three of a kind
888A3: Three of a kind
4777K: Three of a kind
T4QKK: One pair
JTQQ6: One pair
37735: Two pair
5J9J5: Two pair
33Q33: Four of a kind
9T9T9: Full house
A6A66: Full house
JAAAA: Four of a kind
J63J7: One pair
22K4K: Two pair
T3J6J: One pair
8TT33: Two pair
63339: Three of a kind
QT3TT: Three of a kind
6TT48: One pair
KAK5T: One pair
T6922: One pair
9AJ9A: Two pair
KKAKT: Three of a kind
QT79A: High card
KA999: Three of a kind
99399: Four of a kind
224T6: One pair
KAKK9: Three of a kind
7J7KK: Two pair
KT859: High card
3AT26: High card
7A6A9: One pair
K5368: High card
JQK34: High card
27268: One pair
4967K: High card
8K848: Three of a kind
626JJ: Two pair
AKA6K: Two pair
4J4T4: Three of a kind
93939: Full house
47876: One pair
3J23A: One pair
9Q999: Four of a kind
22432: Three of a kind
K7KKK: Four of a kind
AA399: Two pair
K77K7: Full house
3J5K9: High card
36J33: Three of a kind
T3TAJ: One pair
QQQA8: Three of a kind
3434Q: Two pair
Q4QQ5: Three of a kind
QQQJQ: Four of a kind
AJAKA: Three of a kind
82T96: High card
888KK: Full house
3699J: One pair
QQQKQ: Four of a kind
TTT7J: Three of a kind
6Q982: High card
96669: Full house
KQ33Q: Two pair
JJJ8J: Four of a kind
368K8: One pair
29QJ8: High card
T6TT6: Full house
5KA22: One pair
777TT: Full house
92899: Three of a kind
799JJ: Two pair
Q3Q53: Two pair
7A745: One pair
9Q43K: High card
Q33AQ: Two pair
7Q9JK: High card
69Q66: Three of a kind
7A325: High card
39T4J: High card
336QQ: Two pair
JA62A: One pair
88883: Four of a kind
7J777: Four of a kind
63878: One pair
KAKKK: Four of a kind
7TT33: Two pair
Q9AQA: Two pair
QAAJQ: Two pair
69J69: Two pair
5298Q: High card
27292: Three of a kind
T2T4T: Three of a kind
2J95K: High card
46646: Full house
9JJ33: Two pair
Q9QQQ: Four of a kind
J4455: Two pair
J96QA: High card
9A49A: Two pair
64K66: Three of a kind
K853T: High card
K4J87: High card
JAA7K: One pair
J5535: Three of a kind
99222: Full house
5K59K: Two pair
3333K: Four of a kind
66J86: Three of a kind
48J56: High card
4K39T: High card
4A86Q: High card
T99J9: Three of a kind
782T7: One pair
T4494: Three of a kind
66986: Three of a kind
KKK87: Three of a kind
52222: Four of a kind
3T3TT: Full house
5KK74: One pair
TK2KJ: One pair
T33KQ: One pair
727J7: Three of a kind
24926: One pair
T8965: High card
58K84: One pair
43T34: Two pair
KK77K: Full house
33663: Full house
Q66J6: Three of a kind
2T222: Four of a kind
Q4QJ4: Two pair
QQ99Q: Full house
9J698: One pair
T99JT: Two pair
8QKKQ: Two pair
AAA48: Three of a kind
7Q4J7: One pair
T7787: Three of a kind
56TT6: Two pair
Q88TT: Two pair
6T98Q: High card
834TK: High card
3QJQQ: Three of a kind
3A833: Three of a kind
JT4Q9: High card
673TT: One pair
T8JA5: High card
28222: Four of a kind
AA4A4: Full house
T9JTT: Three of a kind
8573J: High card
6Q44J: One pair
A4744: Three of a kind
T985J: High card
24J4T: One pair
552K3: One pair
8TT56: One pair
J7Q77: Three of a kind
32333: Four of a kind
KKKJ5: Three of a kind
A44A4: Full house
Q767K: One pair
TJTTT: Four of a kind
TT5TT: Four of a kind
6AA6A: Full house
KK7K6: Three of a kind
46554: Two pair
3333J: Four of a kind
6T666: Four of a kind
KK8JK: Three of a kind
92J3A: High card
9TT2T: Three of a kind
964J6: One pair
TTT99: Full house
JQJQ8: Two pair
JT6T8: One pair
A5Q2T: High card
77QJQ: Two pair
62A37: High card
JJ867: One pair
3QJ39: One pair
2AKKK: Three of a kind
44QQ6: Two pair
4J422: Two pair
79979: Full house
888KJ: Three of a kind
Q4A85: High card
AAQK2: One pair
54646: Two pair
99966: Full house
33833: Four of a kind
Q23T9: High card
34444: Four of a kind
QQKK5: Two pair
TTJ22: Two pair
336A4: One pair
Q2TQ5: One pair
J8K4T: High card
47797: Three of a kind
K72Q9: High card
J3J33: Full house
96A98: One pair
98Q34: High card
6J646: Three of a kind
96946: Two pair
24Q75: High card
6A5Q3: High card
K5KK7: Three of a kind
JTTT5: Three of a kind
5KKQK: Three of a kind
2775Q: One pair
8T58K: One pair
AA5K5: Two pair
7AAAK: Three of a kind
4753K: High card
32335: Three of a kind
T7TT5: Three of a kind
64825: High card
T5T93: One pair
4925J: High card
488A5: One pair
39K9K: Two pair
T77KK: Two pair
K4KT5: One pair
Q746K: High card
JQ6AJ: One pair
5T664: One pair
95995: Full house
85838: Three of a kind
J8KQ3: High card
J97A4: High card
4QQ77: Two pair
T44A6: One pair
556Q6: Two pair
Q6745: High card
TTTT3: Four of a kind
A64QK: High card
QAAQQ: Full house
72222: Four of a kind
A74K3: High card
JK49K: One pair
48884: Full house
Q9979: Three of a kind
888T3: Three of a kind
K788K: Two pair
5A82T: High card
A383Q: One pair
K6966: Three of a kind
K9999: Four of a kind
72774: Three of a kind
8TQ7K: High card
79954: One pair
3Q42K: High card
QQQQ8: Four of a kind
394QQ: One pair
Q758K: High card
72727: Full house
58835: Two pair
32726: One pair
4J4J4: Full house
AJJA9: Two pair
589KK: One pair
7722A: Two pair
97479: Two pair
TTTQJ: Three of a kind
Q66QQ: Full house
T5TJJ: Two pair
T9A6T: One pair
6777A: Three of a kind
22T2T: Full house
7388J: One pair
23758, 24Q75, 24A5J, 267AK, 26T59, 26TK4, 26Q59, 29JTK, 29QJ8, 2T798, 2J95K, 2QJ58, 2AJ49, 34J58, 35274, 35946, 36AK9, 378JQ, 382A7, 385KJ, 38TAJ, 39T4J, 3T586, 3J5K9, 3JA7K, 3Q42K, 3QK2T, 3AT26, 3AT52, 3AK24, 428JT, 43JKA, 452J3, 46Q8T, 4753K, 475TK, 4785K, 48J56, 48QKT, 4925J, 4967K, 4T2Q8, 4T759, 4JK85, 4K39T, 4K8AT, 4A69J, 4A6J5, 4A86Q, 528QK, 5298Q, 54A68, 5649T, 56Q2A, 57J42, 5T8QK, 5Q4T7, 5A6QT, 5A82T, 62A37, 6347A, 6398Q, 64825, 659Q3, 65JQ4, 672Q8, 675K3, 6T2QA, 6T439, 6T98Q, 6TQ54, 6Q3T5, 6Q982, 6QT83, 6K27Q, 6A5Q3, 725T4, 72A8T, 73498, 74T98, 74QKJ, 753QA, 7582K, 7586K, 75JA9, 75Q4A, 78564, 79A8J, 7T98J, 7T9K3, 7J52Q, 7Q34A, 7Q983, 7Q9JK, 7K254, 7K49A, 7KTA6, 7A325, 82T96, 834TK, 83QT5, 84QA9, 85436, 8573J, 87A4K, 892TQ, 8TQ7K, 8TQJK, 8K94Q, 92J3A, 93TJ7, 98Q34, 9T428, 9T42Q, 9TK74, 9Q43K, 9Q765, T2K65, T4635, T573J, T57Q2, T65Q8, T762J, T8965, T8J2A, T8JA5, T985J, TJ52A, TJ746, TQ3K8, TQ43K, TQ58A, TQJ3A, J2467, J3QA7, J4K37, J5K36, J6398, J8K4T, J8KQ3, J96QA, J972T, J97A2, J97A4, JT4Q9, JT728, JQ86T, JQK34, JK5Q2, JA8K4, Q23T9, Q28J6, Q2963, Q379J, Q4A85, Q5A8J, Q6745, Q746K, Q758K, Q79T3, Q8T54, Q9A73, QT345, QT46K, QT5JK, QT79A, QKT95, QA48K, QA572, QA74T, K247Q, K392T, K3Q6T, K3A8Q, K4J87, K5368, K53T7, K56QT, K675Q, K6QJ7, K72Q9, K79JA, K7A3Q, K8456, K84J2, K853T, K97T8, KT859, KT9J4, KA459, KA52J, A29Q6, A2Q5J, A5873, A5967, A5Q2T, A64QK, A68T2, A74K3, A8725, AT6Q4, AT9J3, AJKT8, 224T6, 226K5, 2324Q, 23982, 23Q92, 23A36, 24926, 24J4T, 26494, 27268, 2775Q, 283TT, 2998K, 2J585, 2A8JJ, 32726, 32J5J, 336A4, 338Q7, 34AKA, 35229, 356A6, 358JJ, 368K8, 3699J, 37525, 3793A, 38T43, 3923Q, 394QQ, 39JA3, 39Q44, 3T2K2, 3J23A, 3J673, 3QJ39, 3A9AQ, 423J3, 433JT, 44T2A, 45788, 47876, 488A5, 48K49, 4T922, 4A2AJ, 522QJ, 52J24, 538J8, 53T99, 53KK2, 5465A, 552K3, 559JQ, 5658J, 577A3, 57927, 589KK, 58K84, 59429, 5T664, 5TJT2, 5J996, 5JQ66, 5Q95A, 5KK74, 5KA22, 5A6T6, 62T99, 62K2T, 63878, 6463Q, 6525A, 65QQJ, 66829, 673TT, 676A2, 67K36, 696J8, 6TT48, 6TT94, 6JQ6A, 6Q44J, 6QTT5, 6A269, 6A6Q3, 72T9T, 737Q6, 73832, 7388J, 73T72, 755AQ, 7769K, 78225, 782T7, 79269, 79954, 7T898, 7TK8T, 7J442, 7J736, 7J9KK, 7JQTJ, 7Q4J7, 7A6A9, 7A745, 82J87, 82AA7, 85633, 85J35, 86T58, 8722K, 88JK2, 88Q26, 89492, 899J4, 8T58K, 8T58A, 8TT56, 8J292, 8J7TJ, 8JTTQ, 8JJ4T, 8Q846, 8QQ53, 92284, 92Q95, 933J4, 93653, 93QA3, 959QK, 95Q58, 964J6, 96T7T, 96A98, 98J28, 99J2K, 9J698, 9JAA2, 9K277, 9A2TA, 9A388, 9A9T6, T23TA, T33KQ, T3TAJ, T3J6J, T4233, T44A6, T49TJ, T4Q2T, T4QKK, T4A22, T55J3, T5T93, T5AKA, T6922, T6TQ7, T876T, T9A6T, TJ8J2, TJ949, TQ7JQ, TK2KJ, TA9QQ, TAAJ6, J277K, J3T3A, J4QK4, J557T, J5635, J63J7, J68AJ, J6AA8, J7Q5J, J9QAQ, J9A98, JT6T8, JT7JA, JT822, JTJ67, JTQQ6, JTK2J, JTA88, JJ867, JJK53, JQ2J8, JQ662, JQ6AJ, JK355, JK49K, JK4K8, JK767, JKQQ5, JA556, JA62A, JA9TJ, JAT4J, JAA7K, Q2TQ5, Q3A99, Q5776, Q5866, Q767K, Q76J7, Q7AA2, Q94Q2, Q9T79, QTT47, QTQKJ, QJ86J, QQ864, QQ93J, QQJ5A, QK37K, QKQJA, K2885, K344T, K358K, K4556, K4JA4, K4QJK, K4KT5, K522J, K6K45, K93K5, K9798, KJ88A, KQ3A3, KQK54, KK6Q4, KKQ92, KKA5J, KAK5T, KAA92, A2883, A28J8, A32QQ, A383Q, A5574, A66TJ, A6JQA, A7KA8, A7A8T, A886Q, A9Q7A, AA58J, AAJ45, AAQK2, 2255Q, 22665, 22K4K, 22KK6, 26336, 2929K, 2J72J, 2JQ2Q, 2JA2A, 2A2KA, 2AKAK, 2AA26, 32553, 336QQ, 3388J, 3434Q, 355J3, 36673, 36993, 37322, 37735, 37973, 38223, 39943, 39K9K, 3KAAK, 43553, 43T34, 44229, 44339, 44TAT, 44QQ6, 45A45, 46554, 47Q47, 499J4, 4TT33, 4TT43, 4J422, 4J4AA, 4QQ77, 4KK55, 52952, 52QQ5, 54646, 55449, 556Q6, 55AA9, 56TT6, 575AA, 58835, 5T5JT, 5J7J7, 5J9J5, 5Q5AA, 5K59K, 626JJ, 62TT6, 65657, 668J8, 69559, 69J69, 6J464, 6Q56Q, 6QQ68, 6A6AK, 7722A, 775J5, 778TT, 77QJQ, 787KK, 799JJ, 7TT33, 7J7KK, 7QKQ7, 84483, 85548, 858TT, 8668T, 87668, 877K8, 878JJ, 8844J, 88779, 8T9T8, 8TT33, 8Q8QJ, 8QKKQ, 92294, 92297, 922J9, 92626, 94T9T, 96688, 96946, 97479, 9922A, 996JJ, 996A6, 9JJ33, 9Q7Q9, 9Q8Q8, 9K96K, 9A49A, 9AJ9A, T22KT, T355T, T5TJJ, T66AT, T77KK, T8558, T966T, T9898, T99TK, T99JT, T9T33, TT353, TT494, TT5QQ, TTJ22, TQT2Q, TKATK, J2828, J2K2K, J4455, J4747, J4JKK, J5656, J66JT, J7373, J774J, J8J77, J9797, JJT22, JJT6T, JJK3K, JQJQ8, JAJAQ, Q33AQ, Q3Q53, Q3AA3, Q4QJ4, Q66QA, Q88TT, Q9AQA, QT66T, QQKK5, QKQTK, QA3QA, QAAJQ, K55K6, K5TK5, K66AK, K74K7, K788K, K9QQK, KJ99K, KJK33, KQ33Q, KKJAA, KKQQ2, A5599, A66JA, A77A4, A8A8J, AJ77A, AJJA9, AQA4Q, AKA6K, AA399, AA3J3, AA5K5, AA669, AA886, 222J5, 222J9, 223J2, 22432, 22462, 26665, 27292, 29224, 2TT5T, 2Q228, 2Q2J2, 2QQJQ, 2AJAA, 2AKKK, 32335, 33539, 3353T, 33A23, 33A73, 3444J, 34464, 36J33, 38828, 39K99, 3T5TT, 3T6TT, 3QJQQ, 3K337, 3A833, 444QJ, 45J44, 4644Q, 46454, 4777K, 47797, 4J4T4, 4Q333, 4ATTT, 52922, 52J55, 54595, 54A44, 55475, 555K2, 555K3, 56636, 57477, 5777A, 588Q8, 59399, 5T444, 5Q955, 5K5J5, 5KKQK, 63339, 64777, 64K66, 66986, 669J6, 66J86, 6766J, 6777A, 69Q66, 6J646, 6J777, 72774, 727J7, 75377, 7775J, 777J9, 777AJ, 77879, 77TJ7, 77A47, 79333, 79T77, 7KT77, 7KKKQ, 7AAAK, 85838, 86444, 888T3, 888J3, 888KJ, 888A3, 88J68, 8K848, 92899, 9299J, 96299, 979T9, 9888K, 99279, 9939T, 994J9, 9959J, 996Q9, 999QJ, 99A79, 9TT2T, 9A5AA, T2T4T, T4494, T6663, T6999, T6TTA, T7776, T7787, T7TT5, T99J9, T9JTT, TT3T4, TTT7J, TTT87, TTT8A, TTTQJ, TTKTJ, TTA5T, TQTAT, TQQKQ, TA666, TATKT, J3338, J5535, J5J3J, J7Q77, J88A8, J9969, JTTT5, JQ888, JK777, JKKKQ, JAAA6, Q4QQ5, Q64QQ, Q6646, Q66J6, Q777K, Q7Q6Q, Q8868, Q94QQ, Q9979, Q9T99, QT3TT, QT4QQ, QTQ3Q, QQ5QJ, QQ98Q, QQQA8, QAQQ6, K4QQQ, K5KK7, K6966, KTTT8, KJ333, KJ444, KJK7K, KK3JK, KK7K6, KK8JK, KKJ9K, KKK37, KKK87, KKKJ5, KKAKT, KA777, KA999, KAKK9, A28AA, A33K3, A3JAA, A4744, A888K, A9JAA, AJAKA, AA32A, AAA48, AAA69, AAAQJ, 22233, 22277, 22T2T, 22QQQ, 25225, 28288, 2TT2T, 33322, 33377, 333AA, 33663, 34334, 3T3TT, 42422, 44343, 46646, 48484, 48884, 4TT4T, 4J4J4, 52552, 53353, 54454, 54554, 55656, 55858, 56665, 59595, 66226, 66868, 66J6J, 67676, 67767, 6QQ66, 6AA6A, 72727, 777TT, 78788, 79979, 82822, 87778, 88833, 888KK, 88Q8Q, 89889, 89899, 8QQQ8, 8K8KK, 93339, 93939, 94494, 95995, 96669, 97779, 99222, 99449, 99966, 9T9T9, 9A99A, T333T, T4T44, T5T55, T5T5T, T6TT6, T8T8T, TT888, TTT99, TTKKT, TJJJT, J3J33, J77J7, J88J8, J99J9, JTJTT, JJ222, JJ555, Q222Q, Q333Q, Q4Q44, Q66QQ, Q7Q7Q, Q99Q9, QTTTQ, QTTQQ, QQ555, QQ777, QQ99Q, QAAQQ, K444K, K5KK5, K6KK6, K77K7, KTTKK, KK222, KK77K, KK999, KKK44, A22AA, A44A4, A555A, A6A66, AJAJJ, AJAJA, AKKKA, AKAKA, AA33A, AA4A4, AA55A, AATAT, 2222J, 22232, 22242, 22262, 28222, 2T222, 2Q222, 32333, 3333J, 3333K, 33633, 33733, 33833, 33Q33, 34444, 3A333, 3AAAA, 44644, 44J44, 45555, 48888, 52222, 55553, 555A5, 55755, 56555, 58555, 59555, 5J555, 5Q555, 5AAAA, 6666J, 66696, 666K6, 66766, 6T666, 72222, 72777, 73777, 77677, 78888, 7J777, 87777, 88882, 88883, 88889, 888J8, 8T888, 8AAAA, 92222, 99399, 99996, 9J999, 9Q999, 9AAAA, T2TTT, T7777, TT5TT, TTTT3, TTTT9, TTTQT, TTKTT, TJTTT, JJJ8J, JAAAA, Q4444, Q9QQQ, QQ2QQ, QQ5QQ, QQQJQ, QQQQ6, QQQQ8, QQQQA, QQQKQ, K2KKK, K4444, K7777, K7KKK, K9999, KKQKK, KKKJK, KAKKK, A6AAA, AKAAA, AAAA2, JJJJJ, 
416 * 1
253 * 2
827 * 3
427 * 4
173 * 5
692 * 6
18 * 7
211 * 8
195 * 9
592 * 10
428 * 11
569 * 12
560 * 13
132 * 14
184 * 15
728 * 16
5 * 17
572 * 18
305 * 19
602 * 20
224 * 21
470 * 22
952 * 23
762 * 24
469 * 25
879 * 26
152 * 27
996 * 28
303 * 29
460 * 30
910 * 31
387 * 32
297 * 33
596 * 34
369 * 35
461 * 36
949 * 37
604 * 38
742 * 39
127 * 40
564 * 41
878 * 42
745 * 43
463 * 44
775 * 45
324 * 46
998 * 47
178 * 48
495 * 49
141 * 50
160 * 51
930 * 52
655 * 53
148 * 54
437 * 55
301 * 56
19 * 57
800 * 58
662 * 59
700 * 60
701 * 61
578 * 62
16 * 63
293 * 64
499 * 65
168 * 66
471 * 67
248 * 68
963 * 69
516 * 70
376 * 71
415 * 72
221 * 73
966 * 74
939 * 75
404 * 76
836 * 77
791 * 78
967 * 79
170 * 80
261 * 81
570 * 82
973 * 83
839 * 84
838 * 85
850 * 86
992 * 87
831 * 88
84 * 89
698 * 90
185 * 91
417 * 92
97 * 93
454 * 94
945 * 95
760 * 96
750 * 97
950 * 98
393 * 99
366 * 100
832 * 101
229 * 102
926 * 103
753 * 104
734 * 105
378 * 106
585 * 107
656 * 108
691 * 109
33 * 110
721 * 111
109 * 112
502 * 113
485 * 114
704 * 115
46 * 116
566 * 117
536 * 118
744 * 119
790 * 120
519 * 121
576 * 122
901 * 123
288 * 124
266 * 125
338 * 126
440 * 127
299 * 128
654 * 129
90 * 130
743 * 131
581 * 132
449 * 133
296 * 134
988 * 135
386 * 136
117 * 137
392 * 138
809 * 139
817 * 140
628 * 141
120 * 142
312 * 143
891 * 144
323 * 145
511 * 146
801 * 147
78 * 148
328 * 149
580 * 150
351 * 151
350 * 152
899 * 153
837 * 154
759 * 155
238 * 156
617 * 157
65 * 158
137 * 159
558 * 160
855 * 161
343 * 162
496 * 163
493 * 164
906 * 165
726 * 166
425 * 167
714 * 168
537 * 169
755 * 170
740 * 171
375 * 172
60 * 173
528 * 174
769 * 175
491 * 176
587 * 177
797 * 178
688 * 179
696 * 180
665 * 181
718 * 182
444 * 183
239 * 184
100 * 185
391 * 186
732 * 187
155 * 188
960 * 189
13 * 190
651 * 191
756 * 192
37 * 193
985 * 194
478 * 195
977 * 196
723 * 197
890 * 198
121 * 199
531 * 200
902 * 201
447 * 202
940 * 203
213 * 204
17 * 205
220 * 206
997 * 207
322 * 208
909 * 209
114 * 210
8 * 211
408 * 212
289 * 213
649 * 214
334 * 215
673 * 216
991 * 217
562 * 218
545 * 219
953 * 220
682 * 221
412 * 222
551 * 223
30 * 224
957 * 225
295 * 226
12 * 227
474 * 228
130 * 229
346 * 230
856 * 231
532 * 232
108 * 233
475 * 234
663 * 235
941 * 236
207 * 237
68 * 238
872 * 239
550 * 240
609 * 241
621 * 242
409 * 243
276 * 244
59 * 245
757 * 246
75 * 247
115 * 248
36 * 249
556 * 250
277 * 251
515 * 252
517 * 253
746 * 254
70 * 255
804 * 256
819 * 257
739 * 258
526 * 259
766 * 260
686 * 261
462 * 262
418 * 263
807 * 264
200 * 265
377 * 266
849 * 267
942 * 268
904 * 269
522 * 270
565 * 271
876 * 272
993 * 273
482 * 274
648 * 275
215 * 276
508 * 277
413 * 278
149 * 279
754 * 280
694 * 281
974 * 282
218 * 283
487 * 284
196 * 285
363 * 286
339 * 287
623 * 288
188 * 289
186 * 290
908 * 291
247 * 292
128 * 293
868 * 294
402 * 295
365 * 296
453 * 297
823 * 298
501 * 299
664 * 300
190 * 301
242 * 302
206 * 303
484 * 304
641 * 305
399 * 306
636 * 307
640 * 308
285 * 309
270 * 310
716 * 311
439 * 312
156 * 313
48 * 314
978 * 315
63 * 316
994 * 317
529 * 318
53 * 319
975 * 320
811 * 321
401 * 322
798 * 323
222 * 324
349 * 325
541 * 326
892 * 327
310 * 328
725 * 329
702 * 330
320 * 331
593 * 332
833 * 333
348 * 334
240 * 335
938 * 336
4 * 337
55 * 338
548 * 339
503 * 340
403 * 341
243 * 342
300 * 343
483 * 344
779 * 345
282 * 346
95 * 347
969 * 348
947 * 349
169 * 350
143 * 351
498 * 352
274 * 353
984 * 354
637 * 355
367 * 356
903 * 357
193 * 358
256 * 359
736 * 360
104 * 361
82 * 362
473 * 363
983 * 364
154 * 365
577 * 366
860 * 367
337 * 368
510 * 369
633 * 370
674 * 371
88 * 372
226 * 373
793 * 374
717 * 375
194 * 376
382 * 377
446 * 378
398 * 379
789 * 380
22 * 381
191 * 382
245 * 383
733 * 384
735 * 385
286 * 386
389 * 387
925 * 388
58 * 389
171 * 390
535 * 391
826 * 392
164 * 393
583 * 394
468 * 395
405 * 396
91 * 397
703 * 398
345 * 399
574 * 400
730 * 401
347 * 402
525 * 403
38 * 404
129 * 405
861 * 406
138 * 407
599 * 408
79 * 409
813 * 410
524 * 411
748 * 412
802 * 413
840 * 414
675 * 415
435 * 416
776 * 417
144 * 418
507 * 419
821 * 420
124 * 421
563 * 422
57 * 423
639 * 424
262 * 425
420 * 426
308 * 427
209 * 428
67 * 429
660 * 430
549 * 431
586 * 432
918 * 433
575 * 434
326 * 435
251 * 436
894 * 437
818 * 438
452 * 439
167 * 440
181 * 441
557 * 442
590 * 443
368 * 444
252 * 445
731 * 446
659 * 447
492 * 448
291 * 449
933 * 450
866 * 451
52 * 452
86 * 453
103 * 454
870 * 455
306 * 456
594 * 457
424 * 458
884 * 459
619 * 460
509 * 461
436 * 462
77 * 463
738 * 464
825 * 465
715 * 466
331 * 467
219 * 468
341 * 469
329 * 470
287 * 471
455 * 472
782 * 473
197 * 474
23 * 475
62 * 476
584 * 477
980 * 478
885 * 479
175 * 480
724 * 481
327 * 482
666 * 483
873 * 484
179 * 485
862 * 486
650 * 487
979 * 488
829 * 489
426 * 490
954 * 491
591 * 492
146 * 493
595 * 494
897 * 495
458 * 496
232 * 497
472 * 498
589 * 499
857 * 500
225 * 501
237 * 502
359 * 503
20 * 504
71 * 505
233 * 506
697 * 507
313 * 508
652 * 509
567 * 510
848 * 511
970 * 512
598 * 513
332 * 514
254 * 515
304 * 516
397 * 517
165 * 518
923 * 519
706 * 520
290 * 521
6 * 522
81 * 523
10 * 524
504 * 525
812 * 526
166 * 527
140 * 528
677 * 529
670 * 530
720 * 531
644 * 532
431 * 533
822 * 534
192 * 535
615 * 536
843 * 537
895 * 538
316 * 539
1000 * 540
893 * 541
795 * 542
69 * 543
774 * 544
27 * 545
40 * 546
235 * 547
863 * 548
430 * 549
357 * 550
661 * 551
787 * 552
278 * 553
881 * 554
414 * 555
676 * 556
102 * 557
158 * 558
722 * 559
319 * 560
711 * 561
159 * 562
384 * 563
616 * 564
457 * 565
844 * 566
709 * 567
645 * 568
480 * 569
777 * 570
202 * 571
32 * 572
317 * 573
344 * 574
533 * 575
241 * 576
912 * 577
806 * 578
477 * 579
353 * 580
968 * 581
520 * 582
772 * 583
187 * 584
796 * 585
176 * 586
66 * 587
445 * 588
685 * 589
51 * 590
355 * 591
394 * 592
707 * 593
411 * 594
761 * 595
611 * 596
976 * 597
135 * 598
421 * 599
852 * 600
936 * 601
98 * 602
335 * 603
494 * 604
810 * 605
513 * 606
635 * 607
785 * 608
778 * 609
921 * 610
228 * 611
712 * 612
972 * 613
271 * 614
638 * 615
530 * 616
29 * 617
131 * 618
989 * 619
122 * 620
964 * 621
835 * 622
61 * 623
356 * 624
372 * 625
24 * 626
443 * 627
43 * 628
429 * 629
265 * 630
606 * 631
568 * 632
273 * 633
781 * 634
859 * 635
625 * 636
230 * 637
858 * 638
153 * 639
934 * 640
900 * 641
799 * 642
773 * 643
325 * 644
871 * 645
693 * 646
481 * 647
223 * 648
867 * 649
479 * 650
948 * 651
93 * 652
309 * 653
719 * 654
15 * 655
210 * 656
390 * 657
815 * 658
786 * 659
554 * 660
523 * 661
534 * 662
605 * 663
464 * 664
83 * 665
217 * 666
441 * 667
751 * 668
249 * 669
816 * 670
361 * 671
571 * 672
147 * 673
459 * 674
514 * 675
521 * 676
842 * 677
333 * 678
961 * 679
118 * 680
865 * 681
630 * 682
547 * 683
971 * 684
352 * 685
434 * 686
272 * 687
364 * 688
956 * 689
26 * 690
64 * 691
34 * 692
423 * 693
887 * 694
518 * 695
629 * 696
689 * 697
3 * 698
601 * 699
614 * 700
280 * 701
257 * 702
710 * 703
125 * 704
512 * 705
794 * 706
314 * 707
803 * 708
784 * 709
889 * 710
959 * 711
763 * 712
268 * 713
854 * 714
379 * 715
21 * 716
907 * 717
626 * 718
608 * 719
318 * 720
183 * 721
588 * 722
687 * 723
922 * 724
381 * 725
123 * 726
383 * 727
448 * 728
658 * 729
371 * 730
400 * 731
727 * 732
642 * 733
465 * 734
603 * 735
139 * 736
161 * 737
298 * 738
145 * 739
792 * 740
543 * 741
814 * 742
9 * 743
747 * 744
847 * 745
373 * 746
212 * 747
946 * 748
914 * 749
931 * 750
657 * 751
406 * 752
995 * 753
647 * 754
653 * 755
198 * 756
385 * 757
44 * 758
729 * 759
764 * 760
234 * 761
927 * 762
231 * 763
552 * 764
874 * 765
618 * 766
113 * 767
302 * 768
244 * 769
42 * 770
864 * 771
981 * 772
820 * 773
267 * 774
466 * 775
898 * 776
246 * 777
342 * 778
204 * 779
546 * 780
119 * 781
553 * 782
275 * 783
915 * 784
94 * 785
74 * 786
597 * 787
853 * 788
25 * 789
668 * 790
151 * 791
264 * 792
442 * 793
410 * 794
555 * 795
869 * 796
263 * 797
105 * 798
845 * 799
905 * 800
157 * 801
713 * 802
39 * 803
690 * 804
284 * 805
986 * 806
542 * 807
877 * 808
467 * 809
311 * 810
752 * 811
579 * 812
965 * 813
180 * 814
582 * 815
41 * 816
259 * 817
236 * 818
45 * 819
788 * 820
11 * 821
56 * 822
708 * 823
741 * 824
142 * 825
107 * 826
208 * 827
14 * 828
987 * 829
360 * 830
928 * 831
134 * 832
201 * 833
490 * 834
432 * 835
163 * 836
92 * 837
451 * 838
646 * 839
937 * 840
419 * 841
962 * 842
189 * 843
489 * 844
935 * 845
695 * 846
851 * 847
85 * 848
841 * 849
919 * 850
767 * 851
407 * 852
610 * 853
396 * 854
336 * 855
770 * 856
808 * 857
174 * 858
182 * 859
886 * 860
669 * 861
172 * 862
250 * 863
830 * 864
932 * 865
203 * 866
28 * 867
354 * 868
561 * 869
943 * 870
1 * 871
76 * 872
573 * 873
35 * 874
999 * 875
559 * 876
780 * 877
681 * 878
643 * 879
824 * 880
136 * 881
944 * 882
370 * 883
896 * 884
258 * 885
958 * 886
456 * 887
749 * 888
177 * 889
846 * 890
671 * 891
540 * 892
684 * 893
888 * 894
433 * 895
260 * 896
112 * 897
828 * 898
150 * 899
768 * 900
374 * 901
875 * 902
880 * 903
506 * 904
111 * 905
683 * 906
89 * 907
911 * 908
294 * 909
283 * 910
620 * 911
321 * 912
765 * 913
281 * 914
631 * 915
882 * 916
279 * 917
920 * 918
476 * 919
758 * 920
438 * 921
87 * 922
162 * 923
362 * 924
47 * 925
50 * 926
538 * 927
607 * 928
380 * 929
292 * 930
699 * 931
73 * 932
783 * 933
488 * 934
624 * 935
269 * 936
505 * 937
622 * 938
737 * 939
110 * 940
31 * 941
612 * 942
49 * 943
330 * 944
679 * 945
955 * 946
2 * 947
678 * 948
99 * 949
834 * 950
116 * 951
667 * 952
990 * 953
199 * 954
106 * 955
771 * 956
214 * 957
982 * 958
951 * 959
805 * 960
929 * 961
627 * 962
80 * 963
527 * 964
315 * 965
913 * 966
255 * 967
126 * 968
133 * 969
600 * 970
705 * 971
613 * 972
883 * 973
395 * 974
340 * 975
422 * 976
632 * 977
450 * 978
96 * 979
917 * 980
216 * 981
672 * 982
388 * 983
500 * 984
54 * 985
539 * 986
544 * 987
680 * 988
7 * 989
924 * 990
916 * 991
205 * 992
634 * 993
72 * 994
497 * 995
486 * 996
307 * 997
101 * 998
227 * 999
358 * 1000
Total Winnings: 248396258

-------------------<          PART TWO          >-------------------

Total time: 721ms

~=~=~=~=~=~=~=~=~=~<         END OF LOG         >~=~=~=~=~=~=~=~=~=~
