~=~=~=~=~=~=~=~=~=~< Advent of Code 2016: Day 2 >~=~=~=~=~=~=~=~=~=~
-------------------<  11-12-2023; 15-45-57-794  >-------------------

-------------------<          PART ONE          >-------------------
Line: ULL
Move: U
Move: L
Move: L
Valid pos: (0, 2)
Valid result: 4
Line: RRDDD
Move: R
Move: R
Move: D
Move: D
Move: D
Valid pos: (2, 0)
Valid result: 42
Line: LURDL
Move: L
Move: U
Move: R
Move: D
Move: L
Valid pos: (1, 0)
Valid result: 421
Line: UUUUD
Move: U
Move: U
Move: U
Move: U
Move: D
Valid pos: (1, 1)
Valid result: 4213
4213

-------------------<          PART TWO          >-------------------

Total time: 26ms

~=~=~=~=~=~=~=~=~=~<         END OF LOG         >~=~=~=~=~=~=~=~=~=~
