~=~=~=~=~=~=~=~=~=~< Advent of Code 2016: Day 2 >~=~=~=~=~=~=~=~=~=~
-------------------<  11-12-2023; 16-09-57-324  >-------------------

-------------------<          PART ONE          >-------------------
Line: ULL
Move: U
Char valid at: (1, 1)
Move: L
Char valid at: (1, 1)
Move: L
Char ignored at: (1, 1)
End of line pos: (1, 1)
End of line result: 1

Line: RRDDD
Move: R
Char valid at: (1, 1)
Move: R
Char valid at: (1, 1)
Move: D
Char valid at: (1, 1)
Move: D
Char valid at: (1, 1)
Move: D
Char ignored at: (1, 1)
End of line pos: (1, 1)
End of line result: 19

Line: LURDL
Move: L
Char valid at: (1, 1)
Move: U
Char valid at: (1, 1)
Move: R
Char valid at: (1, 1)
Move: D
Char valid at: (1, 1)
Move: L
Char valid at: (1, 1)
End of line pos: (1, 1)
End of line result: 198

Line: UUUUD
Move: U
Char valid at: (1, 1)
Move: U
Char valid at: (1, 1)
Move: U
Char ignored at: (1, 1)
Move: U
Char ignored at: (1, 1)
Move: D
Char valid at: (1, 1)
End of line pos: (1, 1)
End of line result: 1985

Bathroom code: 1985

-------------------<          PART TWO          >-------------------

Total time: 36ms

~=~=~=~=~=~=~=~=~=~<         END OF LOG         >~=~=~=~=~=~=~=~=~=~
