~=~=~=~=~=~=~=~=~=~< Advent of Code 2016: Day 2 >~=~=~=~=~=~=~=~=~=~
-------------------<  11-12-2023; 15-47-20-829  >-------------------

-------------------<          PART ONE          >-------------------
Line: ULL
Move: U
Move: L
Move: L
End of line pos: (0, 2)
End of line result: 4
Line: RRDDD
Move: R
Move: R
Move: D
Move: D
Move: D
End of line pos: (2, 0)
End of line result: 42
Line: LURDL
Move: L
Move: U
Move: R
Move: D
Move: L
End of line pos: (1, 0)
End of line result: 421
Line: UUUUD
Move: U
Move: U
Move: U
Move: U
Move: D
End of line pos: (1, 1)
End of line result: 4213
4213

-------------------<          PART TWO          >-------------------

Total time: 28ms

~=~=~=~=~=~=~=~=~=~<         END OF LOG         >~=~=~=~=~=~=~=~=~=~
