~=~=~=~=~=~=~=~=~=~< Advent of Code 2016: Day 2 >~=~=~=~=~=~=~=~=~=~
-------------------<  11-12-2023; 16-47-39-840  >-------------------

-------------------<          PART ONE          >-------------------
Line: DULUDRDDDRLUDURUUULRRRURDRDULRUDDUDRULUDDUDRLDULRRLRDRUDUUULUUDLRURDUDDDDRDLLLLULRDLDRDLRLULRUURDDUULUDLRURRDDRDDRDDLDRDLLUURDRUULRRURURRDLRLLLUDULULULULUDRLLRUDUURLDRLRLRDRRDRLLLDURRDULDURDDRLURRDURLRRRLDLLLDRUUURLRDLDLLLLRDURRLDLULRLDDLDLURLRRDDRUDDUULRURRUDLRDLDUURDDDDRLRURUDULUDLRRLLLLLRDRURLLDLDULUUDLUDDDRLLDRRUDLLURRUUDDRRLLRRLDDDURLDRDRLURRRRDRRRDDUDULULDURRUUURRRDULUUUDDRULDRLLRDLDURLURRLLRUUUULRDURLLDDRLLDLRLRULUUDRURUDLLURUDDRDURLRDRRRDURLDDRDRLRLLURULUUULUDDDULDLRDDDRDLLRRLDRDULLUUUDLDDLDDDLLLLLLLDUDURURDURDRUURRRDDRDUDLULDURDUDURDDDRULDURURURRLURLURLUURLULDLLRUULURDDRLRDDLRDLRRR
End of line pos: (2, 2)
End of line result: 9

Line: LUURLRUDRRUDLLDLUDDURULURLUUDUUDDRLUULRDUDDUULDUUDRURDDRRDRLULLRDRDLRLLUURRUULRLDRULUDLDUUDDDRDDLRDLULDRLDUULDLRDLLLDLDLRDUULUDURRULLRLDUDRLLLULUUUULUUDUUURRRDULLUURUDRRLDURRUULDRDULDUDRDUUULUUDDRLUDRLDLDRUUURDLDUDRUDUURLLRRLRLLRRLDULDDULUDUUURULDDUDUDRURRDLULRUDDURDLDLLRRRLDRLULLLRUULDUDLUUDURRLLLRLUDURRDDLDRDDDLURDLDRRUDUDLUDULULRUUUDLUURLLRLDDLURULDURDLRRDDDDURLDDLLDDULLLRLDLDULDUUDDRLDUURDDLDLUUDULRRLRLUURURUURLRLURUURLDRUURLLRDDUUUDULUDDDRDRLDRDRRLRLDULLRRUDLURULULRDRURURLULDUDLRURLRDDRULDDLRD
End of line pos: (1, 2)
End of line result: 98

Line: LUDRULUULRRDDDDRRDUURUDDRLDDLDRDURRURULRDLDLDUUDRRDUUDUDLLLRRLDUDDRLDDLRRLRDRLUDLULUDDUUDULDUUULUDLDDURLDURUDLDRUUDRLRRLDLDDULDUUDDLDDLLURDRLRUURDDRUDDUDLDRRLRUDRUULRRRLRULULURDLRRURDRLRULDDDRDUULLURUUUURUDDLRRRRRDURLULDLUULUDRRUDUDRRDDRURDURLRLUDDLDLRRULUDLDDRLDDLDDDLLLLRDLLUULDDLULDLDRDDUDLURUDLDLDDRRUUDDDLRLLLDRRDDDUURDUDURUURRDRLLDUDLDUULLDLDLLUULLRRULDLDRURLDULDRUURDURRURDLRDLLLDRRUDRUUDRURLUDDRURLDURRDLUUDLUUDULLLDDDDRRDLLLDLURULDDRDLUUURRDRRUUDDUL
End of line pos: (1, 1)
End of line result: 985

Line: DUUULDUDDDURLLULDDLLUDURLLLURULULURUURDRURLRULLLLDRDDULRRDRRLLLRDDDUULLRRURRULLDDURRRLRDDLULDULLDUDLURRDLDDLURDLRLLDRURLLRLLRRRDRRRURURUUDDLLDDLDDDLRLURUUUULRDLUDDDURLLDDRLDRRLLUDUUULRLLDRRRLRUUDLDUULRLUDRULLLLDUDLLUUDDRUURLURUDRDDDLRURUDRLULLULUUDLDURDULRRDRLDURUULRDRRRDRDRRLRLRDDUULLRDLDURDDDULURRLULDDURDURDDUDURDLLUUULUDULRDDLDRDRUDLLUURDLRDURURULURULLDRLLRRULDLULULDLULRURLRRLUDLLLRLUDLURLULDULDRLLLDLDDDDRDRLRRLRDULUUDULDDLDURDLLLDDDDLLUURRDURLDLUDDLULRUUUDDRRLDLLLRDLLDRRRDDLULLURDDRRRRLDLRLLLRL
End of line pos: (0, 2)
End of line result: 9857

Line: LULLRRDURRLDUUDRRURLURURRRLRDRUULUULURLLURRDRULRDURDDDDUULLLLDUULDLULURDRLDLULULDRLLDLLRLRULURUDRUUDULRULLLUDRULUDRLLUDLDRRDRUUURURLRDURDRLRDDDURLURRDLRUUUDUURULULDLUULRDLRRRDRDRLLLDLRRDRLLDDULDRUDRRLULLRDLDUDDULRDDLULRURULRLLLULDLLLLRDLDRURUDUURURLDRLUULLDUDULUDDDULUDLRUDDUDLULLUULUUURULURRULRDDURDDLURLRRDRDLDULRLRDRRRULRDDDRLLDDDDRRRRDRDLULUURDURULDLRDULDUDLDURUDLUDLUDDDUDURDURDDURLLRUDUURRRUDRRRRULLLLDDDLUULLUULRRRULDLURDLULRULDRLR
End of line pos: (1, 1)
End of line result: 98575

Bathroom code: 98575

-------------------<          PART TWO          >-------------------
Line: ULL
Move: U
Move ignored to: (0, 1)
Move: L
Move ignored to: (-1, 2)
Move: L
Move ignored to: (-1, 2)
End of line pos: (0, 2)
End of line result: 5

Line: RRDDD
Move: R
Move valid to: (1, 2)
Move: R
Move valid to: (2, 2)
Move: D
Move valid to: (2, 3)
Move: D
Move valid to: (2, 4)
Move: D
Move ignored to: (2, 5)
End of line pos: (2, 4)
End of line result: 51

Line: LURDL
Move: L
Move ignored to: (1, 4)
Move: U
Move valid to: (2, 3)
Move: R
Move valid to: (3, 3)
Move: D
Move ignored to: (3, 4)
Move: L
Move valid to: (2, 3)
End of line pos: (2, 3)
End of line result: 513

Line: UUUUD
Move: U
Move valid to: (2, 2)
Move: U
Move valid to: (2, 1)
Move: U
Move valid to: (2, 0)
Move: U
Move ignored to: (2, -1)
Move: D
Move valid to: (2, 1)
End of line pos: (2, 1)
End of line result: 513B

Bathroom code: 513B

Total time: 23ms

~=~=~=~=~=~=~=~=~=~<         END OF LOG         >~=~=~=~=~=~=~=~=~=~
