~=~=~=~=~=~=~=~=~=~< Advent of Code 2016: Day 2 >~=~=~=~=~=~=~=~=~=~
-------------------<  11-12-2023; 16-24-00-065  >-------------------

-------------------<          PART ONE          >-------------------
Line: DULUDRDDDRLUDURUUULRRRURDRDULRUDDUDRULUDDUDRLDULRRLRDRUDUUULUUDLRURDUDDDDRDLLLLULRDLDRDLRLULRUURDDUULUDLRURRDDRDDRDDLDRDLLUURDRUULRRURURRDLRLLLUDULULULULUDRLLRUDUURLDRLRLRDRRDRLLLDURRDULDURDDRLURRDURLRRRLDLLLDRUUURLRDLDLLLLRDURRLDLULRLDDLDLURLRRDDRUDDUULRURRUDLRDLDUURDDDDRLRURUDULUDLRRLLLLLRDRURLLDLDULUUDLUDDDRLLDRRUDLLURRUUDDRRLLRRLDDDURLDRDRLURRRRDRRRDDUDULULDURRUUURRRDULUUUDDRULDRLLRDLDURLURRLLRUUUULRDURLLDDRLLDLRLRULUUDRURUDLLURUDDRDURLRDRRRDURLDDRDRLRLLURULUUULUDDDULDLRDDDRDLLRRLDRDULLUUUDLDDLDDDLLLLLLLDUDURURDURDRUURRRDDRDUDLULDURDUDURDDDRULDURURURRLURLURLUURLULDLLRUULURDDRLRDDLRDLRRR
End of line pos: (2, 2)
End of line result: 9

Line: LUURLRUDRRUDLLDLUDDURULURLUUDUUDDRLUULRDUDDUULDUUDRURDDRRDRLULLRDRDLRLLUURRUULRLDRULUDLDUUDDDRDDLRDLULDRLDUULDLRDLLLDLDLRDUULUDURRULLRLDUDRLLLULUUUULUUDUUURRRDULLUURUDRRLDURRUULDRDULDUDRDUUULUUDDRLUDRLDLDRUUURDLDUDRUDUURLLRRLRLLRRLDULDDULUDUUURULDDUDUDRURRDLULRUDDURDLDLLRRRLDRLULLLRUULDUDLUUDURRLLLRLUDURRDDLDRDDDLURDLDRRUDUDLUDULULRUUUDLUURLLRLDDLURULDURDLRRDDDDURLDDLLDDULLLRLDLDULDUUDDRLDUURDDLDLUUDULRRLRLUURURUURLRLURUURLDRUURLLRDDUUUDULUDDDRDRLDRDRRLRLDULLRRUDLURULULRDRURURLULDUDLRURLRDDRULDDLRD
End of line pos: (1, 2)
End of line result: 98

Line: LUDRULUULRRDDDDRRDUURUDDRLDDLDRDURRURULRDLDLDUUDRRDUUDUDLLLRRLDUDDRLDDLRRLRDRLUDLULUDDUUDULDUUULUDLDDURLDURUDLDRUUDRLRRLDLDDULDUUDDLDDLLURDRLRUURDDRUDDUDLDRRLRUDRUULRRRLRULULURDLRRURDRLRULDDDRDUULLURUUUURUDDLRRRRRDURLULDLUULUDRRUDUDRRDDRURDURLRLUDDLDLRRULUDLDDRLDDLDDDLLLLRDLLUULDDLULDLDRDDUDLURUDLDLDDRRUUDDDLRLLLDRRDDDUURDUDURUURRDRLLDUDLDUULLDLDLLUULLRRULDLDRURLDULDRUURDURRURDLRDLLLDRRUDRUUDRURLUDDRURLDURRDLUUDLUUDULLLDDDDRRDLLLDLURULDDRDLUUURRDRRUUDDUL
End of line pos: (1, 1)
End of line result: 985

Line: DUUULDUDDDURLLULDDLLUDURLLLURULULURUURDRURLRULLLLDRDDULRRDRRLLLRDDDUULLRRURRULLDDURRRLRDDLULDULLDUDLURRDLDDLURDLRLLDRURLLRLLRRRDRRRURURUUDDLLDDLDDDLRLURUUUULRDLUDDDURLLDDRLDRRLLUDUUULRLLDRRRLRUUDLDUULRLUDRULLLLDUDLLUUDDRUURLURUDRDDDLRURUDRLULLULUUDLDURDULRRDRLDURUULRDRRRDRDRRLRLRDDUULLRDLDURDDDULURRLULDDURDURDDUDURDLLUUULUDULRDDLDRDRUDLLUURDLRDURURULURULLDRLLRRULDLULULDLULRURLRRLUDLLLRLUDLURLULDULDRLLLDLDDDDRDRLRRLRDULUUDULDDLDURDLLLDDDDLLUURRDURLDLUDDLULRUUUDDRRLDLLLRDLLDRRRDDLULLURDDRRRRLDLRLLLRL
End of line pos: (0, 2)
End of line result: 9857

Line: LULLRRDURRLDUUDRRURLURURRRLRDRUULUULURLLURRDRULRDURDDDDUULLLLDUULDLULURDRLDLULULDRLLDLLRLRULURUDRUUDULRULLLUDRULUDRLLUDLDRRDRUUURURLRDURDRLRDDDURLURRDLRUUUDUURULULDLUULRDLRRRDRDRLLLDLRRDRLLDDULDRUDRRLULLRDLDUDDULRDDLULRURULRLLLULDLLLLRDLDRURUDUURURLDRLUULLDUDULUDDDULUDLRUDDUDLULLUULUUURULURRULRDDURDDLURLRRDRDLDULRLRDRRRULRDDDRLLDDDDRRRRDRDLULUURDURULDLRDULDUDLDURUDLUDLUDDDUDURDURDDURLLRUDUURRRUDRRRRULLLLDDDLUULLUULRRRULDLURDLULRULDRLR
End of line pos: (1, 1)
End of line result: 98575

Bathroom code: 98575

-------------------<          PART TWO          >-------------------
Distance from (2, 0) to (2,2): 2.0
Line: ULL
Distance from (0, -1) to (2,2): 3.605551275463989
Distance from (-1, -1) to (2,2): 4.242640687119285
Distance from (-2, -1) to (2,2): 5.0
End of line pos: (-2, -1)
End of line result: -4

Line: RRDDD
Distance from (-1, -1) to (2,2): 4.242640687119285
Distance from (0, -1) to (2,2): 3.605551275463989
Distance from (0, 0) to (2,2): 2.8284271247461903
Distance from (0, 1) to (2,2): 2.23606797749979
Distance from (0, 2) to (2,2): 2.0
End of line pos: (0, 1)
End of line result: -44

Line: LURDL
Distance from (-1, 1) to (2,2): 3.1622776601683795
Distance from (-1, 0) to (2,2): 3.605551275463989
Distance from (0, 0) to (2,2): 2.8284271247461903
Distance from (0, 1) to (2,2): 2.23606797749979
Distance from (-1, 1) to (2,2): 3.1622776601683795
End of line pos: (-1, 1)
End of line result: -443

Line: UUUUD
Distance from (-1, 0) to (2,2): 3.605551275463989
Distance from (-1, -1) to (2,2): 4.242640687119285
Distance from (-1, -2) to (2,2): 5.0
Distance from (-1, -3) to (2,2): 5.830951894845301
Distance from (-1, -2) to (2,2): 5.0
End of line pos: (-1, -2)
End of line result: -443-6

Bathroom code: -443-6

Total time: 41ms

~=~=~=~=~=~=~=~=~=~<         END OF LOG         >~=~=~=~=~=~=~=~=~=~
