~=~=~=~=~=~=~=~=~=~< Advent of Code 2016: Day 2 >~=~=~=~=~=~=~=~=~=~
-------------------<  11-12-2023; 16-09-53-148  >-------------------

-------------------<          PART ONE          >-------------------
Line: ULL
Move: U
Char ignored at: (1, 1)
Move: L
Char ignored at: (1, 1)
Move: L
Char ignored at: (1, 1)
End of line pos: (1, 1)
End of line result: 1

Line: RRDDD
Move: R
Char valid at: (1, 1)
Move: R
Char valid at: (1, 1)
Move: D
Char valid at: (1, 1)
Move: D
Char valid at: (1, 1)
Move: D
Char ignored at: (1, 1)
End of line pos: (1, 1)
End of line result: 11

Line: LURDL
Move: L
Char ignored at: (1, 1)
Move: U
Char ignored at: (1, 1)
Move: R
Char valid at: (1, 1)
Move: D
Char valid at: (1, 1)
Move: L
Char valid at: (1, 1)
End of line pos: (1, 1)
End of line result: 114

Line: UUUUD
Move: U
Char valid at: (1, 1)
Move: U
Char ignored at: (1, 1)
Move: U
Char ignored at: (1, 1)
Move: U
Char ignored at: (1, 1)
Move: D
Char valid at: (1, 1)
End of line pos: (1, 1)
End of line result: 1144

Bathroom code: 1144

-------------------<          PART TWO          >-------------------

Total time: 60ms

~=~=~=~=~=~=~=~=~=~<         END OF LOG         >~=~=~=~=~=~=~=~=~=~
