~=~=~=~=~=~=~=~=~=~< Advent of Code 2016: Day 2 >~=~=~=~=~=~=~=~=~=~
-------------------<  11-12-2023; 16-10-19-989  >-------------------

-------------------<          PART ONE          >-------------------
Line: ULL
Move ignored at: (1, 1)
End of line pos: (1, 1)
End of line result: 1

Line: RRDDD
Move ignored at: (1, 1)
End of line pos: (1, 1)
End of line result: 19

Line: LURDL
End of line pos: (1, 1)
End of line result: 198

Line: UUUUD
Move ignored at: (1, 1)
Move ignored at: (1, 1)
End of line pos: (1, 1)
End of line result: 1985

Bathroom code: 1985

-------------------<          PART TWO          >-------------------

Total time: 24ms

~=~=~=~=~=~=~=~=~=~<         END OF LOG         >~=~=~=~=~=~=~=~=~=~
