~=~=~=~=~=~=~=~=~=~< Advent of Code 2016: Day 2 >~=~=~=~=~=~=~=~=~=~
-------------------<  11-12-2023; 16-27-04-351  >-------------------

-------------------<          PART ONE          >-------------------
Line: DULUDRDDDRLUDURUUULRRRURDRDULRUDDUDRULUDDUDRLDULRRLRDRUDUUULUUDLRURDUDDDDRDLLLLULRDLDRDLRLULRUURDDUULUDLRURRDDRDDRDDLDRDLLUURDRUULRRURURRDLRLLLUDULULULULUDRLLRUDUURLDRLRLRDRRDRLLLDURRDULDURDDRLURRDURLRRRLDLLLDRUUURLRDLDLLLLRDURRLDLULRLDDLDLURLRRDDRUDDUULRURRUDLRDLDUURDDDDRLRURUDULUDLRRLLLLLRDRURLLDLDULUUDLUDDDRLLDRRUDLLURRUUDDRRLLRRLDDDURLDRDRLURRRRDRRRDDUDULULDURRUUURRRDULUUUDDRULDRLLRDLDURLURRLLRUUUULRDURLLDDRLLDLRLRULUUDRURUDLLURUDDRDURLRDRRRDURLDDRDRLRLLURULUUULUDDDULDLRDDDRDLLRRLDRDULLUUUDLDDLDDDLLLLLLLDUDURURDURDRUURRRDDRDUDLULDURDUDURDDDRULDURURURRLURLURLUURLULDLLRUULURDDRLRDDLRDLRRR
End of line pos: (2, 2)
End of line result: 9

Line: LUURLRUDRRUDLLDLUDDURULURLUUDUUDDRLUULRDUDDUULDUUDRURDDRRDRLULLRDRDLRLLUURRUULRLDRULUDLDUUDDDRDDLRDLULDRLDUULDLRDLLLDLDLRDUULUDURRULLRLDUDRLLLULUUUULUUDUUURRRDULLUURUDRRLDURRUULDRDULDUDRDUUULUUDDRLUDRLDLDRUUURDLDUDRUDUURLLRRLRLLRRLDULDDULUDUUURULDDUDUDRURRDLULRUDDURDLDLLRRRLDRLULLLRUULDUDLUUDURRLLLRLUDURRDDLDRDDDLURDLDRRUDUDLUDULULRUUUDLUURLLRLDDLURULDURDLRRDDDDURLDDLLDDULLLRLDLDULDUUDDRLDUURDDLDLUUDULRRLRLUURURUURLRLURUURLDRUURLLRDDUUUDULUDDDRDRLDRDRRLRLDULLRRUDLURULULRDRURURLULDUDLRURLRDDRULDDLRD
End of line pos: (1, 2)
End of line result: 98

Line: LUDRULUULRRDDDDRRDUURUDDRLDDLDRDURRURULRDLDLDUUDRRDUUDUDLLLRRLDUDDRLDDLRRLRDRLUDLULUDDUUDULDUUULUDLDDURLDURUDLDRUUDRLRRLDLDDULDUUDDLDDLLURDRLRUURDDRUDDUDLDRRLRUDRUULRRRLRULULURDLRRURDRLRULDDDRDUULLURUUUURUDDLRRRRRDURLULDLUULUDRRUDUDRRDDRURDURLRLUDDLDLRRULUDLDDRLDDLDDDLLLLRDLLUULDDLULDLDRDDUDLURUDLDLDDRRUUDDDLRLLLDRRDDDUURDUDURUURRDRLLDUDLDUULLDLDLLUULLRRULDLDRURLDULDRUURDURRURDLRDLLLDRRUDRUUDRURLUDDRURLDURRDLUUDLUUDULLLDDDDRRDLLLDLURULDDRDLUUURRDRRUUDDUL
End of line pos: (1, 1)
End of line result: 985

Line: DUUULDUDDDURLLULDDLLUDURLLLURULULURUURDRURLRULLLLDRDDULRRDRRLLLRDDDUULLRRURRULLDDURRRLRDDLULDULLDUDLURRDLDDLURDLRLLDRURLLRLLRRRDRRRURURUUDDLLDDLDDDLRLURUUUULRDLUDDDURLLDDRLDRRLLUDUUULRLLDRRRLRUUDLDUULRLUDRULLLLDUDLLUUDDRUURLURUDRDDDLRURUDRLULLULUUDLDURDULRRDRLDURUULRDRRRDRDRRLRLRDDUULLRDLDURDDDULURRLULDDURDURDDUDURDLLUUULUDULRDDLDRDRUDLLUURDLRDURURULURULLDRLLRRULDLULULDLULRURLRRLUDLLLRLUDLURLULDULDRLLLDLDDDDRDRLRRLRDULUUDULDDLDURDLLLDDDDLLUURRDURLDLUDDLULRUUUDDRRLDLLLRDLLDRRRDDLULLURDDRRRRLDLRLLLRL
End of line pos: (0, 2)
End of line result: 9857

Line: LULLRRDURRLDUUDRRURLURURRRLRDRUULUULURLLURRDRULRDURDDDDUULLLLDUULDLULURDRLDLULULDRLLDLLRLRULURUDRUUDULRULLLUDRULUDRLLUDLDRRDRUUURURLRDURDRLRDDDURLURRDLRUUUDUURULULDLUULRDLRRRDRDRLLLDLRRDRLLDDULDRUDRRLULLRDLDUDDULRDDLULRURULRLLLULDLLLLRDLDRURUDUURURLDRLUULLDUDULUDDDULUDLRUDDUDLULLUULUUURULURRULRDDURDDLURLRRDRDLDULRLRDRRRULRDDDRLLDDDDRRRRDRDLULUURDURULDLRDULDUDLDURUDLUDLUDDDUDURDURDDURLLRUDUURRRUDRRRRULLLLDDDLUULLUULRRRULDLURDLULRULDRLR
End of line pos: (1, 1)
End of line result: 98575

Bathroom code: 98575

-------------------<          PART TWO          >-------------------
Distance from (2, 2) to (2, 2): 0.0
Line: ULL
End of line pos: (2, 2)
End of line result: 9

Line: RRDDD
End of line pos: (2, 2)
End of line result: 99

Line: LURDL
End of line pos: (2, 2)
End of line result: 999

Line: UUUUD
End of line pos: (2, 2)
End of line result: 9999

Bathroom code: 9999

Total time: 32ms

~=~=~=~=~=~=~=~=~=~<         END OF LOG         >~=~=~=~=~=~=~=~=~=~
