~=~=~=~=~=~=~=~=~=~< Advent of Code 2016: Day 5 >~=~=~=~=~=~=~=~=~=~
-------------------<  11-12-2023; 19-57-00-048  >-------------------

-------------------<          PART ONE          >-------------------
61626330
61626331
61626332
61626333
61626334
61626335
61626336
61626337
61626338
61626339
6162633130
6162633131
6162633132
6162633133
6162633134
6162633135
6162633136
6162633137
6162633138
6162633139
6162633230
6162633231
6162633232
6162633233
6162633234
6162633235
6162633236
6162633237
6162633238
6162633239
6162633330
6162633331
6162633332
6162633333
6162633334
6162633335
6162633336
6162633337
6162633338
6162633339
6162633430
6162633431
6162633432
6162633433
6162633434
6162633435
6162633436
6162633437
6162633438
6162633439
6162633530
6162633531
6162633532
6162633533
6162633534
6162633535
6162633536
6162633537
6162633538
6162633539
6162633630
6162633631
6162633632
6162633633
6162633634
6162633635
6162633636
6162633637
6162633638
6162633639
6162633730
6162633731
6162633732
6162633733
6162633734
6162633735
6162633736
6162633737
6162633738
6162633739
6162633830
6162633831
6162633832
6162633833
6162633834
6162633835
6162633836
6162633837
6162633838
6162633839
6162633930
6162633931
6162633932
6162633933
6162633934
6162633935
6162633936
6162633937
6162633938
6162633939

-------------------<          PART TWO          >-------------------

Total time: 177ms

~=~=~=~=~=~=~=~=~=~<         END OF LOG         >~=~=~=~=~=~=~=~=~=~
