~=~=~=~=~=~=~=~=~=~< Advent of Code 2016: Day 1 >~=~=~=~=~=~=~=~=~=~
-------------------<  11-08-2023; 17-25-23-881  >-------------------

-------------------<          PART ONE          >-------------------
Distance: 146

-------------------<          PART TWO          >-------------------
R 8
X 8, Y 0 R 1
(0, 0), (1, 0), 
R 4
X 8, Y -4 R 2
(0, 0), (1, 0), (8, 0), (8, -1), 
R 4
X 4, Y -4 R 3
(0, 0), (1, 0), (8, 0), (8, -1), (8, -4), (7, -4), 
R 8
X 4, Y 4 R 0
(0, 0), (1, 0), (8, 0), (8, -1), (8, -4), (7, -4), (4, -4), (4, -3), 
Distance: 8

Total time: 45ms

~=~=~=~=~=~=~=~=~=~<         END OF LOG         >~=~=~=~=~=~=~=~=~=~
