~=~=~=~=~=~=~=~=~=~< Advent of Code 2016: Day 1 >~=~=~=~=~=~=~=~=~=~
-------------------<  11-08-2023; 16-49-45-321  >-------------------

R 4
X 4, Y 0  R 1
R 4
X 4, Y -4  R 2
L 1
X 5, Y -4  R 1
R 3
X 5, Y -7  R 2
L 5
X 10, Y -7  R 1
R 2
X 10, Y -9  R 2
R 5
X 5, Y -9  R 3
R 1
X 5, Y -8  R 0
L 4
X 1, Y -8  R 3
R 3
X 1, Y -5  R 0
L 5
X -4, Y -5  R 3
R 2
X -4, Y -3  R 0
L 3
X -7, Y -3  R 3
L 4
X -7, Y -7  R 2
L 3
X -4, Y -7  R 1
R 1
X -4, Y -8  R 2
R 5
X -9, Y -8  R 3
R 1
X -9, Y -7  R 0
L 3
X -12, Y -7  R 3
L 1
X -12, Y -8  R 2
R 3
X -15, Y -8  R 3
L 1
X -15, Y -9  R 2
R 2
X -17, Y -9  R 3
R 2
X -17, Y -7  R 0
L 2
X -19, Y -7  R 3
R 5
X -19, Y -2  R 0
L 3
X -22, Y -2  R 3
L 4
X -22, Y -6  R 2
R 4
X -26, Y -6  R 3
R 4
X -26, Y -2  R 0
R 2
X -24, Y -2  R 1
L 4
X -24, Y 2  R 0
L 1
X -25, Y 2  R 3
R 5
X -25, Y 7  R 0
L 1
X -26, Y 7  R 3
L 4
X -26, Y 3  R 2
R 4
X -30, Y 3  R 3
L 1
X -30, Y 2  R 2
R 1
X -31, Y 2  R 3
L 2
X -31, Y 0  R 2
R 5
X -36, Y 0  R 3
L 2
X -36, Y -2  R 2
L 3
X -33, Y -2  R 1
R 2
X -33, Y -4  R 2
R 1
X -34, Y -4  R 3
L 194
X -34, Y -198  R 2
R 2
X -36, Y -198  R 3
L 4
X -36, Y -202  R 2
R 49
X -85, Y -202  R 3
R 1
X -85, Y -201  R 0
R 3
X -82, Y -201  R 1
L 5
X -82, Y -196  R 0
L 4
X -86, Y -196  R 3
L 1
X -86, Y -197  R 2
R 4
X -90, Y -197  R 3
R 2
X -90, Y -195  R 0
R 1
X -89, Y -195  R 1
L 5
X -89, Y -190  R 0
R 3
X -86, Y -190  R 1
L 5
X -86, Y -185  R 0
L 4
X -90, Y -185  R 3
R 4
X -90, Y -181  R 0
R 4
X -86, Y -181  R 1
L 2
X -86, Y -179  R 0
L 3
X -89, Y -179  R 3
R 78
X -89, Y -101  R 0
L 5
X -94, Y -101  R 3
R 4
X -94, Y -97  R 0
R 191
X 97, Y -97  R 1
R 4
X 97, Y -101  R 2
R 3
X 94, Y -101  R 3
R 1
X 94, Y -100  R 0
L 2
X 92, Y -100  R 3
R 1
X 92, Y -99  R 0
R 3
X 95, Y -99  R 1
L 1
X 95, Y -98  R 0
R 3
X 98, Y -98  R 1
R 4
X 98, Y -102  R 2
R 2
X 96, Y -102  R 3
L 2
X 96, Y -104  R 2
R 1
X 95, Y -104  R 3
R 4
X 95, Y -100  R 0
L 5
X 90, Y -100  R 3
R 2
X 90, Y -98  R 0
L 2
X 88, Y -98  R 3
L 4
X 88, Y -102  R 2
L 2
X 90, Y -102  R 1
R 1
X 90, Y -103  R 2
R 2
X 88, Y -103  R 3
L 3
X 88, Y -106  R 2
R 5
X 83, Y -106  R 3
R 2
X 83, Y -104  R 0
L 3
X 80, Y -104  R 3
L 3
X 80, Y -107  R 2
R 3
X 77, Y -107  R 3
L 1
X 77, Y -108  R 2
L 1
X 78, Y -108  R 1
R 5
X 78, Y -113  R 2
L 4
X 82, Y -113  R 1
L 4
X 82, Y -109  R 0
L 2
X 80, Y -109  R 3
R 5
X 80, Y -104  R 0
R 1
X 81, Y -104  R 1
R 4
X 81, Y -108  R 2
L 3
X 84, Y -108  R 1
L 5
X 84, Y -103  R 0
L 4
X 80, Y -103  R 3
R 5
X 80, Y -98  R 0
L 4
X 76, Y -98  R 3
R 5
X 76, Y -93  R 0
R 4
X 80, Y -93  R 1
L 3
X 80, Y -90  R 0
L 2
X 78, Y -90  R 3
L 5
X 78, Y -95  R 2
R 4
X 74, Y -95  R 3
R 3
X 74, Y -92  R 0
L 3
X 71, Y -92  R 3
R 1
X 71, Y -91  R 0
L 5
X 66, Y -91  R 3
R 5
X 66, Y -86  R 0
R 1
X 67, Y -86  R 1
L 3
X 67, Y -83  R 0
R 2
X 69, Y -83  R 1
L 5
X 69, Y -78  R 0
R 5
X 74, Y -78  R 1
L 3
X 74, Y -75  R 0
R 1
X 75, Y -75  R 1
R 4
X 75, Y -79  R 2
L 5
X 80, Y -79  R 1
R 4
X 80, Y -83  R 2
R 2
X 78, Y -83  R 3
R 3
X 78, Y -80  R 0
L 4
X 74, Y -80  R 3
L 5
X 74, Y -85  R 2
R 3
X 71, Y -85  R 3
R 4
X 71, Y -81  R 0
L 5
X 66, Y -81  R 3
L 5
X 66, Y -86  R 2
R 4
X 62, Y -86  R 3
L 4
X 62, Y -90  R 2
L 4
X 66, Y -90  R 1
R 1
X 66, Y -91  R 2
R 5
X 61, Y -91  R 3
R 3
X 61, Y -88  R 0
L 1
X 60, Y -88  R 3
L 4
X 60, Y -92  R 2
L 3
X 63, Y -92  R 1
L 4
X 63, Y -88  R 0
R 1
X 64, Y -88  R 1
L 5
X 64, Y -83  R 0
L 1
X 63, Y -83  R 3
R 2
X 63, Y -81  R 0
R 2
X 65, Y -81  R 1
R 4
X 65, Y -85  R 2
R 4
X 61, Y -85  R 3
L 5
X 61, Y -90  R 2
R 4
X 57, Y -90  R 3
R 1
X 57, Y -89  R 0
L 1
X 56, Y -89  R 3
L 1
X 56, Y -90  R 2
L 3
X 59, Y -90  R 1
L 5
X 59, Y -85  R 0
L 2
X 57, Y -85  R 3
R 4
X 57, Y -81  R 0
L 3
X 54, Y -81  R 3
L 5
X 54, Y -86  R 2
L 4
X 58, Y -86  R 1
L 1
X 58, Y -85  R 0
R 3
X 61, Y -85  R 1
X: 61
Y: -85
Distance: 146
dist: 146

Total time: 305ms

~=~=~=~=~=~=~=~=~=~<         END OF LOG         >~=~=~=~=~=~=~=~=~=~
