~=~=~=~=~=~=~=~=~=~< Advent of Code 2016: Day 1 >~=~=~=~=~=~=~=~=~=~
-------------------<  11-08-2023; 17-30-05-480  >-------------------

-------------------<          PART ONE          >-------------------
Distance: 146

-------------------<          PART TWO          >-------------------
B: (1, 0)
B: (2, 0)
B: (3, 0)
B: (4, 0)
B: (5, 0)
B: (6, 0)
B: (7, 0)
R 8
X 8, Y 0   R 1
(0, 0), (1, 0), (2, 0), (3, 0), (4, 0), (5, 0), (6, 0), (7, 0), 
Distance: 7
B: (8, -1)
B: (8, -2)
B: (8, -3)
R 4
X 8, Y -4   R 2
(0, 0), (1, 0), (2, 0), (3, 0), (4, 0), (5, 0), (6, 0), (7, 0), (8, 0), (8, -1), (8, -2), (8, -3), 
Distance: 11
B: (7, -4)
B: (6, -4)
B: (5, -4)
R 4
X 4, Y -4   R 3
(0, 0), (1, 0), (2, 0), (3, 0), (4, 0), (5, 0), (6, 0), (7, 0), (8, 0), (8, -1), (8, -2), (8, -3), (8, -4), (7, -4), (6, -4), (5, -4), 
Distance: 9
B: (4, -3)
B: (4, -2)
B: (4, -1)
B: (4, 0)
B: (4, 1)
B: (4, 2)
B: (4, 3)
R 8
X 4, Y 4   R 0
(0, 0), (1, 0), (2, 0), (3, 0), (4, 0), (5, 0), (6, 0), (7, 0), (8, 0), (8, -1), (8, -2), (8, -3), (8, -4), (7, -4), (6, -4), (5, -4), (4, -4), (4, -3), (4, -2), (4, -1), (4, 0), (4, 1), (4, 2), (4, 3), 
Distance: 7

Total time: 57ms

~=~=~=~=~=~=~=~=~=~<         END OF LOG         >~=~=~=~=~=~=~=~=~=~
