~=~=~=~=~=~=~=~=~=~< Advent of Code 2016: Day 1 >~=~=~=~=~=~=~=~=~=~
-------------------<  11-08-2023; 17-34-24-610  >-------------------

-------------------<          PART ONE          >-------------------
Distance: 146

-------------------<          PART TWO          >-------------------
R 8
X 8, Y 0   R 1
(0, 0), (1, 0), (2, 0), (3, 0), (4, 0), (5, 0), (6, 0), (7, 0), 
null
R 4
X 8, Y -4   R 2
(0, 0), (1, 0), (2, 0), (3, 0), (4, 0), (5, 0), (6, 0), (7, 0), (8, 0), (8, -1), (8, -2), (8, -3), 
null
R 4
X 4, Y -4   R 3
(0, 0), (1, 0), (2, 0), (3, 0), (4, 0), (5, 0), (6, 0), (7, 0), (8, 0), (8, -1), (8, -2), (8, -3), (8, -4), (7, -4), (6, -4), (5, -4), 
null
B: (4, 0)

Total time: 48ms

~=~=~=~=~=~=~=~=~=~<         END OF LOG         >~=~=~=~=~=~=~=~=~=~
