~=~=~=~=~=~=~=~=~=~< Advent of Code 2016: Day 5 >~=~=~=~=~=~=~=~=~=~
-------------------<  11-12-2023; 19-57-15-881  >-------------------

-------------------<          PART ONE          >-------------------
577571BE4DE9DCCE85A041BA0410F29F
23734CD52AD4A4FB877D8A1E26E5DF5F
63872B5565B2179BD72EA9C339192543
8A8B3AEA9E3CA257A31CF91DB6D6BA12
1AB3168356216E0C9D97D7BCA8FF190B
08B23036B726919C08CFE8703A339035
B11AB6C5061AEA61F2FD7671CD50A08E
B10A12A4C02C49E80059781F82C19EA4
275A9C70BF8F48E9A54540E3962579C3
F97F024C2486BDAF25628D2649AA3174
09C225F3C02C75D04627AE2E449891F0
66D4D60CF6B25EBB7373AF805846C334
B2157E7B2AE716A747597717F1EFB7A0
E1BFB715D3CEC4799AD3BB2E50F523FE
B80EAAF275CF1D34B88D0B8C6C7DA20B
9FD92D6B274F07E0926408EB5903CD58
DFBA0DA90D512319E6447E6464A57BB3
383273B5CC8458ADF8CCF5B88068A898
0034E0923CC38887A57BD7B1D4F953DF
6EF56B8D791C660573DEA373BF88155F
2EFE0F831F6BE7D9C0314CF4AE6BB2CB
8B0BA403C826FA50B8F786CC21EF91CB
F48C280CF8796BECE89B63374F9AE7C2
3BE5EF429769ACBB7B9BB73443EA9FEE
E581FDE0D8D1C00FA254BD0465C58DE4
0CF9805593B0DDEC0530045EB344ABDF
56DDB0E5EBD97F3068412B0B570BB54E
BB895E6B71D29C3937226F374E7F0974
DFAFF86B8C4D56CA38E673186FB11F56
F6ADA2655708DD3E3E804A3ED29D15E3
3F0B2004A830FC609B61621EE3B77B1F
F3EB642A047175BB96DEB46C3BFF978F
A24CA1D609058687497502C02E3A6EAB
DB4190E747229CF496629377F8B0C195
E80E8CD1F8B2CFC286826E6270E80977
F95AF4F9594B6CD39AED4DAEAEF5B790
7B41D2D31E6180D42EEC56221D02CF4D
D49F15C3A72EE4489E0FCDF5356A3101
3A62E7A421DB7F30BB06FD01D9F196F3
347DAC6EE8EEEA4652C7476D0F97BEE5
E10E706A39FD09FE19DB22FC498ED1ED
925774C75A7B0161054B6F411CFB94BE
B75CFD9C08CD241707758160EC138164
4F5AB87F270F850A05C443A14FA2042E
20B378D4AEB9749ED027DB032FCD961E
DDD37F736DB183B6B4C186B87DD6236C
1A9EB2D8DD91218D06EB6FC0ED6443D7
E2F95CB1E2313CF26E738B3E8A0B8934
19028D5015D0EADD28921CE0991D1D0E
684077CA46ED3D892DE75CD07DB303B7
30931B1B1A7EC637870389D510E1D39D
4681ADEE12A4E943C07FED69B644C640
61C6547CEBFE46C7F4FE24DC63F2B68B
5A82C3C5C872E83F6C2DDE1C81D2AC7C
9AF4ED91F249D3B0A16EF335977BD579
54B497BD7905C60256A6A8735B6C2581
D208D6D672BE817C88FC6C83BF7FDC9C
81A0825B8BAF21B7A08523CA8AFB38E2
5AD1273F8E30151C1A037820A552FAE2
86970322A8D351F7553582D933DB59FD
DFF96A791F1D835D6BE65724B91E1225
1E718E0CD7B162842E559784151AFEE2
CC0457136255FDAF59D1053D15171D2B
B13A545299D37E6E2CC9BB20B5B7E4EC
5A776356DAA2A541C062FA9C65405552
DF510EB7034C80B737719D76CA1D19D6
DBD1D1A5F5DE0B975908E060BCD74820
61E540F6AC19D64CE01523095CC88C3B
9037331711D9C485F879EDF626F8ECF7
C32DA592DEC537B77C9EB56744E72D3D
DEE63F41A151782ED22D012814DBCE4E
7F9DE500518B4ECA6B800AF7A5F156F7
A213738A53F0DCF7B3033986A9904E11
97D9701D3441515EA053C70779BCF5B8
B8159546F332951C52367C4AD92FD9F7
52B741B1EB3E4D31EF44B78845B13A5F
DAF84368864270CA5138263665A6E403
D07A28650FFF793EA551A0C6696CE7DB
93C254394E0934023C19E70E30E99F94
6AADBB9DFF757EAAAEC01FB36852AACD
50719E5B06AF03BBEA0F362BED7E4DD3
DCC1A3C95BA22E3151BA41AB40B73746
EBE4CFC4499BB0DFE1562CC9899EE24A
D8229DF7A5E5B55735F985B2F2F3E8E1
83310EA07340811B6742E9872991EFD2
C7A2EABC16194A5106E930ADD6F823A2
DF6848A848D3A59966E5835A1883FA77
E5B9221FEFB7C8D4206967020A43EFF7
3607FFF5C196E1AE3EB1768FDC67C7D8
0B027FC366BD7594F256D6E2520676FD
F8BA0CEC9443F542DB5E4E35B408F596
C4B5B21401204280E2F079D3000F56A9
AE2E85DD75D63E916A525DF95E999EA0
F2A3E84A27F1C2D836E656CDA655B059
57B3ADEABE00C308C1F0A898F1B5A43F
A4D8A13AA3B3087EA76B3695736C27EA
C4789F12650125BBA9CC322BB294FFDF
5CC4A5E850325CB7746B943E29F0B725
0C2AF409185E3557325B91CAF34C37CF
8B6C79683D6FAD62C00589DEF5B9AC0C

-------------------<          PART TWO          >-------------------

Total time: 109ms

~=~=~=~=~=~=~=~=~=~<         END OF LOG         >~=~=~=~=~=~=~=~=~=~
