~=~=~=~=~=~=~=~=~=~< Advent of Code 2023: Day 3 >~=~=~=~=~=~=~=~=~=~
-------------------<  12-03-2023; 00-31-22-002  >-------------------

-------------------<          PART ONE          >-------------------
part num: 467
x: 3
y: 0
not a part num: 114
x: 8
y: 0
part num: 35
x: 4
y: 2
part num: 633
x: 9
y: 2
part num: 617
x: 3
y: 4
not a part num: 58
x: 9
y: 5
part num: 592
x: 5
y: 6
part num: 755
x: 9
y: 7
part num: 664
x: 4
y: 9
part num: 598
x: 8
y: 9
Result: 4361

-------------------<          PART TWO          >-------------------

Total time: 49ms

~=~=~=~=~=~=~=~=~=~<         END OF LOG         >~=~=~=~=~=~=~=~=~=~
