~=~=~=~=~=~=~=~=~=~< Advent of Code 2023: Day 3 >~=~=~=~=~=~=~=~=~=~
-------------------<  12-03-2023; 00-36-20-402  >-------------------

-------------------<          PART ONE          >-------------------
part num: 467
pos: 3, 0
not a part num: 114
pos: 8, 0
part num: 35
pos: 4, 2
part num: 633
pos: 9, 2
part num: 617
pos: 3, 4
not a part num: 58
pos: 9, 5
part num: 592
pos: 5, 6
part num: 755
pos: 9, 7
part num: 664
pos: 4, 9
part num: 598
pos: 8, 9
Result: 4361

-------------------<          PART TWO          >-------------------

Total time: 13ms

~=~=~=~=~=~=~=~=~=~<         END OF LOG         >~=~=~=~=~=~=~=~=~=~
