~=~=~=~=~=~=~=~=~=~< Advent of Code 2023: Day 3 >~=~=~=~=~=~=~=~=~=~
-------------------<  12-03-2023; 01-29-47-133  >-------------------

-------------------<          PART ONE          >-------------------
Result: 540025

-------------------<          PART TWO          >-------------------
467: BR
467: [(3, 1)]
3: AR
35: [(3, 1)]
633: [(3, 1)]
617: R
617: [(3, 4)]
592: []
7: BL
755: [(5, 8)]
664: []
5: A
598: [(5, 8)]
{(5, 8)=[755, 598], (3, 1)=[467, 35, 633], (3, 4)=[617]}
Result: 451490

Total time: 38ms

~=~=~=~=~=~=~=~=~=~<         END OF LOG         >~=~=~=~=~=~=~=~=~=~
