~=~=~=~=~=~=~=~=~=~< Advent of Code 2023: Day 3 >~=~=~=~=~=~=~=~=~=~
-------------------<  12-03-2023; 00-56-08-211  >-------------------

-------------------<          PART ONE          >-------------------
part num: 12
pos: 9, 0
part num: 935
pos: 19, 0
part num: 184
pos: 34, 0
part num: 720
pos: 38, 0
part num: 243
pos: 44, 0
part num: 589
pos: 55, 0
not a part num: 652
pos: 59, 0
part num: 435
pos: 72, 0
not a part num: 483
pos: 85, 0
part num: 6
pos: 99, 0
part num: 904
pos: 129, 0
part num: 968
pos: 15, 1
not a part num: 348
pos: 49, 1
part num: 986
pos: 66, 1
part num: 459
pos: 93, 1
part num: 422
pos: 109, 1
part num: 482
pos: 136, 1
part num: 291
pos: 7, 2
part num: 612
pos: 22, 2
part num: 290
pos: 29, 2
part num: 903
pos: 42, 2
part num: 699
pos: 53, 2
part num: 218
pos: 62, 2
part num: 376
pos: 73, 2
part num: 890
pos: 88, 2
part num: 838
pos: 97, 2
part num: 81
pos: 102, 2
part num: 138
pos: 117, 2
part num: 194
pos: 124, 2
part num: 156
pos: 17, 3
part num: 891
pos: 33, 3
part num: 731
pos: 38, 3
part num: 89
pos: 47, 3
part num: 523
pos: 69, 3
part num: 699
pos: 82, 3
part num: 227
pos: 93, 3
part num: 225
pos: 110, 3
part num: 388
pos: 129, 3
part num: 189
pos: 23, 4
part num: 591
pos: 28, 4
part num: 783
pos: 57, 4
part num: 107
pos: 65, 4
not a part num: 54
pos: 73, 4
not a part num: 287
pos: 77, 4
part num: 533
pos: 99, 4
part num: 909
pos: 120, 4
part num: 603
pos: 133, 4
part num: 424
pos: 137, 4
part num: 229
pos: 6, 5
part num: 952
pos: 10, 5
part num: 938
pos: 18, 5
part num: 470
pos: 33, 5
part num: 555
pos: 37, 5
part num: 746
pos: 47, 5
part num: 28
pos: 52, 5
part num: 279
pos: 106, 5
part num: 826
pos: 111, 5
part num: 788
pos: 116, 5
part num: 867
pos: 64, 6
part num: 102
pos: 73, 6
not a part num: 845
pos: 78, 6
part num: 542
pos: 84, 6
part num: 779
pos: 88, 6
part num: 182
pos: 121, 6
part num: 166
pos: 125, 6
part num: 511
pos: 131, 6
not a part num: 563
pos: 3, 7
part num: 727
pos: 7, 7
part num: 282
pos: 15, 7
part num: 237
pos: 22, 7
part num: 171
pos: 27, 7
part num: 892
pos: 37, 7
not a part num: 183
pos: 43, 7
part num: 989
pos: 69, 7
part num: 709
pos: 109, 7
part num: 8
pos: 113, 7
part num: 974
pos: 117, 7
part num: 873
pos: 137, 7
part num: 129
pos: 64, 8
part num: 491
pos: 74, 8
part num: 877
pos: 96, 8
part num: 715
pos: 103, 8
part num: 270
pos: 129, 8
part num: 53
pos: 19, 9
part num: 781
pos: 27, 9
part num: 295
pos: 34, 9
part num: 773
pos: 42, 9
part num: 336
pos: 46, 9
part num: 547
pos: 55, 9
not a part num: 45
pos: 89, 9
part num: 800
pos: 113, 9
part num: 359
pos: 122, 9
part num: 342
pos: 6, 10
part num: 468
pos: 10, 10
part num: 573
pos: 23, 10
part num: 850
pos: 81, 10
part num: 465
pos: 99, 10
part num: 192
pos: 118, 10
part num: 115
pos: 135, 10
part num: 988
pos: 15, 11
part num: 731
pos: 29, 11
part num: 789
pos: 45, 11
part num: 673
pos: 49, 11
part num: 256
pos: 57, 11
part num: 677
pos: 74, 11
part num: 621
pos: 95, 11
part num: 716
pos: 114, 11
part num: 910
pos: 123, 11
part num: 297
pos: 128, 11
not a part num: 22
pos: 138, 11
part num: 204
pos: 3, 12
part num: 69
pos: 10, 12
part num: 905
pos: 25, 12
part num: 641
pos: 37, 12
part num: 472
pos: 41, 12
part num: 524
pos: 53, 12
part num: 127
pos: 68, 12
part num: 714
pos: 78, 12
part num: 62
pos: 90, 12
not a part num: 622
pos: 103, 12
part num: 324
pos: 108, 12
part num: 812
pos: 61, 13
part num: 955
pos: 73, 13
part num: 257
pos: 87, 13
part num: 545
pos: 131, 13
part num: 668
pos: 11, 14
part num: 91
pos: 17, 14
part num: 840
pos: 32, 14
part num: 566
pos: 56, 14
part num: 66
pos: 67, 14
part num: 660
pos: 79, 14
part num: 469
pos: 96, 14
part num: 525
pos: 116, 14
not a part num: 765
pos: 122, 14
part num: 25
pos: 135, 14
part num: 666
pos: 22, 15
part num: 979
pos: 26, 15
part num: 952
pos: 40, 15
part num: 122
pos: 46, 15
part num: 71
pos: 83, 15
part num: 39
pos: 92, 15
part num: 94
pos: 100, 15
part num: 132
pos: 128, 15
part num: 460
pos: 31, 16
part num: 146
pos: 57, 16
part num: 625
pos: 62, 16
part num: 214
pos: 73, 16
part num: 278
pos: 87, 16
part num: 667
pos: 106, 16
part num: 386
pos: 119, 16
part num: 936
pos: 134, 16
part num: 643
pos: 7, 17
part num: 974
pos: 36, 17
part num: 464
pos: 42, 17
part num: 995
pos: 114, 17
part num: 577
pos: 16, 18
part num: 3
pos: 25, 18
part num: 186
pos: 32, 18
part num: 995
pos: 54, 18
part num: 678
pos: 62, 18
part num: 882
pos: 74, 18
part num: 559
pos: 80, 18
part num: 374
pos: 94, 18
part num: 554
pos: 108, 18
part num: 428
pos: 120, 18
part num: 725
pos: 130, 18
part num: 96
pos: 9, 19
part num: 678
pos: 20, 19
part num: 529
pos: 49, 19
part num: 374
pos: 66, 19
part num: 924
pos: 87, 19
part num: 277
pos: 99, 19
part num: 606
pos: 104, 19
part num: 8
pos: 134, 19
part num: 257
pos: 138, 19
not a part num: 609
pos: 6, 20
part num: 397
pos: 29, 20
not a part num: 475
pos: 39, 20
part num: 651
pos: 61, 20
not a part num: 856
pos: 71, 20
part num: 697
pos: 80, 20
part num: 486
pos: 113, 20
part num: 888
pos: 124, 20
part num: 756
pos: 51, 21
part num: 399
pos: 57, 21
part num: 42
pos: 66, 21
part num: 866
pos: 85, 21
part num: 287
pos: 92, 21
part num: 515
pos: 107, 21
not a part num: 137
pos: 136, 21
not a part num: 285
pos: 8, 22
part num: 947
pos: 13, 22
part num: 997
pos: 31, 22
part num: 665
pos: 46, 22
part num: 420
pos: 61, 22
part num: 268
pos: 76, 22
part num: 457
pos: 80, 22
part num: 63
pos: 96, 22
part num: 758
pos: 101, 22
part num: 623
pos: 112, 22
part num: 458
pos: 17, 23
part num: 422
pos: 25, 23
not a part num: 338
pos: 35, 23
part num: 827
pos: 41, 23
part num: 462
pos: 50, 23
part num: 797
pos: 57, 23
part num: 26
pos: 64, 23
part num: 523
pos: 71, 23
part num: 880
pos: 86, 23
part num: 934
pos: 125, 23
part num: 157
pos: 130, 23
part num: 149
pos: 10, 24
part num: 409
pos: 21, 24
part num: 868
pos: 77, 24
part num: 378
pos: 81, 24
part num: 144
pos: 90, 24
part num: 149
pos: 95, 24
part num: 356
pos: 110, 24
part num: 872
pos: 118, 24
part num: 871
pos: 135, 24
part num: 533
pos: 139, 24
not a part num: 22
pos: 6, 25
part num: 7
pos: 30, 25
part num: 149
pos: 40, 25
not a part num: 979
pos: 47, 25
not a part num: 826
pos: 72, 25
part num: 275
pos: 114, 25
part num: 518
pos: 11, 26
part num: 773
pos: 15, 26
part num: 10
pos: 27, 26
part num: 805
pos: 52, 26
part num: 812
pos: 57, 26
part num: 972
pos: 61, 26
part num: 123
pos: 86, 26
part num: 98
pos: 107, 26
part num: 609
pos: 130, 26
not a part num: 682
pos: 134, 26
not a part num: 5
pos: 18, 27
part num: 349
pos: 43, 27
part num: 786
pos: 79, 27
part num: 160
pos: 94, 27
not a part num: 903
pos: 99, 27
part num: 40
pos: 104, 27
part num: 209
pos: 120, 27
not a part num: 497
pos: 48, 28
part num: 153
pos: 84, 28
part num: 795
pos: 88, 28
part num: 806
pos: 115, 28
part num: 839
pos: 128, 28
part num: 419
pos: 135, 28
part num: 337
pos: 139, 28
not a part num: 78
pos: 2, 29
part num: 582
pos: 8, 29
part num: 675
pos: 23, 29
part num: 145
pos: 42, 29
part num: 405
pos: 54, 29
part num: 77
pos: 60, 29
part num: 361
pos: 65, 29
part num: 952
pos: 80, 29
part num: 741
pos: 96, 29
not a part num: 624
pos: 119, 29
part num: 527
pos: 124, 29
part num: 51
pos: 57, 30
part num: 733
pos: 76, 30
part num: 728
pos: 89, 30
not a part num: 173
pos: 101, 30
not a part num: 834
pos: 108, 30
part num: 76
pos: 115, 30
part num: 878
pos: 19, 31
part num: 276
pos: 26, 31
part num: 792
pos: 31, 31
part num: 372
pos: 39, 31
part num: 385
pos: 62, 31
part num: 179
pos: 67, 31
part num: 610
pos: 84, 31
part num: 146
pos: 125, 31
part num: 522
pos: 13, 32
not a part num: 30
pos: 53, 32
part num: 110
pos: 88, 32
part num: 197
pos: 102, 32
part num: 643
pos: 110, 32
part num: 762
pos: 130, 32
part num: 173
pos: 18, 33
part num: 420
pos: 34, 33
part num: 407
pos: 39, 33
part num: 261
pos: 48, 33
part num: 687
pos: 60, 33
part num: 806
pos: 64, 33
part num: 12
pos: 67, 33
part num: 104
pos: 72, 33
not a part num: 914
pos: 80, 33
part num: 685
pos: 93, 33
part num: 233
pos: 97, 33
part num: 549
pos: 115, 33
part num: 837
pos: 8, 34
part num: 135
pos: 13, 34
part num: 313
pos: 23, 34
part num: 579
pos: 29, 34
part num: 613
pos: 44, 34
part num: 729
pos: 76, 34
part num: 257
pos: 88, 34
part num: 430
pos: 107, 34
part num: 399
pos: 111, 34
part num: 157
pos: 120, 34
part num: 970
pos: 132, 34
part num: 566
pos: 67, 35
part num: 906
pos: 101, 35
part num: 459
pos: 7, 36
part num: 78
pos: 10, 36
not a part num: 775
pos: 15, 36
part num: 768
pos: 19, 36
part num: 62
pos: 23, 36
part num: 345
pos: 29, 36
part num: 537
pos: 33, 36
part num: 122
pos: 42, 36
part num: 803
pos: 46, 36
part num: 142
pos: 50, 36
part num: 758
pos: 54, 36
part num: 148
pos: 60, 36
not a part num: 992
pos: 71, 36
part num: 711
pos: 90, 36
part num: 316
pos: 97, 36
part num: 521
pos: 125, 36
part num: 298
pos: 129, 36
part num: 590
pos: 133, 36
part num: 289
pos: 138, 36
part num: 444
pos: 67, 37
part num: 382
pos: 82, 37
part num: 753
pos: 110, 37
part num: 927
pos: 120, 37
part num: 592
pos: 8, 38
part num: 735
pos: 13, 38
not a part num: 634
pos: 36, 38
not a part num: 652
pos: 46, 38
part num: 853
pos: 54, 38
part num: 690
pos: 61, 38
part num: 874
pos: 89, 38
part num: 846
pos: 93, 38
not a part num: 35
pos: 96, 38
part num: 884
pos: 104, 38
part num: 182
pos: 116, 38
not a part num: 419
pos: 4, 39
part num: 839
pos: 17, 39
part num: 157
pos: 21, 39
part num: 795
pos: 31, 39
not a part num: 928
pos: 73, 39
part num: 756
pos: 100, 39
part num: 64
pos: 107, 39
part num: 19
pos: 122, 39
part num: 309
pos: 130, 39
part num: 716
pos: 12, 40
part num: 591
pos: 26, 40
part num: 358
pos: 38, 40
part num: 378
pos: 44, 40
part num: 623
pos: 60, 40
part num: 687
pos: 78, 40
part num: 816
pos: 91, 40
part num: 292
pos: 113, 40
part num: 110
pos: 119, 40
not a part num: 643
pos: 138, 40
part num: 134
pos: 5, 41
part num: 910
pos: 19, 41
part num: 941
pos: 30, 41
part num: 547
pos: 72, 41
part num: 490
pos: 101, 41
part num: 938
pos: 108, 41
part num: 422
pos: 126, 41
part num: 482
pos: 130, 41
part num: 331
pos: 9, 42
part num: 80
pos: 26, 42
part num: 346
pos: 47, 42
part num: 180
pos: 54, 42
part num: 737
pos: 68, 42
part num: 76
pos: 79, 42
part num: 992
pos: 89, 42
part num: 91
pos: 95, 42
part num: 16
pos: 5, 43
part num: 140
pos: 14, 43
part num: 464
pos: 18, 43
part num: 831
pos: 22, 43
part num: 933
pos: 30, 43
part num: 917
pos: 34, 43
part num: 303
pos: 41, 43
part num: 336
pos: 74, 43
part num: 339
pos: 85, 43
part num: 939
pos: 112, 43
part num: 583
pos: 119, 43
part num: 564
pos: 127, 43
not a part num: 864
pos: 139, 43
part num: 54
pos: 46, 44
part num: 449
pos: 54, 44
part num: 209
pos: 63, 44
part num: 912
pos: 67, 44
not a part num: 615
pos: 81, 44
part num: 605
pos: 92, 44
part num: 960
pos: 107, 44
part num: 219
pos: 123, 44
part num: 442
pos: 13, 45
part num: 730
pos: 21, 45
part num: 413
pos: 58, 45
part num: 26
pos: 87, 45
part num: 944
pos: 111, 45
part num: 336
pos: 116, 45
part num: 188
pos: 127, 45
part num: 190
pos: 6, 46
part num: 524
pos: 29, 46
part num: 544
pos: 33, 46
part num: 968
pos: 40, 46
part num: 466
pos: 66, 46
part num: 222
pos: 72, 46
part num: 536
pos: 78, 46
not a part num: 843
pos: 84, 46
part num: 32
pos: 104, 46
part num: 410
pos: 137, 46
part num: 80
pos: 11, 47
part num: 491
pos: 17, 47
part num: 232
pos: 24, 47
part num: 16
pos: 43, 47
part num: 402
pos: 54, 47
part num: 27
pos: 62, 47
part num: 480
pos: 97, 47
part num: 894
pos: 122, 47
part num: 218
pos: 8, 48
part num: 819
pos: 37, 48
part num: 857
pos: 71, 48
part num: 896
pos: 77, 48
part num: 677
pos: 91, 48
part num: 689
pos: 102, 48
part num: 638
pos: 113, 48
part num: 45
pos: 118, 48
part num: 993
pos: 127, 48
part num: 754
pos: 19, 49
part num: 434
pos: 33, 49
part num: 622
pos: 45, 49
part num: 338
pos: 49, 49
part num: 607
pos: 63, 49
part num: 213
pos: 96, 49
part num: 894
pos: 13, 50
not a part num: 681
pos: 38, 50
not a part num: 484
pos: 58, 50
part num: 963
pos: 70, 50
not a part num: 498
pos: 74, 50
part num: 538
pos: 83, 50
not a part num: 346
pos: 131, 50
part num: 802
pos: 8, 51
part num: 162
pos: 17, 51
not a part num: 752
pos: 24, 51
part num: 520
pos: 79, 51
part num: 229
pos: 93, 51
not a part num: 2
pos: 95, 51
not a part num: 586
pos: 99, 51
not a part num: 513
pos: 104, 51
part num: 25
pos: 120, 51
not a part num: 746
pos: 125, 51
part num: 782
pos: 136, 51
part num: 307
pos: 38, 52
part num: 497
pos: 43, 52
part num: 551
pos: 50, 52
part num: 996
pos: 55, 52
part num: 696
pos: 60, 52
part num: 879
pos: 67, 52
part num: 911
pos: 73, 52
part num: 277
pos: 115, 52
part num: 157
pos: 8, 53
part num: 137
pos: 16, 53
part num: 621
pos: 33, 53
not a part num: 527
pos: 85, 53
part num: 9
pos: 92, 53
part num: 844
pos: 119, 53
part num: 224
pos: 128, 53
part num: 304
pos: 135, 53
part num: 541
pos: 4, 54
part num: 649
pos: 21, 54
part num: 412
pos: 37, 54
part num: 744
pos: 45, 54
part num: 560
pos: 54, 54
part num: 404
pos: 71, 54
part num: 240
pos: 79, 54
part num: 986
pos: 89, 54
part num: 346
pos: 102, 54
part num: 268
pos: 9, 55
part num: 764
pos: 16, 55
part num: 902
pos: 60, 55
not a part num: 856
pos: 67, 55
part num: 242
pos: 109, 55
part num: 842
pos: 117, 55
not a part num: 514
pos: 27, 56
part num: 38
pos: 31, 56
part num: 715
pos: 74, 56
part num: 142
pos: 78, 56
part num: 587
pos: 83, 56
part num: 307
pos: 93, 56
part num: 731
pos: 113, 56
part num: 954
pos: 123, 56
part num: 878
pos: 130, 56
part num: 349
pos: 37, 57
part num: 76
pos: 43, 57
part num: 92
pos: 46, 57
part num: 612
pos: 53, 57
part num: 376
pos: 61, 57
not a part num: 257
pos: 87, 57
part num: 968
pos: 117, 57
part num: 765
pos: 134, 57
part num: 960
pos: 11, 58
part num: 414
pos: 15, 58
part num: 713
pos: 26, 58
part num: 501
pos: 30, 58
part num: 941
pos: 68, 58
part num: 415
pos: 108, 58
part num: 937
pos: 122, 58
part num: 967
pos: 7, 59
part num: 409
pos: 22, 59
part num: 605
pos: 34, 59
part num: 375
pos: 59, 59
part num: 771
pos: 64, 59
part num: 599
pos: 75, 59
part num: 884
pos: 79, 59
part num: 880
pos: 99, 59
part num: 127
pos: 115, 59
part num: 513
pos: 139, 59
part num: 171
pos: 28, 60
part num: 507
pos: 47, 60
part num: 895
pos: 51, 60
part num: 636
pos: 90, 60
part num: 768
pos: 104, 60
part num: 114
pos: 110, 60
part num: 292
pos: 120, 60
part num: 223
pos: 134, 60
part num: 807
pos: 6, 61
part num: 977
pos: 12, 61
part num: 218
pos: 22, 61
part num: 753
pos: 32, 61
part num: 47
pos: 37, 61
part num: 507
pos: 69, 61
part num: 90
pos: 72, 61
part num: 725
pos: 82, 61
part num: 755
pos: 128, 61
part num: 478
pos: 16, 62
part num: 542
pos: 48, 62
part num: 676
pos: 55, 62
part num: 673
pos: 89, 62
part num: 974
pos: 100, 62
part num: 170
pos: 114, 62
part num: 261
pos: 121, 62
part num: 134
pos: 138, 62
not a part num: 800
pos: 3, 63
not a part num: 532
pos: 21, 63
not a part num: 15
pos: 51, 63
part num: 445
pos: 70, 63
not a part num: 102
pos: 75, 63
part num: 510
pos: 94, 63
part num: 625
pos: 106, 63
part num: 279
pos: 110, 63
part num: 654
pos: 26, 64
not a part num: 850
pos: 34, 64
not a part num: 405
pos: 38, 64
part num: 395
pos: 63, 64
not a part num: 467
pos: 79, 64
part num: 477
pos: 86, 64
part num: 973
pos: 100, 64
part num: 191
pos: 126, 64
part num: 398
pos: 137, 64
not a part num: 925
pos: 4, 65
part num: 793
pos: 10, 65
part num: 423
pos: 16, 65
not a part num: 659
pos: 90, 65
part num: 817
pos: 109, 65
part num: 230
pos: 117, 65
part num: 653
pos: 131, 65
part num: 52
pos: 19, 66
part num: 764
pos: 33, 66
part num: 273
pos: 41, 66
part num: 430
pos: 72, 66
not a part num: 669
pos: 123, 66
not a part num: 71
pos: 138, 66
part num: 435
pos: 4, 67
part num: 804
pos: 11, 67
part num: 177
pos: 16, 67
part num: 990
pos: 23, 67
part num: 838
pos: 27, 67
part num: 475
pos: 46, 67
part num: 297
pos: 52, 67
part num: 337
pos: 57, 67
part num: 360
pos: 62, 67
not a part num: 914
pos: 79, 67
part num: 833
pos: 111, 67
part num: 281
pos: 37, 68
not a part num: 328
pos: 70, 68
part num: 746
pos: 75, 68
part num: 215
pos: 85, 68
part num: 359
pos: 95, 68
part num: 295
pos: 102, 68
part num: 481
pos: 127, 68
part num: 868
pos: 136, 68
part num: 967
pos: 5, 69
part num: 936
pos: 16, 69
part num: 689
pos: 20, 69
part num: 785
pos: 25, 69
part num: 515
pos: 30, 69
part num: 64
pos: 48, 69
part num: 827
pos: 52, 69
part num: 761
pos: 79, 69
not a part num: 637
pos: end, 69
part num: 265
pos: 12, 70
part num: 562
pos: 45, 70
part num: 235
pos: 63, 70
part num: 585
pos: 74, 70
part num: 793
pos: 91, 70
part num: 838
pos: 106, 70
part num: 147
pos: 110, 70
not a part num: 284
pos: 117, 70
part num: 902
pos: 121, 70
part num: 301
pos: 126, 70
part num: 330
pos: 130, 70
part num: 579
pos: 7, 71
part num: 21
pos: 34, 71
part num: 327
pos: 40, 71
part num: 481
pos: 59, 71
part num: 469
pos: 68, 71
part num: 297
pos: 80, 71
part num: 704
pos: 84, 71
part num: 797
pos: 101, 71
not a part num: 638
pos: 25, 72
part num: 81
pos: 64, 72
part num: 780
pos: 74, 72
part num: 282
pos: 96, 72
part num: 907
pos: 119, 72
part num: 882
pos: 123, 72
part num: 781
pos: 127, 72
part num: 797
pos: 137, 72
part num: 671
pos: 13, 73
part num: 608
pos: 20, 73
part num: 295
pos: 40, 73
part num: 302
pos: 60, 73
not a part num: 953
pos: 69, 73
part num: 171
pos: 84, 73
part num: 919
pos: 89, 73
part num: 251
pos: 25, 74
not a part num: 191
pos: 33, 74
part num: 999
pos: 100, 74
not a part num: 451
pos: 108, 74
part num: 286
pos: 120, 74
part num: 415
pos: 124, 74
part num: 581
pos: 128, 74
part num: 274
pos: 135, 74
part num: 245
pos: 5, 75
part num: 217
pos: 14, 75
part num: 649
pos: 20, 75
part num: 898
pos: 45, 75
part num: 950
pos: 54, 75
part num: 495
pos: 75, 75
part num: 497
pos: 79, 75
part num: 53
pos: 88, 75
part num: 398
pos: 116, 75
part num: 942
pos: 30, 76
part num: 323
pos: 40, 76
not a part num: 623
pos: 64, 76
part num: 804
pos: 92, 76
part num: 875
pos: 102, 76
part num: 42
pos: 7, 77
part num: 543
pos: 12, 77
not a part num: 320
pos: 35, 77
not a part num: 918
pos: 45, 77
part num: 314
pos: 52, 77
part num: 145
pos: 59, 77
not a part num: 603
pos: 73, 77
part num: 991
pos: 82, 77
part num: 921
pos: 87, 77
part num: 261
pos: 97, 77
part num: 762
pos: 122, 77
part num: 187
pos: 128, 77
part num: 951
pos: 136, 77
part num: 53
pos: 19, 78
part num: 374
pos: 30, 78
part num: 756
pos: 41, 78
part num: 217
pos: 103, 78
part num: 550
pos: 107, 78
part num: 217
pos: 7, 79
part num: 743
pos: 53, 79
part num: 703
pos: 62, 79
part num: 368
pos: 69, 79
part num: 861
pos: 76, 79
part num: 4
pos: 79, 79
part num: 966
pos: 83, 79
part num: 415
pos: 87, 79
part num: 703
pos: 92, 79
part num: 959
pos: 128, 79
part num: 626
pos: 14, 80
part num: 31
pos: 19, 80
not a part num: 602
pos: 25, 80
not a part num: 700
pos: 45, 80
part num: 696
pos: 58, 80
part num: 396
pos: 98, 80
part num: 591
pos: 111, 80
part num: 124
pos: 122, 80
not a part num: 135
pos: 5, 81
part num: 699
pos: 49, 81
part num: 139
pos: 53, 81
part num: 662
pos: 63, 81
part num: 46
pos: 69, 81
part num: 797
pos: 81, 81
part num: 144
pos: 90, 81
part num: 289
pos: 103, 81
part num: 840
pos: 118, 81
part num: 102
pos: 137, 81
not a part num: 44
pos: end, 81
not a part num: 909
pos: 19, 82
part num: 180
pos: 29, 82
part num: 100
pos: 45, 82
part num: 574
pos: 58, 82
not a part num: 52
pos: 75, 82
part num: 451
pos: 113, 82
part num: 764
pos: 128, 82
part num: 517
pos: 132, 82
part num: 701
pos: 11, 83
part num: 127
pos: 25, 83
part num: 117
pos: 41, 83
part num: 787
pos: 50, 83
part num: 67
pos: 63, 83
part num: 903
pos: 71, 83
not a part num: 273
pos: 84, 83
part num: 900
pos: 92, 83
part num: 112
pos: 138, 83
part num: 430
pos: 15, 84
part num: 423
pos: 30, 84
part num: 67
pos: 33, 84
part num: 572
pos: 59, 84
part num: 199
pos: 77, 84
part num: 94
pos: 88, 84
not a part num: 686
pos: 101, 84
part num: 679
pos: 109, 84
part num: 921
pos: 133, 84
part num: 542
pos: 4, 85
part num: 119
pos: 8, 85
part num: 396
pos: 26, 85
part num: 938
pos: 41, 85
part num: 250
pos: 55, 85
not a part num: 888
pos: 64, 85
part num: 978
pos: 83, 85
part num: 25
pos: 104, 85
part num: 306
pos: 121, 85
part num: 780
pos: 137, 85
part num: 251
pos: 18, 86
part num: 238
pos: 51, 86
part num: 340
pos: 76, 86
part num: 112
pos: 98, 86
part num: 120
pos: 114, 86
part num: 24
pos: 124, 86
not a part num: 223
pos: 4, 87
not a part num: 549
pos: 12, 87
part num: 98
pos: 23, 87
part num: 60
pos: 27, 87
not a part num: 775
pos: 32, 87
part num: 28
pos: 36, 87
part num: 105
pos: 40, 87
not a part num: 436
pos: 56, 87
part num: 951
pos: 61, 87
part num: 599
pos: 65, 87
part num: 309
pos: 85, 87
part num: 682
pos: 89, 87
part num: 937
pos: 102, 87
part num: 158
pos: 108, 87
part num: 697
pos: 121, 87
part num: 764
pos: 132, 87
part num: 788
pos: 8, 88
part num: 768
pos: 44, 88
part num: 266
pos: 52, 88
part num: 779
pos: 97, 88
part num: 542
pos: 116, 88
part num: 148
pos: 126, 88
part num: 529
pos: 137, 88
part num: 310
pos: 14, 89
part num: 412
pos: 30, 89
part num: 23
pos: 39, 89
part num: 289
pos: 48, 89
part num: 560
pos: 61, 89
part num: 249
pos: 76, 89
part num: 204
pos: 81, 89
part num: 606
pos: 86, 89
part num: 271
pos: 106, 89
part num: 805
pos: 112, 89
part num: 394
pos: 122, 89
part num: 898
pos: 132, 89
part num: 919
pos: 7, 90
part num: 867
pos: 21, 90
part num: 592
pos: 57, 90
not a part num: 166
pos: 72, 90
part num: 460
pos: 90, 90
part num: 369
pos: 102, 90
not a part num: 920
pos: 12, 91
part num: 233
pos: 28, 91
part num: 732
pos: 36, 91
part num: 500
pos: 41, 91
part num: 950
pos: 49, 91
not a part num: 514
pos: 65, 91
not a part num: 110
pos: 79, 91
part num: 961
pos: 84, 91
part num: 309
pos: 106, 91
part num: 450
pos: 114, 91
part num: 521
pos: 123, 91
part num: 753
pos: 20, 92
part num: 965
pos: 55, 92
part num: 852
pos: 88, 92
not a part num: 841
pos: 94, 92
part num: 524
pos: 110, 92
part num: 981
pos: 118, 92
part num: 653
pos: 133, 92
part num: 858
pos: 14, 93
part num: 234
pos: 31, 93
part num: 922
pos: 36, 93
not a part num: 65
pos: 46, 93
part num: 991
pos: 67, 93
part num: 839
pos: 80, 93
part num: 800
pos: 84, 93
part num: 869
pos: 98, 93
part num: 836
pos: 104, 93
part num: 675
pos: 123, 93
part num: 789
pos: 128, 93
not a part num: 505
pos: 139, 93
part num: 516
pos: 27, 94
not a part num: 774
pos: 52, 94
part num: 149
pos: 62, 94
part num: 737
pos: 92, 94
part num: 402
pos: 111, 94
part num: 762
pos: 134, 94
part num: 780
pos: 11, 95
part num: 4
pos: 21, 95
part num: 116
pos: 33, 95
part num: 976
pos: 57, 95
part num: 791
pos: 83, 95
part num: 300
pos: 104, 95
part num: 338
pos: 117, 95
not a part num: 471
pos: 121, 95
part num: 480
pos: 40, 96
part num: 160
pos: 44, 96
part num: 3
pos: 47, 96
part num: 727
pos: 65, 96
part num: 363
pos: 73, 96
not a part num: 167
pos: end, 96
not a part num: 743
pos: 14, 97
part num: 721
pos: 22, 97
part num: 808
pos: 59, 97
part num: 942
pos: 77, 97
part num: 339
pos: 91, 97
part num: 289
pos: 95, 97
part num: 416
pos: 124, 97
not a part num: 955
pos: 5, 98
part num: 606
pos: 27, 98
part num: 623
pos: 31, 98
part num: 718
pos: 47, 98
part num: 503
pos: 53, 98
part num: 245
pos: 81, 98
not a part num: 531
pos: 103, 98
part num: 686
pos: 111, 98
part num: 250
pos: 120, 98
part num: 275
pos: 132, 98
part num: 110
pos: 37, 99
part num: 309
pos: 59, 99
part num: 210
pos: 76, 99
part num: 386
pos: 89, 99
not a part num: 391
pos: 139, 99
part num: 444
pos: 8, 100
part num: 743
pos: 16, 100
not a part num: 519
pos: 25, 100
part num: 691
pos: 30, 100
part num: 824
pos: 48, 100
part num: 759
pos: 64, 100
part num: 617
pos: 68, 100
part num: 710
pos: 83, 100
part num: 814
pos: 94, 100
part num: 356
pos: 106, 100
part num: 464
pos: 118, 100
part num: 709
pos: 128, 100
part num: 746
pos: 12, 101
part num: 247
pos: 21, 101
part num: 596
pos: 36, 101
part num: 999
pos: 41, 101
part num: 907
pos: 57, 101
part num: 296
pos: 73, 101
part num: 760
pos: 90, 101
part num: 890
pos: 114, 101
not a part num: 669
pos: end, 101
part num: 479
pos: 6, 102
part num: 561
pos: 32, 102
part num: 178
pos: 52, 102
part num: 977
pos: 77, 102
not a part num: 266
pos: 84, 102
part num: 640
pos: 96, 102
part num: 607
pos: 109, 102
part num: 545
pos: 135, 102
part num: 395
pos: 11, 103
part num: 361
pos: 24, 103
part num: 372
pos: 36, 103
part num: 655
pos: 48, 103
part num: 398
pos: 61, 103
part num: 203
pos: 67, 103
part num: 11
pos: 71, 103
part num: 147
pos: 90, 103
part num: 196
pos: 118, 103
part num: 499
pos: 123, 103
not a part num: 561
pos: 5, 104
part num: 646
pos: 16, 104
part num: 898
pos: 42, 104
part num: 175
pos: 52, 104
part num: 570
pos: 56, 104
part num: 135
pos: 77, 104
part num: 633
pos: 94, 104
part num: 314
pos: 99, 104
part num: 871
pos: 105, 104
part num: 898
pos: 114, 104
part num: 891
pos: 127, 104
part num: 90
pos: 132, 104
not a part num: 780
pos: end, 104
part num: 91
pos: 10, 105
part num: 405
pos: 21, 105
part num: 627
pos: 38, 105
part num: 736
pos: 60, 105
part num: 760
pos: 72, 105
part num: 722
pos: 7, 106
part num: 744
pos: 78, 106
part num: 698
pos: 82, 106
part num: 367
pos: 86, 106
part num: 767
pos: 100, 106
part num: 236
pos: 113, 106
part num: 692
pos: 117, 106
part num: 308
pos: 127, 106
part num: 740
pos: 18, 107
not a part num: 906
pos: 43, 107
part num: 593
pos: 53, 107
part num: 977
pos: 59, 107
part num: 645
pos: 69, 107
part num: 167
pos: 91, 107
part num: 123
pos: 27, 108
part num: 281
pos: 49, 108
part num: 543
pos: 76, 108
part num: 461
pos: 85, 108
part num: 175
pos: 112, 108
part num: 381
pos: 136, 108
part num: 282
pos: 4, 109
part num: 814
pos: 10, 109
part num: 771
pos: 19, 109
part num: 920
pos: 31, 109
part num: 473
pos: 70, 109
part num: 872
pos: 98, 109
part num: 401
pos: 107, 109
not a part num: 18
pos: 128, 109
not a part num: 993
pos: 24, 110
part num: 256
pos: 58, 110
not a part num: 223
pos: 63, 110
part num: 242
pos: 77, 110
not a part num: 977
pos: 84, 110
part num: 293
pos: 94, 110
part num: 550
pos: 114, 110
part num: 435
pos: 122, 110
part num: 23
pos: 6, 111
part num: 960
pos: 18, 111
part num: 307
pos: 29, 111
part num: 504
pos: 42, 111
part num: 638
pos: 46, 111
part num: 656
pos: 50, 111
part num: 203
pos: 88, 111
part num: 33
pos: 103, 111
part num: 430
pos: 108, 111
not a part num: 731
pos: 129, 111
part num: 885
pos: 35, 112
part num: 398
pos: 61, 112
part num: 763
pos: 68, 112
part num: 805
pos: 82, 112
part num: 338
pos: 95, 112
part num: 146
pos: 112, 112
part num: 916
pos: 116, 112
not a part num: 513
pos: 137, 112
not a part num: 20
pos: 4, 113
not a part num: 42
pos: 21, 113
part num: 828
pos: 44, 113
part num: 531
pos: 105, 113
part num: 159
pos: 120, 113
part num: 761
pos: 124, 113
not a part num: 78
pos: 132, 113
part num: 805
pos: 9, 114
part num: 598
pos: 27, 114
part num: 351
pos: 55, 114
part num: 34
pos: 65, 114
part num: 682
pos: 77, 114
part num: 516
pos: 82, 114
part num: 534
pos: 86, 114
not a part num: 283
pos: 139, 114
part num: 664
pos: 17, 115
part num: 255
pos: 34, 115
part num: 887
pos: 39, 115
part num: 258
pos: 47, 115
part num: 226
pos: 95, 115
part num: 931
pos: 100, 115
part num: 91
pos: 103, 115
part num: 128
pos: 112, 115
part num: 557
pos: 6, 116
part num: 938
pos: 10, 116
part num: 75
pos: 20, 116
part num: 585
pos: 28, 116
part num: 194
pos: 51, 116
part num: 686
pos: 63, 116
part num: 786
pos: 74, 116
part num: 755
pos: 87, 116
part num: 637
pos: 108, 116
part num: 988
pos: 125, 116
part num: 275
pos: 135, 116
part num: 35
pos: 24, 117
part num: 141
pos: 32, 117
part num: 508
pos: 46, 117
part num: 865
pos: 55, 117
part num: 967
pos: 59, 117
part num: 80
pos: 91, 117
not a part num: 978
pos: 114, 117
part num: 790
pos: 121, 117
part num: 662
pos: 4, 118
part num: 939
pos: 41, 118
part num: 204
pos: 71, 118
part num: 484
pos: 82, 118
part num: 34
pos: 88, 118
part num: 99
pos: 94, 118
part num: 350
pos: 128, 118
part num: 54
pos: 131, 118
part num: 358
pos: 15, 119
part num: 832
pos: 22, 119
part num: 307
pos: 57, 119
part num: 95
pos: 60, 119
part num: 654
pos: 78, 119
part num: 734
pos: 101, 119
part num: 491
pos: 109, 119
part num: 50
pos: 114, 119
not a part num: 924
pos: 120, 119
part num: 385
pos: 124, 119
part num: 340
pos: 28, 120
part num: 483
pos: 47, 120
part num: 118
pos: 69, 120
part num: 794
pos: 74, 120
part num: 431
pos: 83, 120
part num: 783
pos: 97, 120
part num: 594
pos: 135, 120
part num: 338
pos: 13, 121
part num: 94
pos: 60, 121
part num: 546
pos: 103, 121
part num: 187
pos: 119, 121
part num: 593
pos: 124, 121
part num: 768
pos: 128, 121
part num: 282
pos: 139, 121
part num: 796
pos: 18, 122
part num: 380
pos: 22, 122
part num: 183
pos: 26, 122
part num: 564
pos: 35, 122
part num: 94
pos: 39, 122
part num: 144
pos: 43, 122
part num: 138
pos: 55, 122
part num: 394
pos: 72, 122
part num: 392
pos: 76, 122
part num: 971
pos: 84, 122
part num: 928
pos: 95, 122
part num: 447
pos: 99, 122
part num: 275
pos: 110, 122
part num: 57
pos: 114, 122
part num: 233
pos: 14, 123
part num: 40
pos: 31, 123
part num: 945
pos: 67, 123
part num: 438
pos: 119, 123
not a part num: 906
pos: end, 123
part num: 881
pos: 8, 124
part num: 491
pos: 18, 124
part num: 903
pos: 24, 124
part num: 918
pos: 37, 124
not a part num: 303
pos: 45, 124
part num: 578
pos: 79, 124
part num: 807
pos: 102, 124
part num: 597
pos: 111, 124
part num: 681
pos: 130, 124
part num: 539
pos: 134, 124
part num: 463
pos: 29, 125
part num: 467
pos: 33, 125
part num: 246
pos: 41, 125
part num: 577
pos: 51, 125
part num: 198
pos: 59, 125
part num: 245
pos: 67, 125
not a part num: 967
pos: 75, 125
part num: 988
pos: 83, 125
part num: 759
pos: 97, 125
part num: 889
pos: 122, 125
part num: 462
pos: 9, 126
part num: 978
pos: 14, 126
part num: 664
pos: 25, 126
part num: 731
pos: 46, 126
part num: 375
pos: 63, 126
part num: 217
pos: 87, 126
part num: 381
pos: 107, 126
part num: 250
pos: 111, 126
part num: 219
pos: 117, 126
part num: 947
pos: 126, 126
part num: 252
pos: 40, 127
part num: 258
pos: 79, 127
part num: 427
pos: 94, 127
not a part num: 137
pos: 100, 127
part num: 175
pos: 133, 127
part num: 864
pos: 7, 128
part num: 461
pos: 29, 128
part num: 234
pos: 50, 128
part num: 69
pos: 59, 128
part num: 222
pos: 63, 128
part num: 411
pos: 86, 128
part num: 651
pos: 106, 128
part num: 243
pos: 14, 129
part num: 283
pos: 33, 129
part num: 777
pos: 55, 129
part num: 92
pos: 71, 129
part num: 761
pos: 75, 129
part num: 581
pos: 80, 129
part num: 258
pos: 113, 129
part num: 867
pos: 118, 129
not a part num: 876
pos: 123, 129
part num: 916
pos: 4, 130
part num: 629
pos: 23, 130
part num: 911
pos: 43, 130
part num: 238
pos: 47, 130
part num: 680
pos: 61, 130
part num: 239
pos: 67, 130
part num: 672
pos: 86, 130
part num: 137
pos: 102, 130
part num: 469
pos: 109, 130
part num: 737
pos: 129, 130
not a part num: 764
pos: 17, 131
part num: 894
pos: 33, 131
part num: 289
pos: 39, 131
part num: 944
pos: 53, 131
part num: 876
pos: 95, 131
part num: 687
pos: 118, 131
part num: 436
pos: 135, 131
part num: 442
pos: 9, 132
part num: 255
pos: 13, 132
part num: 442
pos: 21, 132
part num: 903
pos: 26, 132
part num: 493
pos: 49, 132
part num: 338
pos: 79, 132
part num: 346
pos: 84, 132
part num: 927
pos: 106, 132
not a part num: 764
pos: 123, 132
part num: 536
pos: 131, 132
part num: 869
pos: 33, 133
part num: 888
pos: 37, 133
part num: 597
pos: 41, 133
part num: 241
pos: 45, 133
part num: 11
pos: 65, 133
part num: 542
pos: 73, 133
part num: 412
pos: 88, 133
not a part num: 235
pos: 110, 133
part num: 804
pos: 4, 134
part num: 329
pos: 8, 134
part num: 344
pos: 17, 134
part num: 195
pos: 24, 134
part num: 94
pos: 29, 134
part num: 880
pos: 92, 134
not a part num: 44
pos: 100, 134
part num: 622
pos: 104, 134
not a part num: 342
pos: 116, 134
part num: 18
pos: 119, 134
not a part num: 417
pos: 137, 134
part num: 76
pos: 39, 135
part num: 328
pos: 44, 135
part num: 803
pos: 52, 135
part num: 658
pos: 60, 135
part num: 254
pos: 68, 135
part num: 327
pos: 84, 135
part num: 340
pos: 97, 135
part num: 254
pos: 14, 136
part num: 234
pos: 56, 136
not a part num: 20
pos: 72, 136
not a part num: 238
pos: 80, 136
part num: 380
pos: 107, 136
part num: 78
pos: 122, 136
part num: 246
pos: 126, 136
part num: 598
pos: 133, 136
part num: 96
pos: 3, 137
part num: 990
pos: 10, 137
part num: 718
pos: 25, 137
part num: 869
pos: 36, 137
part num: 596
pos: 46, 137
part num: 423
pos: 76, 137
part num: 433
pos: 84, 137
part num: 93
pos: 88, 137
part num: 613
pos: 96, 137
part num: 905
pos: 117, 137
part num: 497
pos: 138, 137
part num: 86
pos: 21, 138
part num: 499
pos: 29, 138
part num: 385
pos: 50, 138
part num: 296
pos: 54, 138
part num: 523
pos: 104, 138
part num: 529
pos: 130, 138
part num: 780
pos: 6, 139
part num: 685
pos: 10, 139
part num: 822
pos: 18, 139
not a part num: 560
pos: 41, 139
part num: 35
pos: 44, 139
part num: 529
pos: 76, 139
part num: 780
pos: 85, 139
part num: 453
pos: 109, 139
part num: 711
pos: 134, 139
part num: 930
pos: 139, 139
Result: 540025

-------------------<          PART TWO          >-------------------

Total time: 1220ms

~=~=~=~=~=~=~=~=~=~<         END OF LOG         >~=~=~=~=~=~=~=~=~=~
