~=~=~=~=~=~=~=~=~=~< Advent of Code 2016: Day 2 >~=~=~=~=~=~=~=~=~=~
-------------------<  11-12-2023; 15-45-18-018  >-------------------

-------------------<          PART ONE          >-------------------
Line: ULL
Move: U
Move: L
Move: L
Valid pos: (1, 1)
Valid result: 3
Line: RRDDD
Move: R
Move: R
Move: D
Move: D
Move: D
Valid pos: (1, 1)
Valid result: 33
Line: LURDL
Move: L
Move: U
Move: R
Move: D
Move: L
Valid pos: (1, 1)
Valid result: 333
Line: UUUUD
Move: U
Move: U
Move: U
Move: U
Move: D
Valid pos: (1, 1)
Valid result: 3333
3333

-------------------<          PART TWO          >-------------------

Total time: 22ms

~=~=~=~=~=~=~=~=~=~<         END OF LOG         >~=~=~=~=~=~=~=~=~=~
