~=~=~=~=~=~=~=~=~=~< Advent of Code 2016: Day 2 >~=~=~=~=~=~=~=~=~=~
-------------------<  11-12-2023; 15-42-04-119  >-------------------

-------------------<          PART ONE          >-------------------
Line: ULL
Command: U
Command: L
Command: L
Invalid result: 
Line: RRDDD
Command: R
Command: R
Command: D
Command: D
Command: D
Invalid result: 
Line: LURDL
Command: L
Command: U
Command: R
Command: D
Command: L
Valid pos: (0, 1)
Valid result: 2
Line: UUUUD
Command: U
Command: U
Command: U
Command: U
Command: D
Invalid result: 2
2

-------------------<          PART TWO          >-------------------

Total time: 29ms

~=~=~=~=~=~=~=~=~=~<         END OF LOG         >~=~=~=~=~=~=~=~=~=~
