~=~=~=~=~=~=~=~=~=~< Advent of Code 2016: Day 2 >~=~=~=~=~=~=~=~=~=~
-------------------<  11-12-2023; 15-47-49-549  >-------------------

-------------------<          PART ONE          >-------------------
Line: ULL
Move: U
Char valid at: (1, 2)
Move: L
Char valid at: (0, 2)
Move: L
Char ignored at: (-1, 2)
End of line pos: (0, 2)
End of line result: 4
Line: RRDDD
Move: R
Char valid at: (1, 2)
Move: R
Char valid at: (2, 2)
Move: D
Char valid at: (2, 1)
Move: D
Char valid at: (2, 0)
Move: D
Char ignored at: (2, -1)
End of line pos: (2, 0)
End of line result: 42
Line: LURDL
Move: L
Char valid at: (1, 0)
Move: U
Char valid at: (1, 1)
Move: R
Char valid at: (2, 1)
Move: D
Char valid at: (2, 0)
Move: L
Char valid at: (1, 0)
End of line pos: (1, 0)
End of line result: 421
Line: UUUUD
Move: U
Char valid at: (1, 1)
Move: U
Char valid at: (1, 2)
Move: U
Char ignored at: (1, 3)
Move: U
Char ignored at: (1, 3)
Move: D
Char valid at: (1, 1)
End of line pos: (1, 1)
End of line result: 4213
4213

-------------------<          PART TWO          >-------------------

Total time: 31ms

~=~=~=~=~=~=~=~=~=~<         END OF LOG         >~=~=~=~=~=~=~=~=~=~
