~=~=~=~=~=~=~=~=~=~< Advent of Code 2016: Day 2 >~=~=~=~=~=~=~=~=~=~
-------------------<  11-12-2023; 16-40-37-494  >-------------------

-------------------<          PART ONE          >-------------------
Line: DULUDRDDDRLUDURUUULRRRURDRDULRUDDUDRULUDDUDRLDULRRLRDRUDUUULUUDLRURDUDDDDRDLLLLULRDLDRDLRLULRUURDDUULUDLRURRDDRDDRDDLDRDLLUURDRUULRRURURRDLRLLLUDULULULULUDRLLRUDUURLDRLRLRDRRDRLLLDURRDULDURDDRLURRDURLRRRLDLLLDRUUURLRDLDLLLLRDURRLDLULRLDDLDLURLRRDDRUDDUULRURRUDLRDLDUURDDDDRLRURUDULUDLRRLLLLLRDRURLLDLDULUUDLUDDDRLLDRRUDLLURRUUDDRRLLRRLDDDURLDRDRLURRRRDRRRDDUDULULDURRUUURRRDULUUUDDRULDRLLRDLDURLURRLLRUUUULRDURLLDDRLLDLRLRULUUDRURUDLLURUDDRDURLRDRRRDURLDDRDRLRLLURULUUULUDDDULDLRDDDRDLLRRLDRDULLUUUDLDDLDDDLLLLLLLDUDURURDURDRUURRRDDRDUDLULDURDUDURDDDRULDURURURRLURLURLUURLULDLLRUULURDDRLRDDLRDLRRR
End of line pos: (2, 2)
End of line result: 9

Line: LUURLRUDRRUDLLDLUDDURULURLUUDUUDDRLUULRDUDDUULDUUDRURDDRRDRLULLRDRDLRLLUURRUULRLDRULUDLDUUDDDRDDLRDLULDRLDUULDLRDLLLDLDLRDUULUDURRULLRLDUDRLLLULUUUULUUDUUURRRDULLUURUDRRLDURRUULDRDULDUDRDUUULUUDDRLUDRLDLDRUUURDLDUDRUDUURLLRRLRLLRRLDULDDULUDUUURULDDUDUDRURRDLULRUDDURDLDLLRRRLDRLULLLRUULDUDLUUDURRLLLRLUDURRDDLDRDDDLURDLDRRUDUDLUDULULRUUUDLUURLLRLDDLURULDURDLRRDDDDURLDDLLDDULLLRLDLDULDUUDDRLDUURDDLDLUUDULRRLRLUURURUURLRLURUURLDRUURLLRDDUUUDULUDDDRDRLDRDRRLRLDULLRRUDLURULULRDRURURLULDUDLRURLRDDRULDDLRD
End of line pos: (1, 2)
End of line result: 98

Line: LUDRULUULRRDDDDRRDUURUDDRLDDLDRDURRURULRDLDLDUUDRRDUUDUDLLLRRLDUDDRLDDLRRLRDRLUDLULUDDUUDULDUUULUDLDDURLDURUDLDRUUDRLRRLDLDDULDUUDDLDDLLURDRLRUURDDRUDDUDLDRRLRUDRUULRRRLRULULURDLRRURDRLRULDDDRDUULLURUUUURUDDLRRRRRDURLULDLUULUDRRUDUDRRDDRURDURLRLUDDLDLRRULUDLDDRLDDLDDDLLLLRDLLUULDDLULDLDRDDUDLURUDLDLDDRRUUDDDLRLLLDRRDDDUURDUDURUURRDRLLDUDLDUULLDLDLLUULLRRULDLDRURLDULDRUURDURRURDLRDLLLDRRUDRUUDRURLUDDRURLDURRDLUUDLUUDULLLDDDDRRDLLLDLURULDDRDLUUURRDRRUUDDUL
End of line pos: (1, 1)
End of line result: 985

Line: DUUULDUDDDURLLULDDLLUDURLLLURULULURUURDRURLRULLLLDRDDULRRDRRLLLRDDDUULLRRURRULLDDURRRLRDDLULDULLDUDLURRDLDDLURDLRLLDRURLLRLLRRRDRRRURURUUDDLLDDLDDDLRLURUUUULRDLUDDDURLLDDRLDRRLLUDUUULRLLDRRRLRUUDLDUULRLUDRULLLLDUDLLUUDDRUURLURUDRDDDLRURUDRLULLULUUDLDURDULRRDRLDURUULRDRRRDRDRRLRLRDDUULLRDLDURDDDULURRLULDDURDURDDUDURDLLUUULUDULRDDLDRDRUDLLUURDLRDURURULURULLDRLLRRULDLULULDLULRURLRRLUDLLLRLUDLURLULDULDRLLLDLDDDDRDRLRRLRDULUUDULDDLDURDLLLDDDDLLUURRDURLDLUDDLULRUUUDDRRLDLLLRDLLDRRRDDLULLURDDRRRRLDLRLLLRL
End of line pos: (0, 2)
End of line result: 9857

Line: LULLRRDURRLDUUDRRURLURURRRLRDRUULUULURLLURRDRULRDURDDDDUULLLLDUULDLULURDRLDLULULDRLLDLLRLRULURUDRUUDULRULLLUDRULUDRLLUDLDRRDRUUURURLRDURDRLRDDDURLURRDLRUUUDUURULULDLUULRDLRRRDRDRLLLDLRRDRLLDDULDRUDRRLULLRDLDUDDULRDDLULRURULRLLLULDLLLLRDLDRURUDUURURLDRLUULLDUDULUDDDULUDLRUDDUDLULLUULUUURULURRULRDDURDDLURLRRDRDLDULRLRDRRRULRDDDRLLDDDDRRRRDRDLULUURDURULDLRDULDUDLDURUDLUDLUDDDUDURDURDDURLLRUDUURRRUDRRRRULLLLDDDLUULLUULRRRULDLURDLULRULDRLR
End of line pos: (1, 1)
End of line result: 98575

Bathroom code: 98575

-------------------<          PART TWO          >-------------------
Line: ULL
Move: U
Move: L
Move: L
Move ignored at: (0, 1)
End of line pos: (1, 1)
End of line result: A

Line: RRDDD
Move: R
Move: R
Move: D
Move: D
Move: D
Move ignored at: (3, 4)
End of line pos: (3, 3)
End of line result: A4

Line: LURDL
Move: L
Move: U
Move: R
Move: D
Move: L
End of line pos: (2, 3)
End of line result: A43

Line: UUUUD
Move: U
Move: U
Move: U
Move ignored at: (2, 0)
Move: U
Move ignored at: (2, 0)
Move: D
End of line pos: (2, 2)
End of line result: A437

Bathroom code: A437

Total time: 47ms

~=~=~=~=~=~=~=~=~=~<         END OF LOG         >~=~=~=~=~=~=~=~=~=~
