~=~=~=~=~=~=~=~=~=~< Advent of Code 2016: Day 4 >~=~=~=~=~=~=~=~=~=~
-------------------<  11-12-2023; 18-19-07-731  >-------------------

-------------------<          PART ONE          >-------------------
{x=1, y=1, z=1, b=3, -=4, a=5}
Checksum from name: xyzb-a
aaaaa-bbb-z-y-x
123
abxyz

{a=1, b=1, c=1, d=1, e=1, f=1, g=1, h=1, -=7}
Checksum from name: abcdefgh-
a-b-c-d-e-f-g-h
987
abcde

{t=1, e=1, l=1, m=1, n=1, a=2, r=2, -=3, o=3}
Checksum from name: telmnar-o
not-a-real-room
404
oarel

{e=1, y=1, m=1, a=2, r=2, t=2, -=2, l=3, o=3}
Checksum from name: eymart-lo
totally-real-room
200
decoy


-------------------<          PART TWO          >-------------------

Total time: 7ms

~=~=~=~=~=~=~=~=~=~<         END OF LOG         >~=~=~=~=~=~=~=~=~=~
