~=~=~=~=~=~=~=~=~=~< Advent of Code 2016: Day 4 >~=~=~=~=~=~=~=~=~=~
-------------------<  11-12-2023; 18-19-33-946  >-------------------

-------------------<          PART ONE          >-------------------
{x=1, y=1, z=1, b=3, a=5}
Checksum from name: xyzba
aaaaa-bbb-z-y-x
123
abxyz

{a=1, b=1, c=1, d=1, e=1, f=1, g=1, h=1}
Checksum from name: abcdefgh
a-b-c-d-e-f-g-h
987
abcde

{t=1, e=1, l=1, m=1, n=1, a=2, r=2, o=3}
Checksum from name: telmnaro
not-a-real-room
404
oarel

{e=1, y=1, m=1, a=2, r=2, t=2, l=3, o=3}
Checksum from name: eymartlo
totally-real-room
200
decoy


-------------------<          PART TWO          >-------------------

Total time: 8ms

~=~=~=~=~=~=~=~=~=~<         END OF LOG         >~=~=~=~=~=~=~=~=~=~
