~=~=~=~=~=~=~=~=~=~< Advent of Code 2016: Day 4 >~=~=~=~=~=~=~=~=~=~
-------------------<  11-12-2023; 18-23-12-561  >-------------------

-------------------<          PART ONE          >-------------------
{a=5, b=3, x=1, y=1, z=1}
Checksum from name: abxyz
aaaaa-bbb-z-y-x
123
abxyz
REAL ROOM?: true

{a=1, b=1, c=1, d=1, e=1, f=1, g=1, h=1}
Checksum from name: abcde
a-b-c-d-e-f-g-h
987
abcde
REAL ROOM?: true

{o=3, a=2, r=2, t=1, e=1, l=1, m=1, n=1}
Checksum from name: oarte
not-a-real-room
404
oarel
REAL ROOM?: false

{l=3, o=3, a=2, r=2, t=2, e=1, y=1, m=1}
Checksum from name: loart
totally-real-room
200
decoy
REAL ROOM?: false


-------------------<          PART TWO          >-------------------

Total time: 10ms

~=~=~=~=~=~=~=~=~=~<         END OF LOG         >~=~=~=~=~=~=~=~=~=~
