~=~=~=~=~=~=~=~=~=~< Advent of Code 2023: Day 1 >~=~=~=~=~=~=~=~=~=~
-------------------<  12-01-2023; 09-13-48-474  >-------------------

-------------------<          PART ONE          >-------------------
Result: 53921

-------------------<          PART TWO          >-------------------
two1n
wo1ni
o1nin
1nin
nin
in
n

eight
ightw
ghtwo
htwot
twoth
wothr
othre
thre
hre
re
e

abcon
bcone
cone2
one2t
ne2th
e2thr
2thre
three
hreex
reexy
eexy
exy
xy
y

xtwon
twone
wone3
one3f
ne3fo
e3fou
3fou
fou
ou
u

4nine
ninee
ineei
neeig
eeigh
eight
ights
ghtse
htsev
tseve
seven
even
ven
en
n

zonei
oneig
neigh
eight
ight2
ght23
ht23
t23
23
3

7pqrs
pqrst
qrsts
rstsi
stsix
tsixt
sixte
ixtee
xtee
tee
ee
e

Result: 320

Total time: 81ms

~=~=~=~=~=~=~=~=~=~<         END OF LOG         >~=~=~=~=~=~=~=~=~=~
