~=~=~=~=~=~=~=~=~=~< Advent of Code 2023: Day 1 >~=~=~=~=~=~=~=~=~=~
-------------------<  12-01-2023; 09-14-19-323  >-------------------

-------------------<          PART ONE          >-------------------
Result: 53921

-------------------<          PART TWO          >-------------------
two1n: 2
wo1ni: -1
o1nin: -1
1nin: -1
nin: -1
in: -1
n: -1
: -1
eight: 8
ightw: -1
ghtwo: -1
htwot: -1
twoth: 2
wothr: -1
othre: -1
thre: -1
hre: -1
re: -1
e: -1
: -1
abcon: -1
bcone: -1
cone2: -1
one2t: 1
ne2th: -1
e2thr: -1
2thre: -1
three: 3
hreex: -1
reexy: -1
eexy: -1
exy: -1
xy: -1
y: -1
: -1
xtwon: -1
twone: 2
wone3: -1
one3f: 1
ne3fo: -1
e3fou: -1
3fou: -1
fou: -1
ou: -1
u: -1
: -1
4nine: -1
ninee: 9
ineei: -1
neeig: -1
eeigh: -1
eight: 8
ights: -1
ghtse: -1
htsev: -1
tseve: -1
seven: -1
even: -1
ven: -1
en: -1
n: -1
: -1
zonei: -1
oneig: 1
neigh: -1
eight: 8
ight2: -1
ght23: -1
ht23: -1
t23: -1
23: -1
3: -1
: -1
7pqrs: -1
pqrst: -1
qrsts: -1
rstsi: -1
stsix: -1
tsixt: -1
sixte: 6
ixtee: -1
xtee: -1
tee: -1
ee: -1
e: -1
: -1
Result: 320

Total time: 64ms

~=~=~=~=~=~=~=~=~=~<         END OF LOG         >~=~=~=~=~=~=~=~=~=~
